-- Found ament_cmake: 1.3.12 (/opt/ros/humble/share/ament_cmake/cmake)
-- Found rclcpp: 16.0.16 (/opt/ros/humble/share/rclcpp/cmake)
-- Found rosidl_generator_c: 3.1.7 (/opt/ros/humble/share/rosidl_generator_c/cmake)
-- Found rosidl_adapter: 3.1.7 (/opt/ros/humble/share/rosidl_adapter/cmake)
-- Found rosidl_generator_cpp: 3.1.7 (/opt/ros/humble/share/rosidl_generator_cpp/cmake)
-- Using all available rosidl_typesupport_c: rosidl_typesupport_fastrtps_c;rosidl_typesupport_introspection_c
-- Using all available rosidl_typesupport_cpp: rosidl_typesupport_fastrtps_cpp;rosidl_typesupport_introspection_cpp
-- Found rmw_implementation_cmake: 6.1.2 (/opt/ros/humble/share/rmw_implementation_cmake/cmake)
-- Found rmw_fastrtps_cpp: 6.2.9 (/opt/ros/humble/share/rmw_fastrtps_cpp/cmake)
-- Using RMW implementation 'rmw_fastrtps_cpp' as default
-- Found std_srvs: 4.9.0 (/opt/ros/humble/share/std_srvs/cmake)
-- Configuring done
-- Generating done
-- Build files have been written to: /home/yinyihao/ros2/build/generated_ros2_pkg
[  6%] [32mBuilding CXX object CMakeFiles/rclcpp_component_container.dir/src/rclcpp_component_container.cpp.o[0m
[ 12%] [32m[1mLinking CXX executable rclcpp_component_container[0m
[ 12%] Built target rclcpp_component_container
[ 18%] [32mBuilding CXX object CMakeFiles/rclcpp_component_container_isolated.dir/src/rclcpp_component_container_isolated.cpp.o[0m
[ 25%] [32m[1mLinking CXX executable rclcpp_component_container_isolated[0m
[ 25%] Built target rclcpp_component_container_isolated
[ 31%] [32mBuilding CXX object CMakeFiles/rclcpp_component_container_mt.dir/src/rclcpp_component_container_mt.cpp.o[0m
[ 37%] [32m[1mLinking CXX executable rclcpp_component_container_mt[0m
[ 37%] Built target rclcpp_component_container_mt
[35m[1mConsolidate compiler generated dependencies of target rclcpp_executor[0m
[ 43%] [32mBuilding CXX object CMakeFiles/rclcpp_executor.dir/src/rclcpp_executor.cpp.o[0m
[ 50%] [32m[1mLinking CXX executable rclcpp_executor[0m
[ 50%] Built target rclcpp_executor
[ 56%] [32mBuilding CXX object CMakeFiles/rclcpp_intra_process_manager.dir/src/rclcpp_intra_process_manager.cpp.o[0m
[ 62%] [32m[1mLinking CXX executable rclcpp_intra_process_manager[0m
[ 62%] Built target rclcpp_intra_process_manager
[ 68%] [32mBuilding CXX object CMakeFiles/rclcpp_lifecycle_lifecycle_node.dir/src/rclcpp_lifecycle_lifecycle_node.cpp.o[0m
[ 75%] [32m[1mLinking CXX executable rclcpp_lifecycle_lifecycle_node[0m
[ 75%] Built target rclcpp_lifecycle_lifecycle_node
[ 81%] [32mBuilding CXX object CMakeFiles/rclcpp_parameter_events_node.dir/src/rclcpp_parameter_events_node.cpp.o[0m
[ 87%] [32m[1mLinking CXX executable rclcpp_parameter_events_node[0m
[ 87%] Built target rclcpp_parameter_events_node
[ 93%] [32mBuilding CXX object CMakeFiles/rclcpp_time_source.dir/src/rclcpp_time_source.cpp.o[0m
[100%] [32m[1mLinking CXX executable rclcpp_time_source[0m
[100%] Built target rclcpp_time_source
-- Install configuration: ""
-- Installing: /home/yinyihao/ros2/install/generated_ros2_pkg/lib/generated_ros2_pkg/rclcpp_component_container
-- Set runtime path of "/home/yinyihao/ros2/install/generated_ros2_pkg/lib/generated_ros2_pkg/rclcpp_component_container" to ""
-- Installing: /home/yinyihao/ros2/install/generated_ros2_pkg/lib/generated_ros2_pkg/rclcpp_component_container_isolated
-- Set runtime path of "/home/yinyihao/ros2/install/generated_ros2_pkg/lib/generated_ros2_pkg/rclcpp_component_container_isolated" to ""
-- Installing: /home/yinyihao/ros2/install/generated_ros2_pkg/lib/generated_ros2_pkg/rclcpp_component_container_mt
-- Set runtime path of "/home/yinyihao/ros2/install/generated_ros2_pkg/lib/generated_ros2_pkg/rclcpp_component_container_mt" to ""
-- Installing: /home/yinyihao/ros2/install/generated_ros2_pkg/lib/generated_ros2_pkg/rclcpp_executor
-- Set runtime path of "/home/yinyihao/ros2/install/generated_ros2_pkg/lib/generated_ros2_pkg/rclcpp_executor" to ""
-- Installing: /home/yinyihao/ros2/install/generated_ros2_pkg/lib/generated_ros2_pkg/rclcpp_intra_process_manager
-- Set runtime path of "/home/yinyihao/ros2/install/generated_ros2_pkg/lib/generated_ros2_pkg/rclcpp_intra_process_manager" to ""
-- Installing: /home/yinyihao/ros2/install/generated_ros2_pkg/lib/generated_ros2_pkg/rclcpp_lifecycle_lifecycle_node
-- Set runtime path of "/home/yinyihao/ros2/install/generated_ros2_pkg/lib/generated_ros2_pkg/rclcpp_lifecycle_lifecycle_node" to ""
-- Installing: /home/yinyihao/ros2/install/generated_ros2_pkg/lib/generated_ros2_pkg/rclcpp_parameter_events_node
-- Set runtime path of "/home/yinyihao/ros2/install/generated_ros2_pkg/lib/generated_ros2_pkg/rclcpp_parameter_events_node" to ""
-- Installing: /home/yinyihao/ros2/install/generated_ros2_pkg/lib/generated_ros2_pkg/rclcpp_time_source
-- Set runtime path of "/home/yinyihao/ros2/install/generated_ros2_pkg/lib/generated_ros2_pkg/rclcpp_time_source" to ""
-- Up-to-date: /home/yinyihao/ros2/install/generated_ros2_pkg/share/generated_ros2_pkg/launch
-- Installing: /home/yinyihao/ros2/install/generated_ros2_pkg/share/generated_ros2_pkg/launch/generated_system.launch.py
-- Up-to-date: /home/yinyihao/ros2/install/generated_ros2_pkg/share/ament_index/resource_index/package_run_dependencies/generated_ros2_pkg
-- Up-to-date: /home/yinyihao/ros2/install/generated_ros2_pkg/share/ament_index/resource_index/parent_prefix_path/generated_ros2_pkg
-- Up-to-date: /home/yinyihao/ros2/install/generated_ros2_pkg/share/generated_ros2_pkg/environment/ament_prefix_path.sh
-- Installing: /home/yinyihao/ros2/install/generated_ros2_pkg/share/generated_ros2_pkg/environment/ament_prefix_path.dsv
-- Up-to-date: /home/yinyihao/ros2/install/generated_ros2_pkg/share/generated_ros2_pkg/environment/path.sh
-- Installing: /home/yinyihao/ros2/install/generated_ros2_pkg/share/generated_ros2_pkg/environment/path.dsv
-- Up-to-date: /home/yinyihao/ros2/install/generated_ros2_pkg/share/generated_ros2_pkg/local_setup.bash
-- Up-to-date: /home/yinyihao/ros2/install/generated_ros2_pkg/share/generated_ros2_pkg/local_setup.sh
-- Up-to-date: /home/yinyihao/ros2/install/generated_ros2_pkg/share/generated_ros2_pkg/local_setup.zsh
-- Installing: /home/yinyihao/ros2/install/generated_ros2_pkg/share/generated_ros2_pkg/local_setup.dsv
-- Installing: /home/yinyihao/ros2/install/generated_ros2_pkg/share/generated_ros2_pkg/package.dsv
-- Up-to-date: /home/yinyihao/ros2/install/generated_ros2_pkg/share/ament_index/resource_index/packages/generated_ros2_pkg
-- Up-to-date: /home/yinyihao/ros2/install/generated_ros2_pkg/share/generated_ros2_pkg/cmake/generated_ros2_pkgConfig.cmake
-- Up-to-date: /home/yinyihao/ros2/install/generated_ros2_pkg/share/generated_ros2_pkg/cmake/generated_ros2_pkgConfig-version.cmake
-- Installing: /home/yinyihao/ros2/install/generated_ros2_pkg/share/generated_ros2_pkg/package.xml
