[0.009s] Invoking command in '/home/yinyihao/ros2/build/generated_ros2_pkg': CMAKE_PREFIX_PATH=${CMAKE_PREFIX_PATH}:/home/yinyihao/ros2/install/nav2_race_min:/opt/ros/humble /usr/bin/cmake --build /home/yinyihao/ros2/build/generated_ros2_pkg
[0.023s] -- Found ament_cmake: 1.3.12 (/opt/ros/humble/share/ament_cmake/cmake)
[0.111s] -- Found rclcpp: 16.0.16 (/opt/ros/humble/share/rclcpp/cmake)
[0.682s] -- Found rosidl_generator_c: 3.1.7 (/opt/ros/humble/share/rosidl_generator_c/cmake)
[0.683s] -- Found rosidl_adapter: 3.1.7 (/opt/ros/humble/share/rosidl_adapter/cmake)
[0.686s] -- Found rosidl_generator_cpp: 3.1.7 (/opt/ros/humble/share/rosidl_generator_cpp/cmake)
[0.692s] -- Using all available rosidl_typesupport_c: rosidl_typesupport_fastrtps_c;rosidl_typesupport_introspection_c
[0.698s] -- Using all available rosidl_typesupport_cpp: rosidl_typesupport_fastrtps_cpp;rosidl_typesupport_introspection_cpp
[0.726s] -- Found rmw_implementation_cmake: 6.1.2 (/opt/ros/humble/share/rmw_implementation_cmake/cmake)
[0.728s] -- Found rmw_fastrtps_cpp: 6.2.9 (/opt/ros/humble/share/rmw_fastrtps_cpp/cmake)
[22.052s] -- Using RMW implementation 'rmw_fastrtps_cpp' as default
[22.155s] -- Found std_srvs: 4.9.0 (/opt/ros/humble/share/std_srvs/cmake)
[22.224s] -- Configuring done
[22.271s] -- Generating done
[22.285s] -- Build files have been written to: /home/yinyihao/ros2/build/generated_ros2_pkg
[22.318s] [  6%] [32mBuilding CXX object CMakeFiles/rclcpp_component_container.dir/src/rclcpp_component_container.cpp.o[0m
[29.708s] [ 12%] [32m[1mLinking CXX executable rclcpp_component_container[0m
[30.262s] [ 12%] Built target rclcpp_component_container
[30.275s] [ 18%] [32mBuilding CXX object CMakeFiles/rclcpp_component_container_isolated.dir/src/rclcpp_component_container_isolated.cpp.o[0m
[36.568s] [ 25%] [32m[1mLinking CXX executable rclcpp_component_container_isolated[0m
[37.230s] [ 25%] Built target rclcpp_component_container_isolated
[37.243s] [ 31%] [32mBuilding CXX object CMakeFiles/rclcpp_component_container_mt.dir/src/rclcpp_component_container_mt.cpp.o[0m
[44.878s] [ 37%] [32m[1mLinking CXX executable rclcpp_component_container_mt[0m
[45.969s] [ 37%] Built target rclcpp_component_container_mt
[45.985s] [35m[1mConsolidate compiler generated dependencies of target rclcpp_executor[0m
[46.035s] [ 43%] [32mBuilding CXX object CMakeFiles/rclcpp_executor.dir/src/rclcpp_executor.cpp.o[0m
[53.797s] [ 50%] [32m[1mLinking CXX executable rclcpp_executor[0m
[54.361s] [ 50%] Built target rclcpp_executor
[54.386s] [ 56%] [32mBuilding CXX object CMakeFiles/rclcpp_intra_process_manager.dir/src/rclcpp_intra_process_manager.cpp.o[0m
[57.187s] [ 62%] [32m[1mLinking CXX executable rclcpp_intra_process_manager[0m
[57.662s] [ 62%] Built target rclcpp_intra_process_manager
[57.672s] [ 68%] [32mBuilding CXX object CMakeFiles/rclcpp_lifecycle_lifecycle_node.dir/src/rclcpp_lifecycle_lifecycle_node.cpp.o[0m
[64.560s] [ 75%] [32m[1mLinking CXX executable rclcpp_lifecycle_lifecycle_node[0m
[65.386s] [ 75%] Built target rclcpp_lifecycle_lifecycle_node
[65.396s] [ 81%] [32mBuilding CXX object CMakeFiles/rclcpp_parameter_events_node.dir/src/rclcpp_parameter_events_node.cpp.o[0m
[68.854s] [ 87%] [32m[1mLinking CXX executable rclcpp_parameter_events_node[0m
[69.543s] [ 87%] Built target rclcpp_parameter_events_node
[69.554s] [ 93%] [32mBuilding CXX object CMakeFiles/rclcpp_time_source.dir/src/rclcpp_time_source.cpp.o[0m
[73.076s] [100%] [32m[1mLinking CXX executable rclcpp_time_source[0m
[73.566s] [100%] Built target rclcpp_time_source
[73.580s] Invoked command in '/home/yinyihao/ros2/build/generated_ros2_pkg' returned '0': CMAKE_PREFIX_PATH=${CMAKE_PREFIX_PATH}:/home/yinyihao/ros2/install/nav2_race_min:/opt/ros/humble /usr/bin/cmake --build /home/yinyihao/ros2/build/generated_ros2_pkg
[73.587s] Invoking command in '/home/yinyihao/ros2/build/generated_ros2_pkg': CMAKE_PREFIX_PATH=${CMAKE_PREFIX_PATH}:/home/yinyihao/ros2/install/nav2_race_min:/opt/ros/humble /usr/bin/cmake --install /home/yinyihao/ros2/build/generated_ros2_pkg
[73.591s] -- Install configuration: ""
[73.591s] -- Installing: /home/yinyihao/ros2/install/generated_ros2_pkg/lib/generated_ros2_pkg/rclcpp_component_container
[73.593s] -- Set runtime path of "/home/yinyihao/ros2/install/generated_ros2_pkg/lib/generated_ros2_pkg/rclcpp_component_container" to ""
[73.593s] -- Installing: /home/yinyihao/ros2/install/generated_ros2_pkg/lib/generated_ros2_pkg/rclcpp_component_container_isolated
[73.596s] -- Set runtime path of "/home/yinyihao/ros2/install/generated_ros2_pkg/lib/generated_ros2_pkg/rclcpp_component_container_isolated" to ""
[73.596s] -- Installing: /home/yinyihao/ros2/install/generated_ros2_pkg/lib/generated_ros2_pkg/rclcpp_component_container_mt
[73.598s] -- Set runtime path of "/home/yinyihao/ros2/install/generated_ros2_pkg/lib/generated_ros2_pkg/rclcpp_component_container_mt" to ""
[73.599s] -- Installing: /home/yinyihao/ros2/install/generated_ros2_pkg/lib/generated_ros2_pkg/rclcpp_executor
[73.603s] -- Set runtime path of "/home/yinyihao/ros2/install/generated_ros2_pkg/lib/generated_ros2_pkg/rclcpp_executor" to ""
[73.603s] -- Installing: /home/yinyihao/ros2/install/generated_ros2_pkg/lib/generated_ros2_pkg/rclcpp_intra_process_manager
[73.603s] -- Set runtime path of "/home/yinyihao/ros2/install/generated_ros2_pkg/lib/generated_ros2_pkg/rclcpp_intra_process_manager" to ""
[73.603s] -- Installing: /home/yinyihao/ros2/install/generated_ros2_pkg/lib/generated_ros2_pkg/rclcpp_lifecycle_lifecycle_node
[73.605s] -- Set runtime path of "/home/yinyihao/ros2/install/generated_ros2_pkg/lib/generated_ros2_pkg/rclcpp_lifecycle_lifecycle_node" to ""
[73.605s] -- Installing: /home/yinyihao/ros2/install/generated_ros2_pkg/lib/generated_ros2_pkg/rclcpp_parameter_events_node
[73.606s] -- Set runtime path of "/home/yinyihao/ros2/install/generated_ros2_pkg/lib/generated_ros2_pkg/rclcpp_parameter_events_node" to ""
[73.606s] -- Installing: /home/yinyihao/ros2/install/generated_ros2_pkg/lib/generated_ros2_pkg/rclcpp_time_source
[73.607s] -- Set runtime path of "/home/yinyihao/ros2/install/generated_ros2_pkg/lib/generated_ros2_pkg/rclcpp_time_source" to ""
[73.607s] -- Up-to-date: /home/yinyihao/ros2/install/generated_ros2_pkg/share/generated_ros2_pkg/launch
[73.607s] -- Installing: /home/yinyihao/ros2/install/generated_ros2_pkg/share/generated_ros2_pkg/launch/generated_system.launch.py
[73.607s] -- Up-to-date: /home/yinyihao/ros2/install/generated_ros2_pkg/share/ament_index/resource_index/package_run_dependencies/generated_ros2_pkg
[73.607s] -- Up-to-date: /home/yinyihao/ros2/install/generated_ros2_pkg/share/ament_index/resource_index/parent_prefix_path/generated_ros2_pkg
[73.607s] -- Up-to-date: /home/yinyihao/ros2/install/generated_ros2_pkg/share/generated_ros2_pkg/environment/ament_prefix_path.sh
[73.607s] -- Installing: /home/yinyihao/ros2/install/generated_ros2_pkg/share/generated_ros2_pkg/environment/ament_prefix_path.dsv
[73.607s] -- Up-to-date: /home/yinyihao/ros2/install/generated_ros2_pkg/share/generated_ros2_pkg/environment/path.sh
[73.607s] -- Installing: /home/yinyihao/ros2/install/generated_ros2_pkg/share/generated_ros2_pkg/environment/path.dsv
[73.608s] -- Up-to-date: /home/yinyihao/ros2/install/generated_ros2_pkg/share/generated_ros2_pkg/local_setup.bash
[73.608s] -- Up-to-date: /home/yinyihao/ros2/install/generated_ros2_pkg/share/generated_ros2_pkg/local_setup.sh
[73.608s] -- Up-to-date: /home/yinyihao/ros2/install/generated_ros2_pkg/share/generated_ros2_pkg/local_setup.zsh
[73.608s] -- Installing: /home/yinyihao/ros2/install/generated_ros2_pkg/share/generated_ros2_pkg/local_setup.dsv
[73.608s] -- Installing: /home/yinyihao/ros2/install/generated_ros2_pkg/share/generated_ros2_pkg/package.dsv
[73.608s] -- Up-to-date: /home/yinyihao/ros2/install/generated_ros2_pkg/share/ament_index/resource_index/packages/generated_ros2_pkg
[73.608s] -- Up-to-date: /home/yinyihao/ros2/install/generated_ros2_pkg/share/generated_ros2_pkg/cmake/generated_ros2_pkgConfig.cmake
[73.608s] -- Up-to-date: /home/yinyihao/ros2/install/generated_ros2_pkg/share/generated_ros2_pkg/cmake/generated_ros2_pkgConfig-version.cmake
[73.608s] -- Installing: /home/yinyihao/ros2/install/generated_ros2_pkg/share/generated_ros2_pkg/package.xml
[73.611s] Invoked command in '/home/yinyihao/ros2/build/generated_ros2_pkg' returned '0': CMAKE_PREFIX_PATH=${CMAKE_PREFIX_PATH}:/home/yinyihao/ros2/install/nav2_race_min:/opt/ros/humble /usr/bin/cmake --install /home/yinyihao/ros2/build/generated_ros2_pkg
