-- Found ament_cmake: 1.3.12 (/opt/ros/humble/share/ament_cmake/cmake)
-- Found rclcpp: 16.0.16 (/opt/ros/humble/share/rclcpp/cmake)
-- Found rosidl_generator_c: 3.1.7 (/opt/ros/humble/share/rosidl_generator_c/cmake)
-- Found rosidl_adapter: 3.1.7 (/opt/ros/humble/share/rosidl_adapter/cmake)
-- Found rosidl_generator_cpp: 3.1.7 (/opt/ros/humble/share/rosidl_generator_cpp/cmake)
-- Using all available rosidl_typesupport_c: rosidl_typesupport_fastrtps_c;rosidl_typesupport_introspection_c
-- Using all available rosidl_typesupport_cpp: rosidl_typesupport_fastrtps_cpp;rosidl_typesupport_introspection_cpp
-- Found rmw_implementation_cmake: 6.1.2 (/opt/ros/humble/share/rmw_implementation_cmake/cmake)
-- Found rmw_fastrtps_cpp: 6.2.9 (/opt/ros/humble/share/rmw_fastrtps_cpp/cmake)
-- Using RMW implementation 'rmw_fastrtps_cpp' as default
-- Found std_srvs: 4.9.0 (/opt/ros/humble/share/std_srvs/cmake)
-- Configuring done
-- Generating done
-- Build files have been written to: /home/yinyihao/ros2/build/generated_ros2_pkg
[35m[1mConsolidate compiler generated dependencies of target add_two_ints_server[0m
[ 12%] [32mBuilding CXX object CMakeFiles/add_two_ints_server.dir/src/add_two_ints_server.cpp.o[0m
[ 25%] [32m[1mLinking CXX executable add_two_ints_server[0m
[ 25%] Built target add_two_ints_server
[35m[1mConsolidate compiler generated dependencies of target listener[0m
[ 37%] [32mBuilding CXX object CMakeFiles/listener.dir/src/listener.cpp.o[0m
[ 50%] [32m[1mLinking CXX executable listener[0m
[ 50%] Built target listener
[ 62%] [32mBuilding CXX object CMakeFiles/service_user.dir/src/service_user.cpp.o[0m
[ 75%] [32m[1mLinking CXX executable service_user[0m
[ 75%] Built target service_user
[35m[1mConsolidate compiler generated dependencies of target talker[0m
[ 87%] [32mBuilding CXX object CMakeFiles/talker.dir/src/talker.cpp.o[0m
[100%] [32m[1mLinking CXX executable talker[0m
[100%] Built target talker
-- Install configuration: ""
-- Installing: /home/yinyihao/ros2/install/generated_ros2_pkg/lib/generated_ros2_pkg/add_two_ints_server
-- Set runtime path of "/home/yinyihao/ros2/install/generated_ros2_pkg/lib/generated_ros2_pkg/add_two_ints_server" to ""
-- Installing: /home/yinyihao/ros2/install/generated_ros2_pkg/lib/generated_ros2_pkg/listener
-- Set runtime path of "/home/yinyihao/ros2/install/generated_ros2_pkg/lib/generated_ros2_pkg/listener" to ""
-- Installing: /home/yinyihao/ros2/install/generated_ros2_pkg/lib/generated_ros2_pkg/service_user
-- Set runtime path of "/home/yinyihao/ros2/install/generated_ros2_pkg/lib/generated_ros2_pkg/service_user" to ""
-- Installing: /home/yinyihao/ros2/install/generated_ros2_pkg/lib/generated_ros2_pkg/talker
-- Set runtime path of "/home/yinyihao/ros2/install/generated_ros2_pkg/lib/generated_ros2_pkg/talker" to ""
-- Up-to-date: /home/yinyihao/ros2/install/generated_ros2_pkg/share/generated_ros2_pkg/launch
-- Installing: /home/yinyihao/ros2/install/generated_ros2_pkg/share/generated_ros2_pkg/launch/generated_system.launch.py
-- Up-to-date: /home/yinyihao/ros2/install/generated_ros2_pkg/share/ament_index/resource_index/package_run_dependencies/generated_ros2_pkg
-- Up-to-date: /home/yinyihao/ros2/install/generated_ros2_pkg/share/ament_index/resource_index/parent_prefix_path/generated_ros2_pkg
-- Up-to-date: /home/yinyihao/ros2/install/generated_ros2_pkg/share/generated_ros2_pkg/environment/ament_prefix_path.sh
-- Installing: /home/yinyihao/ros2/install/generated_ros2_pkg/share/generated_ros2_pkg/environment/ament_prefix_path.dsv
-- Up-to-date: /home/yinyihao/ros2/install/generated_ros2_pkg/share/generated_ros2_pkg/environment/path.sh
-- Installing: /home/yinyihao/ros2/install/generated_ros2_pkg/share/generated_ros2_pkg/environment/path.dsv
-- Up-to-date: /home/yinyihao/ros2/install/generated_ros2_pkg/share/generated_ros2_pkg/local_setup.bash
-- Up-to-date: /home/yinyihao/ros2/install/generated_ros2_pkg/share/generated_ros2_pkg/local_setup.sh
-- Up-to-date: /home/yinyihao/ros2/install/generated_ros2_pkg/share/generated_ros2_pkg/local_setup.zsh
-- Installing: /home/yinyihao/ros2/install/generated_ros2_pkg/share/generated_ros2_pkg/local_setup.dsv
-- Installing: /home/yinyihao/ros2/install/generated_ros2_pkg/share/generated_ros2_pkg/package.dsv
-- Up-to-date: /home/yinyihao/ros2/install/generated_ros2_pkg/share/ament_index/resource_index/packages/generated_ros2_pkg
-- Up-to-date: /home/yinyihao/ros2/install/generated_ros2_pkg/share/generated_ros2_pkg/cmake/generated_ros2_pkgConfig.cmake
-- Up-to-date: /home/yinyihao/ros2/install/generated_ros2_pkg/share/generated_ros2_pkg/cmake/generated_ros2_pkgConfig-version.cmake
-- Installing: /home/yinyihao/ros2/install/generated_ros2_pkg/share/generated_ros2_pkg/package.xml
