[0.012s] Invoking command in '/home/yinyihao/ros2/build/generated_ros2_pkg': CMAKE_PREFIX_PATH=${CMAKE_PREFIX_PATH}:/home/yinyihao/ros2/install/nav2_race_min:/opt/ros/humble /usr/bin/cmake --build /home/yinyihao/ros2/build/generated_ros2_pkg -- -j20 -l20
[0.034s] -- Found ament_cmake: 1.3.12 (/opt/ros/humble/share/ament_cmake/cmake)
[0.141s] -- Found rclcpp: 16.0.16 (/opt/ros/humble/share/rclcpp/cmake)
[0.434s] -- Found rosidl_generator_c: 3.1.7 (/opt/ros/humble/share/rosidl_generator_c/cmake)
[0.436s] -- Found rosidl_adapter: 3.1.7 (/opt/ros/humble/share/rosidl_adapter/cmake)
[0.443s] -- Found rosidl_generator_cpp: 3.1.7 (/opt/ros/humble/share/rosidl_generator_cpp/cmake)
[0.450s] -- Using all available rosidl_typesupport_c: rosidl_typesupport_fastrtps_c;rosidl_typesupport_introspection_c
[0.459s] -- Using all available rosidl_typesupport_cpp: rosidl_typesupport_fastrtps_cpp;rosidl_typesupport_introspection_cpp
[0.486s] -- Found rmw_implementation_cmake: 6.1.2 (/opt/ros/humble/share/rmw_implementation_cmake/cmake)
[0.487s] -- Found rmw_fastrtps_cpp: 6.2.9 (/opt/ros/humble/share/rmw_fastrtps_cpp/cmake)
[13.862s] -- Using RMW implementation 'rmw_fastrtps_cpp' as default
[13.979s] -- Found std_srvs: 4.9.0 (/opt/ros/humble/share/std_srvs/cmake)
[14.049s] -- Configuring done
[14.073s] -- Generating done
[14.083s] -- Build files have been written to: /home/yinyihao/ros2/build/generated_ros2_pkg
[14.115s] [35m[1mConsolidate compiler generated dependencies of target controller_server[0m
[14.116s] [35m[1mConsolidate compiler generated dependencies of target planner_server[0m
[14.119s] [35m[1mConsolidate compiler generated dependencies of target bt_navigator[0m
[14.120s] [35m[1mConsolidate compiler generated dependencies of target waypoint_follower[0m
[14.122s] [35m[1mConsolidate compiler generated dependencies of target lifecycle_manager[0m
[14.129s] [  8%] [32mBuilding CXX object CMakeFiles/recoveries_server.dir/src/recoveries_server.cpp.o[0m
[14.142s] [ 16%] [32mBuilding CXX object CMakeFiles/bt_navigator.dir/src/bt_navigator.cpp.o[0m
[14.142s] [ 25%] [32mBuilding CXX object CMakeFiles/controller_server.dir/src/controller_server.cpp.o[0m
[14.145s] [ 33%] [32mBuilding CXX object CMakeFiles/waypoint_follower.dir/src/waypoint_follower.cpp.o[0m
[14.145s] [ 41%] [32mBuilding CXX object CMakeFiles/lifecycle_manager.dir/src/lifecycle_manager.cpp.o[0m
[14.146s] [ 50%] [32mBuilding CXX object CMakeFiles/planner_server.dir/src/planner_server.cpp.o[0m
[17.756s] [ 58%] [32m[1mLinking CXX executable lifecycle_manager[0m
[18.052s] [ 58%] Built target lifecycle_manager
[18.360s] [ 66%] [32m[1mLinking CXX executable waypoint_follower[0m
[18.709s] [ 66%] Built target waypoint_follower
[22.171s] [ 75%] [32m[1mLinking CXX executable recoveries_server[0m
[22.226s] [ 83%] [32m[1mLinking CXX executable controller_server[0m
[22.262s] [ 91%] [32m[1mLinking CXX executable planner_server[0m
[22.583s] [ 91%] Built target recoveries_server
[22.626s] [ 91%] Built target controller_server
[22.648s] [100%] [32m[1mLinking CXX executable bt_navigator[0m
[22.689s] [100%] Built target planner_server
[23.172s] [100%] Built target bt_navigator
[23.186s] Invoked command in '/home/yinyihao/ros2/build/generated_ros2_pkg' returned '0': CMAKE_PREFIX_PATH=${CMAKE_PREFIX_PATH}:/home/yinyihao/ros2/install/nav2_race_min:/opt/ros/humble /usr/bin/cmake --build /home/yinyihao/ros2/build/generated_ros2_pkg -- -j20 -l20
[23.218s] Invoking command in '/home/yinyihao/ros2/build/generated_ros2_pkg': CMAKE_PREFIX_PATH=${CMAKE_PREFIX_PATH}:/home/yinyihao/ros2/install/nav2_race_min:/opt/ros/humble /usr/bin/cmake --install /home/yinyihao/ros2/build/generated_ros2_pkg
[23.233s] -- Install configuration: ""
[23.233s] -- Installing: /home/yinyihao/ros2/install/generated_ros2_pkg/lib/generated_ros2_pkg/controller_server
[23.246s] -- Set runtime path of "/home/yinyihao/ros2/install/generated_ros2_pkg/lib/generated_ros2_pkg/controller_server" to ""
[23.246s] -- Installing: /home/yinyihao/ros2/install/generated_ros2_pkg/lib/generated_ros2_pkg/planner_server
[23.252s] -- Set runtime path of "/home/yinyihao/ros2/install/generated_ros2_pkg/lib/generated_ros2_pkg/planner_server" to ""
[23.252s] -- Installing: /home/yinyihao/ros2/install/generated_ros2_pkg/lib/generated_ros2_pkg/bt_navigator
[23.262s] -- Set runtime path of "/home/yinyihao/ros2/install/generated_ros2_pkg/lib/generated_ros2_pkg/bt_navigator" to ""
[23.262s] -- Installing: /home/yinyihao/ros2/install/generated_ros2_pkg/lib/generated_ros2_pkg/recoveries_server
[23.270s] -- Set runtime path of "/home/yinyihao/ros2/install/generated_ros2_pkg/lib/generated_ros2_pkg/recoveries_server" to ""
[23.270s] -- Installing: /home/yinyihao/ros2/install/generated_ros2_pkg/lib/generated_ros2_pkg/waypoint_follower
[23.276s] -- Set runtime path of "/home/yinyihao/ros2/install/generated_ros2_pkg/lib/generated_ros2_pkg/waypoint_follower" to ""
[23.276s] -- Installing: /home/yinyihao/ros2/install/generated_ros2_pkg/lib/generated_ros2_pkg/lifecycle_manager
[23.277s] -- Set runtime path of "/home/yinyihao/ros2/install/generated_ros2_pkg/lib/generated_ros2_pkg/lifecycle_manager" to ""
[23.278s] -- Up-to-date: /home/yinyihao/ros2/install/generated_ros2_pkg/share/generated_ros2_pkg/launch
[23.278s] -- Installing: /home/yinyihao/ros2/install/generated_ros2_pkg/share/generated_ros2_pkg/launch/generated_system.launch.py
[23.278s] -- Up-to-date: /home/yinyihao/ros2/install/generated_ros2_pkg/share/ament_index/resource_index/package_run_dependencies/generated_ros2_pkg
[23.278s] -- Up-to-date: /home/yinyihao/ros2/install/generated_ros2_pkg/share/ament_index/resource_index/parent_prefix_path/generated_ros2_pkg
[23.278s] -- Up-to-date: /home/yinyihao/ros2/install/generated_ros2_pkg/share/generated_ros2_pkg/environment/ament_prefix_path.sh
[23.278s] -- Installing: /home/yinyihao/ros2/install/generated_ros2_pkg/share/generated_ros2_pkg/environment/ament_prefix_path.dsv
[23.278s] -- Up-to-date: /home/yinyihao/ros2/install/generated_ros2_pkg/share/generated_ros2_pkg/environment/path.sh
[23.278s] -- Installing: /home/yinyihao/ros2/install/generated_ros2_pkg/share/generated_ros2_pkg/environment/path.dsv
[23.278s] -- Up-to-date: /home/yinyihao/ros2/install/generated_ros2_pkg/share/generated_ros2_pkg/local_setup.bash
[23.278s] -- Up-to-date: /home/yinyihao/ros2/install/generated_ros2_pkg/share/generated_ros2_pkg/local_setup.sh
[23.278s] -- Up-to-date: /home/yinyihao/ros2/install/generated_ros2_pkg/share/generated_ros2_pkg/local_setup.zsh
[23.278s] -- Installing: /home/yinyihao/ros2/install/generated_ros2_pkg/share/generated_ros2_pkg/local_setup.dsv
[23.278s] -- Installing: /home/yinyihao/ros2/install/generated_ros2_pkg/share/generated_ros2_pkg/package.dsv
[23.278s] -- Up-to-date: /home/yinyihao/ros2/install/generated_ros2_pkg/share/ament_index/resource_index/packages/generated_ros2_pkg
[23.278s] -- Up-to-date: /home/yinyihao/ros2/install/generated_ros2_pkg/share/generated_ros2_pkg/cmake/generated_ros2_pkgConfig.cmake
[23.278s] -- Up-to-date: /home/yinyihao/ros2/install/generated_ros2_pkg/share/generated_ros2_pkg/cmake/generated_ros2_pkgConfig-version.cmake
[23.279s] -- Installing: /home/yinyihao/ros2/install/generated_ros2_pkg/share/generated_ros2_pkg/package.xml
[23.281s] Invoked command in '/home/yinyihao/ros2/build/generated_ros2_pkg' returned '0': CMAKE_PREFIX_PATH=${CMAKE_PREFIX_PATH}:/home/yinyihao/ros2/install/nav2_race_min:/opt/ros/humble /usr/bin/cmake --install /home/yinyihao/ros2/build/generated_ros2_pkg
