[0.017s] Invoking command in '/home/yinyihao/ros2/build/generated_ros2_pkg': CMAKE_PREFIX_PATH=${CMAKE_PREFIX_PATH}:/home/yinyihao/ros2/install/nav2_race_min:/opt/ros/humble /usr/bin/cmake --build /home/yinyihao/ros2/build/generated_ros2_pkg -- -j20 -l20
[0.038s] -- Found ament_cmake: 1.3.12 (/opt/ros/humble/share/ament_cmake/cmake)
[0.145s] -- Found rclcpp: 16.0.16 (/opt/ros/humble/share/rclcpp/cmake)
[0.542s] -- Found rosidl_generator_c: 3.1.7 (/opt/ros/humble/share/rosidl_generator_c/cmake)
[0.545s] -- Found rosidl_adapter: 3.1.7 (/opt/ros/humble/share/rosidl_adapter/cmake)
[0.549s] -- Found rosidl_generator_cpp: 3.1.7 (/opt/ros/humble/share/rosidl_generator_cpp/cmake)
[0.554s] -- Using all available rosidl_typesupport_c: rosidl_typesupport_fastrtps_c;rosidl_typesupport_introspection_c
[0.562s] -- Using all available rosidl_typesupport_cpp: rosidl_typesupport_fastrtps_cpp;rosidl_typesupport_introspection_cpp
[0.585s] -- Found rmw_implementation_cmake: 6.1.2 (/opt/ros/humble/share/rmw_implementation_cmake/cmake)
[0.586s] -- Found rmw_fastrtps_cpp: 6.2.9 (/opt/ros/humble/share/rmw_fastrtps_cpp/cmake)
[18.356s] -- Using RMW implementation 'rmw_fastrtps_cpp' as default
[18.396s] -- Found std_srvs: 4.9.0 (/opt/ros/humble/share/std_srvs/cmake)
[18.480s] -- Configuring done
[18.508s] -- Generating done
[18.518s] -- Build files have been written to: /home/yinyihao/ros2/build/generated_ros2_pkg
[18.546s] [35m[1mConsolidate compiler generated dependencies of target rclcpp_action_client[0m
[18.547s] [35m[1mConsolidate compiler generated dependencies of target rclcpp_service_client[0m
[18.547s] [35m[1mConsolidate compiler generated dependencies of target rclcpp_action_server[0m
[18.548s] [35m[1mConsolidate compiler generated dependencies of target rclcpp_service_server[0m
[18.550s] [35m[1mConsolidate compiler generated dependencies of target rclcpp_lifecycle_node[0m
[18.552s] [35m[1mConsolidate compiler generated dependencies of target rclcpp_timer[0m
[18.558s] [  7%] [32mBuilding CXX object CMakeFiles/rclcpp_parameter_client.dir/src/rclcpp_parameter_client.cpp.o[0m
[18.583s] [ 14%] [32mBuilding CXX object CMakeFiles/rclcpp_timer.dir/src/rclcpp_timer.cpp.o[0m
[18.583s] [ 28%] [32mBuilding CXX object CMakeFiles/rclcpp_service_server.dir/src/rclcpp_service_server.cpp.o[0m
[18.583s] [ 28%] [32mBuilding CXX object CMakeFiles/rclcpp_action_server.dir/src/rclcpp_action_server.cpp.o[0m
[18.583s] [ 35%] [32mBuilding CXX object CMakeFiles/rclcpp_service_client.dir/src/rclcpp_service_client.cpp.o[0m
[18.584s] [ 42%] [32mBuilding CXX object CMakeFiles/rclcpp_lifecycle_node.dir/src/rclcpp_lifecycle_node.cpp.o[0m
[18.584s] [ 50%] [32mBuilding CXX object CMakeFiles/rclcpp_action_client.dir/src/rclcpp_action_client.cpp.o[0m
[21.339s] [ 57%] [32m[1mLinking CXX executable rclcpp_parameter_client[0m
[21.630s] [ 57%] Built target rclcpp_parameter_client
[22.597s] [ 64%] [32m[1mLinking CXX executable rclcpp_timer[0m
[22.934s] [ 64%] Built target rclcpp_timer
[25.645s] [ 71%] [32m[1mLinking CXX executable rclcpp_lifecycle_node[0m
[25.957s] [ 78%] [32m[1mLinking CXX executable rclcpp_service_server[0m
[26.042s] [ 85%] [32m[1mLinking CXX executable rclcpp_action_client[0m
[26.056s] [ 92%] [32m[1mLinking CXX executable rclcpp_service_client[0m
[26.087s] [ 92%] Built target rclcpp_lifecycle_node
[26.116s] [100%] [32m[1mLinking CXX executable rclcpp_action_server[0m
[26.421s] [100%] Built target rclcpp_service_server
[26.497s] [100%] Built target rclcpp_action_client
[26.540s] [100%] Built target rclcpp_service_client
[26.570s] [100%] Built target rclcpp_action_server
[26.579s] Invoked command in '/home/yinyihao/ros2/build/generated_ros2_pkg' returned '0': CMAKE_PREFIX_PATH=${CMAKE_PREFIX_PATH}:/home/yinyihao/ros2/install/nav2_race_min:/opt/ros/humble /usr/bin/cmake --build /home/yinyihao/ros2/build/generated_ros2_pkg -- -j20 -l20
[26.586s] Invoking command in '/home/yinyihao/ros2/build/generated_ros2_pkg': CMAKE_PREFIX_PATH=${CMAKE_PREFIX_PATH}:/home/yinyihao/ros2/install/nav2_race_min:/opt/ros/humble /usr/bin/cmake --install /home/yinyihao/ros2/build/generated_ros2_pkg
[26.590s] -- Install configuration: ""
[26.590s] -- Installing: /home/yinyihao/ros2/install/generated_ros2_pkg/lib/generated_ros2_pkg/rclcpp_action_client
[26.593s] -- Set runtime path of "/home/yinyihao/ros2/install/generated_ros2_pkg/lib/generated_ros2_pkg/rclcpp_action_client" to ""
[26.593s] -- Installing: /home/yinyihao/ros2/install/generated_ros2_pkg/lib/generated_ros2_pkg/rclcpp_action_server
[26.596s] -- Set runtime path of "/home/yinyihao/ros2/install/generated_ros2_pkg/lib/generated_ros2_pkg/rclcpp_action_server" to ""
[26.596s] -- Installing: /home/yinyihao/ros2/install/generated_ros2_pkg/lib/generated_ros2_pkg/rclcpp_lifecycle_node
[26.599s] -- Set runtime path of "/home/yinyihao/ros2/install/generated_ros2_pkg/lib/generated_ros2_pkg/rclcpp_lifecycle_node" to ""
[26.599s] -- Installing: /home/yinyihao/ros2/install/generated_ros2_pkg/lib/generated_ros2_pkg/rclcpp_parameter_client
[26.599s] -- Set runtime path of "/home/yinyihao/ros2/install/generated_ros2_pkg/lib/generated_ros2_pkg/rclcpp_parameter_client" to ""
[26.600s] -- Installing: /home/yinyihao/ros2/install/generated_ros2_pkg/lib/generated_ros2_pkg/rclcpp_service_client
[26.603s] -- Set runtime path of "/home/yinyihao/ros2/install/generated_ros2_pkg/lib/generated_ros2_pkg/rclcpp_service_client" to ""
[26.603s] -- Installing: /home/yinyihao/ros2/install/generated_ros2_pkg/lib/generated_ros2_pkg/rclcpp_service_server
[26.606s] -- Set runtime path of "/home/yinyihao/ros2/install/generated_ros2_pkg/lib/generated_ros2_pkg/rclcpp_service_server" to ""
[26.606s] -- Installing: /home/yinyihao/ros2/install/generated_ros2_pkg/lib/generated_ros2_pkg/rclcpp_timer
[26.607s] -- Set runtime path of "/home/yinyihao/ros2/install/generated_ros2_pkg/lib/generated_ros2_pkg/rclcpp_timer" to ""
[26.607s] -- Up-to-date: /home/yinyihao/ros2/install/generated_ros2_pkg/share/generated_ros2_pkg/launch
[26.607s] -- Installing: /home/yinyihao/ros2/install/generated_ros2_pkg/share/generated_ros2_pkg/launch/generated_system.launch.py
[26.607s] -- Up-to-date: /home/yinyihao/ros2/install/generated_ros2_pkg/share/ament_index/resource_index/package_run_dependencies/generated_ros2_pkg
[26.607s] -- Up-to-date: /home/yinyihao/ros2/install/generated_ros2_pkg/share/ament_index/resource_index/parent_prefix_path/generated_ros2_pkg
[26.607s] -- Up-to-date: /home/yinyihao/ros2/install/generated_ros2_pkg/share/generated_ros2_pkg/environment/ament_prefix_path.sh
[26.607s] -- Installing: /home/yinyihao/ros2/install/generated_ros2_pkg/share/generated_ros2_pkg/environment/ament_prefix_path.dsv
[26.607s] -- Up-to-date: /home/yinyihao/ros2/install/generated_ros2_pkg/share/generated_ros2_pkg/environment/path.sh
[26.608s] -- Installing: /home/yinyihao/ros2/install/generated_ros2_pkg/share/generated_ros2_pkg/environment/path.dsv
[26.608s] -- Up-to-date: /home/yinyihao/ros2/install/generated_ros2_pkg/share/generated_ros2_pkg/local_setup.bash
[26.608s] -- Up-to-date: /home/yinyihao/ros2/install/generated_ros2_pkg/share/generated_ros2_pkg/local_setup.sh
[26.608s] -- Up-to-date: /home/yinyihao/ros2/install/generated_ros2_pkg/share/generated_ros2_pkg/local_setup.zsh
[26.608s] -- Installing: /home/yinyihao/ros2/install/generated_ros2_pkg/share/generated_ros2_pkg/local_setup.dsv
[26.608s] -- Installing: /home/yinyihao/ros2/install/generated_ros2_pkg/share/generated_ros2_pkg/package.dsv
[26.608s] -- Up-to-date: /home/yinyihao/ros2/install/generated_ros2_pkg/share/ament_index/resource_index/packages/generated_ros2_pkg
[26.608s] -- Up-to-date: /home/yinyihao/ros2/install/generated_ros2_pkg/share/generated_ros2_pkg/cmake/generated_ros2_pkgConfig.cmake
[26.608s] -- Up-to-date: /home/yinyihao/ros2/install/generated_ros2_pkg/share/generated_ros2_pkg/cmake/generated_ros2_pkgConfig-version.cmake
[26.608s] -- Installing: /home/yinyihao/ros2/install/generated_ros2_pkg/share/generated_ros2_pkg/package.xml
[26.610s] Invoked command in '/home/yinyihao/ros2/build/generated_ros2_pkg' returned '0': CMAKE_PREFIX_PATH=${CMAKE_PREFIX_PATH}:/home/yinyihao/ros2/install/nav2_race_min:/opt/ros/humble /usr/bin/cmake --install /home/yinyihao/ros2/build/generated_ros2_pkg
