[0.026s] Invoking command in '/home/yinyihao/ros2/build/generated_ros2_pkg': CMAKE_PREFIX_PATH=${CMAKE_PREFIX_PATH}:/home/yinyihao/ros2/install/nav2_race_min:/opt/ros/humble /usr/bin/cmake --build /home/yinyihao/ros2/build/generated_ros2_pkg -- -j20 -l20
[0.081s] -- Found ament_cmake: 1.3.12 (/opt/ros/humble/share/ament_cmake/cmake)
[0.211s] -- Found rclcpp: 16.0.16 (/opt/ros/humble/share/rclcpp/cmake)
[0.627s] -- Found rosidl_generator_c: 3.1.7 (/opt/ros/humble/share/rosidl_generator_c/cmake)
[0.638s] -- Found rosidl_adapter: 3.1.7 (/opt/ros/humble/share/rosidl_adapter/cmake)
[0.662s] -- Found rosidl_generator_cpp: 3.1.7 (/opt/ros/humble/share/rosidl_generator_cpp/cmake)
[0.674s] -- Using all available rosidl_typesupport_c: rosidl_typesupport_fastrtps_c;rosidl_typesupport_introspection_c
[0.687s] -- Using all available rosidl_typesupport_cpp: rosidl_typesupport_fastrtps_cpp;rosidl_typesupport_introspection_cpp
[0.729s] -- Found rmw_implementation_cmake: 6.1.2 (/opt/ros/humble/share/rmw_implementation_cmake/cmake)
[0.732s] -- Found rmw_fastrtps_cpp: 6.2.9 (/opt/ros/humble/share/rmw_fastrtps_cpp/cmake)
[20.752s] -- Using RMW implementation 'rmw_fastrtps_cpp' as default
[20.816s] -- Found std_srvs: 4.9.0 (/opt/ros/humble/share/std_srvs/cmake)
[20.878s] -- Configuring done
[20.914s] -- Generating done
[20.925s] -- Build files have been written to: /home/yinyihao/ros2/build/generated_ros2_pkg
[20.947s] [35m[1mConsolidate compiler generated dependencies of target planner_server[0m
[20.948s] [35m[1mConsolidate compiler generated dependencies of target behavior_server[0m
[20.948s] [35m[1mConsolidate compiler generated dependencies of target recoveries_server[0m
[20.949s] [35m[1mConsolidate compiler generated dependencies of target global_costmap_global_costmap[0m
[20.950s] [35m[1mConsolidate compiler generated dependencies of target local_costmap_local_costmap[0m
[20.950s] [35m[1mConsolidate compiler generated dependencies of target waypoint_follower[0m
[20.951s] [35m[1mConsolidate compiler generated dependencies of target amcl[0m
[20.952s] [35m[1mConsolidate compiler generated dependencies of target lifecycle_manager[0m
[20.953s] [35m[1mConsolidate compiler generated dependencies of target bt_navigator[0m
[20.953s] [35m[1mConsolidate compiler generated dependencies of target controller_server[0m
[20.953s] [35m[1mConsolidate compiler generated dependencies of target map_server[0m
[20.960s] [  4%] [32mBuilding CXX object CMakeFiles/velocity_smoother.dir/src/velocity_smoother.cpp.o[0m
[20.991s] [  8%] [32mBuilding CXX object CMakeFiles/global_costmap_global_costmap.dir/src/global_costmap_global_costmap.cpp.o[0m
[20.992s] [ 20%] [32mBuilding CXX object CMakeFiles/bt_navigator.dir/src/bt_navigator.cpp.o[0m
[20.992s] [ 20%] [32mBuilding CXX object CMakeFiles/controller_server.dir/src/controller_server.cpp.o[0m
[20.992s] [ 25%] [32mBuilding CXX object CMakeFiles/planner_server.dir/src/planner_server.cpp.o[0m
[20.992s] [ 20%] [32mBuilding CXX object CMakeFiles/recoveries_server.dir/src/recoveries_server.cpp.o[0m
[20.992s] [ 29%] [32mBuilding CXX object CMakeFiles/map_server.dir/src/map_server.cpp.o[0m
[20.992s] [ 33%] [32mBuilding CXX object CMakeFiles/lifecycle_manager.dir/src/lifecycle_manager.cpp.o[0m
[20.993s] [ 37%] [32mBuilding CXX object CMakeFiles/local_costmap_local_costmap.dir/src/local_costmap_local_costmap.cpp.o[0m
[20.993s] [ 41%] [32mBuilding CXX object CMakeFiles/behavior_server.dir/src/behavior_server.cpp.o[0m
[20.993s] [ 45%] [32mBuilding CXX object CMakeFiles/amcl.dir/src/amcl.cpp.o[0m
[20.994s] [ 50%] [32mBuilding CXX object CMakeFiles/waypoint_follower.dir/src/waypoint_follower.cpp.o[0m
[26.179s] [ 58%] [32m[1mLinking CXX executable waypoint_follower[0m
[26.180s] [ 58%] [32m[1mLinking CXX executable lifecycle_manager[0m
[26.562s] [ 58%] Built target lifecycle_manager
[26.577s] [ 58%] Built target waypoint_follower
[27.268s] [ 62%] [32m[1mLinking CXX executable map_server[0m
[27.701s] [ 62%] Built target map_server
[28.129s] [ 66%] [32m[1mLinking CXX executable recoveries_server[0m
[28.497s] [ 66%] Built target recoveries_server
[31.662s] [ 70%] [32m[1mLinking CXX executable behavior_server[0m
[31.710s] [ 75%] [32m[1mLinking CXX executable global_costmap_global_costmap[0m
[31.744s] [ 79%] [32m[1mLinking CXX executable local_costmap_local_costmap[0m
[31.744s] [ 83%] [32m[1mLinking CXX executable amcl[0m
[31.746s] [ 87%] [32m[1mLinking CXX executable velocity_smoother[0m
[32.221s] [ 91%] [32m[1mLinking CXX executable bt_navigator[0m
[32.279s] [ 91%] Built target amcl
[32.282s] [ 95%] [32m[1mLinking CXX executable planner_server[0m
[32.287s] [ 95%] Built target velocity_smoother
[32.303s] [ 95%] Built target behavior_server
[32.305s] [ 95%] Built target global_costmap_global_costmap
[32.314s] [ 95%] Built target local_costmap_local_costmap
[32.324s] [100%] [32m[1mLinking CXX executable controller_server[0m
[32.698s] [100%] Built target bt_navigator
[32.761s] [100%] Built target planner_server
[32.785s] [100%] Built target controller_server
[32.797s] Invoked command in '/home/yinyihao/ros2/build/generated_ros2_pkg' returned '0': CMAKE_PREFIX_PATH=${CMAKE_PREFIX_PATH}:/home/yinyihao/ros2/install/nav2_race_min:/opt/ros/humble /usr/bin/cmake --build /home/yinyihao/ros2/build/generated_ros2_pkg -- -j20 -l20
[32.808s] Invoking command in '/home/yinyihao/ros2/build/generated_ros2_pkg': CMAKE_PREFIX_PATH=${CMAKE_PREFIX_PATH}:/home/yinyihao/ros2/install/nav2_race_min:/opt/ros/humble /usr/bin/cmake --install /home/yinyihao/ros2/build/generated_ros2_pkg
[32.814s] -- Install configuration: ""
[32.815s] -- Installing: /home/yinyihao/ros2/install/generated_ros2_pkg/lib/generated_ros2_pkg/amcl
[32.818s] -- Set runtime path of "/home/yinyihao/ros2/install/generated_ros2_pkg/lib/generated_ros2_pkg/amcl" to ""
[32.819s] -- Installing: /home/yinyihao/ros2/install/generated_ros2_pkg/lib/generated_ros2_pkg/behavior_server
[32.821s] -- Set runtime path of "/home/yinyihao/ros2/install/generated_ros2_pkg/lib/generated_ros2_pkg/behavior_server" to ""
[32.822s] -- Installing: /home/yinyihao/ros2/install/generated_ros2_pkg/lib/generated_ros2_pkg/bt_navigator
[32.824s] -- Set runtime path of "/home/yinyihao/ros2/install/generated_ros2_pkg/lib/generated_ros2_pkg/bt_navigator" to ""
[32.825s] -- Installing: /home/yinyihao/ros2/install/generated_ros2_pkg/lib/generated_ros2_pkg/controller_server
[32.827s] -- Set runtime path of "/home/yinyihao/ros2/install/generated_ros2_pkg/lib/generated_ros2_pkg/controller_server" to ""
[32.827s] -- Installing: /home/yinyihao/ros2/install/generated_ros2_pkg/lib/generated_ros2_pkg/global_costmap_global_costmap
[32.830s] -- Set runtime path of "/home/yinyihao/ros2/install/generated_ros2_pkg/lib/generated_ros2_pkg/global_costmap_global_costmap" to ""
[32.830s] -- Installing: /home/yinyihao/ros2/install/generated_ros2_pkg/lib/generated_ros2_pkg/lifecycle_manager
[32.832s] -- Set runtime path of "/home/yinyihao/ros2/install/generated_ros2_pkg/lib/generated_ros2_pkg/lifecycle_manager" to ""
[32.832s] -- Installing: /home/yinyihao/ros2/install/generated_ros2_pkg/lib/generated_ros2_pkg/local_costmap_local_costmap
[32.839s] -- Set runtime path of "/home/yinyihao/ros2/install/generated_ros2_pkg/lib/generated_ros2_pkg/local_costmap_local_costmap" to ""
[32.840s] -- Installing: /home/yinyihao/ros2/install/generated_ros2_pkg/lib/generated_ros2_pkg/map_server
[32.845s] -- Set runtime path of "/home/yinyihao/ros2/install/generated_ros2_pkg/lib/generated_ros2_pkg/map_server" to ""
[32.846s] -- Installing: /home/yinyihao/ros2/install/generated_ros2_pkg/lib/generated_ros2_pkg/planner_server
[32.852s] -- Set runtime path of "/home/yinyihao/ros2/install/generated_ros2_pkg/lib/generated_ros2_pkg/planner_server" to ""
[32.854s] -- Installing: /home/yinyihao/ros2/install/generated_ros2_pkg/lib/generated_ros2_pkg/recoveries_server
[32.857s] -- Set runtime path of "/home/yinyihao/ros2/install/generated_ros2_pkg/lib/generated_ros2_pkg/recoveries_server" to ""
[32.858s] -- Installing: /home/yinyihao/ros2/install/generated_ros2_pkg/lib/generated_ros2_pkg/velocity_smoother
[32.860s] -- Set runtime path of "/home/yinyihao/ros2/install/generated_ros2_pkg/lib/generated_ros2_pkg/velocity_smoother" to ""
[32.862s] -- Installing: /home/yinyihao/ros2/install/generated_ros2_pkg/lib/generated_ros2_pkg/waypoint_follower
[32.864s] -- Set runtime path of "/home/yinyihao/ros2/install/generated_ros2_pkg/lib/generated_ros2_pkg/waypoint_follower" to ""
[32.865s] -- Up-to-date: /home/yinyihao/ros2/install/generated_ros2_pkg/share/generated_ros2_pkg/launch
[32.866s] -- Installing: /home/yinyihao/ros2/install/generated_ros2_pkg/share/generated_ros2_pkg/launch/generated_system.launch.py
[32.868s] -- Up-to-date: /home/yinyihao/ros2/install/generated_ros2_pkg/share/ament_index/resource_index/package_run_dependencies/generated_ros2_pkg
[32.869s] -- Up-to-date: /home/yinyihao/ros2/install/generated_ros2_pkg/share/ament_index/resource_index/parent_prefix_path/generated_ros2_pkg
[32.872s] -- Up-to-date: /home/yinyihao/ros2/install/generated_ros2_pkg/share/generated_ros2_pkg/environment/ament_prefix_path.sh
[32.872s] -- Installing: /home/yinyihao/ros2/install/generated_ros2_pkg/share/generated_ros2_pkg/environment/ament_prefix_path.dsv
[32.873s] -- Up-to-date: /home/yinyihao/ros2/install/generated_ros2_pkg/share/generated_ros2_pkg/environment/path.sh
[32.873s] -- Installing: /home/yinyihao/ros2/install/generated_ros2_pkg/share/generated_ros2_pkg/environment/path.dsv
[32.874s] -- Up-to-date: /home/yinyihao/ros2/install/generated_ros2_pkg/share/generated_ros2_pkg/local_setup.bash
[32.874s] -- Up-to-date: /home/yinyihao/ros2/install/generated_ros2_pkg/share/generated_ros2_pkg/local_setup.sh
[32.874s] -- Up-to-date: /home/yinyihao/ros2/install/generated_ros2_pkg/share/generated_ros2_pkg/local_setup.zsh
[32.875s] -- Installing: /home/yinyihao/ros2/install/generated_ros2_pkg/share/generated_ros2_pkg/local_setup.dsv
[32.875s] -- Installing: /home/yinyihao/ros2/install/generated_ros2_pkg/share/generated_ros2_pkg/package.dsv
[32.877s] -- Up-to-date: /home/yinyihao/ros2/install/generated_ros2_pkg/share/ament_index/resource_index/packages/generated_ros2_pkg
[32.877s] -- Up-to-date: /home/yinyihao/ros2/install/generated_ros2_pkg/share/generated_ros2_pkg/cmake/generated_ros2_pkgConfig.cmake
[32.877s] -- Up-to-date: /home/yinyihao/ros2/install/generated_ros2_pkg/share/generated_ros2_pkg/cmake/generated_ros2_pkgConfig-version.cmake
[32.877s] -- Installing: /home/yinyihao/ros2/install/generated_ros2_pkg/share/generated_ros2_pkg/package.xml
[32.880s] Invoked command in '/home/yinyihao/ros2/build/generated_ros2_pkg' returned '0': CMAKE_PREFIX_PATH=${CMAKE_PREFIX_PATH}:/home/yinyihao/ros2/install/nav2_race_min:/opt/ros/humble /usr/bin/cmake --install /home/yinyihao/ros2/build/generated_ros2_pkg
