[0.521s] Invoking command in '/home/yinyihao/ros2/src/nav2_race_min': PYTHONPATH=/home/yinyihao/ros2/build/nav2_race_min/prefix_override:/usr/lib/python3/dist-packages/colcon_core/task/python/colcon_distutils_commands:/home/yinyihao/ros2/install/nav2_race_min/lib/python3.10/site-packages:${PYTHONPATH} /usr/bin/python3 -W ignore:setup.py install is deprecated -W ignore:easy_install command is deprecated setup.py egg_info --egg-base ../../build/nav2_race_min build --build-base /home/yinyihao/ros2/build/nav2_race_min/build install --record /home/yinyihao/ros2/build/nav2_race_min/install.log --single-version-externally-managed install_data
[0.679s] running egg_info
[0.680s] writing ../../build/nav2_race_min/nav2_race_min.egg-info/PKG-INFO
[0.680s] writing dependency_links to ../../build/nav2_race_min/nav2_race_min.egg-info/dependency_links.txt
[0.680s] writing entry points to ../../build/nav2_race_min/nav2_race_min.egg-info/entry_points.txt
[0.680s] writing requirements to ../../build/nav2_race_min/nav2_race_min.egg-info/requires.txt
[0.680s] writing top-level names to ../../build/nav2_race_min/nav2_race_min.egg-info/top_level.txt
[0.681s] reading manifest file '../../build/nav2_race_min/nav2_race_min.egg-info/SOURCES.txt'
[0.682s] writing manifest file '../../build/nav2_race_min/nav2_race_min.egg-info/SOURCES.txt'
[0.682s] running build
[0.682s] running build_py
[0.682s] running install
[0.682s] running install_lib
[0.683s] running install_data
[0.683s] running install_egg_info
[0.684s] removing '/home/yinyihao/ros2/install/nav2_race_min/lib/python3.10/site-packages/nav2_race_min-0.0.1-py3.10.egg-info' (and everything under it)
[0.685s] Copying ../../build/nav2_race_min/nav2_race_min.egg-info to /home/yinyihao/ros2/install/nav2_race_min/lib/python3.10/site-packages/nav2_race_min-0.0.1-py3.10.egg-info
[0.685s] running install_scripts
[0.699s] Installing mini_navigator_server script to /home/yinyihao/ros2/install/nav2_race_min/lib/nav2_race_min
[0.699s] Installing mini_race_stress script to /home/yinyihao/ros2/install/nav2_race_min/lib/nav2_race_min
[0.700s] writing list of installed files to '/home/yinyihao/ros2/build/nav2_race_min/install.log'
[0.718s] Invoked command in '/home/yinyihao/ros2/src/nav2_race_min' returned '0': PYTHONPATH=/home/yinyihao/ros2/build/nav2_race_min/prefix_override:/usr/lib/python3/dist-packages/colcon_core/task/python/colcon_distutils_commands:/home/yinyihao/ros2/install/nav2_race_min/lib/python3.10/site-packages:${PYTHONPATH} /usr/bin/python3 -W ignore:setup.py install is deprecated -W ignore:easy_install command is deprecated setup.py egg_info --egg-base ../../build/nav2_race_min build --build-base /home/yinyihao/ros2/build/nav2_race_min/build install --record /home/yinyihao/ros2/build/nav2_race_min/install.log --single-version-externally-managed install_data
