-- Found ament_cmake: 1.3.12 (/opt/ros/humble/share/ament_cmake/cmake)
-- Found rclcpp: 16.0.16 (/opt/ros/humble/share/rclcpp/cmake)
-- Found rosidl_generator_c: 3.1.7 (/opt/ros/humble/share/rosidl_generator_c/cmake)
-- Found rosidl_adapter: 3.1.7 (/opt/ros/humble/share/rosidl_adapter/cmake)
-- Found rosidl_generator_cpp: 3.1.7 (/opt/ros/humble/share/rosidl_generator_cpp/cmake)
-- Using all available rosidl_typesupport_c: rosidl_typesupport_fastrtps_c;rosidl_typesupport_introspection_c
-- Using all available rosidl_typesupport_cpp: rosidl_typesupport_fastrtps_cpp;rosidl_typesupport_introspection_cpp
-- Found rmw_implementation_cmake: 6.1.2 (/opt/ros/humble/share/rmw_implementation_cmake/cmake)
-- Found rmw_fastrtps_cpp: 6.2.9 (/opt/ros/humble/share/rmw_fastrtps_cpp/cmake)
-- Using RMW implementation 'rmw_fastrtps_cpp' as default
-- Found std_srvs: 4.9.0 (/opt/ros/humble/share/std_srvs/cmake)
-- Configuring done
-- Generating done
-- Build files have been written to: /home/yinyihao/ros2/build/generated_ros2_pkg
[35m[1mConsolidate compiler generated dependencies of target global_costmap_global_costmap[0m
[35m[1mConsolidate compiler generated dependencies of target local_costmap_local_costmap[0m
[35m[1mConsolidate compiler generated dependencies of target navfn_planner[0m
[35m[1mConsolidate compiler generated dependencies of target bt_navigator[0m
[35m[1mConsolidate compiler generated dependencies of target waypoint_follower[0m
[35m[1mConsolidate compiler generated dependencies of target amcl[0m
[35m[1mConsolidate compiler generated dependencies of target tf[0m
[35m[1mConsolidate compiler generated dependencies of target global_costmap_global_costmap_updater[0m
[35m[1mConsolidate compiler generated dependencies of target controller_server[0m
[35m[1mConsolidate compiler generated dependencies of target recoveries_server[0m
[35m[1mConsolidate compiler generated dependencies of target smoother_server[0m
[35m[1mConsolidate compiler generated dependencies of target local_costmap_local_costmap_updater[0m
[35m[1mConsolidate compiler generated dependencies of target planner_server[0m
[  3%] [32mBuilding CXX object CMakeFiles/tf_static.dir/src/tf_static.cpp.o[0m
[  6%] [32mBuilding CXX object CMakeFiles/map.dir/src/map.cpp.o[0m
[ 10%] [32mBuilding CXX object CMakeFiles/navfn_planner.dir/src/navfn_planner.cpp.o[0m
[ 16%] [32mBuilding CXX object CMakeFiles/bt_navigator.dir/src/bt_navigator.cpp.o[0m
[ 16%] [32mBuilding CXX object CMakeFiles/global_costmap_global_costmap.dir/src/global_costmap_global_costmap.cpp.o[0m
[ 20%] [32mBuilding CXX object CMakeFiles/local_costmap_local_costmap.dir/src/local_costmap_local_costmap.cpp.o[0m
[ 23%] [32mBuilding CXX object CMakeFiles/amcl.dir/src/amcl.cpp.o[0m
[ 26%] [32mBuilding CXX object CMakeFiles/tf.dir/src/tf.cpp.o[0m
[ 30%] [32mBuilding CXX object CMakeFiles/global_costmap_global_costmap_updater.dir/src/global_costmap_global_costmap_updater.cpp.o[0m
[ 33%] [32mBuilding CXX object CMakeFiles/waypoint_follower.dir/src/waypoint_follower.cpp.o[0m
[ 36%] [32mBuilding CXX object CMakeFiles/planner_server.dir/src/planner_server.cpp.o[0m
[ 40%] [32mBuilding CXX object CMakeFiles/recoveries_server.dir/src/recoveries_server.cpp.o[0m
[ 43%] [32mBuilding CXX object CMakeFiles/local_costmap_local_costmap_updater.dir/src/local_costmap_local_costmap_updater.cpp.o[0m
[ 46%] [32mBuilding CXX object CMakeFiles/smoother_server.dir/src/smoother_server.cpp.o[0m
[ 50%] [32mBuilding CXX object CMakeFiles/controller_server.dir/src/controller_server.cpp.o[0m
[ 56%] [32m[1mLinking CXX executable global_costmap_global_costmap_updater[0m
[ 60%] [32m[1mLinking CXX executable local_costmap_local_costmap_updater[0m
[ 60%] [32m[1mLinking CXX executable navfn_planner[0m
[ 60%] Built target global_costmap_global_costmap_updater
[ 60%] Built target navfn_planner
[ 60%] Built target local_costmap_local_costmap_updater
[ 63%] [32m[1mLinking CXX executable bt_navigator[0m
[ 66%] [32m[1mLinking CXX executable controller_server[0m
[ 70%] [32m[1mLinking CXX executable recoveries_server[0m
[ 73%] [32m[1mLinking CXX executable planner_server[0m
[ 76%] [32m[1mLinking CXX executable local_costmap_local_costmap[0m
[ 80%] [32m[1mLinking CXX executable global_costmap_global_costmap[0m
[ 83%] [32m[1mLinking CXX executable smoother_server[0m
[ 86%] [32m[1mLinking CXX executable amcl[0m
[ 90%] [32m[1mLinking CXX executable waypoint_follower[0m
[ 90%] Built target controller_server
[ 90%] Built target bt_navigator
[ 90%] Built target local_costmap_local_costmap
[ 90%] Built target global_costmap_global_costmap
[ 90%] Built target recoveries_server
[ 90%] Built target smoother_server
[ 90%] Built target planner_server
[ 90%] Built target waypoint_follower
[ 90%] Built target amcl
