[0.011s] Invoking command in '/home/yinyihao/ros2/build/generated_ros2_pkg': CMAKE_PREFIX_PATH=${CMAKE_PREFIX_PATH}:/home/yinyihao/ros2/install/nav2_race_min:/opt/ros/humble /usr/bin/cmake --build /home/yinyihao/ros2/build/generated_ros2_pkg -- -j20 -l20
[0.034s] -- Found ament_cmake: 1.3.12 (/opt/ros/humble/share/ament_cmake/cmake)
[0.113s] -- Found rclcpp: 16.0.16 (/opt/ros/humble/share/rclcpp/cmake)
[0.488s] -- Found rosidl_generator_c: 3.1.7 (/opt/ros/humble/share/rosidl_generator_c/cmake)
[0.490s] -- Found rosidl_adapter: 3.1.7 (/opt/ros/humble/share/rosidl_adapter/cmake)
[0.495s] -- Found rosidl_generator_cpp: 3.1.7 (/opt/ros/humble/share/rosidl_generator_cpp/cmake)
[0.503s] -- Using all available rosidl_typesupport_c: rosidl_typesupport_fastrtps_c;rosidl_typesupport_introspection_c
[0.512s] -- Using all available rosidl_typesupport_cpp: rosidl_typesupport_fastrtps_cpp;rosidl_typesupport_introspection_cpp
[0.541s] -- Found rmw_implementation_cmake: 6.1.2 (/opt/ros/humble/share/rmw_implementation_cmake/cmake)
[0.541s] -- Found rmw_fastrtps_cpp: 6.2.9 (/opt/ros/humble/share/rmw_fastrtps_cpp/cmake)
[17.766s] -- Using RMW implementation 'rmw_fastrtps_cpp' as default
[17.819s] -- Found std_srvs: 4.9.0 (/opt/ros/humble/share/std_srvs/cmake)
[17.893s] -- Configuring done
[17.940s] -- Generating done
[17.956s] -- Build files have been written to: /home/yinyihao/ros2/build/generated_ros2_pkg
[17.983s] [35m[1mConsolidate compiler generated dependencies of target global_costmap_global_costmap[0m
[17.984s] [35m[1mConsolidate compiler generated dependencies of target local_costmap_local_costmap[0m
[17.984s] [35m[1mConsolidate compiler generated dependencies of target navfn_planner[0m
[17.985s] [35m[1mConsolidate compiler generated dependencies of target bt_navigator[0m
[17.987s] [35m[1mConsolidate compiler generated dependencies of target waypoint_follower[0m
[17.988s] [35m[1mConsolidate compiler generated dependencies of target amcl[0m
[17.988s] [35m[1mConsolidate compiler generated dependencies of target tf[0m
[17.988s] [35m[1mConsolidate compiler generated dependencies of target global_costmap_global_costmap_updater[0m
[17.988s] [35m[1mConsolidate compiler generated dependencies of target controller_server[0m
[17.988s] [35m[1mConsolidate compiler generated dependencies of target recoveries_server[0m
[17.989s] [35m[1mConsolidate compiler generated dependencies of target smoother_server[0m
[17.989s] [35m[1mConsolidate compiler generated dependencies of target local_costmap_local_costmap_updater[0m
[17.990s] [35m[1mConsolidate compiler generated dependencies of target planner_server[0m
[17.994s] [  3%] [32mBuilding CXX object CMakeFiles/tf_static.dir/src/tf_static.cpp.o[0m
[17.994s] [  6%] [32mBuilding CXX object CMakeFiles/map.dir/src/map.cpp.o[0m
[17.999s] [ 10%] [32mBuilding CXX object CMakeFiles/navfn_planner.dir/src/navfn_planner.cpp.o[0m
[17.999s] [ 16%] [32mBuilding CXX object CMakeFiles/bt_navigator.dir/src/bt_navigator.cpp.o[0m
[17.999s] [ 16%] [32mBuilding CXX object CMakeFiles/global_costmap_global_costmap.dir/src/global_costmap_global_costmap.cpp.o[0m
[18.002s] [ 20%] [32mBuilding CXX object CMakeFiles/local_costmap_local_costmap.dir/src/local_costmap_local_costmap.cpp.o[0m
[18.003s] [ 23%] [32mBuilding CXX object CMakeFiles/amcl.dir/src/amcl.cpp.o[0m
[18.004s] [ 26%] [32mBuilding CXX object CMakeFiles/tf.dir/src/tf.cpp.o[0m
[18.005s] [ 30%] [32mBuilding CXX object CMakeFiles/global_costmap_global_costmap_updater.dir/src/global_costmap_global_costmap_updater.cpp.o[0m
[18.005s] [ 33%] [32mBuilding CXX object CMakeFiles/waypoint_follower.dir/src/waypoint_follower.cpp.o[0m
[18.006s] [ 36%] [32mBuilding CXX object CMakeFiles/planner_server.dir/src/planner_server.cpp.o[0m
[18.007s] [ 40%] [32mBuilding CXX object CMakeFiles/recoveries_server.dir/src/recoveries_server.cpp.o[0m
[18.007s] [ 43%] [32mBuilding CXX object CMakeFiles/local_costmap_local_costmap_updater.dir/src/local_costmap_local_costmap_updater.cpp.o[0m
[18.008s] [ 46%] [32mBuilding CXX object CMakeFiles/smoother_server.dir/src/smoother_server.cpp.o[0m
[18.008s] [ 50%] [32mBuilding CXX object CMakeFiles/controller_server.dir/src/controller_server.cpp.o[0m
[24.140s] [ 56%] [32m[1mLinking CXX executable global_costmap_global_costmap_updater[0m
[24.141s] [ 60%] [32m[1mLinking CXX executable local_costmap_local_costmap_updater[0m
[24.142s] [ 60%] [32m[1mLinking CXX executable navfn_planner[0m
[24.557s] [ 60%] Built target global_costmap_global_costmap_updater
[24.567s] [ 60%] Built target navfn_planner
[24.575s] [ 60%] Built target local_costmap_local_costmap_updater
[25.905s] [ 63%] [32m[1mLinking CXX executable bt_navigator[0m
[25.913s] [ 66%] [32m[1mLinking CXX executable controller_server[0m
[25.992s] [ 70%] [32m[1mLinking CXX executable recoveries_server[0m
[26.020s] [ 73%] [32m[1mLinking CXX executable planner_server[0m
[26.028s] [ 76%] [32m[1mLinking CXX executable local_costmap_local_costmap[0m
[26.045s] [ 80%] [32m[1mLinking CXX executable global_costmap_global_costmap[0m
[26.059s] [ 83%] [32m[1mLinking CXX executable smoother_server[0m
[26.171s] [ 86%] [32m[1mLinking CXX executable amcl[0m
[26.172s] [ 90%] [32m[1mLinking CXX executable waypoint_follower[0m
[26.227s] [ 90%] Built target controller_server
[26.245s] [ 90%] Built target bt_navigator
[26.420s] [ 90%] Built target local_costmap_local_costmap
[26.423s] [ 90%] Built target global_costmap_global_costmap
[26.426s] [ 90%] Built target recoveries_server
[26.428s] [ 90%] Built target smoother_server
[26.430s] [ 90%] Built target planner_server
[26.520s] [ 90%] Built target waypoint_follower
[26.520s] [ 90%] Built target amcl
