[2026-04-13 19:01:55] build:start
[2026-04-13 19:02:37] build:done
[2026-04-13 19:02:37] static_graph:start
[2026-04-13 19:02:37] static_graph:done
[2026-04-13 19:02:37] wait_for:start
[2026-04-13 19:02:38] wait_for:done
[2026-04-13 19:02:38] launch:start
[2026-04-13 19:03:00] launch:ready
[2026-04-13 19:03:00] dynamic_trace:start
[2026-04-13 19:03:05] dynamic_trace:done
[2026-04-13 19:03:05] dynamic_postprocess:start
[2026-04-13 19:03:05] dynamic_postprocess:done
[2026-04-13 19:03:05] launch:stop
[2026-04-13 19:04:34] build:start
[2026-04-13 19:05:24] build:done
[2026-04-13 19:05:24] static_graph:start
[2026-04-13 19:05:25] static_graph:done
[2026-04-13 19:05:25] wait_for:start
[2026-04-13 19:05:25] wait_for:done
[2026-04-13 19:05:25] launch:start
[2026-04-13 19:05:47] launch:ready
[2026-04-13 19:05:47] dynamic_trace:start
[2026-04-13 19:05:53] dynamic_trace:done
[2026-04-13 19:05:53] dynamic_postprocess:start
[2026-04-13 19:05:53] dynamic_postprocess:done
[2026-04-13 19:05:53] launch:stop
[2026-04-13 19:07:33] build:start
[2026-04-13 19:08:23] build:done
[2026-04-13 19:08:23] static_graph:start
[2026-04-13 19:08:24] static_graph:done
[2026-04-13 19:08:24] wait_for:start
[2026-04-13 19:08:24] wait_for:done
[2026-04-13 19:08:24] launch:start
[2026-04-13 19:08:47] launch:ready
[2026-04-13 19:08:47] dynamic_trace:start
[2026-04-13 19:08:52] dynamic_trace:done
[2026-04-13 19:08:52] dynamic_postprocess:start
[2026-04-13 19:08:53] dynamic_postprocess:done
[2026-04-13 19:08:53] launch:stop
[2026-04-13 19:32:14] build:start
[2026-04-13 19:32:51] build:done
[2026-04-13 19:32:51] static_graph:start
[2026-04-13 19:32:52] static_graph:done
[2026-04-13 19:32:52] wait_for:start
[2026-04-13 19:32:52] wait_for:done
[2026-04-13 19:32:52] launch:start
[2026-04-13 19:33:19] launch:ready
[2026-04-13 19:33:19] dynamic_trace:start
[2026-04-13 19:33:25] dynamic_trace:done
[2026-04-13 19:33:25] dynamic_postprocess:start
[2026-04-13 19:33:25] dynamic_postprocess:done
[2026-04-13 19:33:25] launch:stop
[2026-04-13 19:39:09] build:start
[2026-04-13 19:39:56] build:done
[2026-04-13 19:39:56] static_graph:start
[2026-04-13 19:39:57] static_graph:done
[2026-04-13 19:39:57] wait_for:start
[2026-04-13 19:39:57] wait_for:done
[2026-04-13 19:39:57] launch:start
[2026-04-13 19:40:24] launch:ready
[2026-04-13 19:40:24] dynamic_trace:start
[2026-04-13 19:40:30] dynamic_trace:done
[2026-04-13 19:40:30] dynamic_postprocess:start
[2026-04-13 19:40:30] dynamic_postprocess:done
[2026-04-13 19:40:30] launch:stop
[2026-04-13 19:59:03] build:start
[2026-04-13 19:59:42] build:done
[2026-04-13 19:59:42] static_graph:start
[2026-04-13 19:59:42] static_graph:done
[2026-04-13 19:59:42] wait_for:start
[2026-04-13 19:59:43] wait_for:done
[2026-04-13 19:59:43] launch:start
[2026-04-13 20:00:10] launch:ready
[2026-04-13 20:00:10] dynamic_trace:start
[2026-04-13 20:00:16] dynamic_trace:done
[2026-04-13 20:00:16] dynamic_postprocess:start
[2026-04-13 20:00:16] dynamic_postprocess:done
[2026-04-13 20:00:16] launch:stop
