[0.393s] DEBUG:colcon:Command line arguments: ['/usr/bin/colcon', 'build', '--packages-select', 'generated_ros2_pkg']
[0.393s] DEBUG:colcon:Parsed command line arguments: Namespace(log_base=None, log_level=None, verb_name='build', build_base='build', install_base='install', merge_install=False, symlink_install=False, test_result_base=None, continue_on_error=False, executor='parallel', parallel_workers=20, event_handlers=None, ignore_user_meta=False, metas=['./colcon.meta'], base_paths=['.'], packages_ignore=None, packages_ignore_regex=None, paths=None, packages_up_to=None, packages_up_to_regex=None, packages_above=None, packages_above_and_dependencies=None, packages_above_depth=None, packages_select_by_dep=None, packages_skip_by_dep=None, packages_skip_up_to=None, packages_select_build_failed=False, packages_skip_build_finished=False, packages_select_test_failures=False, packages_skip_test_passed=False, packages_select=['generated_ros2_pkg'], packages_skip=None, packages_select_regex=None, packages_skip_regex=None, packages_start=None, packages_end=None, allow_overriding=[], cmake_args=None, cmake_target=None, cmake_target_skip_unavailable=False, cmake_clean_cache=False, cmake_clean_first=False, cmake_force_configure=False, ament_cmake_args=None, catkin_cmake_args=None, catkin_skip_building_tests=False, verb_parser=<colcon_defaults.argument_parser.defaults.DefaultArgumentsDecorator object at 0x7f4a76ba7a30>, verb_extension=<colcon_core.verb.build.BuildVerb object at 0x7f4a76ba6980>, main=<bound method BuildVerb.main of <colcon_core.verb.build.BuildVerb object at 0x7f4a76ba6980>>)
[0.568s] Level 1:colcon.colcon_core.package_discovery:discover_packages(colcon_meta) check parameters
[0.568s] Level 1:colcon.colcon_core.package_discovery:discover_packages(recursive) check parameters
[0.568s] Level 1:colcon.colcon_core.package_discovery:discover_packages(ignore) check parameters
[0.568s] Level 1:colcon.colcon_core.package_discovery:discover_packages(path) check parameters
[0.568s] Level 1:colcon.colcon_core.package_discovery:discover_packages(colcon_meta) discover
[0.568s] Level 1:colcon.colcon_core.package_discovery:discover_packages(recursive) discover
[0.568s] INFO:colcon.colcon_core.package_discovery:Crawling recursively for packages in '/home/yinyihao/ros2'
[0.569s] Level 1:colcon.colcon_core.package_identification:_identify(.) by extensions ['ignore', 'ignore_ament_install']
[0.569s] Level 1:colcon.colcon_core.package_identification:_identify(.) by extension 'ignore'
[0.569s] Level 1:colcon.colcon_core.package_identification:_identify(.) by extension 'ignore_ament_install'
[0.569s] Level 1:colcon.colcon_core.package_identification:_identify(.) by extensions ['colcon_pkg']
[0.569s] Level 1:colcon.colcon_core.package_identification:_identify(.) by extension 'colcon_pkg'
[0.569s] INFO:colcon.colcon_metadata.metadata.colcon_pkg:Setting name 'ros2_ws' of package '.' from colcon.pkg
[0.569s] DEBUG:colcon.colcon_core.package_identification:Package '.' with type 'None' and name 'ros2_ws'
[0.569s] Level 1:colcon.colcon_core.package_identification:_identify(.) by extensions ['colcon_meta']
[0.569s] Level 1:colcon.colcon_core.package_identification:_identify(.) by extension 'colcon_meta'
[0.569s] Level 1:colcon.colcon_core.package_identification:_identify(.) by extensions ['ros']
[0.569s] Level 1:colcon.colcon_core.package_identification:_identify(.) by extension 'ros'
[0.579s] Level 1:colcon.colcon_core.package_identification:_identify(.) by extensions ['cmake', 'python']
[0.579s] Level 1:colcon.colcon_core.package_identification:_identify(.) by extension 'cmake'
[0.579s] Level 1:colcon.colcon_core.package_identification:_identify(.) by extension 'python'
[0.579s] Level 1:colcon.colcon_core.package_identification:_identify(.) by extensions ['python_setup_py']
[0.580s] Level 1:colcon.colcon_core.package_identification:_identify(.) by extension 'python_setup_py'
[0.580s] WARNING:colcon.colcon_core.package_identification:package '.' has type or name but is incomplete
[0.580s] Level 1:colcon.colcon_core.package_identification:_identify(build) by extensions ['ignore', 'ignore_ament_install']
[0.580s] Level 1:colcon.colcon_core.package_identification:_identify(build) by extension 'ignore'
[0.580s] Level 1:colcon.colcon_core.package_identification:_identify(build) ignored
[0.580s] Level 1:colcon.colcon_core.package_identification:_identify(graph) by extensions ['ignore', 'ignore_ament_install']
[0.580s] Level 1:colcon.colcon_core.package_identification:_identify(graph) by extension 'ignore'
[0.580s] Level 1:colcon.colcon_core.package_identification:_identify(graph) by extension 'ignore_ament_install'
[0.580s] Level 1:colcon.colcon_core.package_identification:_identify(graph) by extensions ['colcon_pkg']
[0.580s] Level 1:colcon.colcon_core.package_identification:_identify(graph) by extension 'colcon_pkg'
[0.580s] Level 1:colcon.colcon_core.package_identification:_identify(graph) by extensions ['colcon_meta']
[0.580s] Level 1:colcon.colcon_core.package_identification:_identify(graph) by extension 'colcon_meta'
[0.580s] Level 1:colcon.colcon_core.package_identification:_identify(graph) by extensions ['ros']
[0.580s] Level 1:colcon.colcon_core.package_identification:_identify(graph) by extension 'ros'
[0.580s] Level 1:colcon.colcon_core.package_identification:_identify(graph) by extensions ['cmake', 'python']
[0.580s] Level 1:colcon.colcon_core.package_identification:_identify(graph) by extension 'cmake'
[0.580s] Level 1:colcon.colcon_core.package_identification:_identify(graph) by extension 'python'
[0.580s] Level 1:colcon.colcon_core.package_identification:_identify(graph) by extensions ['python_setup_py']
[0.580s] Level 1:colcon.colcon_core.package_identification:_identify(graph) by extension 'python_setup_py'
[0.580s] Level 1:colcon.colcon_core.package_identification:_identify(install) by extensions ['ignore', 'ignore_ament_install']
[0.581s] Level 1:colcon.colcon_core.package_identification:_identify(install) by extension 'ignore'
[0.581s] Level 1:colcon.colcon_core.package_identification:_identify(install) ignored
[0.581s] Level 1:colcon.colcon_core.package_identification:_identify(log) by extensions ['ignore', 'ignore_ament_install']
[0.581s] Level 1:colcon.colcon_core.package_identification:_identify(log) by extension 'ignore'
[0.581s] Level 1:colcon.colcon_core.package_identification:_identify(log) ignored
[0.581s] Level 1:colcon.colcon_core.package_identification:_identify(src) by extensions ['ignore', 'ignore_ament_install']
[0.581s] Level 1:colcon.colcon_core.package_identification:_identify(src) by extension 'ignore'
[0.581s] Level 1:colcon.colcon_core.package_identification:_identify(src) by extension 'ignore_ament_install'
[0.581s] Level 1:colcon.colcon_core.package_identification:_identify(src) by extensions ['colcon_pkg']
[0.581s] Level 1:colcon.colcon_core.package_identification:_identify(src) by extension 'colcon_pkg'
[0.581s] Level 1:colcon.colcon_core.package_identification:_identify(src) by extensions ['colcon_meta']
[0.581s] Level 1:colcon.colcon_core.package_identification:_identify(src) by extension 'colcon_meta'
[0.581s] Level 1:colcon.colcon_core.package_identification:_identify(src) by extensions ['ros']
[0.581s] Level 1:colcon.colcon_core.package_identification:_identify(src) by extension 'ros'
[0.581s] Level 1:colcon.colcon_core.package_identification:_identify(src) by extensions ['cmake', 'python']
[0.581s] Level 1:colcon.colcon_core.package_identification:_identify(src) by extension 'cmake'
[0.582s] Level 1:colcon.colcon_core.package_identification:_identify(src) by extension 'python'
[0.582s] Level 1:colcon.colcon_core.package_identification:_identify(src) by extensions ['python_setup_py']
[0.582s] Level 1:colcon.colcon_core.package_identification:_identify(src) by extension 'python_setup_py'
[0.582s] Level 1:colcon.colcon_core.package_identification:_identify(src/generated_ros2_pkg) by extensions ['ignore', 'ignore_ament_install']
[0.582s] Level 1:colcon.colcon_core.package_identification:_identify(src/generated_ros2_pkg) by extension 'ignore'
[0.582s] Level 1:colcon.colcon_core.package_identification:_identify(src/generated_ros2_pkg) by extension 'ignore_ament_install'
[0.582s] Level 1:colcon.colcon_core.package_identification:_identify(src/generated_ros2_pkg) by extensions ['colcon_pkg']
[0.582s] Level 1:colcon.colcon_core.package_identification:_identify(src/generated_ros2_pkg) by extension 'colcon_pkg'
[0.582s] Level 1:colcon.colcon_core.package_identification:_identify(src/generated_ros2_pkg) by extensions ['colcon_meta']
[0.582s] Level 1:colcon.colcon_core.package_identification:_identify(src/generated_ros2_pkg) by extension 'colcon_meta'
[0.582s] Level 1:colcon.colcon_core.package_identification:_identify(src/generated_ros2_pkg) by extensions ['ros']
[0.582s] Level 1:colcon.colcon_core.package_identification:_identify(src/generated_ros2_pkg) by extension 'ros'
[0.585s] DEBUG:colcon.colcon_core.package_identification:Package 'src/generated_ros2_pkg' with type 'ros.ament_cmake' and name 'generated_ros2_pkg'
[0.585s] Level 1:colcon.colcon_core.package_identification:_identify(src/my_cpp_pkg) by extensions ['ignore', 'ignore_ament_install']
[0.585s] Level 1:colcon.colcon_core.package_identification:_identify(src/my_cpp_pkg) by extension 'ignore'
[0.585s] Level 1:colcon.colcon_core.package_identification:_identify(src/my_cpp_pkg) by extension 'ignore_ament_install'
[0.585s] Level 1:colcon.colcon_core.package_identification:_identify(src/my_cpp_pkg) by extensions ['colcon_pkg']
[0.585s] Level 1:colcon.colcon_core.package_identification:_identify(src/my_cpp_pkg) by extension 'colcon_pkg'
[0.585s] Level 1:colcon.colcon_core.package_identification:_identify(src/my_cpp_pkg) by extensions ['colcon_meta']
[0.585s] Level 1:colcon.colcon_core.package_identification:_identify(src/my_cpp_pkg) by extension 'colcon_meta'
[0.585s] Level 1:colcon.colcon_core.package_identification:_identify(src/my_cpp_pkg) by extensions ['ros']
[0.585s] Level 1:colcon.colcon_core.package_identification:_identify(src/my_cpp_pkg) by extension 'ros'
[0.586s] DEBUG:colcon.colcon_core.package_identification:Package 'src/my_cpp_pkg' with type 'ros.ament_cmake' and name 'my_cpp_pkg'
[0.586s] Level 1:colcon.colcon_core.package_identification:_identify(src/nav2_race_cpp) by extensions ['ignore', 'ignore_ament_install']
[0.586s] Level 1:colcon.colcon_core.package_identification:_identify(src/nav2_race_cpp) by extension 'ignore'
[0.586s] Level 1:colcon.colcon_core.package_identification:_identify(src/nav2_race_cpp) by extension 'ignore_ament_install'
[0.586s] Level 1:colcon.colcon_core.package_identification:_identify(src/nav2_race_cpp) by extensions ['colcon_pkg']
[0.586s] Level 1:colcon.colcon_core.package_identification:_identify(src/nav2_race_cpp) by extension 'colcon_pkg'
[0.586s] Level 1:colcon.colcon_core.package_identification:_identify(src/nav2_race_cpp) by extensions ['colcon_meta']
[0.586s] Level 1:colcon.colcon_core.package_identification:_identify(src/nav2_race_cpp) by extension 'colcon_meta'
[0.586s] Level 1:colcon.colcon_core.package_identification:_identify(src/nav2_race_cpp) by extensions ['ros']
[0.586s] Level 1:colcon.colcon_core.package_identification:_identify(src/nav2_race_cpp) by extension 'ros'
[0.587s] DEBUG:colcon.colcon_core.package_identification:Package 'src/nav2_race_cpp' with type 'ros.ament_cmake' and name 'nav2_race_cpp'
[0.587s] Level 1:colcon.colcon_core.package_identification:_identify(src/nav2_race_min) by extensions ['ignore', 'ignore_ament_install']
[0.587s] Level 1:colcon.colcon_core.package_identification:_identify(src/nav2_race_min) by extension 'ignore'
[0.587s] Level 1:colcon.colcon_core.package_identification:_identify(src/nav2_race_min) by extension 'ignore_ament_install'
[0.587s] Level 1:colcon.colcon_core.package_identification:_identify(src/nav2_race_min) by extensions ['colcon_pkg']
[0.587s] Level 1:colcon.colcon_core.package_identification:_identify(src/nav2_race_min) by extension 'colcon_pkg'
[0.587s] Level 1:colcon.colcon_core.package_identification:_identify(src/nav2_race_min) by extensions ['colcon_meta']
[0.587s] Level 1:colcon.colcon_core.package_identification:_identify(src/nav2_race_min) by extension 'colcon_meta'
[0.587s] Level 1:colcon.colcon_core.package_identification:_identify(src/nav2_race_min) by extensions ['ros']
[0.588s] Level 1:colcon.colcon_core.package_identification:_identify(src/nav2_race_min) by extension 'ros'
[0.588s] DEBUG:colcon.colcon_core.package_identification:Package 'src/nav2_race_min' with type 'ros.ament_python' and name 'nav2_race_min'
[0.588s] Level 1:colcon.colcon_core.package_identification:_identify(tools) by extensions ['ignore', 'ignore_ament_install']
[0.589s] Level 1:colcon.colcon_core.package_identification:_identify(tools) by extension 'ignore'
[0.589s] Level 1:colcon.colcon_core.package_identification:_identify(tools) by extension 'ignore_ament_install'
[0.589s] Level 1:colcon.colcon_core.package_identification:_identify(tools) by extensions ['colcon_pkg']
[0.589s] Level 1:colcon.colcon_core.package_identification:_identify(tools) by extension 'colcon_pkg'
[0.589s] Level 1:colcon.colcon_core.package_identification:_identify(tools) by extensions ['colcon_meta']
[0.589s] Level 1:colcon.colcon_core.package_identification:_identify(tools) by extension 'colcon_meta'
[0.589s] Level 1:colcon.colcon_core.package_identification:_identify(tools) by extensions ['ros']
[0.589s] Level 1:colcon.colcon_core.package_identification:_identify(tools) by extension 'ros'
[0.589s] Level 1:colcon.colcon_core.package_identification:_identify(tools) by extensions ['cmake', 'python']
[0.589s] Level 1:colcon.colcon_core.package_identification:_identify(tools) by extension 'cmake'
[0.589s] Level 1:colcon.colcon_core.package_identification:_identify(tools) by extension 'python'
[0.589s] Level 1:colcon.colcon_core.package_identification:_identify(tools) by extensions ['python_setup_py']
[0.589s] Level 1:colcon.colcon_core.package_identification:_identify(tools) by extension 'python_setup_py'
[0.589s] Level 1:colcon.colcon_core.package_identification:_identify(tools/__pycache__) by extensions ['ignore', 'ignore_ament_install']
[0.590s] Level 1:colcon.colcon_core.package_identification:_identify(tools/__pycache__) by extension 'ignore'
[0.590s] Level 1:colcon.colcon_core.package_identification:_identify(tools/__pycache__) by extension 'ignore_ament_install'
[0.590s] Level 1:colcon.colcon_core.package_identification:_identify(tools/__pycache__) by extensions ['colcon_pkg']
[0.590s] Level 1:colcon.colcon_core.package_identification:_identify(tools/__pycache__) by extension 'colcon_pkg'
[0.590s] Level 1:colcon.colcon_core.package_identification:_identify(tools/__pycache__) by extensions ['colcon_meta']
[0.590s] Level 1:colcon.colcon_core.package_identification:_identify(tools/__pycache__) by extension 'colcon_meta'
[0.590s] Level 1:colcon.colcon_core.package_identification:_identify(tools/__pycache__) by extensions ['ros']
[0.590s] Level 1:colcon.colcon_core.package_identification:_identify(tools/__pycache__) by extension 'ros'
[0.590s] Level 1:colcon.colcon_core.package_identification:_identify(tools/__pycache__) by extensions ['cmake', 'python']
[0.590s] Level 1:colcon.colcon_core.package_identification:_identify(tools/__pycache__) by extension 'cmake'
[0.590s] Level 1:colcon.colcon_core.package_identification:_identify(tools/__pycache__) by extension 'python'
[0.590s] Level 1:colcon.colcon_core.package_identification:_identify(tools/__pycache__) by extensions ['python_setup_py']
[0.590s] Level 1:colcon.colcon_core.package_identification:_identify(tools/__pycache__) by extension 'python_setup_py'
[0.590s] Level 1:colcon.colcon_core.package_discovery:discover_packages(recursive) using defaults
[0.590s] Level 1:colcon.colcon_core.package_discovery:discover_packages(ignore) discover
[0.590s] Level 1:colcon.colcon_core.package_discovery:discover_packages(ignore) using defaults
[0.590s] Level 1:colcon.colcon_core.package_discovery:discover_packages(path) discover
[0.590s] Level 1:colcon.colcon_core.package_discovery:discover_packages(path) using defaults
[0.624s] INFO:colcon.colcon_core.package_selection:Skipping not selected package 'my_cpp_pkg' in 'src/my_cpp_pkg'
[0.624s] INFO:colcon.colcon_core.package_selection:Skipping not selected package 'nav2_race_cpp' in 'src/nav2_race_cpp'
[0.624s] INFO:colcon.colcon_core.package_selection:Skipping not selected package 'nav2_race_min' in 'src/nav2_race_min'
[0.625s] Level 1:colcon.colcon_core.package_discovery:discover_packages(prefix_path) check parameters
[0.625s] Level 1:colcon.colcon_core.package_discovery:discover_packages(prefix_path) discover
[0.628s] DEBUG:colcon.colcon_installed_package_information.package_discovery:Found 4 installed packages in /home/yinyihao/ros2/install
[0.629s] DEBUG:colcon.colcon_installed_package_information.package_discovery:Found 342 installed packages in /opt/ros/humble
[0.630s] Level 1:colcon.colcon_core.package_discovery:discover_packages(prefix_path) using defaults
[0.667s] Level 5:colcon.colcon_core.verb:set package 'generated_ros2_pkg' build argument 'cmake_args' from command line to 'None'
[0.667s] Level 5:colcon.colcon_core.verb:set package 'generated_ros2_pkg' build argument 'cmake_target' from command line to 'None'
[0.667s] Level 5:colcon.colcon_core.verb:set package 'generated_ros2_pkg' build argument 'cmake_target_skip_unavailable' from command line to 'False'
[0.667s] Level 5:colcon.colcon_core.verb:set package 'generated_ros2_pkg' build argument 'cmake_clean_cache' from command line to 'False'
[0.667s] Level 5:colcon.colcon_core.verb:set package 'generated_ros2_pkg' build argument 'cmake_clean_first' from command line to 'False'
[0.667s] Level 5:colcon.colcon_core.verb:set package 'generated_ros2_pkg' build argument 'cmake_force_configure' from command line to 'False'
[0.667s] Level 5:colcon.colcon_core.verb:set package 'generated_ros2_pkg' build argument 'ament_cmake_args' from command line to 'None'
[0.667s] Level 5:colcon.colcon_core.verb:set package 'generated_ros2_pkg' build argument 'catkin_cmake_args' from command line to 'None'
[0.667s] Level 5:colcon.colcon_core.verb:set package 'generated_ros2_pkg' build argument 'catkin_skip_building_tests' from command line to 'False'
[0.667s] DEBUG:colcon.colcon_core.verb:Building package 'generated_ros2_pkg' with the following arguments: {'ament_cmake_args': None, 'build_base': '/home/yinyihao/ros2/build/generated_ros2_pkg', 'catkin_cmake_args': None, 'catkin_skip_building_tests': False, 'cmake_args': None, 'cmake_clean_cache': False, 'cmake_clean_first': False, 'cmake_force_configure': False, 'cmake_target': None, 'cmake_target_skip_unavailable': False, 'install_base': '/home/yinyihao/ros2/install/generated_ros2_pkg', 'merge_install': False, 'path': '/home/yinyihao/ros2/src/generated_ros2_pkg', 'symlink_install': False, 'test_result_base': None}
[0.667s] INFO:colcon.colcon_core.executor:Executing jobs using 'parallel' executor
[0.668s] DEBUG:colcon.colcon_parallel_executor.executor.parallel:run_until_complete
[0.668s] INFO:colcon.colcon_ros.task.ament_cmake.build:Building ROS package in '/home/yinyihao/ros2/src/generated_ros2_pkg' with build type 'ament_cmake'
[0.669s] INFO:colcon.colcon_cmake.task.cmake.build:Building CMake package in '/home/yinyihao/ros2/src/generated_ros2_pkg'
[0.673s] INFO:colcon.colcon_core.plugin_system:Skipping extension 'colcon_core.shell.bat': Not used on non-Windows systems
[0.674s] INFO:colcon.colcon_core.shell:Skip shell extension 'powershell' for command environment: Not usable outside of PowerShell
[0.674s] DEBUG:colcon.colcon_core.shell:Skip shell extension 'dsv' for command environment
[0.683s] DEBUG:colcon.colcon_core.event_handler.log_command:Invoking command in '/home/yinyihao/ros2/build/generated_ros2_pkg': CMAKE_PREFIX_PATH=${CMAKE_PREFIX_PATH}:/home/yinyihao/ros2/install/nav2_race_min:/opt/ros/humble /usr/bin/cmake --build /home/yinyihao/ros2/build/generated_ros2_pkg -- -j20 -l20
[35.378s] DEBUG:colcon.colcon_core.event_handler.log_command:Invoked command in '/home/yinyihao/ros2/build/generated_ros2_pkg' returned '0': CMAKE_PREFIX_PATH=${CMAKE_PREFIX_PATH}:/home/yinyihao/ros2/install/nav2_race_min:/opt/ros/humble /usr/bin/cmake --build /home/yinyihao/ros2/build/generated_ros2_pkg -- -j20 -l20
[35.403s] DEBUG:colcon.colcon_core.event_handler.log_command:Invoking command in '/home/yinyihao/ros2/build/generated_ros2_pkg': CMAKE_PREFIX_PATH=${CMAKE_PREFIX_PATH}:/home/yinyihao/ros2/install/nav2_race_min:/opt/ros/humble /usr/bin/cmake --install /home/yinyihao/ros2/build/generated_ros2_pkg
[35.459s] Level 1:colcon.colcon_core.environment:create_environment_scripts_only(generated_ros2_pkg)
[35.464s] DEBUG:colcon.colcon_core.event_handler.log_command:Invoked command in '/home/yinyihao/ros2/build/generated_ros2_pkg' returned '0': CMAKE_PREFIX_PATH=${CMAKE_PREFIX_PATH}:/home/yinyihao/ros2/install/nav2_race_min:/opt/ros/humble /usr/bin/cmake --install /home/yinyihao/ros2/build/generated_ros2_pkg
[35.503s] Level 1:colcon.colcon_core.environment:checking '/home/yinyihao/ros2/install/generated_ros2_pkg' for CMake module files
[35.509s] Level 1:colcon.colcon_core.environment:checking '/home/yinyihao/ros2/install/generated_ros2_pkg' for CMake config files
[35.510s] Level 1:colcon.colcon_core.shell:create_environment_hook('generated_ros2_pkg', 'cmake_prefix_path')
[35.512s] INFO:colcon.colcon_core.shell:Creating environment hook '/home/yinyihao/ros2/install/generated_ros2_pkg/share/generated_ros2_pkg/hook/cmake_prefix_path.ps1'
[35.525s] INFO:colcon.colcon_core.shell:Creating environment descriptor '/home/yinyihao/ros2/install/generated_ros2_pkg/share/generated_ros2_pkg/hook/cmake_prefix_path.dsv'
[35.528s] INFO:colcon.colcon_core.shell:Creating environment hook '/home/yinyihao/ros2/install/generated_ros2_pkg/share/generated_ros2_pkg/hook/cmake_prefix_path.sh'
[35.533s] Level 1:colcon.colcon_core.environment:checking '/home/yinyihao/ros2/install/generated_ros2_pkg/lib'
[35.533s] Level 1:colcon.colcon_core.environment:checking '/home/yinyihao/ros2/install/generated_ros2_pkg/bin'
[35.533s] Level 1:colcon.colcon_core.environment:checking '/home/yinyihao/ros2/install/generated_ros2_pkg/lib/pkgconfig/generated_ros2_pkg.pc'
[35.536s] Level 1:colcon.colcon_core.environment:checking '/home/yinyihao/ros2/install/generated_ros2_pkg/lib/python3.10/site-packages'
[35.537s] Level 1:colcon.colcon_core.environment:checking '/home/yinyihao/ros2/install/generated_ros2_pkg/bin'
[35.538s] INFO:colcon.colcon_core.shell:Creating package script '/home/yinyihao/ros2/install/generated_ros2_pkg/share/generated_ros2_pkg/package.ps1'
[35.539s] INFO:colcon.colcon_core.shell:Creating package descriptor '/home/yinyihao/ros2/install/generated_ros2_pkg/share/generated_ros2_pkg/package.dsv'
[35.540s] INFO:colcon.colcon_core.shell:Creating package script '/home/yinyihao/ros2/install/generated_ros2_pkg/share/generated_ros2_pkg/package.sh'
[35.542s] INFO:colcon.colcon_core.shell:Creating package script '/home/yinyihao/ros2/install/generated_ros2_pkg/share/generated_ros2_pkg/package.bash'
[35.544s] INFO:colcon.colcon_core.shell:Creating package script '/home/yinyihao/ros2/install/generated_ros2_pkg/share/generated_ros2_pkg/package.zsh'
[35.546s] Level 1:colcon.colcon_core.environment:create_file_with_runtime_dependencies(/home/yinyihao/ros2/install/generated_ros2_pkg/share/colcon-core/packages/generated_ros2_pkg)
[35.549s] Level 1:colcon.colcon_core.environment:create_environment_scripts_only(generated_ros2_pkg)
[35.549s] Level 1:colcon.colcon_core.environment:checking '/home/yinyihao/ros2/install/generated_ros2_pkg' for CMake module files
[35.550s] Level 1:colcon.colcon_core.environment:checking '/home/yinyihao/ros2/install/generated_ros2_pkg' for CMake config files
[35.550s] Level 1:colcon.colcon_core.shell:create_environment_hook('generated_ros2_pkg', 'cmake_prefix_path')
[35.550s] INFO:colcon.colcon_core.shell:Creating environment hook '/home/yinyihao/ros2/install/generated_ros2_pkg/share/generated_ros2_pkg/hook/cmake_prefix_path.ps1'
[35.552s] INFO:colcon.colcon_core.shell:Creating environment descriptor '/home/yinyihao/ros2/install/generated_ros2_pkg/share/generated_ros2_pkg/hook/cmake_prefix_path.dsv'
[35.553s] INFO:colcon.colcon_core.shell:Creating environment hook '/home/yinyihao/ros2/install/generated_ros2_pkg/share/generated_ros2_pkg/hook/cmake_prefix_path.sh'
[35.554s] Level 1:colcon.colcon_core.environment:checking '/home/yinyihao/ros2/install/generated_ros2_pkg/lib'
[35.554s] Level 1:colcon.colcon_core.environment:checking '/home/yinyihao/ros2/install/generated_ros2_pkg/bin'
[35.555s] Level 1:colcon.colcon_core.environment:checking '/home/yinyihao/ros2/install/generated_ros2_pkg/lib/pkgconfig/generated_ros2_pkg.pc'
[35.555s] Level 1:colcon.colcon_core.environment:checking '/home/yinyihao/ros2/install/generated_ros2_pkg/lib/python3.10/site-packages'
[35.556s] Level 1:colcon.colcon_core.environment:checking '/home/yinyihao/ros2/install/generated_ros2_pkg/bin'
[35.556s] INFO:colcon.colcon_core.shell:Creating package script '/home/yinyihao/ros2/install/generated_ros2_pkg/share/generated_ros2_pkg/package.ps1'
[35.556s] INFO:colcon.colcon_core.shell:Creating package descriptor '/home/yinyihao/ros2/install/generated_ros2_pkg/share/generated_ros2_pkg/package.dsv'
[35.557s] INFO:colcon.colcon_core.shell:Creating package script '/home/yinyihao/ros2/install/generated_ros2_pkg/share/generated_ros2_pkg/package.sh'
[35.557s] INFO:colcon.colcon_core.shell:Creating package script '/home/yinyihao/ros2/install/generated_ros2_pkg/share/generated_ros2_pkg/package.bash'
[35.558s] INFO:colcon.colcon_core.shell:Creating package script '/home/yinyihao/ros2/install/generated_ros2_pkg/share/generated_ros2_pkg/package.zsh'
[35.558s] Level 1:colcon.colcon_core.environment:create_file_with_runtime_dependencies(/home/yinyihao/ros2/install/generated_ros2_pkg/share/colcon-core/packages/generated_ros2_pkg)
[35.559s] DEBUG:colcon.colcon_parallel_executor.executor.parallel:closing loop
[35.561s] DEBUG:colcon.colcon_parallel_executor.executor.parallel:loop closed
[35.562s] DEBUG:colcon.colcon_parallel_executor.executor.parallel:run_until_complete finished with '0'
[35.562s] DEBUG:colcon.colcon_core.event_reactor:joining thread
[35.787s] INFO:colcon.colcon_core.plugin_system:Skipping extension 'colcon_notification.desktop_notification.notify_send': Could not find 'notify-send'
[35.787s] INFO:colcon.colcon_core.plugin_system:Skipping extension 'colcon_notification.desktop_notification.terminal_notifier': Not used on non-Darwin systems
[35.787s] INFO:colcon.colcon_core.plugin_system:Skipping extension 'colcon_notification.desktop_notification.win32': Not used on non-Windows systems
[35.787s] INFO:colcon.colcon_notification.desktop_notification:Sending desktop notification using 'notify2'
[35.790s] DEBUG:colcon.colcon_notification.desktop_notification.notify2:Failed to initialize notify2: org.freedesktop.DBus.Error.FileNotFound: Failed to connect to socket /run/user/1000/bus: No such file or directory
[35.791s] DEBUG:colcon.colcon_core.event_reactor:joined thread
[35.793s] INFO:colcon.colcon_core.shell:Creating prefix script '/home/yinyihao/ros2/install/local_setup.ps1'
[35.798s] INFO:colcon.colcon_core.shell:Creating prefix util module '/home/yinyihao/ros2/install/_local_setup_util_ps1.py'
[35.801s] INFO:colcon.colcon_core.shell:Creating prefix chain script '/home/yinyihao/ros2/install/setup.ps1'
[35.808s] INFO:colcon.colcon_core.shell:Creating prefix script '/home/yinyihao/ros2/install/local_setup.sh'
[35.809s] INFO:colcon.colcon_core.shell:Creating prefix util module '/home/yinyihao/ros2/install/_local_setup_util_sh.py'
[35.812s] INFO:colcon.colcon_core.shell:Creating prefix chain script '/home/yinyihao/ros2/install/setup.sh'
[35.816s] INFO:colcon.colcon_core.shell:Creating prefix script '/home/yinyihao/ros2/install/local_setup.bash'
[35.817s] INFO:colcon.colcon_core.shell:Creating prefix chain script '/home/yinyihao/ros2/install/setup.bash'
[35.821s] INFO:colcon.colcon_core.shell:Creating prefix script '/home/yinyihao/ros2/install/local_setup.zsh'
[35.822s] INFO:colcon.colcon_core.shell:Creating prefix chain script '/home/yinyihao/ros2/install/setup.zsh'
