[0.028s] Invoking command in '/home/yinyihao/ros2/build/generated_ros2_pkg': CMAKE_PREFIX_PATH=${CMAKE_PREFIX_PATH}:/home/yinyihao/ros2/install/nav2_race_min:/opt/ros/humble /usr/bin/cmake --build /home/yinyihao/ros2/build/generated_ros2_pkg
[0.103s] -- Found ament_cmake: 1.3.12 (/opt/ros/humble/share/ament_cmake/cmake)
[0.284s] -- Found rclcpp: 16.0.16 (/opt/ros/humble/share/rclcpp/cmake)
[1.008s] -- Found rosidl_generator_c: 3.1.7 (/opt/ros/humble/share/rosidl_generator_c/cmake)
[1.009s] -- Found rosidl_adapter: 3.1.7 (/opt/ros/humble/share/rosidl_adapter/cmake)
[1.014s] -- Found rosidl_generator_cpp: 3.1.7 (/opt/ros/humble/share/rosidl_generator_cpp/cmake)
[1.021s] -- Using all available rosidl_typesupport_c: rosidl_typesupport_fastrtps_c;rosidl_typesupport_introspection_c
[1.029s] -- Using all available rosidl_typesupport_cpp: rosidl_typesupport_fastrtps_cpp;rosidl_typesupport_introspection_cpp
[1.052s] -- Found rmw_implementation_cmake: 6.1.2 (/opt/ros/humble/share/rmw_implementation_cmake/cmake)
[1.053s] -- Found rmw_fastrtps_cpp: 6.2.9 (/opt/ros/humble/share/rmw_fastrtps_cpp/cmake)
[21.486s] -- Using RMW implementation 'rmw_fastrtps_cpp' as default
[21.519s] -- Found std_srvs: 4.9.0 (/opt/ros/humble/share/std_srvs/cmake)
[21.578s] -- Configuring done
[21.611s] -- Generating done
[21.624s] -- Build files have been written to: /home/yinyihao/ros2/build/generated_ros2_pkg
[21.649s] [35m[1mConsolidate compiler generated dependencies of target callback_group[0m
[21.669s] [  7%] [32mBuilding CXX object CMakeFiles/callback_group.dir/src/callback_group.cpp.o[0m
[24.742s] [ 14%] [32m[1mLinking CXX executable callback_group[0m
[25.174s] [ 14%] Built target callback_group
[25.180s] [35m[1mConsolidate compiler generated dependencies of target component_container[0m
[25.196s] [ 21%] [32mBuilding CXX object CMakeFiles/component_container.dir/src/component_container.cpp.o[0m
[27.565s] [ 28%] [32m[1mLinking CXX executable component_container[0m
[28.155s] [ 28%] Built target component_container
[28.160s] [35m[1mConsolidate compiler generated dependencies of target executor[0m
[28.170s] [ 35%] [32mBuilding CXX object CMakeFiles/executor.dir/src/executor.cpp.o[0m
[30.427s] [ 42%] [32m[1mLinking CXX executable executor[0m
[30.787s] [ 42%] Built target executor
[30.793s] [35m[1mConsolidate compiler generated dependencies of target lifecycle_manager[0m
[30.805s] [ 50%] [32mBuilding CXX object CMakeFiles/lifecycle_manager.dir/src/lifecycle_manager.cpp.o[0m
[34.358s] [ 57%] [32m[1mLinking CXX executable lifecycle_manager[0m
[34.898s] [ 57%] Built target lifecycle_manager
[34.904s] [35m[1mConsolidate compiler generated dependencies of target parameter_server[0m
[34.914s] [ 64%] [32mBuilding CXX object CMakeFiles/parameter_server.dir/src/parameter_server.cpp.o[0m
[37.364s] [ 71%] [32m[1mLinking CXX executable parameter_server[0m
[37.986s] [ 71%] Built target parameter_server
[37.994s] [35m[1mConsolidate compiler generated dependencies of target rclcpp_node[0m
[38.005s] [ 78%] [32mBuilding CXX object CMakeFiles/rclcpp_node.dir/src/rclcpp_node.cpp.o[0m
[44.836s] [ 85%] [32m[1mLinking CXX executable rclcpp_node[0m
[45.600s] [ 85%] Built target rclcpp_node
[45.607s] [35m[1mConsolidate compiler generated dependencies of target time_source[0m
[45.619s] [ 92%] [32mBuilding CXX object CMakeFiles/time_source.dir/src/time_source.cpp.o[0m
[49.154s] [100%] [32m[1mLinking CXX executable time_source[0m
[49.600s] [100%] Built target time_source
[49.608s] Invoked command in '/home/yinyihao/ros2/build/generated_ros2_pkg' returned '0': CMAKE_PREFIX_PATH=${CMAKE_PREFIX_PATH}:/home/yinyihao/ros2/install/nav2_race_min:/opt/ros/humble /usr/bin/cmake --build /home/yinyihao/ros2/build/generated_ros2_pkg
[49.618s] Invoking command in '/home/yinyihao/ros2/build/generated_ros2_pkg': CMAKE_PREFIX_PATH=${CMAKE_PREFIX_PATH}:/home/yinyihao/ros2/install/nav2_race_min:/opt/ros/humble /usr/bin/cmake --install /home/yinyihao/ros2/build/generated_ros2_pkg
[49.623s] -- Install configuration: ""
[49.624s] -- Installing: /home/yinyihao/ros2/install/generated_ros2_pkg/lib/generated_ros2_pkg/callback_group
[49.625s] -- Set runtime path of "/home/yinyihao/ros2/install/generated_ros2_pkg/lib/generated_ros2_pkg/callback_group" to ""
[49.625s] -- Installing: /home/yinyihao/ros2/install/generated_ros2_pkg/lib/generated_ros2_pkg/component_container
[49.625s] -- Set runtime path of "/home/yinyihao/ros2/install/generated_ros2_pkg/lib/generated_ros2_pkg/component_container" to ""
[49.627s] -- Installing: /home/yinyihao/ros2/install/generated_ros2_pkg/lib/generated_ros2_pkg/executor
[49.627s] -- Set runtime path of "/home/yinyihao/ros2/install/generated_ros2_pkg/lib/generated_ros2_pkg/executor" to ""
[49.627s] -- Installing: /home/yinyihao/ros2/install/generated_ros2_pkg/lib/generated_ros2_pkg/lifecycle_manager
[49.629s] -- Set runtime path of "/home/yinyihao/ros2/install/generated_ros2_pkg/lib/generated_ros2_pkg/lifecycle_manager" to ""
[49.629s] -- Installing: /home/yinyihao/ros2/install/generated_ros2_pkg/lib/generated_ros2_pkg/parameter_server
[49.629s] -- Set runtime path of "/home/yinyihao/ros2/install/generated_ros2_pkg/lib/generated_ros2_pkg/parameter_server" to ""
[49.629s] -- Installing: /home/yinyihao/ros2/install/generated_ros2_pkg/lib/generated_ros2_pkg/rclcpp_node
[49.634s] -- Set runtime path of "/home/yinyihao/ros2/install/generated_ros2_pkg/lib/generated_ros2_pkg/rclcpp_node" to ""
[49.634s] -- Installing: /home/yinyihao/ros2/install/generated_ros2_pkg/lib/generated_ros2_pkg/time_source
[49.635s] -- Set runtime path of "/home/yinyihao/ros2/install/generated_ros2_pkg/lib/generated_ros2_pkg/time_source" to ""
[49.635s] -- Up-to-date: /home/yinyihao/ros2/install/generated_ros2_pkg/share/generated_ros2_pkg/launch
[49.635s] -- Installing: /home/yinyihao/ros2/install/generated_ros2_pkg/share/generated_ros2_pkg/launch/generated_system.launch.py
[49.635s] -- Up-to-date: /home/yinyihao/ros2/install/generated_ros2_pkg/share/ament_index/resource_index/package_run_dependencies/generated_ros2_pkg
[49.636s] -- Up-to-date: /home/yinyihao/ros2/install/generated_ros2_pkg/share/ament_index/resource_index/parent_prefix_path/generated_ros2_pkg
[49.636s] -- Up-to-date: /home/yinyihao/ros2/install/generated_ros2_pkg/share/generated_ros2_pkg/environment/ament_prefix_path.sh
[49.636s] -- Installing: /home/yinyihao/ros2/install/generated_ros2_pkg/share/generated_ros2_pkg/environment/ament_prefix_path.dsv
[49.636s] -- Up-to-date: /home/yinyihao/ros2/install/generated_ros2_pkg/share/generated_ros2_pkg/environment/path.sh
[49.636s] -- Installing: /home/yinyihao/ros2/install/generated_ros2_pkg/share/generated_ros2_pkg/environment/path.dsv
[49.636s] -- Up-to-date: /home/yinyihao/ros2/install/generated_ros2_pkg/share/generated_ros2_pkg/local_setup.bash
[49.636s] -- Up-to-date: /home/yinyihao/ros2/install/generated_ros2_pkg/share/generated_ros2_pkg/local_setup.sh
[49.636s] -- Up-to-date: /home/yinyihao/ros2/install/generated_ros2_pkg/share/generated_ros2_pkg/local_setup.zsh
[49.636s] -- Installing: /home/yinyihao/ros2/install/generated_ros2_pkg/share/generated_ros2_pkg/local_setup.dsv
[49.637s] -- Installing: /home/yinyihao/ros2/install/generated_ros2_pkg/share/generated_ros2_pkg/package.dsv
[49.637s] -- Up-to-date: /home/yinyihao/ros2/install/generated_ros2_pkg/share/ament_index/resource_index/packages/generated_ros2_pkg
[49.637s] -- Up-to-date: /home/yinyihao/ros2/install/generated_ros2_pkg/share/generated_ros2_pkg/cmake/generated_ros2_pkgConfig.cmake
[49.637s] -- Up-to-date: /home/yinyihao/ros2/install/generated_ros2_pkg/share/generated_ros2_pkg/cmake/generated_ros2_pkgConfig-version.cmake
[49.637s] -- Installing: /home/yinyihao/ros2/install/generated_ros2_pkg/share/generated_ros2_pkg/package.xml
[49.639s] Invoked command in '/home/yinyihao/ros2/build/generated_ros2_pkg' returned '0': CMAKE_PREFIX_PATH=${CMAKE_PREFIX_PATH}:/home/yinyihao/ros2/install/nav2_race_min:/opt/ros/humble /usr/bin/cmake --install /home/yinyihao/ros2/build/generated_ros2_pkg
