[35m[1mConsolidate compiler generated dependencies of target bt_navigator_mini[0m
[35m[1mConsolidate compiler generated dependencies of target lifecycle_manager_navigation_mini[0m
[35m[1mConsolidate compiler generated dependencies of target planner_server_mini[0m
[35m[1mConsolidate compiler generated dependencies of target controller_server_mini[0m
[ 50%] [32mBuilding CXX object CMakeFiles/planner_server_mini.dir/src/planner_server_mini.cpp.o[0m
[ 62%] Built target lifecycle_manager_navigation_mini
[ 62%] Built target controller_server_mini
[ 75%] [32mBuilding CXX object CMakeFiles/bt_navigator_mini.dir/src/bt_navigator_mini.cpp.o[0m
[01m[K/home/yinyihao/ros2/src/nav2_race_cpp/src/planner_server_mini.cpp:[m[K In lambda function:
[01m[K/home/yinyihao/ros2/src/nav2_race_cpp/src/planner_server_mini.cpp:73:68:[m[K [01;31m[Kerror: [m[K‘[01m[Kclass rclcpp::Duration[m[K’ has no member named ‘[01m[Kto_msg[m[K’
   73 |       result->planning_time = rclcpp::Duration::from_seconds(0.02).[01;31m[Kto_msg[m[K();
      |                                                                    [01;31m[K^~~~~~[m[K
[01m[K/home/yinyihao/ros2/src/nav2_race_cpp/src/bt_navigator_mini.cpp:[m[K In member function ‘[01m[Kvoid BtNavigatorMini::execute(std::shared_ptr<rclcpp_action::ServerGoalHandle<nav2_msgs::action::NavigateToPose> >)[m[K’:
[01m[K/home/yinyihao/ros2/src/nav2_race_cpp/src/bt_navigator_mini.cpp:183:74:[m[K [01;31m[Kerror: [m[K‘[01m[Kclass rclcpp::Duration[m[K’ has no member named ‘[01m[Kto_msg[m[K’
  183 |       feedback->navigation_time = rclcpp::Duration::from_seconds(exec_s).[01;31m[Kto_msg[m[K();
      |                                                                          [01;31m[K^~~~~~[m[K
gmake[2]: *** [CMakeFiles/planner_server_mini.dir/build.make:76: CMakeFiles/planner_server_mini.dir/src/planner_server_mini.cpp.o] Error 1
gmake[1]: *** [CMakeFiles/Makefile2:169: CMakeFiles/planner_server_mini.dir/all] Error 2
gmake[1]: *** Waiting for unfinished jobs....
gmake[2]: *** [CMakeFiles/bt_navigator_mini.dir/build.make:76: CMakeFiles/bt_navigator_mini.dir/src/bt_navigator_mini.cpp.o] Error 1
gmake[1]: *** [CMakeFiles/Makefile2:143: CMakeFiles/bt_navigator_mini.dir/all] Error 2
gmake: *** [Makefile:146: all] Error 2
