[0.012s] Invoking command in '/home/yinyihao/ros2/build/nav2_race_cpp': CMAKE_PREFIX_PATH=${CMAKE_PREFIX_PATH}:/home/yinyihao/ros2/install/nav2_race_min:/opt/ros/humble /usr/bin/cmake --build /home/yinyihao/ros2/build/nav2_race_cpp -- -j20 -l20
[0.053s] [35m[1mConsolidate compiler generated dependencies of target bt_navigator_mini[0m
[0.053s] [35m[1mConsolidate compiler generated dependencies of target lifecycle_manager_navigation_mini[0m
[0.053s] [35m[1mConsolidate compiler generated dependencies of target planner_server_mini[0m
[0.055s] [35m[1mConsolidate compiler generated dependencies of target controller_server_mini[0m
[0.070s] [ 50%] [32mBuilding CXX object CMakeFiles/planner_server_mini.dir/src/planner_server_mini.cpp.o[0m
[0.070s] [ 62%] Built target lifecycle_manager_navigation_mini
[0.070s] [ 62%] Built target controller_server_mini
[0.070s] [ 75%] [32mBuilding CXX object CMakeFiles/bt_navigator_mini.dir/src/bt_navigator_mini.cpp.o[0m
[2.011s] [01m[K/home/yinyihao/ros2/src/nav2_race_cpp/src/planner_server_mini.cpp:[m[K In lambda function:
[2.011s] [01m[K/home/yinyihao/ros2/src/nav2_race_cpp/src/planner_server_mini.cpp:73:68:[m[K [01;31m[Kerror: [m[K‘[01m[Kclass rclcpp::Duration[m[K’ has no member named ‘[01m[Kto_msg[m[K’
[2.011s]    73 |       result->planning_time = rclcpp::Duration::from_seconds(0.02).[01;31m[Kto_msg[m[K();
[2.011s]       |                                                                    [01;31m[K^~~~~~[m[K
[2.130s] [01m[K/home/yinyihao/ros2/src/nav2_race_cpp/src/bt_navigator_mini.cpp:[m[K In member function ‘[01m[Kvoid BtNavigatorMini::execute(std::shared_ptr<rclcpp_action::ServerGoalHandle<nav2_msgs::action::NavigateToPose> >)[m[K’:
[2.130s] [01m[K/home/yinyihao/ros2/src/nav2_race_cpp/src/bt_navigator_mini.cpp:183:74:[m[K [01;31m[Kerror: [m[K‘[01m[Kclass rclcpp::Duration[m[K’ has no member named ‘[01m[Kto_msg[m[K’
[2.130s]   183 |       feedback->navigation_time = rclcpp::Duration::from_seconds(exec_s).[01;31m[Kto_msg[m[K();
[2.130s]       |                                                                          [01;31m[K^~~~~~[m[K
[3.012s] gmake[2]: *** [CMakeFiles/planner_server_mini.dir/build.make:76: CMakeFiles/planner_server_mini.dir/src/planner_server_mini.cpp.o] Error 1
[3.012s] gmake[1]: *** [CMakeFiles/Makefile2:169: CMakeFiles/planner_server_mini.dir/all] Error 2
[3.012s] gmake[1]: *** Waiting for unfinished jobs....
[4.982s] gmake[2]: *** [CMakeFiles/bt_navigator_mini.dir/build.make:76: CMakeFiles/bt_navigator_mini.dir/src/bt_navigator_mini.cpp.o] Error 1
[4.982s] gmake[1]: *** [CMakeFiles/Makefile2:143: CMakeFiles/bt_navigator_mini.dir/all] Error 2
[4.982s] gmake: *** [Makefile:146: all] Error 2
[4.984s] Invoked command in '/home/yinyihao/ros2/build/nav2_race_cpp' returned '2': CMAKE_PREFIX_PATH=${CMAKE_PREFIX_PATH}:/home/yinyihao/ros2/install/nav2_race_min:/opt/ros/humble /usr/bin/cmake --build /home/yinyihao/ros2/build/nav2_race_cpp -- -j20 -l20
