-- Found ament_cmake: 1.3.12 (/opt/ros/humble/share/ament_cmake/cmake)
-- Found rclcpp: 16.0.16 (/opt/ros/humble/share/rclcpp/cmake)
-- Found rosidl_generator_c: 3.1.7 (/opt/ros/humble/share/rosidl_generator_c/cmake)
-- Found rosidl_adapter: 3.1.7 (/opt/ros/humble/share/rosidl_adapter/cmake)
-- Found rosidl_generator_cpp: 3.1.7 (/opt/ros/humble/share/rosidl_generator_cpp/cmake)
-- Using all available rosidl_typesupport_c: rosidl_typesupport_fastrtps_c;rosidl_typesupport_introspection_c
-- Using all available rosidl_typesupport_cpp: rosidl_typesupport_fastrtps_cpp;rosidl_typesupport_introspection_cpp
-- Found rmw_implementation_cmake: 6.1.2 (/opt/ros/humble/share/rmw_implementation_cmake/cmake)
-- Found rmw_fastrtps_cpp: 6.2.9 (/opt/ros/humble/share/rmw_fastrtps_cpp/cmake)
-- Using RMW implementation 'rmw_fastrtps_cpp' as default
-- Found std_srvs: 4.9.0 (/opt/ros/humble/share/std_srvs/cmake)
-- Configuring done
-- Generating done
-- Build files have been written to: /home/yinyihao/ros2/build/generated_ros2_pkg
[ 16%] [32mBuilding CXX object CMakeFiles/multi_threaded_node.dir/src/multi_threaded_node.cpp.o[0m
[ 33%] [32m[1mLinking CXX executable multi_threaded_node[0m
[ 33%] Built target multi_threaded_node
[ 50%] [32mBuilding CXX object CMakeFiles/rclpy_node.dir/src/rclpy_node.cpp.o[0m
[ 66%] [32m[1mLinking CXX executable rclpy_node[0m
[ 66%] Built target rclpy_node
[35m[1mConsolidate compiler generated dependencies of target service_client_node[0m
[ 83%] [32mBuilding CXX object CMakeFiles/service_client_node.dir/src/service_client_node.cpp.o[0m
[100%] [32m[1mLinking CXX executable service_client_node[0m
[100%] Built target service_client_node
-- Install configuration: ""
-- Installing: /home/yinyihao/ros2/install/generated_ros2_pkg/lib/generated_ros2_pkg/multi_threaded_node
-- Set runtime path of "/home/yinyihao/ros2/install/generated_ros2_pkg/lib/generated_ros2_pkg/multi_threaded_node" to ""
-- Installing: /home/yinyihao/ros2/install/generated_ros2_pkg/lib/generated_ros2_pkg/rclpy_node
-- Set runtime path of "/home/yinyihao/ros2/install/generated_ros2_pkg/lib/generated_ros2_pkg/rclpy_node" to ""
-- Installing: /home/yinyihao/ros2/install/generated_ros2_pkg/lib/generated_ros2_pkg/service_client_node
-- Set runtime path of "/home/yinyihao/ros2/install/generated_ros2_pkg/lib/generated_ros2_pkg/service_client_node" to ""
-- Up-to-date: /home/yinyihao/ros2/install/generated_ros2_pkg/share/generated_ros2_pkg/launch
-- Installing: /home/yinyihao/ros2/install/generated_ros2_pkg/share/generated_ros2_pkg/launch/generated_system.launch.py
-- Up-to-date: /home/yinyihao/ros2/install/generated_ros2_pkg/share/ament_index/resource_index/package_run_dependencies/generated_ros2_pkg
-- Up-to-date: /home/yinyihao/ros2/install/generated_ros2_pkg/share/ament_index/resource_index/parent_prefix_path/generated_ros2_pkg
-- Up-to-date: /home/yinyihao/ros2/install/generated_ros2_pkg/share/generated_ros2_pkg/environment/ament_prefix_path.sh
-- Installing: /home/yinyihao/ros2/install/generated_ros2_pkg/share/generated_ros2_pkg/environment/ament_prefix_path.dsv
-- Up-to-date: /home/yinyihao/ros2/install/generated_ros2_pkg/share/generated_ros2_pkg/environment/path.sh
-- Installing: /home/yinyihao/ros2/install/generated_ros2_pkg/share/generated_ros2_pkg/environment/path.dsv
-- Up-to-date: /home/yinyihao/ros2/install/generated_ros2_pkg/share/generated_ros2_pkg/local_setup.bash
-- Up-to-date: /home/yinyihao/ros2/install/generated_ros2_pkg/share/generated_ros2_pkg/local_setup.sh
-- Up-to-date: /home/yinyihao/ros2/install/generated_ros2_pkg/share/generated_ros2_pkg/local_setup.zsh
-- Installing: /home/yinyihao/ros2/install/generated_ros2_pkg/share/generated_ros2_pkg/local_setup.dsv
-- Installing: /home/yinyihao/ros2/install/generated_ros2_pkg/share/generated_ros2_pkg/package.dsv
-- Up-to-date: /home/yinyihao/ros2/install/generated_ros2_pkg/share/ament_index/resource_index/packages/generated_ros2_pkg
-- Up-to-date: /home/yinyihao/ros2/install/generated_ros2_pkg/share/generated_ros2_pkg/cmake/generated_ros2_pkgConfig.cmake
-- Up-to-date: /home/yinyihao/ros2/install/generated_ros2_pkg/share/generated_ros2_pkg/cmake/generated_ros2_pkgConfig-version.cmake
-- Installing: /home/yinyihao/ros2/install/generated_ros2_pkg/share/generated_ros2_pkg/package.xml
