[0.011s] Invoking command in '/home/yinyihao/ros2/build/generated_ros2_pkg': CMAKE_PREFIX_PATH=${CMAKE_PREFIX_PATH}:/home/yinyihao/ros2/install/nav2_race_min:/opt/ros/humble /usr/bin/cmake --build /home/yinyihao/ros2/build/generated_ros2_pkg
[0.024s] -- Found ament_cmake: 1.3.12 (/opt/ros/humble/share/ament_cmake/cmake)
[0.105s] -- Found rclcpp: 16.0.16 (/opt/ros/humble/share/rclcpp/cmake)
[0.554s] -- Found rosidl_generator_c: 3.1.7 (/opt/ros/humble/share/rosidl_generator_c/cmake)
[0.556s] -- Found rosidl_adapter: 3.1.7 (/opt/ros/humble/share/rosidl_adapter/cmake)
[0.560s] -- Found rosidl_generator_cpp: 3.1.7 (/opt/ros/humble/share/rosidl_generator_cpp/cmake)
[0.566s] -- Using all available rosidl_typesupport_c: rosidl_typesupport_fastrtps_c;rosidl_typesupport_introspection_c
[0.573s] -- Using all available rosidl_typesupport_cpp: rosidl_typesupport_fastrtps_cpp;rosidl_typesupport_introspection_cpp
[0.592s] -- Found rmw_implementation_cmake: 6.1.2 (/opt/ros/humble/share/rmw_implementation_cmake/cmake)
[0.592s] -- Found rmw_fastrtps_cpp: 6.2.9 (/opt/ros/humble/share/rmw_fastrtps_cpp/cmake)
[23.627s] -- Using RMW implementation 'rmw_fastrtps_cpp' as default
[23.725s] -- Found std_srvs: 4.9.0 (/opt/ros/humble/share/std_srvs/cmake)
[23.777s] -- Configuring done
[23.792s] -- Generating done
[23.797s] -- Build files have been written to: /home/yinyihao/ros2/build/generated_ros2_pkg
[23.819s] [ 16%] [32mBuilding CXX object CMakeFiles/multi_threaded_node.dir/src/multi_threaded_node.cpp.o[0m
[31.480s] [ 33%] [32m[1mLinking CXX executable multi_threaded_node[0m
[32.269s] [ 33%] Built target multi_threaded_node
[32.283s] [ 50%] [32mBuilding CXX object CMakeFiles/rclpy_node.dir/src/rclpy_node.cpp.o[0m
[35.880s] [ 66%] [32m[1mLinking CXX executable rclpy_node[0m
[36.390s] [ 66%] Built target rclpy_node
[36.403s] [35m[1mConsolidate compiler generated dependencies of target service_client_node[0m
[36.431s] [ 83%] [32mBuilding CXX object CMakeFiles/service_client_node.dir/src/service_client_node.cpp.o[0m
[39.142s] [100%] [32m[1mLinking CXX executable service_client_node[0m
[39.666s] [100%] Built target service_client_node
[39.674s] Invoked command in '/home/yinyihao/ros2/build/generated_ros2_pkg' returned '0': CMAKE_PREFIX_PATH=${CMAKE_PREFIX_PATH}:/home/yinyihao/ros2/install/nav2_race_min:/opt/ros/humble /usr/bin/cmake --build /home/yinyihao/ros2/build/generated_ros2_pkg
[39.681s] Invoking command in '/home/yinyihao/ros2/build/generated_ros2_pkg': CMAKE_PREFIX_PATH=${CMAKE_PREFIX_PATH}:/home/yinyihao/ros2/install/nav2_race_min:/opt/ros/humble /usr/bin/cmake --install /home/yinyihao/ros2/build/generated_ros2_pkg
[39.685s] -- Install configuration: ""
[39.685s] -- Installing: /home/yinyihao/ros2/install/generated_ros2_pkg/lib/generated_ros2_pkg/multi_threaded_node
[39.688s] -- Set runtime path of "/home/yinyihao/ros2/install/generated_ros2_pkg/lib/generated_ros2_pkg/multi_threaded_node" to ""
[39.688s] -- Installing: /home/yinyihao/ros2/install/generated_ros2_pkg/lib/generated_ros2_pkg/rclpy_node
[39.689s] -- Set runtime path of "/home/yinyihao/ros2/install/generated_ros2_pkg/lib/generated_ros2_pkg/rclpy_node" to ""
[39.690s] -- Installing: /home/yinyihao/ros2/install/generated_ros2_pkg/lib/generated_ros2_pkg/service_client_node
[39.691s] -- Set runtime path of "/home/yinyihao/ros2/install/generated_ros2_pkg/lib/generated_ros2_pkg/service_client_node" to ""
[39.691s] -- Up-to-date: /home/yinyihao/ros2/install/generated_ros2_pkg/share/generated_ros2_pkg/launch
[39.691s] -- Installing: /home/yinyihao/ros2/install/generated_ros2_pkg/share/generated_ros2_pkg/launch/generated_system.launch.py
[39.691s] -- Up-to-date: /home/yinyihao/ros2/install/generated_ros2_pkg/share/ament_index/resource_index/package_run_dependencies/generated_ros2_pkg
[39.691s] -- Up-to-date: /home/yinyihao/ros2/install/generated_ros2_pkg/share/ament_index/resource_index/parent_prefix_path/generated_ros2_pkg
[39.691s] -- Up-to-date: /home/yinyihao/ros2/install/generated_ros2_pkg/share/generated_ros2_pkg/environment/ament_prefix_path.sh
[39.691s] -- Installing: /home/yinyihao/ros2/install/generated_ros2_pkg/share/generated_ros2_pkg/environment/ament_prefix_path.dsv
[39.692s] -- Up-to-date: /home/yinyihao/ros2/install/generated_ros2_pkg/share/generated_ros2_pkg/environment/path.sh
[39.692s] -- Installing: /home/yinyihao/ros2/install/generated_ros2_pkg/share/generated_ros2_pkg/environment/path.dsv
[39.692s] -- Up-to-date: /home/yinyihao/ros2/install/generated_ros2_pkg/share/generated_ros2_pkg/local_setup.bash
[39.692s] -- Up-to-date: /home/yinyihao/ros2/install/generated_ros2_pkg/share/generated_ros2_pkg/local_setup.sh
[39.692s] -- Up-to-date: /home/yinyihao/ros2/install/generated_ros2_pkg/share/generated_ros2_pkg/local_setup.zsh
[39.692s] -- Installing: /home/yinyihao/ros2/install/generated_ros2_pkg/share/generated_ros2_pkg/local_setup.dsv
[39.692s] -- Installing: /home/yinyihao/ros2/install/generated_ros2_pkg/share/generated_ros2_pkg/package.dsv
[39.692s] -- Up-to-date: /home/yinyihao/ros2/install/generated_ros2_pkg/share/ament_index/resource_index/packages/generated_ros2_pkg
[39.692s] -- Up-to-date: /home/yinyihao/ros2/install/generated_ros2_pkg/share/generated_ros2_pkg/cmake/generated_ros2_pkgConfig.cmake
[39.692s] -- Up-to-date: /home/yinyihao/ros2/install/generated_ros2_pkg/share/generated_ros2_pkg/cmake/generated_ros2_pkgConfig-version.cmake
[39.692s] -- Installing: /home/yinyihao/ros2/install/generated_ros2_pkg/share/generated_ros2_pkg/package.xml
[39.693s] Invoked command in '/home/yinyihao/ros2/build/generated_ros2_pkg' returned '0': CMAKE_PREFIX_PATH=${CMAKE_PREFIX_PATH}:/home/yinyihao/ros2/install/nav2_race_min:/opt/ros/humble /usr/bin/cmake --install /home/yinyihao/ros2/build/generated_ros2_pkg
