-- Found ament_cmake: 1.3.12 (/opt/ros/humble/share/ament_cmake/cmake)
-- Found rclcpp: 16.0.16 (/opt/ros/humble/share/rclcpp/cmake)
-- Found rosidl_generator_c: 3.1.7 (/opt/ros/humble/share/rosidl_generator_c/cmake)
-- Found rosidl_adapter: 3.1.7 (/opt/ros/humble/share/rosidl_adapter/cmake)
-- Found rosidl_generator_cpp: 3.1.7 (/opt/ros/humble/share/rosidl_generator_cpp/cmake)
-- Using all available rosidl_typesupport_c: rosidl_typesupport_fastrtps_c;rosidl_typesupport_introspection_c
-- Using all available rosidl_typesupport_cpp: rosidl_typesupport_fastrtps_cpp;rosidl_typesupport_introspection_cpp
-- Found rmw_implementation_cmake: 6.1.2 (/opt/ros/humble/share/rmw_implementation_cmake/cmake)
-- Found rmw_fastrtps_cpp: 6.2.9 (/opt/ros/humble/share/rmw_fastrtps_cpp/cmake)
-- Using RMW implementation 'rmw_fastrtps_cpp' as default
-- Found std_srvs: 4.9.0 (/opt/ros/humble/share/std_srvs/cmake)
-- Configuring done
-- Generating done
-- Build files have been written to: /home/yinyihao/ros2/build/generated_ros2_pkg
[35m[1mConsolidate compiler generated dependencies of target global_costmap[0m
[  1%] [32mBuilding CXX object CMakeFiles/clear_costmap.dir/src/clear_costmap.cpp.o[0m
[  1%] [32mBuilding CXX object CMakeFiles/amcl_pose.dir/src/amcl_pose.cpp.o[0m
[35m[1mConsolidate compiler generated dependencies of target goal_pose[0m
[  3%] [32mBuilding CXX object CMakeFiles/behavior_tree_log.dir/src/behavior_tree_log.cpp.o[0m
[  3%] [32mBuilding CXX object CMakeFiles/behavior_server_transition_event.dir/src/behavior_server_transition_event.cpp.o[0m
[  4%] [32mBuilding CXX object CMakeFiles/amcl_transition_event.dir/src/amcl_transition_event.cpp.o[0m
[  6%] [32mBuilding CXX object CMakeFiles/compute_path_to_pose.dir/src/compute_path_to_pose.cpp.o[0m
[  6%] [32mBuilding CXX object CMakeFiles/cmd_vel.dir/src/cmd_vel.cpp.o[0m
[  7%] [32mBuilding CXX object CMakeFiles/controller_server_transition_event.dir/src/controller_server_transition_event.cpp.o[0m
[  8%] [32mBuilding CXX object CMakeFiles/compute_path_through_poses.dir/src/compute_path_through_poses.cpp.o[0m
[  9%] [32mBuilding CXX object CMakeFiles/costmap_2d_transition_event.dir/src/costmap_2d_transition_event.cpp.o[0m
[35m[1mConsolidate compiler generated dependencies of target local_costmap[0m
[ 10%] [32mBuilding CXX object CMakeFiles/clear_costmap_except_region.dir/src/clear_costmap_except_region.cpp.o[0m
[ 11%] [32mBuilding CXX object CMakeFiles/bt_navigator_transition_event.dir/src/bt_navigator_transition_event.cpp.o[0m
[ 12%] [32mBuilding CXX object CMakeFiles/clear_costmap_around_robot.dir/src/clear_costmap_around_robot.cpp.o[0m
[ 13%] [32mBuilding CXX object CMakeFiles/load_map.dir/src/load_map.cpp.o[0m
[ 14%] [32mBuilding CXX object CMakeFiles/global_costmap.dir/src/global_costmap.cpp.o[0m
[ 16%] [32mBuilding CXX object CMakeFiles/follow_waypoints.dir/src/follow_waypoints.cpp.o[0m
[ 16%] [32mBuilding CXX object CMakeFiles/initialpose.dir/src/initialpose.cpp.o[0m
[ 17%] [32mBuilding CXX object CMakeFiles/get_costmap.dir/src/get_costmap.cpp.o[0m
[ 18%] [32mBuilding CXX object CMakeFiles/goal_pose.dir/src/goal_pose.cpp.o[0m
[ 19%] [32mBuilding CXX object CMakeFiles/local_costmap.dir/src/local_costmap.cpp.o[0m
