[0.012s] Invoking command in '/home/yinyihao/ros2/build/generated_ros2_pkg': CMAKE_PREFIX_PATH=${CMAKE_PREFIX_PATH}:/home/yinyihao/ros2/install/nav2_race_min:/opt/ros/humble /usr/bin/cmake --build /home/yinyihao/ros2/build/generated_ros2_pkg -- -j20 -l20
[0.031s] -- Found ament_cmake: 1.3.12 (/opt/ros/humble/share/ament_cmake/cmake)
[0.114s] -- Found rclcpp: 16.0.16 (/opt/ros/humble/share/rclcpp/cmake)
[0.463s] -- Found rosidl_generator_c: 3.1.7 (/opt/ros/humble/share/rosidl_generator_c/cmake)
[0.465s] -- Found rosidl_adapter: 3.1.7 (/opt/ros/humble/share/rosidl_adapter/cmake)
[0.471s] -- Found rosidl_generator_cpp: 3.1.7 (/opt/ros/humble/share/rosidl_generator_cpp/cmake)
[0.481s] -- Using all available rosidl_typesupport_c: rosidl_typesupport_fastrtps_c;rosidl_typesupport_introspection_c
[0.490s] -- Using all available rosidl_typesupport_cpp: rosidl_typesupport_fastrtps_cpp;rosidl_typesupport_introspection_cpp
[0.510s] -- Found rmw_implementation_cmake: 6.1.2 (/opt/ros/humble/share/rmw_implementation_cmake/cmake)
[0.510s] -- Found rmw_fastrtps_cpp: 6.2.9 (/opt/ros/humble/share/rmw_fastrtps_cpp/cmake)
[14.218s] -- Using RMW implementation 'rmw_fastrtps_cpp' as default
[14.253s] -- Found std_srvs: 4.9.0 (/opt/ros/humble/share/std_srvs/cmake)
[14.344s] -- Configuring done
[14.483s] -- Generating done
[14.533s] -- Build files have been written to: /home/yinyihao/ros2/build/generated_ros2_pkg
[14.570s] [35m[1mConsolidate compiler generated dependencies of target global_costmap[0m
[14.570s] [  1%] [32mBuilding CXX object CMakeFiles/clear_costmap.dir/src/clear_costmap.cpp.o[0m
[14.570s] [  1%] [32mBuilding CXX object CMakeFiles/amcl_pose.dir/src/amcl_pose.cpp.o[0m
[14.575s] [35m[1mConsolidate compiler generated dependencies of target goal_pose[0m
[14.575s] [  3%] [32mBuilding CXX object CMakeFiles/behavior_tree_log.dir/src/behavior_tree_log.cpp.o[0m
[14.575s] [  3%] [32mBuilding CXX object CMakeFiles/behavior_server_transition_event.dir/src/behavior_server_transition_event.cpp.o[0m
[14.575s] [  4%] [32mBuilding CXX object CMakeFiles/amcl_transition_event.dir/src/amcl_transition_event.cpp.o[0m
[14.578s] [  6%] [32mBuilding CXX object CMakeFiles/compute_path_to_pose.dir/src/compute_path_to_pose.cpp.o[0m
[14.578s] [  6%] [32mBuilding CXX object CMakeFiles/cmd_vel.dir/src/cmd_vel.cpp.o[0m
[14.578s] [  7%] [32mBuilding CXX object CMakeFiles/controller_server_transition_event.dir/src/controller_server_transition_event.cpp.o[0m
[14.579s] [  8%] [32mBuilding CXX object CMakeFiles/compute_path_through_poses.dir/src/compute_path_through_poses.cpp.o[0m
[14.580s] [  9%] [32mBuilding CXX object CMakeFiles/costmap_2d_transition_event.dir/src/costmap_2d_transition_event.cpp.o[0m
[14.580s] [35m[1mConsolidate compiler generated dependencies of target local_costmap[0m
[14.580s] [ 10%] [32mBuilding CXX object CMakeFiles/clear_costmap_except_region.dir/src/clear_costmap_except_region.cpp.o[0m
[14.581s] [ 11%] [32mBuilding CXX object CMakeFiles/bt_navigator_transition_event.dir/src/bt_navigator_transition_event.cpp.o[0m
[14.581s] [ 12%] [32mBuilding CXX object CMakeFiles/clear_costmap_around_robot.dir/src/clear_costmap_around_robot.cpp.o[0m
[14.587s] [ 13%] [32mBuilding CXX object CMakeFiles/load_map.dir/src/load_map.cpp.o[0m
[14.589s] [ 14%] [32mBuilding CXX object CMakeFiles/global_costmap.dir/src/global_costmap.cpp.o[0m
[14.590s] [ 16%] [32mBuilding CXX object CMakeFiles/follow_waypoints.dir/src/follow_waypoints.cpp.o[0m
[14.591s] [ 16%] [32mBuilding CXX object CMakeFiles/initialpose.dir/src/initialpose.cpp.o[0m
[14.593s] [ 17%] [32mBuilding CXX object CMakeFiles/get_costmap.dir/src/get_costmap.cpp.o[0m
[14.599s] [ 18%] [32mBuilding CXX object CMakeFiles/goal_pose.dir/src/goal_pose.cpp.o[0m
[14.603s] [ 19%] [32mBuilding CXX object CMakeFiles/local_costmap.dir/src/local_costmap.cpp.o[0m
