[0.009s] Invoking command in '/home/yinyihao/ros2/build/generated_ros2_pkg': CMAKE_PREFIX_PATH=${CMAKE_PREFIX_PATH}:/home/yinyihao/ros2/install/nav2_race_min:/opt/ros/humble /usr/bin/cmake --build /home/yinyihao/ros2/build/generated_ros2_pkg -- -j20 -l20
[0.023s] -- Found ament_cmake: 1.3.12 (/opt/ros/humble/share/ament_cmake/cmake)
[0.101s] -- Found rclcpp: 16.0.16 (/opt/ros/humble/share/rclcpp/cmake)
[0.442s] -- Found rosidl_generator_c: 3.1.7 (/opt/ros/humble/share/rosidl_generator_c/cmake)
[0.443s] -- Found rosidl_adapter: 3.1.7 (/opt/ros/humble/share/rosidl_adapter/cmake)
[0.447s] -- Found rosidl_generator_cpp: 3.1.7 (/opt/ros/humble/share/rosidl_generator_cpp/cmake)
[0.453s] -- Using all available rosidl_typesupport_c: rosidl_typesupport_fastrtps_c;rosidl_typesupport_introspection_c
[0.461s] -- Using all available rosidl_typesupport_cpp: rosidl_typesupport_fastrtps_cpp;rosidl_typesupport_introspection_cpp
[0.480s] -- Found rmw_implementation_cmake: 6.1.2 (/opt/ros/humble/share/rmw_implementation_cmake/cmake)
[0.481s] -- Found rmw_fastrtps_cpp: 6.2.9 (/opt/ros/humble/share/rmw_fastrtps_cpp/cmake)
[20.436s] -- Using RMW implementation 'rmw_fastrtps_cpp' as default
[20.507s] -- Found std_srvs: 4.9.0 (/opt/ros/humble/share/std_srvs/cmake)
[20.564s] -- Configuring done
[20.645s] -- Generating done
[20.683s] -- Build files have been written to: /home/yinyihao/ros2/build/generated_ros2_pkg
[20.703s] [35m[1mConsolidate compiler generated dependencies of target bt_navigator[0m
[20.703s] [35m[1mConsolidate compiler generated dependencies of target behavior_server[0m
[20.705s] [35m[1mConsolidate compiler generated dependencies of target controller_server[0m
[20.705s] [35m[1mConsolidate compiler generated dependencies of target dwb_controller[0m
[20.705s] [35m[1mConsolidate compiler generated dependencies of target amcl[0m
[20.706s] [35m[1mConsolidate compiler generated dependencies of target costmap_2d[0m
[20.706s] [35m[1mConsolidate compiler generated dependencies of target global_costmap_global_costmap[0m
[20.709s] [35m[1mConsolidate compiler generated dependencies of target goal_pose[0m
[20.709s] [35m[1mConsolidate compiler generated dependencies of target map_server[0m
[20.710s] [35m[1mConsolidate compiler generated dependencies of target planner_server[0m
[20.711s] [35m[1mConsolidate compiler generated dependencies of target local_costmap_local_costmap[0m
[20.712s] [35m[1mConsolidate compiler generated dependencies of target lifecycle_manager[0m
[20.712s] [35m[1mConsolidate compiler generated dependencies of target recoveries_server[0m
[20.712s] [35m[1mConsolidate compiler generated dependencies of target waypoint_follower[0m
[20.713s] [35m[1mConsolidate compiler generated dependencies of target navfn_planner[0m
[20.716s] [35m[1mConsolidate compiler generated dependencies of target velocity_smoother[0m
[20.717s] [  2%] [32mBuilding CXX object CMakeFiles/map_saver.dir/src/map_saver.cpp.o[0m
[20.727s] [  5%] [32mBuilding CXX object CMakeFiles/behavior_server.dir/src/behavior_server.cpp.o[0m
[20.727s] [  8%] [32mBuilding CXX object CMakeFiles/bt_navigator.dir/src/bt_navigator.cpp.o[0m
[20.727s] [ 11%] [32mBuilding CXX object CMakeFiles/global_costmap_global_costmap.dir/src/global_costmap_global_costmap.cpp.o[0m
[20.727s] [ 14%] [32mBuilding CXX object CMakeFiles/goal_pose.dir/src/goal_pose.cpp.o[0m
[20.727s] [ 17%] [32mBuilding CXX object CMakeFiles/dwb_controller.dir/src/dwb_controller.cpp.o[0m
[20.727s] [ 20%] [32mBuilding CXX object CMakeFiles/planner_server.dir/src/planner_server.cpp.o[0m
[20.727s] [ 23%] [32mBuilding CXX object CMakeFiles/costmap_2d.dir/src/costmap_2d.cpp.o[0m
[20.727s] [ 26%] [32mBuilding CXX object CMakeFiles/controller_server.dir/src/controller_server.cpp.o[0m
[20.727s] [ 29%] [32mBuilding CXX object CMakeFiles/map_server.dir/src/map_server.cpp.o[0m
[20.727s] [ 32%] [32mBuilding CXX object CMakeFiles/amcl.dir/src/amcl.cpp.o[0m
[20.737s] [ 38%] [32mBuilding CXX object CMakeFiles/lifecycle_manager.dir/src/lifecycle_manager.cpp.o[0m
[20.737s] [ 38%] [32mBuilding CXX object CMakeFiles/navfn_planner.dir/src/navfn_planner.cpp.o[0m
[20.737s] [ 41%] [32mBuilding CXX object CMakeFiles/local_costmap_local_costmap.dir/src/local_costmap_local_costmap.cpp.o[0m
[20.737s] [ 44%] [32mBuilding CXX object CMakeFiles/waypoint_follower.dir/src/waypoint_follower.cpp.o[0m
[20.737s] [ 47%] [32mBuilding CXX object CMakeFiles/recoveries_server.dir/src/recoveries_server.cpp.o[0m
[20.749s] [ 50%] [32mBuilding CXX object CMakeFiles/velocity_smoother.dir/src/velocity_smoother.cpp.o[0m
