[0.013s] Invoking command in '/home/yinyihao/ros2/build/generated_ros2_pkg': CMAKE_PREFIX_PATH=${CMAKE_PREFIX_PATH}:/home/yinyihao/ros2/install/nav2_race_min:/opt/ros/humble /usr/bin/cmake --build /home/yinyihao/ros2/build/generated_ros2_pkg -- -j20 -l20
[0.022s] -- Found ament_cmake: 1.3.12 (/opt/ros/humble/share/ament_cmake/cmake)
[0.104s] -- Found rclcpp: 16.0.16 (/opt/ros/humble/share/rclcpp/cmake)
[0.492s] -- Found rosidl_generator_c: 3.1.7 (/opt/ros/humble/share/rosidl_generator_c/cmake)
[0.495s] -- Found rosidl_adapter: 3.1.7 (/opt/ros/humble/share/rosidl_adapter/cmake)
[0.498s] -- Found rosidl_generator_cpp: 3.1.7 (/opt/ros/humble/share/rosidl_generator_cpp/cmake)
[0.504s] -- Using all available rosidl_typesupport_c: rosidl_typesupport_fastrtps_c;rosidl_typesupport_introspection_c
[0.512s] -- Using all available rosidl_typesupport_cpp: rosidl_typesupport_fastrtps_cpp;rosidl_typesupport_introspection_cpp
[0.532s] -- Found rmw_implementation_cmake: 6.1.2 (/opt/ros/humble/share/rmw_implementation_cmake/cmake)
[0.533s] -- Found rmw_fastrtps_cpp: 6.2.9 (/opt/ros/humble/share/rmw_fastrtps_cpp/cmake)
[19.746s] -- Using RMW implementation 'rmw_fastrtps_cpp' as default
[19.788s] -- Found std_srvs: 4.9.0 (/opt/ros/humble/share/std_srvs/cmake)
[19.837s] -- Configuring done
[19.863s] -- Generating done
[19.872s] -- Build files have been written to: /home/yinyihao/ros2/build/generated_ros2_pkg
[19.919s] [  6%] Building CXX object CMakeFiles/rmf_task_manager.dir/src/rmf_task_manager.cpp.o
[19.921s] [ 12%] Building CXX object CMakeFiles/rmf_fleet_adapter.dir/src/rmf_fleet_adapter.cpp.o
[19.922s] [ 18%] Building CXX object CMakeFiles/rmf_door_supervisor.dir/src/rmf_door_supervisor.cpp.o
[19.923s] [ 25%] Building CXX object CMakeFiles/rmf_lift_supervisor.dir/src/rmf_lift_supervisor.cpp.o
[19.924s] [ 31%] Building CXX object CMakeFiles/rmf_websocket_bridge.dir/src/rmf_websocket_bridge.cpp.o
[19.925s] [ 43%] Building CXX object CMakeFiles/rmf_traffic_schedule.dir/src/rmf_traffic_schedule.cpp.o
[19.925s] [ 43%] Building CXX object CMakeFiles/rmf_traffic_light_manager.dir/src/rmf_traffic_light_manager.cpp.o
[19.925s] [ 50%] Building CXX object CMakeFiles/rmf_site_map_manager.dir/src/rmf_site_map_manager.cpp.o
[24.138s] [ 56%] Linking CXX executable rmf_site_map_manager
[24.495s] [ 56%] Built target rmf_site_map_manager
[28.061s] [ 68%] Linking CXX executable rmf_lift_supervisor
[28.061s] [ 68%] Linking CXX executable rmf_door_supervisor
[28.086s] [ 75%] Linking CXX executable rmf_fleet_adapter
[28.107s] [ 81%] Linking CXX executable rmf_traffic_schedule
[28.130s] [ 87%] Linking CXX executable rmf_websocket_bridge
[28.130s] [ 93%] Linking CXX executable rmf_traffic_light_manager
[28.139s] [100%] Linking CXX executable rmf_task_manager
[28.652s] [100%] Built target rmf_door_supervisor
[28.652s] [100%] Built target rmf_lift_supervisor
[28.700s] [100%] Built target rmf_traffic_schedule
[28.701s] [100%] Built target rmf_fleet_adapter
[28.726s] [100%] Built target rmf_websocket_bridge
[28.732s] [100%] Built target rmf_traffic_light_manager
[28.775s] [100%] Built target rmf_task_manager
[28.783s] Invoked command in '/home/yinyihao/ros2/build/generated_ros2_pkg' returned '0': CMAKE_PREFIX_PATH=${CMAKE_PREFIX_PATH}:/home/yinyihao/ros2/install/nav2_race_min:/opt/ros/humble /usr/bin/cmake --build /home/yinyihao/ros2/build/generated_ros2_pkg -- -j20 -l20
[28.789s] Invoking command in '/home/yinyihao/ros2/build/generated_ros2_pkg': CMAKE_PREFIX_PATH=${CMAKE_PREFIX_PATH}:/home/yinyihao/ros2/install/nav2_race_min:/opt/ros/humble /usr/bin/cmake --install /home/yinyihao/ros2/build/generated_ros2_pkg
[28.793s] -- Install configuration: ""
[28.793s] -- Installing: /home/yinyihao/ros2/install/generated_ros2_pkg/lib/generated_ros2_pkg/rmf_door_supervisor
[28.795s] -- Set runtime path of "/home/yinyihao/ros2/install/generated_ros2_pkg/lib/generated_ros2_pkg/rmf_door_supervisor" to ""
[28.795s] -- Installing: /home/yinyihao/ros2/install/generated_ros2_pkg/lib/generated_ros2_pkg/rmf_fleet_adapter
[28.797s] -- Set runtime path of "/home/yinyihao/ros2/install/generated_ros2_pkg/lib/generated_ros2_pkg/rmf_fleet_adapter" to ""
[28.797s] -- Installing: /home/yinyihao/ros2/install/generated_ros2_pkg/lib/generated_ros2_pkg/rmf_lift_supervisor
[28.799s] -- Set runtime path of "/home/yinyihao/ros2/install/generated_ros2_pkg/lib/generated_ros2_pkg/rmf_lift_supervisor" to ""
[28.799s] -- Installing: /home/yinyihao/ros2/install/generated_ros2_pkg/lib/generated_ros2_pkg/rmf_site_map_manager
[28.800s] -- Set runtime path of "/home/yinyihao/ros2/install/generated_ros2_pkg/lib/generated_ros2_pkg/rmf_site_map_manager" to ""
[28.800s] -- Installing: /home/yinyihao/ros2/install/generated_ros2_pkg/lib/generated_ros2_pkg/rmf_task_manager
[28.802s] -- Set runtime path of "/home/yinyihao/ros2/install/generated_ros2_pkg/lib/generated_ros2_pkg/rmf_task_manager" to ""
[28.802s] -- Installing: /home/yinyihao/ros2/install/generated_ros2_pkg/lib/generated_ros2_pkg/rmf_traffic_light_manager
[28.805s] -- Set runtime path of "/home/yinyihao/ros2/install/generated_ros2_pkg/lib/generated_ros2_pkg/rmf_traffic_light_manager" to ""
[28.806s] -- Installing: /home/yinyihao/ros2/install/generated_ros2_pkg/lib/generated_ros2_pkg/rmf_traffic_schedule
[28.808s] -- Set runtime path of "/home/yinyihao/ros2/install/generated_ros2_pkg/lib/generated_ros2_pkg/rmf_traffic_schedule" to ""
[28.808s] -- Installing: /home/yinyihao/ros2/install/generated_ros2_pkg/lib/generated_ros2_pkg/rmf_websocket_bridge
[28.811s] -- Set runtime path of "/home/yinyihao/ros2/install/generated_ros2_pkg/lib/generated_ros2_pkg/rmf_websocket_bridge" to ""
[28.811s] -- Up-to-date: /home/yinyihao/ros2/install/generated_ros2_pkg/share/generated_ros2_pkg/launch
[28.811s] -- Installing: /home/yinyihao/ros2/install/generated_ros2_pkg/share/generated_ros2_pkg/launch/generated_system.launch.py
[28.812s] -- Up-to-date: /home/yinyihao/ros2/install/generated_ros2_pkg/share/ament_index/resource_index/package_run_dependencies/generated_ros2_pkg
[28.812s] -- Up-to-date: /home/yinyihao/ros2/install/generated_ros2_pkg/share/ament_index/resource_index/parent_prefix_path/generated_ros2_pkg
[28.812s] -- Up-to-date: /home/yinyihao/ros2/install/generated_ros2_pkg/share/generated_ros2_pkg/environment/ament_prefix_path.sh
[28.812s] -- Installing: /home/yinyihao/ros2/install/generated_ros2_pkg/share/generated_ros2_pkg/environment/ament_prefix_path.dsv
[28.812s] -- Up-to-date: /home/yinyihao/ros2/install/generated_ros2_pkg/share/generated_ros2_pkg/environment/path.sh
[28.812s] -- Installing: /home/yinyihao/ros2/install/generated_ros2_pkg/share/generated_ros2_pkg/environment/path.dsv
[28.812s] -- Up-to-date: /home/yinyihao/ros2/install/generated_ros2_pkg/share/generated_ros2_pkg/local_setup.bash
[28.812s] -- Up-to-date: /home/yinyihao/ros2/install/generated_ros2_pkg/share/generated_ros2_pkg/local_setup.sh
[28.812s] -- Up-to-date: /home/yinyihao/ros2/install/generated_ros2_pkg/share/generated_ros2_pkg/local_setup.zsh
[28.812s] -- Installing: /home/yinyihao/ros2/install/generated_ros2_pkg/share/generated_ros2_pkg/local_setup.dsv
[28.812s] -- Installing: /home/yinyihao/ros2/install/generated_ros2_pkg/share/generated_ros2_pkg/package.dsv
[28.812s] -- Up-to-date: /home/yinyihao/ros2/install/generated_ros2_pkg/share/ament_index/resource_index/packages/generated_ros2_pkg
[28.812s] -- Up-to-date: /home/yinyihao/ros2/install/generated_ros2_pkg/share/generated_ros2_pkg/cmake/generated_ros2_pkgConfig.cmake
[28.812s] -- Up-to-date: /home/yinyihao/ros2/install/generated_ros2_pkg/share/generated_ros2_pkg/cmake/generated_ros2_pkgConfig-version.cmake
[28.812s] -- Installing: /home/yinyihao/ros2/install/generated_ros2_pkg/share/generated_ros2_pkg/package.xml
[28.814s] Invoked command in '/home/yinyihao/ros2/build/generated_ros2_pkg' returned '0': CMAKE_PREFIX_PATH=${CMAKE_PREFIX_PATH}:/home/yinyihao/ros2/install/nav2_race_min:/opt/ros/humble /usr/bin/cmake --install /home/yinyihao/ros2/build/generated_ros2_pkg
