-- Found ament_cmake: 1.3.12 (/opt/ros/humble/share/ament_cmake/cmake)
-- Found rclcpp: 16.0.16 (/opt/ros/humble/share/rclcpp/cmake)
-- Found rosidl_generator_c: 3.1.7 (/opt/ros/humble/share/rosidl_generator_c/cmake)
-- Found rosidl_adapter: 3.1.7 (/opt/ros/humble/share/rosidl_adapter/cmake)
-- Found rosidl_generator_cpp: 3.1.7 (/opt/ros/humble/share/rosidl_generator_cpp/cmake)
-- Using all available rosidl_typesupport_c: rosidl_typesupport_fastrtps_c;rosidl_typesupport_introspection_c
-- Using all available rosidl_typesupport_cpp: rosidl_typesupport_fastrtps_cpp;rosidl_typesupport_introspection_cpp
-- Found rmw_implementation_cmake: 6.1.2 (/opt/ros/humble/share/rmw_implementation_cmake/cmake)
-- Found rmw_fastrtps_cpp: 6.2.9 (/opt/ros/humble/share/rmw_fastrtps_cpp/cmake)
-- Using RMW implementation 'rmw_fastrtps_cpp' as default
-- Found std_srvs: 4.9.0 (/opt/ros/humble/share/std_srvs/cmake)
-- Configuring done
-- Generating done
-- Build files have been written to: /home/yinyihao/ros2/build/generated_ros2_pkg
[  1%] [32mBuilding CXX object CMakeFiles/rclcpp_action_action_client.dir/src/rclcpp_action_action_client.cpp.o[0m
[  3%] [32m[1mLinking CXX executable rclcpp_action_action_client[0m
[  3%] Built target rclcpp_action_action_client
[  5%] [32mBuilding CXX object CMakeFiles/rclcpp_action_action_server.dir/src/rclcpp_action_action_server.cpp.o[0m
[  7%] [32m[1mLinking CXX executable rclcpp_action_action_server[0m
[  7%] Built target rclcpp_action_action_server
[35m[1mConsolidate compiler generated dependencies of target rclcpp_callback_group[0m
[  8%] [32mBuilding CXX object CMakeFiles/rclcpp_callback_group.dir/src/rclcpp_callback_group.cpp.o[0m
[ 10%] [32m[1mLinking CXX executable rclcpp_callback_group[0m
[ 10%] Built target rclcpp_callback_group
[35m[1mConsolidate compiler generated dependencies of target rclcpp_client[0m
[ 12%] [32mBuilding CXX object CMakeFiles/rclcpp_client.dir/src/rclcpp_client.cpp.o[0m
[ 14%] [32m[1mLinking CXX executable rclcpp_client[0m
[ 14%] Built target rclcpp_client
[ 16%] [32mBuilding CXX object CMakeFiles/rclcpp_clock.dir/src/rclcpp_clock.cpp.o[0m
[ 17%] [32m[1mLinking CXX executable rclcpp_clock[0m
[ 17%] Built target rclcpp_clock
[ 19%] [32mBuilding CXX object CMakeFiles/rclcpp_component_manager.dir/src/rclcpp_component_manager.cpp.o[0m
[ 21%] [32m[1mLinking CXX executable rclcpp_component_manager[0m
[ 21%] Built target rclcpp_component_manager
[35m[1mConsolidate compiler generated dependencies of target rclcpp_executor[0m
[ 23%] [32mBuilding CXX object CMakeFiles/rclcpp_executor.dir/src/rclcpp_executor.cpp.o[0m
[ 25%] [32m[1mLinking CXX executable rclcpp_executor[0m
[ 25%] Built target rclcpp_executor
[35m[1mConsolidate compiler generated dependencies of target rclcpp_guard_condition[0m
[ 26%] [32mBuilding CXX object CMakeFiles/rclcpp_guard_condition.dir/src/rclcpp_guard_condition.cpp.o[0m
[ 28%] [32m[1mLinking CXX executable rclcpp_guard_condition[0m
[ 28%] Built target rclcpp_guard_condition
[35m[1mConsolidate compiler generated dependencies of target rclcpp_intra_process_manager[0m
[ 30%] [32mBuilding CXX object CMakeFiles/rclcpp_intra_process_manager.dir/src/rclcpp_intra_process_manager.cpp.o[0m
[ 32%] [32m[1mLinking CXX executable rclcpp_intra_process_manager[0m
[ 32%] Built target rclcpp_intra_process_manager
[35m[1mConsolidate compiler generated dependencies of target rclcpp_lifecycle_lifecycle_node[0m
[ 33%] [32mBuilding CXX object CMakeFiles/rclcpp_lifecycle_lifecycle_node.dir/src/rclcpp_lifecycle_lifecycle_node.cpp.o[0m
[ 35%] [32m[1mLinking CXX executable rclcpp_lifecycle_lifecycle_node[0m
[ 35%] Built target rclcpp_lifecycle_lifecycle_node
[ 37%] [32mBuilding CXX object CMakeFiles/rclcpp_multi_threaded_executor.dir/src/rclcpp_multi_threaded_executor.cpp.o[0m
[ 39%] [32m[1mLinking CXX executable rclcpp_multi_threaded_executor[0m
[ 39%] Built target rclcpp_multi_threaded_executor
[35m[1mConsolidate compiler generated dependencies of target rclcpp_node[0m
[ 41%] [32mBuilding CXX object CMakeFiles/rclcpp_node.dir/src/rclcpp_node.cpp.o[0m
[ 42%] [32m[1mLinking CXX executable rclcpp_node[0m
[ 42%] Built target rclcpp_node
[ 44%] [32mBuilding CXX object CMakeFiles/rclcpp_node_base.dir/src/rclcpp_node_base.cpp.o[0m
[ 46%] [32m[1mLinking CXX executable rclcpp_node_base[0m
[ 46%] Built target rclcpp_node_base
[ 48%] [32mBuilding CXX object CMakeFiles/rclcpp_node_graph.dir/src/rclcpp_node_graph.cpp.o[0m
[ 50%] [32m[1mLinking CXX executable rclcpp_node_graph[0m
[ 50%] Built target rclcpp_node_graph
[ 51%] [32mBuilding CXX object CMakeFiles/rclcpp_node_parameters.dir/src/rclcpp_node_parameters.cpp.o[0m
[ 53%] [32m[1mLinking CXX executable rclcpp_node_parameters[0m
[ 53%] Built target rclcpp_node_parameters
[ 55%] [32mBuilding CXX object CMakeFiles/rclcpp_node_services.dir/src/rclcpp_node_services.cpp.o[0m
[ 57%] [32m[1mLinking CXX executable rclcpp_node_services[0m
[ 57%] Built target rclcpp_node_services
[ 58%] [32mBuilding CXX object CMakeFiles/rclcpp_node_time_source.dir/src/rclcpp_node_time_source.cpp.o[0m
[ 60%] [32m[1mLinking CXX executable rclcpp_node_time_source[0m
[ 60%] Built target rclcpp_node_time_source
[ 62%] [32mBuilding CXX object CMakeFiles/rclcpp_node_waitables.dir/src/rclcpp_node_waitables.cpp.o[0m
[ 64%] [32m[1mLinking CXX executable rclcpp_node_waitables[0m
[ 64%] Built target rclcpp_node_waitables
[35m[1mConsolidate compiler generated dependencies of target rclcpp_parameter_client[0m
[ 66%] [32mBuilding CXX object CMakeFiles/rclcpp_parameter_client.dir/src/rclcpp_parameter_client.cpp.o[0m
[ 67%] [32m[1mLinking CXX executable rclcpp_parameter_client[0m
[ 67%] Built target rclcpp_parameter_client
[35m[1mConsolidate compiler generated dependencies of target rclcpp_parameter_service[0m
[ 69%] [32mBuilding CXX object CMakeFiles/rclcpp_parameter_service.dir/src/rclcpp_parameter_service.cpp.o[0m
[ 71%] [32m[1mLinking CXX executable rclcpp_parameter_service[0m
[ 71%] Built target rclcpp_parameter_service
[35m[1mConsolidate compiler generated dependencies of target rclcpp_publisher[0m
[ 73%] [32mBuilding CXX object CMakeFiles/rclcpp_publisher.dir/src/rclcpp_publisher.cpp.o[0m
[ 75%] [32m[1mLinking CXX executable rclcpp_publisher[0m
[ 75%] Built target rclcpp_publisher
[35m[1mConsolidate compiler generated dependencies of target rclcpp_service[0m
[ 76%] [32mBuilding CXX object CMakeFiles/rclcpp_service.dir/src/rclcpp_service.cpp.o[0m
[ 78%] [32m[1mLinking CXX executable rclcpp_service[0m
[ 78%] Built target rclcpp_service
[ 80%] [32mBuilding CXX object CMakeFiles/rclcpp_single_threaded_executor.dir/src/rclcpp_single_threaded_executor.cpp.o[0m
[ 82%] [32m[1mLinking CXX executable rclcpp_single_threaded_executor[0m
[ 82%] Built target rclcpp_single_threaded_executor
[ 83%] [32mBuilding CXX object CMakeFiles/rclcpp_static_executor.dir/src/rclcpp_static_executor.cpp.o[0m
[ 85%] [32m[1mLinking CXX executable rclcpp_static_executor[0m
[ 85%] Built target rclcpp_static_executor
[35m[1mConsolidate compiler generated dependencies of target rclcpp_subscription[0m
[ 87%] [32mBuilding CXX object CMakeFiles/rclcpp_subscription.dir/src/rclcpp_subscription.cpp.o[0m
[ 89%] [32m[1mLinking CXX executable rclcpp_subscription[0m
[ 89%] Built target rclcpp_subscription
[35m[1mConsolidate compiler generated dependencies of target rclcpp_time_source[0m
[ 91%] [32mBuilding CXX object CMakeFiles/rclcpp_time_source.dir/src/rclcpp_time_source.cpp.o[0m
[ 92%] [32m[1mLinking CXX executable rclcpp_time_source[0m
[ 92%] Built target rclcpp_time_source
[35m[1mConsolidate compiler generated dependencies of target rclcpp_timer[0m
[ 94%] [32mBuilding CXX object CMakeFiles/rclcpp_timer.dir/src/rclcpp_timer.cpp.o[0m
[ 96%] [32m[1mLinking CXX executable rclcpp_timer[0m
[ 96%] Built target rclcpp_timer
[35m[1mConsolidate compiler generated dependencies of target rclcpp_wait_set[0m
[ 98%] [32mBuilding CXX object CMakeFiles/rclcpp_wait_set.dir/src/rclcpp_wait_set.cpp.o[0m
[100%] [32m[1mLinking CXX executable rclcpp_wait_set[0m
[100%] Built target rclcpp_wait_set
-- Install configuration: ""
-- Installing: /home/yinyihao/ros2/install/generated_ros2_pkg/lib/generated_ros2_pkg/rclcpp_action_action_client
-- Set runtime path of "/home/yinyihao/ros2/install/generated_ros2_pkg/lib/generated_ros2_pkg/rclcpp_action_action_client" to ""
-- Installing: /home/yinyihao/ros2/install/generated_ros2_pkg/lib/generated_ros2_pkg/rclcpp_action_action_server
-- Set runtime path of "/home/yinyihao/ros2/install/generated_ros2_pkg/lib/generated_ros2_pkg/rclcpp_action_action_server" to ""
-- Installing: /home/yinyihao/ros2/install/generated_ros2_pkg/lib/generated_ros2_pkg/rclcpp_callback_group
-- Set runtime path of "/home/yinyihao/ros2/install/generated_ros2_pkg/lib/generated_ros2_pkg/rclcpp_callback_group" to ""
-- Installing: /home/yinyihao/ros2/install/generated_ros2_pkg/lib/generated_ros2_pkg/rclcpp_client
-- Set runtime path of "/home/yinyihao/ros2/install/generated_ros2_pkg/lib/generated_ros2_pkg/rclcpp_client" to ""
-- Installing: /home/yinyihao/ros2/install/generated_ros2_pkg/lib/generated_ros2_pkg/rclcpp_clock
-- Set runtime path of "/home/yinyihao/ros2/install/generated_ros2_pkg/lib/generated_ros2_pkg/rclcpp_clock" to ""
-- Installing: /home/yinyihao/ros2/install/generated_ros2_pkg/lib/generated_ros2_pkg/rclcpp_component_manager
-- Set runtime path of "/home/yinyihao/ros2/install/generated_ros2_pkg/lib/generated_ros2_pkg/rclcpp_component_manager" to ""
-- Installing: /home/yinyihao/ros2/install/generated_ros2_pkg/lib/generated_ros2_pkg/rclcpp_executor
-- Set runtime path of "/home/yinyihao/ros2/install/generated_ros2_pkg/lib/generated_ros2_pkg/rclcpp_executor" to ""
-- Installing: /home/yinyihao/ros2/install/generated_ros2_pkg/lib/generated_ros2_pkg/rclcpp_guard_condition
-- Set runtime path of "/home/yinyihao/ros2/install/generated_ros2_pkg/lib/generated_ros2_pkg/rclcpp_guard_condition" to ""
-- Installing: /home/yinyihao/ros2/install/generated_ros2_pkg/lib/generated_ros2_pkg/rclcpp_intra_process_manager
-- Set runtime path of "/home/yinyihao/ros2/install/generated_ros2_pkg/lib/generated_ros2_pkg/rclcpp_intra_process_manager" to ""
-- Installing: /home/yinyihao/ros2/install/generated_ros2_pkg/lib/generated_ros2_pkg/rclcpp_lifecycle_lifecycle_node
-- Set runtime path of "/home/yinyihao/ros2/install/generated_ros2_pkg/lib/generated_ros2_pkg/rclcpp_lifecycle_lifecycle_node" to ""
-- Installing: /home/yinyihao/ros2/install/generated_ros2_pkg/lib/generated_ros2_pkg/rclcpp_multi_threaded_executor
-- Set runtime path of "/home/yinyihao/ros2/install/generated_ros2_pkg/lib/generated_ros2_pkg/rclcpp_multi_threaded_executor" to ""
-- Installing: /home/yinyihao/ros2/install/generated_ros2_pkg/lib/generated_ros2_pkg/rclcpp_node
-- Set runtime path of "/home/yinyihao/ros2/install/generated_ros2_pkg/lib/generated_ros2_pkg/rclcpp_node" to ""
-- Installing: /home/yinyihao/ros2/install/generated_ros2_pkg/lib/generated_ros2_pkg/rclcpp_node_base
-- Set runtime path of "/home/yinyihao/ros2/install/generated_ros2_pkg/lib/generated_ros2_pkg/rclcpp_node_base" to ""
-- Installing: /home/yinyihao/ros2/install/generated_ros2_pkg/lib/generated_ros2_pkg/rclcpp_node_graph
-- Set runtime path of "/home/yinyihao/ros2/install/generated_ros2_pkg/lib/generated_ros2_pkg/rclcpp_node_graph" to ""
-- Installing: /home/yinyihao/ros2/install/generated_ros2_pkg/lib/generated_ros2_pkg/rclcpp_node_parameters
-- Set runtime path of "/home/yinyihao/ros2/install/generated_ros2_pkg/lib/generated_ros2_pkg/rclcpp_node_parameters" to ""
-- Installing: /home/yinyihao/ros2/install/generated_ros2_pkg/lib/generated_ros2_pkg/rclcpp_node_services
-- Set runtime path of "/home/yinyihao/ros2/install/generated_ros2_pkg/lib/generated_ros2_pkg/rclcpp_node_services" to ""
-- Installing: /home/yinyihao/ros2/install/generated_ros2_pkg/lib/generated_ros2_pkg/rclcpp_node_time_source
-- Set runtime path of "/home/yinyihao/ros2/install/generated_ros2_pkg/lib/generated_ros2_pkg/rclcpp_node_time_source" to ""
-- Installing: /home/yinyihao/ros2/install/generated_ros2_pkg/lib/generated_ros2_pkg/rclcpp_node_waitables
-- Set runtime path of "/home/yinyihao/ros2/install/generated_ros2_pkg/lib/generated_ros2_pkg/rclcpp_node_waitables" to ""
-- Installing: /home/yinyihao/ros2/install/generated_ros2_pkg/lib/generated_ros2_pkg/rclcpp_parameter_client
-- Set runtime path of "/home/yinyihao/ros2/install/generated_ros2_pkg/lib/generated_ros2_pkg/rclcpp_parameter_client" to ""
-- Installing: /home/yinyihao/ros2/install/generated_ros2_pkg/lib/generated_ros2_pkg/rclcpp_parameter_service
-- Set runtime path of "/home/yinyihao/ros2/install/generated_ros2_pkg/lib/generated_ros2_pkg/rclcpp_parameter_service" to ""
-- Installing: /home/yinyihao/ros2/install/generated_ros2_pkg/lib/generated_ros2_pkg/rclcpp_publisher
-- Set runtime path of "/home/yinyihao/ros2/install/generated_ros2_pkg/lib/generated_ros2_pkg/rclcpp_publisher" to ""
-- Installing: /home/yinyihao/ros2/install/generated_ros2_pkg/lib/generated_ros2_pkg/rclcpp_service
-- Set runtime path of "/home/yinyihao/ros2/install/generated_ros2_pkg/lib/generated_ros2_pkg/rclcpp_service" to ""
-- Installing: /home/yinyihao/ros2/install/generated_ros2_pkg/lib/generated_ros2_pkg/rclcpp_single_threaded_executor
-- Set runtime path of "/home/yinyihao/ros2/install/generated_ros2_pkg/lib/generated_ros2_pkg/rclcpp_single_threaded_executor" to ""
-- Installing: /home/yinyihao/ros2/install/generated_ros2_pkg/lib/generated_ros2_pkg/rclcpp_static_executor
-- Set runtime path of "/home/yinyihao/ros2/install/generated_ros2_pkg/lib/generated_ros2_pkg/rclcpp_static_executor" to ""
-- Installing: /home/yinyihao/ros2/install/generated_ros2_pkg/lib/generated_ros2_pkg/rclcpp_subscription
-- Set runtime path of "/home/yinyihao/ros2/install/generated_ros2_pkg/lib/generated_ros2_pkg/rclcpp_subscription" to ""
-- Installing: /home/yinyihao/ros2/install/generated_ros2_pkg/lib/generated_ros2_pkg/rclcpp_time_source
-- Set runtime path of "/home/yinyihao/ros2/install/generated_ros2_pkg/lib/generated_ros2_pkg/rclcpp_time_source" to ""
-- Installing: /home/yinyihao/ros2/install/generated_ros2_pkg/lib/generated_ros2_pkg/rclcpp_timer
-- Set runtime path of "/home/yinyihao/ros2/install/generated_ros2_pkg/lib/generated_ros2_pkg/rclcpp_timer" to ""
-- Installing: /home/yinyihao/ros2/install/generated_ros2_pkg/lib/generated_ros2_pkg/rclcpp_wait_set
-- Set runtime path of "/home/yinyihao/ros2/install/generated_ros2_pkg/lib/generated_ros2_pkg/rclcpp_wait_set" to ""
-- Up-to-date: /home/yinyihao/ros2/install/generated_ros2_pkg/share/generated_ros2_pkg/launch
-- Installing: /home/yinyihao/ros2/install/generated_ros2_pkg/share/generated_ros2_pkg/launch/generated_system.launch.py
-- Up-to-date: /home/yinyihao/ros2/install/generated_ros2_pkg/share/ament_index/resource_index/package_run_dependencies/generated_ros2_pkg
-- Up-to-date: /home/yinyihao/ros2/install/generated_ros2_pkg/share/ament_index/resource_index/parent_prefix_path/generated_ros2_pkg
-- Up-to-date: /home/yinyihao/ros2/install/generated_ros2_pkg/share/generated_ros2_pkg/environment/ament_prefix_path.sh
-- Installing: /home/yinyihao/ros2/install/generated_ros2_pkg/share/generated_ros2_pkg/environment/ament_prefix_path.dsv
-- Up-to-date: /home/yinyihao/ros2/install/generated_ros2_pkg/share/generated_ros2_pkg/environment/path.sh
-- Installing: /home/yinyihao/ros2/install/generated_ros2_pkg/share/generated_ros2_pkg/environment/path.dsv
-- Up-to-date: /home/yinyihao/ros2/install/generated_ros2_pkg/share/generated_ros2_pkg/local_setup.bash
-- Up-to-date: /home/yinyihao/ros2/install/generated_ros2_pkg/share/generated_ros2_pkg/local_setup.sh
-- Up-to-date: /home/yinyihao/ros2/install/generated_ros2_pkg/share/generated_ros2_pkg/local_setup.zsh
-- Installing: /home/yinyihao/ros2/install/generated_ros2_pkg/share/generated_ros2_pkg/local_setup.dsv
-- Installing: /home/yinyihao/ros2/install/generated_ros2_pkg/share/generated_ros2_pkg/package.dsv
-- Up-to-date: /home/yinyihao/ros2/install/generated_ros2_pkg/share/ament_index/resource_index/packages/generated_ros2_pkg
-- Up-to-date: /home/yinyihao/ros2/install/generated_ros2_pkg/share/generated_ros2_pkg/cmake/generated_ros2_pkgConfig.cmake
-- Up-to-date: /home/yinyihao/ros2/install/generated_ros2_pkg/share/generated_ros2_pkg/cmake/generated_ros2_pkgConfig-version.cmake
-- Installing: /home/yinyihao/ros2/install/generated_ros2_pkg/share/generated_ros2_pkg/package.xml
