[0.009s] Invoking command in '/home/yinyihao/ros2/build/generated_ros2_pkg': CMAKE_PREFIX_PATH=${CMAKE_PREFIX_PATH}:/home/yinyihao/ros2/install/nav2_race_min:/opt/ros/humble /usr/bin/cmake --build /home/yinyihao/ros2/build/generated_ros2_pkg
[0.024s] -- Found ament_cmake: 1.3.12 (/opt/ros/humble/share/ament_cmake/cmake)
[0.116s] -- Found rclcpp: 16.0.16 (/opt/ros/humble/share/rclcpp/cmake)
[0.506s] -- Found rosidl_generator_c: 3.1.7 (/opt/ros/humble/share/rosidl_generator_c/cmake)
[0.507s] -- Found rosidl_adapter: 3.1.7 (/opt/ros/humble/share/rosidl_adapter/cmake)
[0.510s] -- Found rosidl_generator_cpp: 3.1.7 (/opt/ros/humble/share/rosidl_generator_cpp/cmake)
[0.517s] -- Using all available rosidl_typesupport_c: rosidl_typesupport_fastrtps_c;rosidl_typesupport_introspection_c
[0.524s] -- Using all available rosidl_typesupport_cpp: rosidl_typesupport_fastrtps_cpp;rosidl_typesupport_introspection_cpp
[0.544s] -- Found rmw_implementation_cmake: 6.1.2 (/opt/ros/humble/share/rmw_implementation_cmake/cmake)
[0.545s] -- Found rmw_fastrtps_cpp: 6.2.9 (/opt/ros/humble/share/rmw_fastrtps_cpp/cmake)
[16.081s] -- Using RMW implementation 'rmw_fastrtps_cpp' as default
[16.115s] -- Found std_srvs: 4.9.0 (/opt/ros/humble/share/std_srvs/cmake)
[16.193s] -- Configuring done
[16.285s] -- Generating done
[16.312s] -- Build files have been written to: /home/yinyihao/ros2/build/generated_ros2_pkg
[16.336s] [  1%] [32mBuilding CXX object CMakeFiles/rclcpp_action_action_client.dir/src/rclcpp_action_action_client.cpp.o[0m
[18.467s] [  3%] [32m[1mLinking CXX executable rclcpp_action_action_client[0m
[18.732s] [  3%] Built target rclcpp_action_action_client
[18.743s] [  5%] [32mBuilding CXX object CMakeFiles/rclcpp_action_action_server.dir/src/rclcpp_action_action_server.cpp.o[0m
[20.536s] [  7%] [32m[1mLinking CXX executable rclcpp_action_action_server[0m
[20.816s] [  7%] Built target rclcpp_action_action_server
[20.823s] [35m[1mConsolidate compiler generated dependencies of target rclcpp_callback_group[0m
[20.833s] [  8%] [32mBuilding CXX object CMakeFiles/rclcpp_callback_group.dir/src/rclcpp_callback_group.cpp.o[0m
[24.837s] [ 10%] [32m[1mLinking CXX executable rclcpp_callback_group[0m
[25.585s] [ 10%] Built target rclcpp_callback_group
[25.594s] [35m[1mConsolidate compiler generated dependencies of target rclcpp_client[0m
[25.625s] [ 12%] [32mBuilding CXX object CMakeFiles/rclcpp_client.dir/src/rclcpp_client.cpp.o[0m
[27.892s] [ 14%] [32m[1mLinking CXX executable rclcpp_client[0m
[28.642s] [ 14%] Built target rclcpp_client
[28.657s] [ 16%] [32mBuilding CXX object CMakeFiles/rclcpp_clock.dir/src/rclcpp_clock.cpp.o[0m
[32.751s] [ 17%] [32m[1mLinking CXX executable rclcpp_clock[0m
[33.438s] [ 17%] Built target rclcpp_clock
[33.464s] [ 19%] [32mBuilding CXX object CMakeFiles/rclcpp_component_manager.dir/src/rclcpp_component_manager.cpp.o[0m
[35.864s] [ 21%] [32m[1mLinking CXX executable rclcpp_component_manager[0m
[36.493s] [ 21%] Built target rclcpp_component_manager
[36.513s] [35m[1mConsolidate compiler generated dependencies of target rclcpp_executor[0m
[36.544s] [ 23%] [32mBuilding CXX object CMakeFiles/rclcpp_executor.dir/src/rclcpp_executor.cpp.o[0m
[41.210s] [ 25%] [32m[1mLinking CXX executable rclcpp_executor[0m
[41.673s] [ 25%] Built target rclcpp_executor
[41.684s] [35m[1mConsolidate compiler generated dependencies of target rclcpp_guard_condition[0m
[41.698s] [ 26%] [32mBuilding CXX object CMakeFiles/rclcpp_guard_condition.dir/src/rclcpp_guard_condition.cpp.o[0m
[44.068s] [ 28%] [32m[1mLinking CXX executable rclcpp_guard_condition[0m
[44.655s] [ 28%] Built target rclcpp_guard_condition
[44.666s] [35m[1mConsolidate compiler generated dependencies of target rclcpp_intra_process_manager[0m
[44.691s] [ 30%] [32mBuilding CXX object CMakeFiles/rclcpp_intra_process_manager.dir/src/rclcpp_intra_process_manager.cpp.o[0m
[48.170s] [ 32%] [32m[1mLinking CXX executable rclcpp_intra_process_manager[0m
[48.522s] [ 32%] Built target rclcpp_intra_process_manager
[48.535s] [35m[1mConsolidate compiler generated dependencies of target rclcpp_lifecycle_lifecycle_node[0m
[48.553s] [ 33%] [32mBuilding CXX object CMakeFiles/rclcpp_lifecycle_lifecycle_node.dir/src/rclcpp_lifecycle_lifecycle_node.cpp.o[0m
[50.811s] [ 35%] [32m[1mLinking CXX executable rclcpp_lifecycle_lifecycle_node[0m
[51.316s] [ 35%] Built target rclcpp_lifecycle_lifecycle_node
[51.326s] [ 37%] [32mBuilding CXX object CMakeFiles/rclcpp_multi_threaded_executor.dir/src/rclcpp_multi_threaded_executor.cpp.o[0m
[54.947s] [ 39%] [32m[1mLinking CXX executable rclcpp_multi_threaded_executor[0m
[55.390s] [ 39%] Built target rclcpp_multi_threaded_executor
[55.400s] [35m[1mConsolidate compiler generated dependencies of target rclcpp_node[0m
[55.412s] [ 41%] [32mBuilding CXX object CMakeFiles/rclcpp_node.dir/src/rclcpp_node.cpp.o[0m
[57.662s] [ 42%] [32m[1mLinking CXX executable rclcpp_node[0m
[58.264s] [ 42%] Built target rclcpp_node
[58.276s] [ 44%] [32mBuilding CXX object CMakeFiles/rclcpp_node_base.dir/src/rclcpp_node_base.cpp.o[0m
[60.656s] [ 46%] [32m[1mLinking CXX executable rclcpp_node_base[0m
[61.431s] [ 46%] Built target rclcpp_node_base
[61.464s] [ 48%] [32mBuilding CXX object CMakeFiles/rclcpp_node_graph.dir/src/rclcpp_node_graph.cpp.o[0m
[63.896s] [ 50%] [32m[1mLinking CXX executable rclcpp_node_graph[0m
[64.499s] [ 50%] Built target rclcpp_node_graph
[64.546s] [ 51%] [32mBuilding CXX object CMakeFiles/rclcpp_node_parameters.dir/src/rclcpp_node_parameters.cpp.o[0m
[66.845s] [ 53%] [32m[1mLinking CXX executable rclcpp_node_parameters[0m
[67.216s] [ 53%] Built target rclcpp_node_parameters
[67.227s] [ 55%] [32mBuilding CXX object CMakeFiles/rclcpp_node_services.dir/src/rclcpp_node_services.cpp.o[0m
[69.632s] [ 57%] [32m[1mLinking CXX executable rclcpp_node_services[0m
[70.417s] [ 57%] Built target rclcpp_node_services
[70.426s] [ 58%] [32mBuilding CXX object CMakeFiles/rclcpp_node_time_source.dir/src/rclcpp_node_time_source.cpp.o[0m
[72.528s] [ 60%] [32m[1mLinking CXX executable rclcpp_node_time_source[0m
[72.960s] [ 60%] Built target rclcpp_node_time_source
[72.976s] [ 62%] [32mBuilding CXX object CMakeFiles/rclcpp_node_waitables.dir/src/rclcpp_node_waitables.cpp.o[0m
[75.411s] [ 64%] [32m[1mLinking CXX executable rclcpp_node_waitables[0m
[75.725s] [ 64%] Built target rclcpp_node_waitables
[75.732s] [35m[1mConsolidate compiler generated dependencies of target rclcpp_parameter_client[0m
[75.742s] [ 66%] [32mBuilding CXX object CMakeFiles/rclcpp_parameter_client.dir/src/rclcpp_parameter_client.cpp.o[0m
[77.923s] [ 67%] [32m[1mLinking CXX executable rclcpp_parameter_client[0m
[78.607s] [ 67%] Built target rclcpp_parameter_client
[78.625s] [35m[1mConsolidate compiler generated dependencies of target rclcpp_parameter_service[0m
[78.656s] [ 69%] [32mBuilding CXX object CMakeFiles/rclcpp_parameter_service.dir/src/rclcpp_parameter_service.cpp.o[0m
[81.059s] [ 71%] [32m[1mLinking CXX executable rclcpp_parameter_service[0m
[81.436s] [ 71%] Built target rclcpp_parameter_service
[81.444s] [35m[1mConsolidate compiler generated dependencies of target rclcpp_publisher[0m
[81.459s] [ 73%] [32mBuilding CXX object CMakeFiles/rclcpp_publisher.dir/src/rclcpp_publisher.cpp.o[0m
[85.150s] [ 75%] [32m[1mLinking CXX executable rclcpp_publisher[0m
[85.519s] [ 75%] Built target rclcpp_publisher
[85.527s] [35m[1mConsolidate compiler generated dependencies of target rclcpp_service[0m
[85.538s] [ 76%] [32mBuilding CXX object CMakeFiles/rclcpp_service.dir/src/rclcpp_service.cpp.o[0m
[88.046s] [ 78%] [32m[1mLinking CXX executable rclcpp_service[0m
[88.466s] [ 78%] Built target rclcpp_service
[88.484s] [ 80%] [32mBuilding CXX object CMakeFiles/rclcpp_single_threaded_executor.dir/src/rclcpp_single_threaded_executor.cpp.o[0m
[92.655s] [ 82%] [32m[1mLinking CXX executable rclcpp_single_threaded_executor[0m
[93.350s] [ 82%] Built target rclcpp_single_threaded_executor
[93.362s] [ 83%] [32mBuilding CXX object CMakeFiles/rclcpp_static_executor.dir/src/rclcpp_static_executor.cpp.o[0m
[96.929s] [ 85%] [32m[1mLinking CXX executable rclcpp_static_executor[0m
[97.397s] [ 85%] Built target rclcpp_static_executor
[97.412s] [35m[1mConsolidate compiler generated dependencies of target rclcpp_subscription[0m
[97.434s] [ 87%] [32mBuilding CXX object CMakeFiles/rclcpp_subscription.dir/src/rclcpp_subscription.cpp.o[0m
[99.994s] [ 89%] [32m[1mLinking CXX executable rclcpp_subscription[0m
[100.686s] [ 89%] Built target rclcpp_subscription
[100.701s] [35m[1mConsolidate compiler generated dependencies of target rclcpp_time_source[0m
[100.733s] [ 91%] [32mBuilding CXX object CMakeFiles/rclcpp_time_source.dir/src/rclcpp_time_source.cpp.o[0m
[103.181s] [ 92%] [32m[1mLinking CXX executable rclcpp_time_source[0m
[103.583s] [ 92%] Built target rclcpp_time_source
[103.594s] [35m[1mConsolidate compiler generated dependencies of target rclcpp_timer[0m
[103.607s] [ 94%] [32mBuilding CXX object CMakeFiles/rclcpp_timer.dir/src/rclcpp_timer.cpp.o[0m
[105.891s] [ 96%] [32m[1mLinking CXX executable rclcpp_timer[0m
[106.493s] [ 96%] Built target rclcpp_timer
[106.522s] [35m[1mConsolidate compiler generated dependencies of target rclcpp_wait_set[0m
[106.569s] [ 98%] [32mBuilding CXX object CMakeFiles/rclcpp_wait_set.dir/src/rclcpp_wait_set.cpp.o[0m
[110.106s] [100%] [32m[1mLinking CXX executable rclcpp_wait_set[0m
[110.427s] [100%] Built target rclcpp_wait_set
[110.436s] Invoked command in '/home/yinyihao/ros2/build/generated_ros2_pkg' returned '0': CMAKE_PREFIX_PATH=${CMAKE_PREFIX_PATH}:/home/yinyihao/ros2/install/nav2_race_min:/opt/ros/humble /usr/bin/cmake --build /home/yinyihao/ros2/build/generated_ros2_pkg
[110.443s] Invoking command in '/home/yinyihao/ros2/build/generated_ros2_pkg': CMAKE_PREFIX_PATH=${CMAKE_PREFIX_PATH}:/home/yinyihao/ros2/install/nav2_race_min:/opt/ros/humble /usr/bin/cmake --install /home/yinyihao/ros2/build/generated_ros2_pkg
[110.452s] -- Install configuration: ""
[110.452s] -- Installing: /home/yinyihao/ros2/install/generated_ros2_pkg/lib/generated_ros2_pkg/rclcpp_action_action_client
[110.452s] -- Set runtime path of "/home/yinyihao/ros2/install/generated_ros2_pkg/lib/generated_ros2_pkg/rclcpp_action_action_client" to ""
[110.452s] -- Installing: /home/yinyihao/ros2/install/generated_ros2_pkg/lib/generated_ros2_pkg/rclcpp_action_action_server
[110.452s] -- Set runtime path of "/home/yinyihao/ros2/install/generated_ros2_pkg/lib/generated_ros2_pkg/rclcpp_action_action_server" to ""
[110.454s] -- Installing: /home/yinyihao/ros2/install/generated_ros2_pkg/lib/generated_ros2_pkg/rclcpp_callback_group
[110.455s] -- Set runtime path of "/home/yinyihao/ros2/install/generated_ros2_pkg/lib/generated_ros2_pkg/rclcpp_callback_group" to ""
[110.455s] -- Installing: /home/yinyihao/ros2/install/generated_ros2_pkg/lib/generated_ros2_pkg/rclcpp_client
[110.455s] -- Set runtime path of "/home/yinyihao/ros2/install/generated_ros2_pkg/lib/generated_ros2_pkg/rclcpp_client" to ""
[110.455s] -- Installing: /home/yinyihao/ros2/install/generated_ros2_pkg/lib/generated_ros2_pkg/rclcpp_clock
[110.457s] -- Set runtime path of "/home/yinyihao/ros2/install/generated_ros2_pkg/lib/generated_ros2_pkg/rclcpp_clock" to ""
[110.457s] -- Installing: /home/yinyihao/ros2/install/generated_ros2_pkg/lib/generated_ros2_pkg/rclcpp_component_manager
[110.457s] -- Set runtime path of "/home/yinyihao/ros2/install/generated_ros2_pkg/lib/generated_ros2_pkg/rclcpp_component_manager" to ""
[110.457s] -- Installing: /home/yinyihao/ros2/install/generated_ros2_pkg/lib/generated_ros2_pkg/rclcpp_executor
[110.458s] -- Set runtime path of "/home/yinyihao/ros2/install/generated_ros2_pkg/lib/generated_ros2_pkg/rclcpp_executor" to ""
[110.459s] -- Installing: /home/yinyihao/ros2/install/generated_ros2_pkg/lib/generated_ros2_pkg/rclcpp_guard_condition
[110.459s] -- Set runtime path of "/home/yinyihao/ros2/install/generated_ros2_pkg/lib/generated_ros2_pkg/rclcpp_guard_condition" to ""
[110.460s] -- Installing: /home/yinyihao/ros2/install/generated_ros2_pkg/lib/generated_ros2_pkg/rclcpp_intra_process_manager
[110.461s] -- Set runtime path of "/home/yinyihao/ros2/install/generated_ros2_pkg/lib/generated_ros2_pkg/rclcpp_intra_process_manager" to ""
[110.461s] -- Installing: /home/yinyihao/ros2/install/generated_ros2_pkg/lib/generated_ros2_pkg/rclcpp_lifecycle_lifecycle_node
[110.461s] -- Set runtime path of "/home/yinyihao/ros2/install/generated_ros2_pkg/lib/generated_ros2_pkg/rclcpp_lifecycle_lifecycle_node" to ""
[110.461s] -- Installing: /home/yinyihao/ros2/install/generated_ros2_pkg/lib/generated_ros2_pkg/rclcpp_multi_threaded_executor
[110.462s] -- Set runtime path of "/home/yinyihao/ros2/install/generated_ros2_pkg/lib/generated_ros2_pkg/rclcpp_multi_threaded_executor" to ""
[110.462s] -- Installing: /home/yinyihao/ros2/install/generated_ros2_pkg/lib/generated_ros2_pkg/rclcpp_node
[110.463s] -- Set runtime path of "/home/yinyihao/ros2/install/generated_ros2_pkg/lib/generated_ros2_pkg/rclcpp_node" to ""
[110.463s] -- Installing: /home/yinyihao/ros2/install/generated_ros2_pkg/lib/generated_ros2_pkg/rclcpp_node_base
[110.463s] -- Set runtime path of "/home/yinyihao/ros2/install/generated_ros2_pkg/lib/generated_ros2_pkg/rclcpp_node_base" to ""
[110.464s] -- Installing: /home/yinyihao/ros2/install/generated_ros2_pkg/lib/generated_ros2_pkg/rclcpp_node_graph
[110.464s] -- Set runtime path of "/home/yinyihao/ros2/install/generated_ros2_pkg/lib/generated_ros2_pkg/rclcpp_node_graph" to ""
[110.465s] -- Installing: /home/yinyihao/ros2/install/generated_ros2_pkg/lib/generated_ros2_pkg/rclcpp_node_parameters
[110.466s] -- Set runtime path of "/home/yinyihao/ros2/install/generated_ros2_pkg/lib/generated_ros2_pkg/rclcpp_node_parameters" to ""
[110.466s] -- Installing: /home/yinyihao/ros2/install/generated_ros2_pkg/lib/generated_ros2_pkg/rclcpp_node_services
[110.467s] -- Set runtime path of "/home/yinyihao/ros2/install/generated_ros2_pkg/lib/generated_ros2_pkg/rclcpp_node_services" to ""
[110.468s] -- Installing: /home/yinyihao/ros2/install/generated_ros2_pkg/lib/generated_ros2_pkg/rclcpp_node_time_source
[110.468s] -- Set runtime path of "/home/yinyihao/ros2/install/generated_ros2_pkg/lib/generated_ros2_pkg/rclcpp_node_time_source" to ""
[110.469s] -- Installing: /home/yinyihao/ros2/install/generated_ros2_pkg/lib/generated_ros2_pkg/rclcpp_node_waitables
[110.469s] -- Set runtime path of "/home/yinyihao/ros2/install/generated_ros2_pkg/lib/generated_ros2_pkg/rclcpp_node_waitables" to ""
[110.470s] -- Installing: /home/yinyihao/ros2/install/generated_ros2_pkg/lib/generated_ros2_pkg/rclcpp_parameter_client
[110.472s] -- Set runtime path of "/home/yinyihao/ros2/install/generated_ros2_pkg/lib/generated_ros2_pkg/rclcpp_parameter_client" to ""
[110.474s] -- Installing: /home/yinyihao/ros2/install/generated_ros2_pkg/lib/generated_ros2_pkg/rclcpp_parameter_service
[110.474s] -- Set runtime path of "/home/yinyihao/ros2/install/generated_ros2_pkg/lib/generated_ros2_pkg/rclcpp_parameter_service" to ""
[110.477s] -- Installing: /home/yinyihao/ros2/install/generated_ros2_pkg/lib/generated_ros2_pkg/rclcpp_publisher
[110.480s] -- Set runtime path of "/home/yinyihao/ros2/install/generated_ros2_pkg/lib/generated_ros2_pkg/rclcpp_publisher" to ""
[110.482s] -- Installing: /home/yinyihao/ros2/install/generated_ros2_pkg/lib/generated_ros2_pkg/rclcpp_service
[110.483s] -- Set runtime path of "/home/yinyihao/ros2/install/generated_ros2_pkg/lib/generated_ros2_pkg/rclcpp_service" to ""
[110.483s] -- Installing: /home/yinyihao/ros2/install/generated_ros2_pkg/lib/generated_ros2_pkg/rclcpp_single_threaded_executor
[110.485s] -- Set runtime path of "/home/yinyihao/ros2/install/generated_ros2_pkg/lib/generated_ros2_pkg/rclcpp_single_threaded_executor" to ""
[110.486s] -- Installing: /home/yinyihao/ros2/install/generated_ros2_pkg/lib/generated_ros2_pkg/rclcpp_static_executor
[110.488s] -- Set runtime path of "/home/yinyihao/ros2/install/generated_ros2_pkg/lib/generated_ros2_pkg/rclcpp_static_executor" to ""
[110.490s] -- Installing: /home/yinyihao/ros2/install/generated_ros2_pkg/lib/generated_ros2_pkg/rclcpp_subscription
[110.491s] -- Set runtime path of "/home/yinyihao/ros2/install/generated_ros2_pkg/lib/generated_ros2_pkg/rclcpp_subscription" to ""
[110.491s] -- Installing: /home/yinyihao/ros2/install/generated_ros2_pkg/lib/generated_ros2_pkg/rclcpp_time_source
[110.491s] -- Set runtime path of "/home/yinyihao/ros2/install/generated_ros2_pkg/lib/generated_ros2_pkg/rclcpp_time_source" to ""
[110.494s] -- Installing: /home/yinyihao/ros2/install/generated_ros2_pkg/lib/generated_ros2_pkg/rclcpp_timer
[110.495s] -- Set runtime path of "/home/yinyihao/ros2/install/generated_ros2_pkg/lib/generated_ros2_pkg/rclcpp_timer" to ""
[110.496s] -- Installing: /home/yinyihao/ros2/install/generated_ros2_pkg/lib/generated_ros2_pkg/rclcpp_wait_set
[110.499s] -- Set runtime path of "/home/yinyihao/ros2/install/generated_ros2_pkg/lib/generated_ros2_pkg/rclcpp_wait_set" to ""
[110.500s] -- Up-to-date: /home/yinyihao/ros2/install/generated_ros2_pkg/share/generated_ros2_pkg/launch
[110.500s] -- Installing: /home/yinyihao/ros2/install/generated_ros2_pkg/share/generated_ros2_pkg/launch/generated_system.launch.py
[110.500s] -- Up-to-date: /home/yinyihao/ros2/install/generated_ros2_pkg/share/ament_index/resource_index/package_run_dependencies/generated_ros2_pkg
[110.500s] -- Up-to-date: /home/yinyihao/ros2/install/generated_ros2_pkg/share/ament_index/resource_index/parent_prefix_path/generated_ros2_pkg
[110.500s] -- Up-to-date: /home/yinyihao/ros2/install/generated_ros2_pkg/share/generated_ros2_pkg/environment/ament_prefix_path.sh
[110.501s] -- Installing: /home/yinyihao/ros2/install/generated_ros2_pkg/share/generated_ros2_pkg/environment/ament_prefix_path.dsv
[110.501s] -- Up-to-date: /home/yinyihao/ros2/install/generated_ros2_pkg/share/generated_ros2_pkg/environment/path.sh
[110.501s] -- Installing: /home/yinyihao/ros2/install/generated_ros2_pkg/share/generated_ros2_pkg/environment/path.dsv
[110.501s] -- Up-to-date: /home/yinyihao/ros2/install/generated_ros2_pkg/share/generated_ros2_pkg/local_setup.bash
[110.501s] -- Up-to-date: /home/yinyihao/ros2/install/generated_ros2_pkg/share/generated_ros2_pkg/local_setup.sh
[110.501s] -- Up-to-date: /home/yinyihao/ros2/install/generated_ros2_pkg/share/generated_ros2_pkg/local_setup.zsh
[110.501s] -- Installing: /home/yinyihao/ros2/install/generated_ros2_pkg/share/generated_ros2_pkg/local_setup.dsv
[110.501s] -- Installing: /home/yinyihao/ros2/install/generated_ros2_pkg/share/generated_ros2_pkg/package.dsv
[110.501s] -- Up-to-date: /home/yinyihao/ros2/install/generated_ros2_pkg/share/ament_index/resource_index/packages/generated_ros2_pkg
[110.501s] -- Up-to-date: /home/yinyihao/ros2/install/generated_ros2_pkg/share/generated_ros2_pkg/cmake/generated_ros2_pkgConfig.cmake
[110.501s] -- Up-to-date: /home/yinyihao/ros2/install/generated_ros2_pkg/share/generated_ros2_pkg/cmake/generated_ros2_pkgConfig-version.cmake
[110.501s] -- Installing: /home/yinyihao/ros2/install/generated_ros2_pkg/share/generated_ros2_pkg/package.xml
[110.503s] Invoked command in '/home/yinyihao/ros2/build/generated_ros2_pkg' returned '0': CMAKE_PREFIX_PATH=${CMAKE_PREFIX_PATH}:/home/yinyihao/ros2/install/nav2_race_min:/opt/ros/humble /usr/bin/cmake --install /home/yinyihao/ros2/build/generated_ros2_pkg
