[0.438s] Invoking command in '/home/yinyihao/ros2/src/nav2_race_min': PYTHONPATH=/home/yinyihao/ros2/build/nav2_race_min/prefix_override:/usr/lib/python3/dist-packages/colcon_core/task/python/colcon_distutils_commands:/home/yinyihao/ros2/install/nav2_race_min/lib/python3.10/site-packages:${PYTHONPATH} /usr/bin/python3 -W ignore:setup.py install is deprecated -W ignore:easy_install command is deprecated setup.py egg_info --egg-base ../../build/nav2_race_min build --build-base /home/yinyihao/ros2/build/nav2_race_min/build install --record /home/yinyihao/ros2/build/nav2_race_min/install.log --single-version-externally-managed install_data
[0.564s] running egg_info
[0.565s] writing ../../build/nav2_race_min/nav2_race_min.egg-info/PKG-INFO
[0.565s] writing dependency_links to ../../build/nav2_race_min/nav2_race_min.egg-info/dependency_links.txt
[0.565s] writing entry points to ../../build/nav2_race_min/nav2_race_min.egg-info/entry_points.txt
[0.565s] writing requirements to ../../build/nav2_race_min/nav2_race_min.egg-info/requires.txt
[0.565s] writing top-level names to ../../build/nav2_race_min/nav2_race_min.egg-info/top_level.txt
[0.567s] reading manifest file '../../build/nav2_race_min/nav2_race_min.egg-info/SOURCES.txt'
[0.568s] writing manifest file '../../build/nav2_race_min/nav2_race_min.egg-info/SOURCES.txt'
[0.568s] running build
[0.568s] running build_py
[0.568s] running install
[0.568s] running install_lib
[0.569s] running install_data
[0.569s] copying launch/race_min.launch.py -> /home/yinyihao/ros2/install/nav2_race_min/share/nav2_race_min/launch
[0.570s] running install_egg_info
[0.571s] removing '/home/yinyihao/ros2/install/nav2_race_min/lib/python3.10/site-packages/nav2_race_min-0.0.1-py3.10.egg-info' (and everything under it)
[0.571s] Copying ../../build/nav2_race_min/nav2_race_min.egg-info to /home/yinyihao/ros2/install/nav2_race_min/lib/python3.10/site-packages/nav2_race_min-0.0.1-py3.10.egg-info
[0.572s] running install_scripts
[0.585s] Installing mini_navigator_server script to /home/yinyihao/ros2/install/nav2_race_min/lib/nav2_race_min
[0.586s] Installing mini_race_stress script to /home/yinyihao/ros2/install/nav2_race_min/lib/nav2_race_min
[0.586s] writing list of installed files to '/home/yinyihao/ros2/build/nav2_race_min/install.log'
[0.600s] Invoked command in '/home/yinyihao/ros2/src/nav2_race_min' returned '0': PYTHONPATH=/home/yinyihao/ros2/build/nav2_race_min/prefix_override:/usr/lib/python3/dist-packages/colcon_core/task/python/colcon_distutils_commands:/home/yinyihao/ros2/install/nav2_race_min/lib/python3.10/site-packages:${PYTHONPATH} /usr/bin/python3 -W ignore:setup.py install is deprecated -W ignore:easy_install command is deprecated setup.py egg_info --egg-base ../../build/nav2_race_min build --build-base /home/yinyihao/ros2/build/nav2_race_min/build install --record /home/yinyihao/ros2/build/nav2_race_min/install.log --single-version-externally-managed install_data
