[0.014s] Invoking command in '/home/yinyihao/ros2/build/generated_ros2_pkg': CMAKE_PREFIX_PATH=${CMAKE_PREFIX_PATH}:/home/yinyihao/ros2/install/nav2_race_min:/opt/ros/humble /usr/bin/cmake --build /home/yinyihao/ros2/build/generated_ros2_pkg -- -j20 -l20
[0.034s] -- Found ament_cmake: 1.3.12 (/opt/ros/humble/share/ament_cmake/cmake)
[0.123s] -- Found rclcpp: 16.0.16 (/opt/ros/humble/share/rclcpp/cmake)
[0.435s] -- Found rosidl_generator_c: 3.1.7 (/opt/ros/humble/share/rosidl_generator_c/cmake)
[0.437s] -- Found rosidl_adapter: 3.1.7 (/opt/ros/humble/share/rosidl_adapter/cmake)
[0.443s] -- Found rosidl_generator_cpp: 3.1.7 (/opt/ros/humble/share/rosidl_generator_cpp/cmake)
[0.451s] -- Using all available rosidl_typesupport_c: rosidl_typesupport_fastrtps_c;rosidl_typesupport_introspection_c
[0.459s] -- Using all available rosidl_typesupport_cpp: rosidl_typesupport_fastrtps_cpp;rosidl_typesupport_introspection_cpp
[0.481s] -- Found rmw_implementation_cmake: 6.1.2 (/opt/ros/humble/share/rmw_implementation_cmake/cmake)
[0.482s] -- Found rmw_fastrtps_cpp: 6.2.9 (/opt/ros/humble/share/rmw_fastrtps_cpp/cmake)
[14.346s] -- Using RMW implementation 'rmw_fastrtps_cpp' as default
[14.394s] -- Found std_srvs: 4.9.0 (/opt/ros/humble/share/std_srvs/cmake)
[14.467s] -- Configuring done
[14.523s] -- Generating done
[14.541s] -- Build files have been written to: /home/yinyihao/ros2/build/generated_ros2_pkg
[14.562s] [35m[1mConsolidate compiler generated dependencies of target amcl[0m
[14.563s] [35m[1mConsolidate compiler generated dependencies of target behavior_server[0m
[14.564s] [35m[1mConsolidate compiler generated dependencies of target global_costmap_global_costmap[0m
[14.566s] [35m[1mConsolidate compiler generated dependencies of target controller_server[0m
[14.567s] [35m[1mConsolidate compiler generated dependencies of target local_costmap_local_costmap[0m
[14.568s] [35m[1mConsolidate compiler generated dependencies of target planner_server[0m
[14.571s] [35m[1mConsolidate compiler generated dependencies of target smoother_server[0m
[14.571s] [35m[1mConsolidate compiler generated dependencies of target recoveries_server[0m
[14.574s] [35m[1mConsolidate compiler generated dependencies of target bt_navigator[0m
[14.575s] [35m[1mConsolidate compiler generated dependencies of target map_server[0m
[14.575s] [35m[1mConsolidate compiler generated dependencies of target navfn_planner[0m
[14.575s] [35m[1mConsolidate compiler generated dependencies of target waypoint_follower[0m
[14.577s] [  3%] [32mBuilding CXX object CMakeFiles/robot_state_publisher.dir/src/robot_state_publisher.cpp.o[0m
[14.582s] [  6%] [32mBuilding CXX object CMakeFiles/lifecycle_manager_navigation.dir/src/lifecycle_manager_navigation.cpp.o[0m
[14.582s] [ 10%] [32mBuilding CXX object CMakeFiles/lifecycle_manager_localization.dir/src/lifecycle_manager_localization.cpp.o[0m
[14.588s] [ 16%] [32mBuilding CXX object CMakeFiles/planner_server.dir/src/planner_server.cpp.o[0m
[14.588s] [ 16%] [32mBuilding CXX object CMakeFiles/local_costmap_local_costmap.dir/src/local_costmap_local_costmap.cpp.o[0m
[14.588s] [ 20%] [32mBuilding CXX object CMakeFiles/amcl.dir/src/amcl.cpp.o[0m
[14.588s] [ 23%] [32mBuilding CXX object CMakeFiles/behavior_server.dir/src/behavior_server.cpp.o[0m
[14.590s] [ 26%] [32mBuilding CXX object CMakeFiles/global_costmap_global_costmap.dir/src/global_costmap_global_costmap.cpp.o[0m
[14.594s] [ 33%] [32mBuilding CXX object CMakeFiles/controller_server.dir/src/controller_server.cpp.o[0m
[14.594s] [ 40%] [32mBuilding CXX object CMakeFiles/navfn_planner.dir/src/navfn_planner.cpp.o[0m
[14.594s] [ 40%] [32mBuilding CXX object CMakeFiles/bt_navigator.dir/src/bt_navigator.cpp.o[0m
[14.595s] [ 40%] [32mBuilding CXX object CMakeFiles/waypoint_follower.dir/src/waypoint_follower.cpp.o[0m
[14.595s] [ 43%] [32mBuilding CXX object CMakeFiles/recoveries_server.dir/src/recoveries_server.cpp.o[0m
[14.595s] [ 46%] [32mBuilding CXX object CMakeFiles/map_server.dir/src/map_server.cpp.o[0m
[14.597s] [ 50%] [32mBuilding CXX object CMakeFiles/smoother_server.dir/src/smoother_server.cpp.o[0m
[24.549s] [ 56%] [32m[1mLinking CXX executable navfn_planner[0m
[24.562s] [ 56%] [32m[1mLinking CXX executable waypoint_follower[0m
[25.011s] [ 56%] Built target waypoint_follower
[25.014s] [ 56%] Built target navfn_planner
[26.108s] [ 63%] [32m[1mLinking CXX executable smoother_server[0m
[26.108s] [ 63%] [32m[1mLinking CXX executable lifecycle_manager_localization[0m
[26.110s] [ 66%] [32m[1mLinking CXX executable robot_state_publisher[0m
[26.498s] [ 66%] Built target smoother_server
[26.502s] [ 66%] Built target lifecycle_manager_localization
[26.525s] [ 66%] Built target robot_state_publisher
[27.010s] [ 70%] [32m[1mLinking CXX executable map_server[0m
[27.178s] [ 73%] [32m[1mLinking CXX executable recoveries_server[0m
[27.368s] [ 73%] Built target map_server
[27.508s] [ 73%] Built target recoveries_server
[30.552s] [ 76%] [32m[1mLinking CXX executable behavior_server[0m
[31.178s] [ 76%] Built target behavior_server
[31.364s] [ 80%] [32m[1mLinking CXX executable amcl[0m
[31.602s] [ 83%] [32m[1mLinking CXX executable local_costmap_local_costmap[0m
[31.626s] [ 86%] [32m[1mLinking CXX executable global_costmap_global_costmap[0m
[31.635s] [ 90%] [32m[1mLinking CXX executable lifecycle_manager_navigation[0m
[31.708s] [ 93%] [32m[1mLinking CXX executable bt_navigator[0m
[31.779s] [ 96%] [32m[1mLinking CXX executable controller_server[0m
[31.855s] [ 96%] Built target amcl
[31.977s] [100%] [32m[1mLinking CXX executable planner_server[0m
[32.144s] [100%] Built target local_costmap_local_costmap
[32.164s] [100%] Built target global_costmap_global_costmap
[32.189s] [100%] Built target bt_navigator
[32.202s] [100%] Built target lifecycle_manager_navigation
[32.295s] [100%] Built target controller_server
[32.471s] [100%] Built target planner_server
[32.664s] Invoked command in '/home/yinyihao/ros2/build/generated_ros2_pkg' returned '0': CMAKE_PREFIX_PATH=${CMAKE_PREFIX_PATH}:/home/yinyihao/ros2/install/nav2_race_min:/opt/ros/humble /usr/bin/cmake --build /home/yinyihao/ros2/build/generated_ros2_pkg -- -j20 -l20
[32.750s] Invoking command in '/home/yinyihao/ros2/build/generated_ros2_pkg': CMAKE_PREFIX_PATH=${CMAKE_PREFIX_PATH}:/home/yinyihao/ros2/install/nav2_race_min:/opt/ros/humble /usr/bin/cmake --install /home/yinyihao/ros2/build/generated_ros2_pkg
[32.755s] -- Install configuration: ""
[32.755s] -- Installing: /home/yinyihao/ros2/install/generated_ros2_pkg/lib/generated_ros2_pkg/amcl
[32.757s] -- Set runtime path of "/home/yinyihao/ros2/install/generated_ros2_pkg/lib/generated_ros2_pkg/amcl" to ""
[32.758s] -- Installing: /home/yinyihao/ros2/install/generated_ros2_pkg/lib/generated_ros2_pkg/behavior_server
[32.761s] -- Set runtime path of "/home/yinyihao/ros2/install/generated_ros2_pkg/lib/generated_ros2_pkg/behavior_server" to ""
[32.762s] -- Installing: /home/yinyihao/ros2/install/generated_ros2_pkg/lib/generated_ros2_pkg/bt_navigator
[32.765s] -- Set runtime path of "/home/yinyihao/ros2/install/generated_ros2_pkg/lib/generated_ros2_pkg/bt_navigator" to ""
[32.766s] -- Installing: /home/yinyihao/ros2/install/generated_ros2_pkg/lib/generated_ros2_pkg/controller_server
[32.768s] -- Set runtime path of "/home/yinyihao/ros2/install/generated_ros2_pkg/lib/generated_ros2_pkg/controller_server" to ""
[32.769s] -- Installing: /home/yinyihao/ros2/install/generated_ros2_pkg/lib/generated_ros2_pkg/global_costmap_global_costmap
[32.771s] -- Set runtime path of "/home/yinyihao/ros2/install/generated_ros2_pkg/lib/generated_ros2_pkg/global_costmap_global_costmap" to ""
[32.771s] -- Installing: /home/yinyihao/ros2/install/generated_ros2_pkg/lib/generated_ros2_pkg/lifecycle_manager_localization
[32.772s] -- Set runtime path of "/home/yinyihao/ros2/install/generated_ros2_pkg/lib/generated_ros2_pkg/lifecycle_manager_localization" to ""
[32.772s] -- Installing: /home/yinyihao/ros2/install/generated_ros2_pkg/lib/generated_ros2_pkg/lifecycle_manager_navigation
[32.775s] -- Set runtime path of "/home/yinyihao/ros2/install/generated_ros2_pkg/lib/generated_ros2_pkg/lifecycle_manager_navigation" to ""
[32.776s] -- Installing: /home/yinyihao/ros2/install/generated_ros2_pkg/lib/generated_ros2_pkg/local_costmap_local_costmap
[32.778s] -- Set runtime path of "/home/yinyihao/ros2/install/generated_ros2_pkg/lib/generated_ros2_pkg/local_costmap_local_costmap" to ""
[32.780s] -- Installing: /home/yinyihao/ros2/install/generated_ros2_pkg/lib/generated_ros2_pkg/map_server
[32.781s] -- Set runtime path of "/home/yinyihao/ros2/install/generated_ros2_pkg/lib/generated_ros2_pkg/map_server" to ""
[32.781s] -- Installing: /home/yinyihao/ros2/install/generated_ros2_pkg/lib/generated_ros2_pkg/navfn_planner
[32.782s] -- Set runtime path of "/home/yinyihao/ros2/install/generated_ros2_pkg/lib/generated_ros2_pkg/navfn_planner" to ""
[32.782s] -- Installing: /home/yinyihao/ros2/install/generated_ros2_pkg/lib/generated_ros2_pkg/planner_server
[32.785s] -- Set runtime path of "/home/yinyihao/ros2/install/generated_ros2_pkg/lib/generated_ros2_pkg/planner_server" to ""
[32.786s] -- Installing: /home/yinyihao/ros2/install/generated_ros2_pkg/lib/generated_ros2_pkg/recoveries_server
[32.788s] -- Set runtime path of "/home/yinyihao/ros2/install/generated_ros2_pkg/lib/generated_ros2_pkg/recoveries_server" to ""
[32.788s] -- Installing: /home/yinyihao/ros2/install/generated_ros2_pkg/lib/generated_ros2_pkg/robot_state_publisher
[32.790s] -- Set runtime path of "/home/yinyihao/ros2/install/generated_ros2_pkg/lib/generated_ros2_pkg/robot_state_publisher" to ""
[32.790s] -- Installing: /home/yinyihao/ros2/install/generated_ros2_pkg/lib/generated_ros2_pkg/smoother_server
[32.791s] -- Set runtime path of "/home/yinyihao/ros2/install/generated_ros2_pkg/lib/generated_ros2_pkg/smoother_server" to ""
[32.792s] -- Installing: /home/yinyihao/ros2/install/generated_ros2_pkg/lib/generated_ros2_pkg/waypoint_follower
[32.792s] -- Set runtime path of "/home/yinyihao/ros2/install/generated_ros2_pkg/lib/generated_ros2_pkg/waypoint_follower" to ""
[32.793s] -- Up-to-date: /home/yinyihao/ros2/install/generated_ros2_pkg/share/generated_ros2_pkg/launch
[32.793s] -- Installing: /home/yinyihao/ros2/install/generated_ros2_pkg/share/generated_ros2_pkg/launch/generated_system.launch.py
[32.795s] -- Up-to-date: /home/yinyihao/ros2/install/generated_ros2_pkg/share/ament_index/resource_index/package_run_dependencies/generated_ros2_pkg
[32.795s] -- Up-to-date: /home/yinyihao/ros2/install/generated_ros2_pkg/share/ament_index/resource_index/parent_prefix_path/generated_ros2_pkg
[32.796s] -- Up-to-date: /home/yinyihao/ros2/install/generated_ros2_pkg/share/generated_ros2_pkg/environment/ament_prefix_path.sh
[32.796s] -- Installing: /home/yinyihao/ros2/install/generated_ros2_pkg/share/generated_ros2_pkg/environment/ament_prefix_path.dsv
[32.797s] -- Up-to-date: /home/yinyihao/ros2/install/generated_ros2_pkg/share/generated_ros2_pkg/environment/path.sh
[32.797s] -- Installing: /home/yinyihao/ros2/install/generated_ros2_pkg/share/generated_ros2_pkg/environment/path.dsv
[32.797s] -- Up-to-date: /home/yinyihao/ros2/install/generated_ros2_pkg/share/generated_ros2_pkg/local_setup.bash
[32.797s] -- Up-to-date: /home/yinyihao/ros2/install/generated_ros2_pkg/share/generated_ros2_pkg/local_setup.sh
[32.797s] -- Up-to-date: /home/yinyihao/ros2/install/generated_ros2_pkg/share/generated_ros2_pkg/local_setup.zsh
[32.797s] -- Installing: /home/yinyihao/ros2/install/generated_ros2_pkg/share/generated_ros2_pkg/local_setup.dsv
[32.797s] -- Installing: /home/yinyihao/ros2/install/generated_ros2_pkg/share/generated_ros2_pkg/package.dsv
[32.798s] -- Up-to-date: /home/yinyihao/ros2/install/generated_ros2_pkg/share/ament_index/resource_index/packages/generated_ros2_pkg
[32.799s] -- Up-to-date: /home/yinyihao/ros2/install/generated_ros2_pkg/share/generated_ros2_pkg/cmake/generated_ros2_pkgConfig.cmake
[32.799s] -- Up-to-date: /home/yinyihao/ros2/install/generated_ros2_pkg/share/generated_ros2_pkg/cmake/generated_ros2_pkgConfig-version.cmake
[32.799s] -- Installing: /home/yinyihao/ros2/install/generated_ros2_pkg/share/generated_ros2_pkg/package.xml
[32.813s] Invoked command in '/home/yinyihao/ros2/build/generated_ros2_pkg' returned '0': CMAKE_PREFIX_PATH=${CMAKE_PREFIX_PATH}:/home/yinyihao/ros2/install/nav2_race_min:/opt/ros/humble /usr/bin/cmake --install /home/yinyihao/ros2/build/generated_ros2_pkg
