-- Found ament_cmake: 1.3.12 (/opt/ros/humble/share/ament_cmake/cmake)
-- Found rclcpp: 16.0.16 (/opt/ros/humble/share/rclcpp/cmake)
-- Found rosidl_generator_c: 3.1.7 (/opt/ros/humble/share/rosidl_generator_c/cmake)
-- Found rosidl_adapter: 3.1.7 (/opt/ros/humble/share/rosidl_adapter/cmake)
-- Found rosidl_generator_cpp: 3.1.7 (/opt/ros/humble/share/rosidl_generator_cpp/cmake)
-- Using all available rosidl_typesupport_c: rosidl_typesupport_fastrtps_c;rosidl_typesupport_introspection_c
-- Using all available rosidl_typesupport_cpp: rosidl_typesupport_fastrtps_cpp;rosidl_typesupport_introspection_cpp
-- Found rmw_implementation_cmake: 6.1.2 (/opt/ros/humble/share/rmw_implementation_cmake/cmake)
-- Found rmw_fastrtps_cpp: 6.2.9 (/opt/ros/humble/share/rmw_fastrtps_cpp/cmake)
-- Using RMW implementation 'rmw_fastrtps_cpp' as default
-- Found std_srvs: 4.9.0 (/opt/ros/humble/share/std_srvs/cmake)
-- Configuring done
-- Generating done
-- Build files have been written to: /home/yinyihao/ros2/build/generated_ros2_pkg
[35m[1mConsolidate compiler generated dependencies of target parameter_event_subscriber[0m
[35m[1mConsolidate compiler generated dependencies of target parameter_event_publisher[0m
[35m[1mConsolidate compiler generated dependencies of target rclcpp_lifecycle_node[0m
[35m[1mConsolidate compiler generated dependencies of target callback_group_executor[0m
[35m[1mConsolidate compiler generated dependencies of target subscription_callback_executor[0m
[35m[1mConsolidate compiler generated dependencies of target timer_callback_executor[0m
[  7%] [32mBuilding CXX object CMakeFiles/graph_publisher.dir/src/graph_publisher.cpp.o[0m
[  7%] [32mBuilding CXX object CMakeFiles/graph_listener.dir/src/graph_listener.cpp.o[0m
[ 10%] [32mBuilding CXX object CMakeFiles/client_callback_executor.dir/src/client_callback_executor.cpp.o[0m
[ 14%] [32mBuilding CXX object CMakeFiles/lifecycle_state_machine.dir/src/lifecycle_state_machine.cpp.o[0m
[ 17%] [32mBuilding CXX object CMakeFiles/rate_controller.dir/src/rate_controller.cpp.o[0m
[ 21%] [32mBuilding CXX object CMakeFiles/service_callback_executor.dir/src/service_callback_executor.cpp.o[0m
[ 25%] [32mBuilding CXX object CMakeFiles/wall_rate_controller.dir/src/wall_rate_controller.cpp.o[0m
[ 28%] [32mBuilding CXX object CMakeFiles/waitable_callback_executor.dir/src/waitable_callback_executor.cpp.o[0m
[ 39%] [32mBuilding CXX object CMakeFiles/timer_callback_executor.dir/src/timer_callback_executor.cpp.o[0m
[ 42%] [32mBuilding CXX object CMakeFiles/subscription_callback_executor.dir/src/subscription_callback_executor.cpp.o[0m
[ 39%] [32mBuilding CXX object CMakeFiles/rclcpp_lifecycle_node.dir/src/rclcpp_lifecycle_node.cpp.o[0m
[ 42%] [32mBuilding CXX object CMakeFiles/parameter_event_subscriber.dir/src/parameter_event_subscriber.cpp.o[0m
[ 46%] [32mBuilding CXX object CMakeFiles/parameter_event_publisher.dir/src/parameter_event_publisher.cpp.o[0m
[ 50%] [32mBuilding CXX object CMakeFiles/callback_group_executor.dir/src/callback_group_executor.cpp.o[0m
[ 53%] [32m[1mLinking CXX executable parameter_event_subscriber[0m
[ 57%] [32m[1mLinking CXX executable subscription_callback_executor[0m
[ 60%] [32m[1mLinking CXX executable timer_callback_executor[0m
[ 64%] [32m[1mLinking CXX executable client_callback_executor[0m
[ 67%] [32m[1mLinking CXX executable service_callback_executor[0m
[ 71%] [32m[1mLinking CXX executable waitable_callback_executor[0m
[ 75%] [32m[1mLinking CXX executable parameter_event_publisher[0m
[ 75%] Built target parameter_event_subscriber
[ 75%] Built target client_callback_executor
[ 75%] Built target timer_callback_executor
[ 75%] Built target service_callback_executor
[ 75%] Built target subscription_callback_executor
[ 75%] Built target waitable_callback_executor
[ 75%] Built target parameter_event_publisher
[ 78%] [32m[1mLinking CXX executable rate_controller[0m
[ 82%] [32m[1mLinking CXX executable graph_publisher[0m
[ 85%] [32m[1mLinking CXX executable wall_rate_controller[0m
[ 85%] Built target rate_controller
[ 85%] Built target graph_publisher
[ 85%] Built target wall_rate_controller
