[0.019s] Invoking command in '/home/yinyihao/ros2/build/generated_ros2_pkg': CMAKE_PREFIX_PATH=${CMAKE_PREFIX_PATH}:/home/yinyihao/ros2/install/nav2_race_min:/opt/ros/humble /usr/bin/cmake --build /home/yinyihao/ros2/build/generated_ros2_pkg -- -j20 -l20
[0.056s] -- Found ament_cmake: 1.3.12 (/opt/ros/humble/share/ament_cmake/cmake)
[0.162s] -- Found rclcpp: 16.0.16 (/opt/ros/humble/share/rclcpp/cmake)
[0.519s] -- Found rosidl_generator_c: 3.1.7 (/opt/ros/humble/share/rosidl_generator_c/cmake)
[0.523s] -- Found rosidl_adapter: 3.1.7 (/opt/ros/humble/share/rosidl_adapter/cmake)
[0.529s] -- Found rosidl_generator_cpp: 3.1.7 (/opt/ros/humble/share/rosidl_generator_cpp/cmake)
[0.541s] -- Using all available rosidl_typesupport_c: rosidl_typesupport_fastrtps_c;rosidl_typesupport_introspection_c
[0.553s] -- Using all available rosidl_typesupport_cpp: rosidl_typesupport_fastrtps_cpp;rosidl_typesupport_introspection_cpp
[0.592s] -- Found rmw_implementation_cmake: 6.1.2 (/opt/ros/humble/share/rmw_implementation_cmake/cmake)
[0.594s] -- Found rmw_fastrtps_cpp: 6.2.9 (/opt/ros/humble/share/rmw_fastrtps_cpp/cmake)
[18.789s] -- Using RMW implementation 'rmw_fastrtps_cpp' as default
[18.888s] -- Found std_srvs: 4.9.0 (/opt/ros/humble/share/std_srvs/cmake)
[18.957s] -- Configuring done
[18.985s] -- Generating done
[18.995s] -- Build files have been written to: /home/yinyihao/ros2/build/generated_ros2_pkg
[19.018s] [35m[1mConsolidate compiler generated dependencies of target client_node[0m
[19.018s] [35m[1mConsolidate compiler generated dependencies of target lifecycle_node[0m
[19.019s] [35m[1mConsolidate compiler generated dependencies of target timer_node[0m
[19.019s] [35m[1mConsolidate compiler generated dependencies of target service_node[0m
[19.019s] [35m[1mConsolidate compiler generated dependencies of target parameter_event_publisher[0m
[19.024s] [35m[1mConsolidate compiler generated dependencies of target parameter_node[0m
[19.027s] [  5%] [32mBuilding CXX object CMakeFiles/guard_condition_node.dir/src/guard_condition_node.cpp.o[0m
[19.031s] [ 10%] [32mBuilding CXX object CMakeFiles/parameter_event_subscriber.dir/src/parameter_event_subscriber.cpp.o[0m
[19.034s] [ 15%] [32mBuilding CXX object CMakeFiles/wait_set_node.dir/src/wait_set_node.cpp.o[0m
[19.037s] [ 20%] [32mBuilding CXX object CMakeFiles/lifecycle_node_client.dir/src/lifecycle_node_client.cpp.o[0m
[19.044s] [ 25%] [32mBuilding CXX object CMakeFiles/client_node.dir/src/client_node.cpp.o[0m
[19.046s] [ 30%] [32mBuilding CXX object CMakeFiles/lifecycle_node.dir/src/lifecycle_node.cpp.o[0m
[19.047s] [ 35%] [32mBuilding CXX object CMakeFiles/service_node.dir/src/service_node.cpp.o[0m
[19.048s] [ 40%] [32mBuilding CXX object CMakeFiles/timer_node.dir/src/timer_node.cpp.o[0m
[19.048s] [ 45%] [32mBuilding CXX object CMakeFiles/parameter_event_publisher.dir/src/parameter_event_publisher.cpp.o[0m
[19.048s] [ 50%] [32mBuilding CXX object CMakeFiles/parameter_node.dir/src/parameter_node.cpp.o[0m
[22.739s] [ 55%] [32m[1mLinking CXX executable parameter_event_subscriber[0m
[22.776s] [ 60%] [32m[1mLinking CXX executable parameter_node[0m
[22.776s] [ 65%] [32m[1mLinking CXX executable service_node[0m
[22.798s] [ 70%] [32m[1mLinking CXX executable client_node[0m
[22.808s] [ 75%] [32m[1mLinking CXX executable parameter_event_publisher[0m
[23.096s] [ 75%] Built target parameter_event_subscriber
[23.108s] [ 75%] Built target service_node
[23.110s] [ 75%] Built target parameter_node
[23.119s] [ 75%] Built target client_node
[23.139s] [ 75%] Built target parameter_event_publisher
[24.298s] [ 80%] [32m[1mLinking CXX executable lifecycle_node[0m
[24.304s] [ 85%] [32m[1mLinking CXX executable guard_condition_node[0m
[24.338s] [ 90%] [32m[1mLinking CXX executable timer_node[0m
[24.569s] [ 90%] Built target guard_condition_node
[24.569s] [ 90%] Built target lifecycle_node
[24.641s] [ 90%] Built target timer_node
[27.366s] [ 95%] [32m[1mLinking CXX executable wait_set_node[0m
[27.460s] [100%] [32m[1mLinking CXX executable lifecycle_node_client[0m
[28.042s] [100%] Built target wait_set_node
[28.082s] [100%] Built target lifecycle_node_client
[28.093s] Invoked command in '/home/yinyihao/ros2/build/generated_ros2_pkg' returned '0': CMAKE_PREFIX_PATH=${CMAKE_PREFIX_PATH}:/home/yinyihao/ros2/install/nav2_race_min:/opt/ros/humble /usr/bin/cmake --build /home/yinyihao/ros2/build/generated_ros2_pkg -- -j20 -l20
[28.100s] Invoking command in '/home/yinyihao/ros2/build/generated_ros2_pkg': CMAKE_PREFIX_PATH=${CMAKE_PREFIX_PATH}:/home/yinyihao/ros2/install/nav2_race_min:/opt/ros/humble /usr/bin/cmake --install /home/yinyihao/ros2/build/generated_ros2_pkg
[28.111s] -- Install configuration: ""
[28.112s] -- Installing: /home/yinyihao/ros2/install/generated_ros2_pkg/lib/generated_ros2_pkg/client_node
[28.112s] -- Set runtime path of "/home/yinyihao/ros2/install/generated_ros2_pkg/lib/generated_ros2_pkg/client_node" to ""
[28.112s] -- Installing: /home/yinyihao/ros2/install/generated_ros2_pkg/lib/generated_ros2_pkg/guard_condition_node
[28.114s] -- Set runtime path of "/home/yinyihao/ros2/install/generated_ros2_pkg/lib/generated_ros2_pkg/guard_condition_node" to ""
[28.117s] -- Installing: /home/yinyihao/ros2/install/generated_ros2_pkg/lib/generated_ros2_pkg/lifecycle_node
[28.119s] -- Set runtime path of "/home/yinyihao/ros2/install/generated_ros2_pkg/lib/generated_ros2_pkg/lifecycle_node" to ""
[28.119s] -- Installing: /home/yinyihao/ros2/install/generated_ros2_pkg/lib/generated_ros2_pkg/lifecycle_node_client
[28.123s] -- Set runtime path of "/home/yinyihao/ros2/install/generated_ros2_pkg/lib/generated_ros2_pkg/lifecycle_node_client" to ""
[28.124s] -- Installing: /home/yinyihao/ros2/install/generated_ros2_pkg/lib/generated_ros2_pkg/parameter_event_publisher
[28.124s] -- Set runtime path of "/home/yinyihao/ros2/install/generated_ros2_pkg/lib/generated_ros2_pkg/parameter_event_publisher" to ""
[28.124s] -- Installing: /home/yinyihao/ros2/install/generated_ros2_pkg/lib/generated_ros2_pkg/parameter_event_subscriber
[28.124s] -- Set runtime path of "/home/yinyihao/ros2/install/generated_ros2_pkg/lib/generated_ros2_pkg/parameter_event_subscriber" to ""
[28.125s] -- Installing: /home/yinyihao/ros2/install/generated_ros2_pkg/lib/generated_ros2_pkg/parameter_node
[28.125s] -- Set runtime path of "/home/yinyihao/ros2/install/generated_ros2_pkg/lib/generated_ros2_pkg/parameter_node" to ""
[28.125s] -- Installing: /home/yinyihao/ros2/install/generated_ros2_pkg/lib/generated_ros2_pkg/service_node
[28.126s] -- Set runtime path of "/home/yinyihao/ros2/install/generated_ros2_pkg/lib/generated_ros2_pkg/service_node" to ""
[28.126s] -- Installing: /home/yinyihao/ros2/install/generated_ros2_pkg/lib/generated_ros2_pkg/timer_node
[28.127s] -- Set runtime path of "/home/yinyihao/ros2/install/generated_ros2_pkg/lib/generated_ros2_pkg/timer_node" to ""
[28.127s] -- Installing: /home/yinyihao/ros2/install/generated_ros2_pkg/lib/generated_ros2_pkg/wait_set_node
[28.130s] -- Set runtime path of "/home/yinyihao/ros2/install/generated_ros2_pkg/lib/generated_ros2_pkg/wait_set_node" to ""
[28.130s] -- Up-to-date: /home/yinyihao/ros2/install/generated_ros2_pkg/share/generated_ros2_pkg/launch
[28.130s] -- Installing: /home/yinyihao/ros2/install/generated_ros2_pkg/share/generated_ros2_pkg/launch/generated_system.launch.py
[28.130s] -- Up-to-date: /home/yinyihao/ros2/install/generated_ros2_pkg/share/ament_index/resource_index/package_run_dependencies/generated_ros2_pkg
[28.131s] -- Up-to-date: /home/yinyihao/ros2/install/generated_ros2_pkg/share/ament_index/resource_index/parent_prefix_path/generated_ros2_pkg
[28.131s] -- Up-to-date: /home/yinyihao/ros2/install/generated_ros2_pkg/share/generated_ros2_pkg/environment/ament_prefix_path.sh
[28.131s] -- Installing: /home/yinyihao/ros2/install/generated_ros2_pkg/share/generated_ros2_pkg/environment/ament_prefix_path.dsv
[28.131s] -- Up-to-date: /home/yinyihao/ros2/install/generated_ros2_pkg/share/generated_ros2_pkg/environment/path.sh
[28.131s] -- Installing: /home/yinyihao/ros2/install/generated_ros2_pkg/share/generated_ros2_pkg/environment/path.dsv
[28.131s] -- Up-to-date: /home/yinyihao/ros2/install/generated_ros2_pkg/share/generated_ros2_pkg/local_setup.bash
[28.131s] -- Up-to-date: /home/yinyihao/ros2/install/generated_ros2_pkg/share/generated_ros2_pkg/local_setup.sh
[28.132s] -- Up-to-date: /home/yinyihao/ros2/install/generated_ros2_pkg/share/generated_ros2_pkg/local_setup.zsh
[28.132s] -- Installing: /home/yinyihao/ros2/install/generated_ros2_pkg/share/generated_ros2_pkg/local_setup.dsv
[28.132s] -- Installing: /home/yinyihao/ros2/install/generated_ros2_pkg/share/generated_ros2_pkg/package.dsv
[28.132s] -- Up-to-date: /home/yinyihao/ros2/install/generated_ros2_pkg/share/ament_index/resource_index/packages/generated_ros2_pkg
[28.132s] -- Up-to-date: /home/yinyihao/ros2/install/generated_ros2_pkg/share/generated_ros2_pkg/cmake/generated_ros2_pkgConfig.cmake
[28.132s] -- Up-to-date: /home/yinyihao/ros2/install/generated_ros2_pkg/share/generated_ros2_pkg/cmake/generated_ros2_pkgConfig-version.cmake
[28.132s] -- Installing: /home/yinyihao/ros2/install/generated_ros2_pkg/share/generated_ros2_pkg/package.xml
[28.135s] Invoked command in '/home/yinyihao/ros2/build/generated_ros2_pkg' returned '0': CMAKE_PREFIX_PATH=${CMAKE_PREFIX_PATH}:/home/yinyihao/ros2/install/nav2_race_min:/opt/ros/humble /usr/bin/cmake --install /home/yinyihao/ros2/build/generated_ros2_pkg
