-- The C compiler identification is GNU 11.4.0
-- The CXX compiler identification is GNU 11.4.0
-- Detecting C compiler ABI info
-- Detecting C compiler ABI info - done
-- Check for working C compiler: /usr/bin/cc - skipped
-- Detecting C compile features
-- Detecting C compile features - done
-- Detecting CXX compiler ABI info
-- Detecting CXX compiler ABI info - done
-- Check for working CXX compiler: /usr/bin/c++ - skipped
-- Detecting CXX compile features
-- Detecting CXX compile features - done
-- Found ament_cmake: 1.3.12 (/opt/ros/humble/share/ament_cmake/cmake)
-- Found Python3: /usr/bin/python3 (found version "3.10.12") found components: Interpreter 
-- Found rclcpp: 16.0.16 (/opt/ros/humble/share/rclcpp/cmake)
-- Found rosidl_generator_c: 3.1.7 (/opt/ros/humble/share/rosidl_generator_c/cmake)
-- Found rosidl_adapter: 3.1.7 (/opt/ros/humble/share/rosidl_adapter/cmake)
-- Found rosidl_generator_cpp: 3.1.7 (/opt/ros/humble/share/rosidl_generator_cpp/cmake)
-- Using all available rosidl_typesupport_c: rosidl_typesupport_fastrtps_c;rosidl_typesupport_introspection_c
-- Using all available rosidl_typesupport_cpp: rosidl_typesupport_fastrtps_cpp;rosidl_typesupport_introspection_cpp
-- Found rmw_implementation_cmake: 6.1.2 (/opt/ros/humble/share/rmw_implementation_cmake/cmake)
-- Found rmw_fastrtps_cpp: 6.2.9 (/opt/ros/humble/share/rmw_fastrtps_cpp/cmake)
-- Found OpenSSL: /usr/lib/x86_64-linux-gnu/libcrypto.so (found version "3.0.2")  
-- Found FastRTPS: /opt/ros/humble/include  
-- Using RMW implementation 'rmw_fastrtps_cpp' as default
-- Looking for pthread.h
-- Looking for pthread.h - found
-- Performing Test CMAKE_HAVE_LIBC_PTHREAD
-- Performing Test CMAKE_HAVE_LIBC_PTHREAD - Success
-- Found Threads: TRUE  
-- Found std_srvs: 4.9.0 (/opt/ros/humble/share/std_srvs/cmake)
-- Configuring done
-- Generating done
-- Build files have been written to: /home/yinyihao/ros2/build/generated_ros2_pkg
[  3%] [32mBuilding CXX object CMakeFiles/bt_navigator.dir/src/bt_navigator.cpp.o[0m
[ 14%] [32mBuilding CXX object CMakeFiles/global_costmap_global_costmap_updater.dir/src/global_costmap_global_costmap_updater.cpp.o[0m
[ 14%] [32mBuilding CXX object CMakeFiles/global_costmap_global_costmap.dir/src/global_costmap_global_costmap.cpp.o[0m
[ 14%] [32mBuilding CXX object CMakeFiles/amcl.dir/src/amcl.cpp.o[0m
[ 17%] [32mBuilding CXX object CMakeFiles/global_costmap_costmap_2d.dir/src/global_costmap_costmap_2d.cpp.o[0m
[ 25%] [32mBuilding CXX object CMakeFiles/local_costmap_local_costmap_updater.dir/src/local_costmap_local_costmap_updater.cpp.o[0m
[ 25%] [32mBuilding CXX object CMakeFiles/local_costmap_local_costmap.dir/src/local_costmap_local_costmap.cpp.o[0m
[ 28%] [32mBuilding CXX object CMakeFiles/controller_server.dir/src/controller_server.cpp.o[0m
[ 32%] [32mBuilding CXX object CMakeFiles/local_costmap_costmap_2d.dir/src/local_costmap_costmap_2d.cpp.o[0m
[ 39%] [32mBuilding CXX object CMakeFiles/local_costmap_obstacle_layer.dir/src/local_costmap_obstacle_layer.cpp.o[0m
[ 39%] [32mBuilding CXX object CMakeFiles/planner_server.dir/src/planner_server.cpp.o[0m
[ 42%] [32mBuilding CXX object CMakeFiles/waypoint_follower.dir/src/waypoint_follower.cpp.o[0m
[ 46%] [32mBuilding CXX object CMakeFiles/local_costmap_inflation_layer.dir/src/local_costmap_inflation_layer.cpp.o[0m
[ 50%] [32mBuilding CXX object CMakeFiles/lifecycle_manager.dir/src/lifecycle_manager.cpp.o[0m
[ 57%] [32m[1mLinking CXX executable local_costmap_costmap_2d[0m
[ 57%] [32m[1mLinking CXX executable global_costmap_costmap_2d[0m
[ 57%] Built target local_costmap_costmap_2d
[ 57%] Built target global_costmap_costmap_2d
[ 60%] [32m[1mLinking CXX executable global_costmap_global_costmap_updater[0m
[ 64%] [32m[1mLinking CXX executable local_costmap_inflation_layer[0m
[ 67%] [32m[1mLinking CXX executable local_costmap_local_costmap_updater[0m
[ 67%] Built target global_costmap_global_costmap_updater
[ 67%] Built target local_costmap_local_costmap_updater
[ 67%] Built target local_costmap_inflation_layer
[ 71%] [32m[1mLinking CXX executable lifecycle_manager[0m
[ 71%] Built target lifecycle_manager
[ 75%] [32m[1mLinking CXX executable waypoint_follower[0m
[ 78%] [32m[1mLinking CXX executable local_costmap_obstacle_layer[0m
[ 82%] [32m[1mLinking CXX executable local_costmap_local_costmap[0m
[ 85%] [32m[1mLinking CXX executable global_costmap_global_costmap[0m
[ 89%] [32m[1mLinking CXX executable planner_server[0m
[ 92%] [32m[1mLinking CXX executable amcl[0m
[ 92%] Built target waypoint_follower
[ 92%] Built target local_costmap_obstacle_layer
[ 96%] [32m[1mLinking CXX executable controller_server[0m
[ 96%] Built target global_costmap_global_costmap
[ 96%] Built target local_costmap_local_costmap
[ 96%] Built target amcl
[ 96%] Built target planner_server
[ 96%] Built target controller_server
[100%] [32m[1mLinking CXX executable bt_navigator[0m
[100%] Built target bt_navigator
-- Install configuration: ""
-- Installing: /home/yinyihao/ros2/install/generated_ros2_pkg/lib/generated_ros2_pkg/amcl
-- Set runtime path of "/home/yinyihao/ros2/install/generated_ros2_pkg/lib/generated_ros2_pkg/amcl" to ""
-- Installing: /home/yinyihao/ros2/install/generated_ros2_pkg/lib/generated_ros2_pkg/bt_navigator
-- Set runtime path of "/home/yinyihao/ros2/install/generated_ros2_pkg/lib/generated_ros2_pkg/bt_navigator" to ""
-- Installing: /home/yinyihao/ros2/install/generated_ros2_pkg/lib/generated_ros2_pkg/controller_server
-- Set runtime path of "/home/yinyihao/ros2/install/generated_ros2_pkg/lib/generated_ros2_pkg/controller_server" to ""
-- Installing: /home/yinyihao/ros2/install/generated_ros2_pkg/lib/generated_ros2_pkg/global_costmap_global_costmap
-- Set runtime path of "/home/yinyihao/ros2/install/generated_ros2_pkg/lib/generated_ros2_pkg/global_costmap_global_costmap" to ""
-- Installing: /home/yinyihao/ros2/install/generated_ros2_pkg/lib/generated_ros2_pkg/global_costmap_global_costmap_updater
-- Set runtime path of "/home/yinyihao/ros2/install/generated_ros2_pkg/lib/generated_ros2_pkg/global_costmap_global_costmap_updater" to ""
-- Installing: /home/yinyihao/ros2/install/generated_ros2_pkg/lib/generated_ros2_pkg/global_costmap_costmap_2d
-- Set runtime path of "/home/yinyihao/ros2/install/generated_ros2_pkg/lib/generated_ros2_pkg/global_costmap_costmap_2d" to ""
-- Installing: /home/yinyihao/ros2/install/generated_ros2_pkg/lib/generated_ros2_pkg/local_costmap_local_costmap
-- Set runtime path of "/home/yinyihao/ros2/install/generated_ros2_pkg/lib/generated_ros2_pkg/local_costmap_local_costmap" to ""
-- Installing: /home/yinyihao/ros2/install/generated_ros2_pkg/lib/generated_ros2_pkg/local_costmap_local_costmap_updater
-- Set runtime path of "/home/yinyihao/ros2/install/generated_ros2_pkg/lib/generated_ros2_pkg/local_costmap_local_costmap_updater" to ""
-- Installing: /home/yinyihao/ros2/install/generated_ros2_pkg/lib/generated_ros2_pkg/local_costmap_costmap_2d
-- Set runtime path of "/home/yinyihao/ros2/install/generated_ros2_pkg/lib/generated_ros2_pkg/local_costmap_costmap_2d" to ""
-- Installing: /home/yinyihao/ros2/install/generated_ros2_pkg/lib/generated_ros2_pkg/local_costmap_obstacle_layer
-- Set runtime path of "/home/yinyihao/ros2/install/generated_ros2_pkg/lib/generated_ros2_pkg/local_costmap_obstacle_layer" to ""
-- Installing: /home/yinyihao/ros2/install/generated_ros2_pkg/lib/generated_ros2_pkg/local_costmap_inflation_layer
-- Set runtime path of "/home/yinyihao/ros2/install/generated_ros2_pkg/lib/generated_ros2_pkg/local_costmap_inflation_layer" to ""
-- Installing: /home/yinyihao/ros2/install/generated_ros2_pkg/lib/generated_ros2_pkg/planner_server
-- Set runtime path of "/home/yinyihao/ros2/install/generated_ros2_pkg/lib/generated_ros2_pkg/planner_server" to ""
-- Installing: /home/yinyihao/ros2/install/generated_ros2_pkg/lib/generated_ros2_pkg/lifecycle_manager
-- Set runtime path of "/home/yinyihao/ros2/install/generated_ros2_pkg/lib/generated_ros2_pkg/lifecycle_manager" to ""
-- Installing: /home/yinyihao/ros2/install/generated_ros2_pkg/lib/generated_ros2_pkg/waypoint_follower
-- Set runtime path of "/home/yinyihao/ros2/install/generated_ros2_pkg/lib/generated_ros2_pkg/waypoint_follower" to ""
-- Installing: /home/yinyihao/ros2/install/generated_ros2_pkg/share/generated_ros2_pkg/launch
-- Installing: /home/yinyihao/ros2/install/generated_ros2_pkg/share/generated_ros2_pkg/launch/generated_system.launch.py
-- Installing: /home/yinyihao/ros2/install/generated_ros2_pkg/share/ament_index/resource_index/package_run_dependencies/generated_ros2_pkg
-- Installing: /home/yinyihao/ros2/install/generated_ros2_pkg/share/ament_index/resource_index/parent_prefix_path/generated_ros2_pkg
-- Installing: /home/yinyihao/ros2/install/generated_ros2_pkg/share/generated_ros2_pkg/environment/ament_prefix_path.sh
-- Installing: /home/yinyihao/ros2/install/generated_ros2_pkg/share/generated_ros2_pkg/environment/ament_prefix_path.dsv
-- Installing: /home/yinyihao/ros2/install/generated_ros2_pkg/share/generated_ros2_pkg/environment/path.sh
-- Installing: /home/yinyihao/ros2/install/generated_ros2_pkg/share/generated_ros2_pkg/environment/path.dsv
-- Installing: /home/yinyihao/ros2/install/generated_ros2_pkg/share/generated_ros2_pkg/local_setup.bash
-- Installing: /home/yinyihao/ros2/install/generated_ros2_pkg/share/generated_ros2_pkg/local_setup.sh
-- Installing: /home/yinyihao/ros2/install/generated_ros2_pkg/share/generated_ros2_pkg/local_setup.zsh
-- Installing: /home/yinyihao/ros2/install/generated_ros2_pkg/share/generated_ros2_pkg/local_setup.dsv
-- Installing: /home/yinyihao/ros2/install/generated_ros2_pkg/share/generated_ros2_pkg/package.dsv
-- Installing: /home/yinyihao/ros2/install/generated_ros2_pkg/share/ament_index/resource_index/packages/generated_ros2_pkg
-- Installing: /home/yinyihao/ros2/install/generated_ros2_pkg/share/generated_ros2_pkg/cmake/generated_ros2_pkgConfig.cmake
-- Installing: /home/yinyihao/ros2/install/generated_ros2_pkg/share/generated_ros2_pkg/cmake/generated_ros2_pkgConfig-version.cmake
-- Installing: /home/yinyihao/ros2/install/generated_ros2_pkg/share/generated_ros2_pkg/package.xml
