[0.017s] Invoking command in '/home/yinyihao/ros2/build/generated_ros2_pkg': CMAKE_PREFIX_PATH=${CMAKE_PREFIX_PATH}:/home/yinyihao/ros2/install/nav2_race_min:/opt/ros/humble /usr/bin/cmake /home/yinyihao/ros2/src/generated_ros2_pkg -DCMAKE_INSTALL_PREFIX=/home/yinyihao/ros2/install/generated_ros2_pkg
[0.340s] -- The C compiler identification is GNU 11.4.0
[1.315s] -- The CXX compiler identification is GNU 11.4.0
[1.936s] -- Detecting C compiler ABI info
[2.222s] -- Detecting C compiler ABI info - done
[2.227s] -- Check for working C compiler: /usr/bin/cc - skipped
[2.228s] -- Detecting C compile features
[2.229s] -- Detecting C compile features - done
[2.233s] -- Detecting CXX compiler ABI info
[2.464s] -- Detecting CXX compiler ABI info - done
[2.470s] -- Check for working CXX compiler: /usr/bin/c++ - skipped
[2.471s] -- Detecting CXX compile features
[2.471s] -- Detecting CXX compile features - done
[2.485s] -- Found ament_cmake: 1.3.12 (/opt/ros/humble/share/ament_cmake/cmake)
[2.596s] -- Found Python3: /usr/bin/python3 (found version "3.10.12") found components: Interpreter 
[2.690s] -- Found rclcpp: 16.0.16 (/opt/ros/humble/share/rclcpp/cmake)
[3.089s] -- Found rosidl_generator_c: 3.1.7 (/opt/ros/humble/share/rosidl_generator_c/cmake)
[3.096s] -- Found rosidl_adapter: 3.1.7 (/opt/ros/humble/share/rosidl_adapter/cmake)
[3.106s] -- Found rosidl_generator_cpp: 3.1.7 (/opt/ros/humble/share/rosidl_generator_cpp/cmake)
[3.123s] -- Using all available rosidl_typesupport_c: rosidl_typesupport_fastrtps_c;rosidl_typesupport_introspection_c
[3.143s] -- Using all available rosidl_typesupport_cpp: rosidl_typesupport_fastrtps_cpp;rosidl_typesupport_introspection_cpp
[3.202s] -- Found rmw_implementation_cmake: 6.1.2 (/opt/ros/humble/share/rmw_implementation_cmake/cmake)
[3.206s] -- Found rmw_fastrtps_cpp: 6.2.9 (/opt/ros/humble/share/rmw_fastrtps_cpp/cmake)
[6.202s] -- Found OpenSSL: /usr/lib/x86_64-linux-gnu/libcrypto.so (found version "3.0.2")  
[9.584s] -- Found FastRTPS: /opt/ros/humble/include  
[16.563s] -- Using RMW implementation 'rmw_fastrtps_cpp' as default
[16.577s] -- Looking for pthread.h
[16.889s] -- Looking for pthread.h - found
[16.889s] -- Performing Test CMAKE_HAVE_LIBC_PTHREAD
[17.136s] -- Performing Test CMAKE_HAVE_LIBC_PTHREAD - Success
[17.137s] -- Found Threads: TRUE  
[17.205s] -- Found std_srvs: 4.9.0 (/opt/ros/humble/share/std_srvs/cmake)
[17.279s] -- Configuring done
[17.324s] -- Generating done
[17.339s] -- Build files have been written to: /home/yinyihao/ros2/build/generated_ros2_pkg
[17.348s] Invoked command in '/home/yinyihao/ros2/build/generated_ros2_pkg' returned '0': CMAKE_PREFIX_PATH=${CMAKE_PREFIX_PATH}:/home/yinyihao/ros2/install/nav2_race_min:/opt/ros/humble /usr/bin/cmake /home/yinyihao/ros2/src/generated_ros2_pkg -DCMAKE_INSTALL_PREFIX=/home/yinyihao/ros2/install/generated_ros2_pkg
[17.349s] Invoking command in '/home/yinyihao/ros2/build/generated_ros2_pkg': CMAKE_PREFIX_PATH=${CMAKE_PREFIX_PATH}:/home/yinyihao/ros2/install/nav2_race_min:/opt/ros/humble /usr/bin/cmake --build /home/yinyihao/ros2/build/generated_ros2_pkg -- -j20 -l20
[17.389s] [  3%] [32mBuilding CXX object CMakeFiles/bt_navigator.dir/src/bt_navigator.cpp.o[0m
[17.390s] [ 14%] [32mBuilding CXX object CMakeFiles/global_costmap_global_costmap_updater.dir/src/global_costmap_global_costmap_updater.cpp.o[0m
[17.390s] [ 14%] [32mBuilding CXX object CMakeFiles/global_costmap_global_costmap.dir/src/global_costmap_global_costmap.cpp.o[0m
[17.390s] [ 14%] [32mBuilding CXX object CMakeFiles/amcl.dir/src/amcl.cpp.o[0m
[17.392s] [ 17%] [32mBuilding CXX object CMakeFiles/global_costmap_costmap_2d.dir/src/global_costmap_costmap_2d.cpp.o[0m
[17.392s] [ 25%] [32mBuilding CXX object CMakeFiles/local_costmap_local_costmap_updater.dir/src/local_costmap_local_costmap_updater.cpp.o[0m
[17.393s] [ 25%] [32mBuilding CXX object CMakeFiles/local_costmap_local_costmap.dir/src/local_costmap_local_costmap.cpp.o[0m
[17.394s] [ 28%] [32mBuilding CXX object CMakeFiles/controller_server.dir/src/controller_server.cpp.o[0m
[17.396s] [ 32%] [32mBuilding CXX object CMakeFiles/local_costmap_costmap_2d.dir/src/local_costmap_costmap_2d.cpp.o[0m
[17.397s] [ 39%] [32mBuilding CXX object CMakeFiles/local_costmap_obstacle_layer.dir/src/local_costmap_obstacle_layer.cpp.o[0m
[17.397s] [ 39%] [32mBuilding CXX object CMakeFiles/planner_server.dir/src/planner_server.cpp.o[0m
[17.399s] [ 42%] [32mBuilding CXX object CMakeFiles/waypoint_follower.dir/src/waypoint_follower.cpp.o[0m
[17.399s] [ 46%] [32mBuilding CXX object CMakeFiles/local_costmap_inflation_layer.dir/src/local_costmap_inflation_layer.cpp.o[0m
[17.403s] [ 50%] [32mBuilding CXX object CMakeFiles/lifecycle_manager.dir/src/lifecycle_manager.cpp.o[0m
[27.534s] [ 57%] [32m[1mLinking CXX executable local_costmap_costmap_2d[0m
[27.536s] [ 57%] [32m[1mLinking CXX executable global_costmap_costmap_2d[0m
[28.017s] [ 57%] Built target local_costmap_costmap_2d
[28.028s] [ 57%] Built target global_costmap_costmap_2d
[29.537s] [ 60%] [32m[1mLinking CXX executable global_costmap_global_costmap_updater[0m
[29.570s] [ 64%] [32m[1mLinking CXX executable local_costmap_inflation_layer[0m
[29.585s] [ 67%] [32m[1mLinking CXX executable local_costmap_local_costmap_updater[0m
[30.027s] [ 67%] Built target global_costmap_global_costmap_updater
[30.034s] [ 67%] Built target local_costmap_local_costmap_updater
[30.036s] [ 67%] Built target local_costmap_inflation_layer
[30.577s] [ 71%] [32m[1mLinking CXX executable lifecycle_manager[0m
[30.972s] [ 71%] Built target lifecycle_manager
[34.473s] [ 75%] [32m[1mLinking CXX executable waypoint_follower[0m
[34.511s] [ 78%] [32m[1mLinking CXX executable local_costmap_obstacle_layer[0m
[34.925s] [ 82%] [32m[1mLinking CXX executable local_costmap_local_costmap[0m
[34.951s] [ 85%] [32m[1mLinking CXX executable global_costmap_global_costmap[0m
[34.973s] [ 89%] [32m[1mLinking CXX executable planner_server[0m
[35.015s] [ 92%] [32m[1mLinking CXX executable amcl[0m
[35.034s] [ 92%] Built target waypoint_follower
[35.081s] [ 92%] Built target local_costmap_obstacle_layer
[35.193s] [ 96%] [32m[1mLinking CXX executable controller_server[0m
[35.495s] [ 96%] Built target global_costmap_global_costmap
[35.516s] [ 96%] Built target local_costmap_local_costmap
[35.564s] [ 96%] Built target amcl
[35.569s] [ 96%] Built target planner_server
[35.721s] [ 96%] Built target controller_server
[36.187s] [100%] [32m[1mLinking CXX executable bt_navigator[0m
[36.817s] [100%] Built target bt_navigator
[36.837s] Invoked command in '/home/yinyihao/ros2/build/generated_ros2_pkg' returned '0': CMAKE_PREFIX_PATH=${CMAKE_PREFIX_PATH}:/home/yinyihao/ros2/install/nav2_race_min:/opt/ros/humble /usr/bin/cmake --build /home/yinyihao/ros2/build/generated_ros2_pkg -- -j20 -l20
[36.850s] Invoking command in '/home/yinyihao/ros2/build/generated_ros2_pkg': CMAKE_PREFIX_PATH=${CMAKE_PREFIX_PATH}:/home/yinyihao/ros2/install/nav2_race_min:/opt/ros/humble /usr/bin/cmake --install /home/yinyihao/ros2/build/generated_ros2_pkg
[36.855s] -- Install configuration: ""
[36.857s] -- Installing: /home/yinyihao/ros2/install/generated_ros2_pkg/lib/generated_ros2_pkg/amcl
[36.861s] -- Set runtime path of "/home/yinyihao/ros2/install/generated_ros2_pkg/lib/generated_ros2_pkg/amcl" to ""
[36.861s] -- Installing: /home/yinyihao/ros2/install/generated_ros2_pkg/lib/generated_ros2_pkg/bt_navigator
[36.866s] -- Set runtime path of "/home/yinyihao/ros2/install/generated_ros2_pkg/lib/generated_ros2_pkg/bt_navigator" to ""
[36.866s] -- Installing: /home/yinyihao/ros2/install/generated_ros2_pkg/lib/generated_ros2_pkg/controller_server
[36.869s] -- Set runtime path of "/home/yinyihao/ros2/install/generated_ros2_pkg/lib/generated_ros2_pkg/controller_server" to ""
[36.869s] -- Installing: /home/yinyihao/ros2/install/generated_ros2_pkg/lib/generated_ros2_pkg/global_costmap_global_costmap
[36.872s] -- Set runtime path of "/home/yinyihao/ros2/install/generated_ros2_pkg/lib/generated_ros2_pkg/global_costmap_global_costmap" to ""
[36.872s] -- Installing: /home/yinyihao/ros2/install/generated_ros2_pkg/lib/generated_ros2_pkg/global_costmap_global_costmap_updater
[36.873s] -- Set runtime path of "/home/yinyihao/ros2/install/generated_ros2_pkg/lib/generated_ros2_pkg/global_costmap_global_costmap_updater" to ""
[36.873s] -- Installing: /home/yinyihao/ros2/install/generated_ros2_pkg/lib/generated_ros2_pkg/global_costmap_costmap_2d
[36.873s] -- Set runtime path of "/home/yinyihao/ros2/install/generated_ros2_pkg/lib/generated_ros2_pkg/global_costmap_costmap_2d" to ""
[36.873s] -- Installing: /home/yinyihao/ros2/install/generated_ros2_pkg/lib/generated_ros2_pkg/local_costmap_local_costmap
[36.877s] -- Set runtime path of "/home/yinyihao/ros2/install/generated_ros2_pkg/lib/generated_ros2_pkg/local_costmap_local_costmap" to ""
[36.877s] -- Installing: /home/yinyihao/ros2/install/generated_ros2_pkg/lib/generated_ros2_pkg/local_costmap_local_costmap_updater
[36.878s] -- Set runtime path of "/home/yinyihao/ros2/install/generated_ros2_pkg/lib/generated_ros2_pkg/local_costmap_local_costmap_updater" to ""
[36.878s] -- Installing: /home/yinyihao/ros2/install/generated_ros2_pkg/lib/generated_ros2_pkg/local_costmap_costmap_2d
[36.878s] -- Set runtime path of "/home/yinyihao/ros2/install/generated_ros2_pkg/lib/generated_ros2_pkg/local_costmap_costmap_2d" to ""
[36.878s] -- Installing: /home/yinyihao/ros2/install/generated_ros2_pkg/lib/generated_ros2_pkg/local_costmap_obstacle_layer
[36.881s] -- Set runtime path of "/home/yinyihao/ros2/install/generated_ros2_pkg/lib/generated_ros2_pkg/local_costmap_obstacle_layer" to ""
[36.881s] -- Installing: /home/yinyihao/ros2/install/generated_ros2_pkg/lib/generated_ros2_pkg/local_costmap_inflation_layer
[36.883s] -- Set runtime path of "/home/yinyihao/ros2/install/generated_ros2_pkg/lib/generated_ros2_pkg/local_costmap_inflation_layer" to ""
[36.883s] -- Installing: /home/yinyihao/ros2/install/generated_ros2_pkg/lib/generated_ros2_pkg/planner_server
[36.885s] -- Set runtime path of "/home/yinyihao/ros2/install/generated_ros2_pkg/lib/generated_ros2_pkg/planner_server" to ""
[36.885s] -- Installing: /home/yinyihao/ros2/install/generated_ros2_pkg/lib/generated_ros2_pkg/lifecycle_manager
[36.886s] -- Set runtime path of "/home/yinyihao/ros2/install/generated_ros2_pkg/lib/generated_ros2_pkg/lifecycle_manager" to ""
[36.887s] -- Installing: /home/yinyihao/ros2/install/generated_ros2_pkg/lib/generated_ros2_pkg/waypoint_follower
[36.889s] -- Set runtime path of "/home/yinyihao/ros2/install/generated_ros2_pkg/lib/generated_ros2_pkg/waypoint_follower" to ""
[36.890s] -- Installing: /home/yinyihao/ros2/install/generated_ros2_pkg/share/generated_ros2_pkg/launch
[36.892s] -- Installing: /home/yinyihao/ros2/install/generated_ros2_pkg/share/generated_ros2_pkg/launch/generated_system.launch.py
[36.893s] -- Installing: /home/yinyihao/ros2/install/generated_ros2_pkg/share/ament_index/resource_index/package_run_dependencies/generated_ros2_pkg
[36.893s] -- Installing: /home/yinyihao/ros2/install/generated_ros2_pkg/share/ament_index/resource_index/parent_prefix_path/generated_ros2_pkg
[36.894s] -- Installing: /home/yinyihao/ros2/install/generated_ros2_pkg/share/generated_ros2_pkg/environment/ament_prefix_path.sh
[36.895s] -- Installing: /home/yinyihao/ros2/install/generated_ros2_pkg/share/generated_ros2_pkg/environment/ament_prefix_path.dsv
[36.896s] -- Installing: /home/yinyihao/ros2/install/generated_ros2_pkg/share/generated_ros2_pkg/environment/path.sh
[36.896s] -- Installing: /home/yinyihao/ros2/install/generated_ros2_pkg/share/generated_ros2_pkg/environment/path.dsv
[36.896s] -- Installing: /home/yinyihao/ros2/install/generated_ros2_pkg/share/generated_ros2_pkg/local_setup.bash
[36.897s] -- Installing: /home/yinyihao/ros2/install/generated_ros2_pkg/share/generated_ros2_pkg/local_setup.sh
[36.897s] -- Installing: /home/yinyihao/ros2/install/generated_ros2_pkg/share/generated_ros2_pkg/local_setup.zsh
[36.898s] -- Installing: /home/yinyihao/ros2/install/generated_ros2_pkg/share/generated_ros2_pkg/local_setup.dsv
[36.898s] -- Installing: /home/yinyihao/ros2/install/generated_ros2_pkg/share/generated_ros2_pkg/package.dsv
[36.899s] -- Installing: /home/yinyihao/ros2/install/generated_ros2_pkg/share/ament_index/resource_index/packages/generated_ros2_pkg
[36.900s] -- Installing: /home/yinyihao/ros2/install/generated_ros2_pkg/share/generated_ros2_pkg/cmake/generated_ros2_pkgConfig.cmake
[36.900s] -- Installing: /home/yinyihao/ros2/install/generated_ros2_pkg/share/generated_ros2_pkg/cmake/generated_ros2_pkgConfig-version.cmake
[36.900s] -- Installing: /home/yinyihao/ros2/install/generated_ros2_pkg/share/generated_ros2_pkg/package.xml
[36.905s] Invoked command in '/home/yinyihao/ros2/build/generated_ros2_pkg' returned '0': CMAKE_PREFIX_PATH=${CMAKE_PREFIX_PATH}:/home/yinyihao/ros2/install/nav2_race_min:/opt/ros/humble /usr/bin/cmake --install /home/yinyihao/ros2/build/generated_ros2_pkg
