-- Found ament_cmake: 1.3.12 (/opt/ros/humble/share/ament_cmake/cmake)
-- Found rclcpp: 16.0.16 (/opt/ros/humble/share/rclcpp/cmake)
-- Found rosidl_generator_c: 3.1.7 (/opt/ros/humble/share/rosidl_generator_c/cmake)
-- Found rosidl_adapter: 3.1.7 (/opt/ros/humble/share/rosidl_adapter/cmake)
-- Found rosidl_generator_cpp: 3.1.7 (/opt/ros/humble/share/rosidl_generator_cpp/cmake)
-- Using all available rosidl_typesupport_c: rosidl_typesupport_fastrtps_c;rosidl_typesupport_introspection_c
-- Using all available rosidl_typesupport_cpp: rosidl_typesupport_fastrtps_cpp;rosidl_typesupport_introspection_cpp
-- Found rmw_implementation_cmake: 6.1.2 (/opt/ros/humble/share/rmw_implementation_cmake/cmake)
-- Found rmw_fastrtps_cpp: 6.2.9 (/opt/ros/humble/share/rmw_fastrtps_cpp/cmake)
-- Using RMW implementation 'rmw_fastrtps_cpp' as default
-- Found std_srvs: 4.9.0 (/opt/ros/humble/share/std_srvs/cmake)
-- Configuring done
-- Generating done
-- Build files have been written to: /home/yinyihao/ros2/build/generated_ros2_pkg
[  3%] [32mBuilding CXX object CMakeFiles/nav2_amcl_amcl.dir/src/nav2_amcl_amcl.cpp.o[0m
[  7%] [32m[1mLinking CXX executable nav2_amcl_amcl[0m
[  7%] Built target nav2_amcl_amcl
[ 11%] [32mBuilding CXX object CMakeFiles/nav2_behavior_server_behavior_server.dir/src/nav2_behavior_server_behavior_server.cpp.o[0m
[ 15%] [32m[1mLinking CXX executable nav2_behavior_server_behavior_server[0m
[ 15%] Built target nav2_behavior_server_behavior_server
[ 19%] [32mBuilding CXX object CMakeFiles/nav2_bringup_nav2_bringup.dir/src/nav2_bringup_nav2_bringup.cpp.o[0m
[ 23%] [32m[1mLinking CXX executable nav2_bringup_nav2_bringup[0m
[ 23%] Built target nav2_bringup_nav2_bringup
[ 26%] [32mBuilding CXX object CMakeFiles/nav2_bt_navigator_bt_navigator.dir/src/nav2_bt_navigator_bt_navigator.cpp.o[0m
[ 30%] [32m[1mLinking CXX executable nav2_bt_navigator_bt_navigator[0m
[ 30%] Built target nav2_bt_navigator_bt_navigator
[ 34%] [32mBuilding CXX object CMakeFiles/nav2_controller_controller_server.dir/src/nav2_controller_controller_server.cpp.o[0m
[ 38%] [32m[1mLinking CXX executable nav2_controller_controller_server[0m
[ 38%] Built target nav2_controller_controller_server
[ 42%] [32mBuilding CXX object CMakeFiles/nav2_costmap_2d_costmap.dir/src/nav2_costmap_2d_costmap.cpp.o[0m
[ 46%] [32m[1mLinking CXX executable nav2_costmap_2d_costmap[0m
[ 46%] Built target nav2_costmap_2d_costmap
[ 50%] [32mBuilding CXX object CMakeFiles/nav2_lifecycle_manager_lifecycle_manager_localization.dir/src/nav2_lifecycle_manager_lifecycle_manager_localization.cpp.o[0m
[ 53%] [32m[1mLinking CXX executable nav2_lifecycle_manager_lifecycle_manager_localization[0m
[ 53%] Built target nav2_lifecycle_manager_lifecycle_manager_localization
[ 57%] [32mBuilding CXX object CMakeFiles/nav2_lifecycle_manager_lifecycle_manager_navigation.dir/src/nav2_lifecycle_manager_lifecycle_manager_navigation.cpp.o[0m
[ 61%] [32m[1mLinking CXX executable nav2_lifecycle_manager_lifecycle_manager_navigation[0m
[ 61%] Built target nav2_lifecycle_manager_lifecycle_manager_navigation
[ 65%] [32mBuilding CXX object CMakeFiles/nav2_map_server_map_server.dir/src/nav2_map_server_map_server.cpp.o[0m
[ 69%] [32m[1mLinking CXX executable nav2_map_server_map_server[0m
[ 69%] Built target nav2_map_server_map_server
[ 73%] [32mBuilding CXX object CMakeFiles/nav2_planner_planner_server.dir/src/nav2_planner_planner_server.cpp.o[0m
[ 76%] [32m[1mLinking CXX executable nav2_planner_planner_server[0m
[ 76%] Built target nav2_planner_planner_server
[ 80%] [32mBuilding CXX object CMakeFiles/nav2_smoother_smoother_server.dir/src/nav2_smoother_smoother_server.cpp.o[0m
[ 84%] [32m[1mLinking CXX executable nav2_smoother_smoother_server[0m
[ 84%] Built target nav2_smoother_smoother_server
[ 88%] [32mBuilding CXX object CMakeFiles/nav2_velocity_smoother_velocity_smoother.dir/src/nav2_velocity_smoother_velocity_smoother.cpp.o[0m
[ 92%] [32m[1mLinking CXX executable nav2_velocity_smoother_velocity_smoother[0m
[ 92%] Built target nav2_velocity_smoother_velocity_smoother
[ 96%] [32mBuilding CXX object CMakeFiles/nav2_waypoint_follower_waypoint_follower.dir/src/nav2_waypoint_follower_waypoint_follower.cpp.o[0m
[100%] [32m[1mLinking CXX executable nav2_waypoint_follower_waypoint_follower[0m
[100%] Built target nav2_waypoint_follower_waypoint_follower
-- Install configuration: ""
-- Installing: /home/yinyihao/ros2/install/generated_ros2_pkg/lib/generated_ros2_pkg/nav2_amcl_amcl
-- Set runtime path of "/home/yinyihao/ros2/install/generated_ros2_pkg/lib/generated_ros2_pkg/nav2_amcl_amcl" to ""
-- Installing: /home/yinyihao/ros2/install/generated_ros2_pkg/lib/generated_ros2_pkg/nav2_behavior_server_behavior_server
-- Set runtime path of "/home/yinyihao/ros2/install/generated_ros2_pkg/lib/generated_ros2_pkg/nav2_behavior_server_behavior_server" to ""
-- Installing: /home/yinyihao/ros2/install/generated_ros2_pkg/lib/generated_ros2_pkg/nav2_bringup_nav2_bringup
-- Set runtime path of "/home/yinyihao/ros2/install/generated_ros2_pkg/lib/generated_ros2_pkg/nav2_bringup_nav2_bringup" to ""
-- Installing: /home/yinyihao/ros2/install/generated_ros2_pkg/lib/generated_ros2_pkg/nav2_bt_navigator_bt_navigator
-- Set runtime path of "/home/yinyihao/ros2/install/generated_ros2_pkg/lib/generated_ros2_pkg/nav2_bt_navigator_bt_navigator" to ""
-- Installing: /home/yinyihao/ros2/install/generated_ros2_pkg/lib/generated_ros2_pkg/nav2_controller_controller_server
-- Set runtime path of "/home/yinyihao/ros2/install/generated_ros2_pkg/lib/generated_ros2_pkg/nav2_controller_controller_server" to ""
-- Installing: /home/yinyihao/ros2/install/generated_ros2_pkg/lib/generated_ros2_pkg/nav2_costmap_2d_costmap
-- Set runtime path of "/home/yinyihao/ros2/install/generated_ros2_pkg/lib/generated_ros2_pkg/nav2_costmap_2d_costmap" to ""
-- Installing: /home/yinyihao/ros2/install/generated_ros2_pkg/lib/generated_ros2_pkg/nav2_lifecycle_manager_lifecycle_manager_localization
-- Set runtime path of "/home/yinyihao/ros2/install/generated_ros2_pkg/lib/generated_ros2_pkg/nav2_lifecycle_manager_lifecycle_manager_localization" to ""
-- Installing: /home/yinyihao/ros2/install/generated_ros2_pkg/lib/generated_ros2_pkg/nav2_lifecycle_manager_lifecycle_manager_navigation
-- Set runtime path of "/home/yinyihao/ros2/install/generated_ros2_pkg/lib/generated_ros2_pkg/nav2_lifecycle_manager_lifecycle_manager_navigation" to ""
-- Installing: /home/yinyihao/ros2/install/generated_ros2_pkg/lib/generated_ros2_pkg/nav2_map_server_map_server
-- Set runtime path of "/home/yinyihao/ros2/install/generated_ros2_pkg/lib/generated_ros2_pkg/nav2_map_server_map_server" to ""
-- Installing: /home/yinyihao/ros2/install/generated_ros2_pkg/lib/generated_ros2_pkg/nav2_planner_planner_server
-- Set runtime path of "/home/yinyihao/ros2/install/generated_ros2_pkg/lib/generated_ros2_pkg/nav2_planner_planner_server" to ""
-- Installing: /home/yinyihao/ros2/install/generated_ros2_pkg/lib/generated_ros2_pkg/nav2_smoother_smoother_server
-- Set runtime path of "/home/yinyihao/ros2/install/generated_ros2_pkg/lib/generated_ros2_pkg/nav2_smoother_smoother_server" to ""
-- Installing: /home/yinyihao/ros2/install/generated_ros2_pkg/lib/generated_ros2_pkg/nav2_velocity_smoother_velocity_smoother
-- Set runtime path of "/home/yinyihao/ros2/install/generated_ros2_pkg/lib/generated_ros2_pkg/nav2_velocity_smoother_velocity_smoother" to ""
-- Installing: /home/yinyihao/ros2/install/generated_ros2_pkg/lib/generated_ros2_pkg/nav2_waypoint_follower_waypoint_follower
-- Set runtime path of "/home/yinyihao/ros2/install/generated_ros2_pkg/lib/generated_ros2_pkg/nav2_waypoint_follower_waypoint_follower" to ""
-- Up-to-date: /home/yinyihao/ros2/install/generated_ros2_pkg/share/generated_ros2_pkg/launch
-- Installing: /home/yinyihao/ros2/install/generated_ros2_pkg/share/generated_ros2_pkg/launch/generated_system.launch.py
-- Up-to-date: /home/yinyihao/ros2/install/generated_ros2_pkg/share/ament_index/resource_index/package_run_dependencies/generated_ros2_pkg
-- Up-to-date: /home/yinyihao/ros2/install/generated_ros2_pkg/share/ament_index/resource_index/parent_prefix_path/generated_ros2_pkg
-- Up-to-date: /home/yinyihao/ros2/install/generated_ros2_pkg/share/generated_ros2_pkg/environment/ament_prefix_path.sh
-- Installing: /home/yinyihao/ros2/install/generated_ros2_pkg/share/generated_ros2_pkg/environment/ament_prefix_path.dsv
-- Up-to-date: /home/yinyihao/ros2/install/generated_ros2_pkg/share/generated_ros2_pkg/environment/path.sh
-- Installing: /home/yinyihao/ros2/install/generated_ros2_pkg/share/generated_ros2_pkg/environment/path.dsv
-- Up-to-date: /home/yinyihao/ros2/install/generated_ros2_pkg/share/generated_ros2_pkg/local_setup.bash
-- Up-to-date: /home/yinyihao/ros2/install/generated_ros2_pkg/share/generated_ros2_pkg/local_setup.sh
-- Up-to-date: /home/yinyihao/ros2/install/generated_ros2_pkg/share/generated_ros2_pkg/local_setup.zsh
-- Installing: /home/yinyihao/ros2/install/generated_ros2_pkg/share/generated_ros2_pkg/local_setup.dsv
-- Installing: /home/yinyihao/ros2/install/generated_ros2_pkg/share/generated_ros2_pkg/package.dsv
-- Up-to-date: /home/yinyihao/ros2/install/generated_ros2_pkg/share/ament_index/resource_index/packages/generated_ros2_pkg
-- Up-to-date: /home/yinyihao/ros2/install/generated_ros2_pkg/share/generated_ros2_pkg/cmake/generated_ros2_pkgConfig.cmake
-- Up-to-date: /home/yinyihao/ros2/install/generated_ros2_pkg/share/generated_ros2_pkg/cmake/generated_ros2_pkgConfig-version.cmake
-- Installing: /home/yinyihao/ros2/install/generated_ros2_pkg/share/generated_ros2_pkg/package.xml
