-- Found ament_cmake: 1.3.12 (/opt/ros/humble/share/ament_cmake/cmake)
-- Found rclcpp: 16.0.16 (/opt/ros/humble/share/rclcpp/cmake)
-- Found rosidl_generator_c: 3.1.7 (/opt/ros/humble/share/rosidl_generator_c/cmake)
-- Found rosidl_adapter: 3.1.7 (/opt/ros/humble/share/rosidl_adapter/cmake)
-- Found rosidl_generator_cpp: 3.1.7 (/opt/ros/humble/share/rosidl_generator_cpp/cmake)
-- Using all available rosidl_typesupport_c: rosidl_typesupport_fastrtps_c;rosidl_typesupport_introspection_c
-- Using all available rosidl_typesupport_cpp: rosidl_typesupport_fastrtps_cpp;rosidl_typesupport_introspection_cpp
-- Found rmw_implementation_cmake: 6.1.2 (/opt/ros/humble/share/rmw_implementation_cmake/cmake)
-- Found rmw_fastrtps_cpp: 6.2.9 (/opt/ros/humble/share/rmw_fastrtps_cpp/cmake)
-- Using RMW implementation 'rmw_fastrtps_cpp' as default
-- Found rclcpp_lifecycle: 16.0.16 (/opt/ros/humble/share/rclcpp_lifecycle/cmake)
-- Found rclcpp_action: 16.0.16 (/opt/ros/humble/share/rclcpp_action/cmake)
-- Found nav2_msgs: 1.1.20 (/opt/ros/humble/share/nav2_msgs/cmake)
-- Configuring done
-- Generating done
-- Build files have been written to: /home/yinyihao/ros2/build/nav2_race_cpp
[35m[1mConsolidate compiler generated dependencies of target lifecycle_manager_navigation_mini[0m
[35m[1mConsolidate compiler generated dependencies of target planner_server_mini[0m
[35m[1mConsolidate compiler generated dependencies of target controller_server_mini[0m
[35m[1mConsolidate compiler generated dependencies of target bt_navigator_mini[0m
[ 12%] [32mBuilding CXX object CMakeFiles/lifecycle_manager_navigation_mini.dir/src/lifecycle_manager_navigation_mini.cpp.o[0m
[ 50%] [32mBuilding CXX object CMakeFiles/planner_server_mini.dir/src/planner_server_mini.cpp.o[0m
[ 50%] [32mBuilding CXX object CMakeFiles/bt_navigator_mini.dir/src/bt_navigator_mini.cpp.o[0m
[ 50%] [32mBuilding CXX object CMakeFiles/controller_server_mini.dir/src/controller_server_mini.cpp.o[0m
[ 62%] [32m[1mLinking CXX executable planner_server_mini[0m
[ 75%] [32m[1mLinking CXX executable lifecycle_manager_navigation_mini[0m
[ 75%] Built target planner_server_mini
[ 75%] Built target lifecycle_manager_navigation_mini
[ 87%] [32m[1mLinking CXX executable controller_server_mini[0m
[ 87%] Built target controller_server_mini
[100%] [32m[1mLinking CXX executable bt_navigator_mini[0m
[100%] Built target bt_navigator_mini
-- Install configuration: ""
-- Installing: /home/yinyihao/ros2/install/nav2_race_cpp/lib/nav2_race_cpp/bt_navigator_mini
-- Set runtime path of "/home/yinyihao/ros2/install/nav2_race_cpp/lib/nav2_race_cpp/bt_navigator_mini" to ""
-- Installing: /home/yinyihao/ros2/install/nav2_race_cpp/lib/nav2_race_cpp/planner_server_mini
-- Set runtime path of "/home/yinyihao/ros2/install/nav2_race_cpp/lib/nav2_race_cpp/planner_server_mini" to ""
-- Installing: /home/yinyihao/ros2/install/nav2_race_cpp/lib/nav2_race_cpp/controller_server_mini
-- Set runtime path of "/home/yinyihao/ros2/install/nav2_race_cpp/lib/nav2_race_cpp/controller_server_mini" to ""
-- Installing: /home/yinyihao/ros2/install/nav2_race_cpp/lib/nav2_race_cpp/lifecycle_manager_navigation_mini
-- Set runtime path of "/home/yinyihao/ros2/install/nav2_race_cpp/lib/nav2_race_cpp/lifecycle_manager_navigation_mini" to ""
-- Up-to-date: /home/yinyihao/ros2/install/nav2_race_cpp/share/nav2_race_cpp/launch
-- Installing: /home/yinyihao/ros2/install/nav2_race_cpp/share/nav2_race_cpp/launch/nav2_race_cpp.launch.py
-- Up-to-date: /home/yinyihao/ros2/install/nav2_race_cpp/share/ament_index/resource_index/package_run_dependencies/nav2_race_cpp
-- Installing: /home/yinyihao/ros2/install/nav2_race_cpp/share/ament_index/resource_index/parent_prefix_path/nav2_race_cpp
-- Up-to-date: /home/yinyihao/ros2/install/nav2_race_cpp/share/nav2_race_cpp/environment/ament_prefix_path.sh
-- Installing: /home/yinyihao/ros2/install/nav2_race_cpp/share/nav2_race_cpp/environment/ament_prefix_path.dsv
-- Up-to-date: /home/yinyihao/ros2/install/nav2_race_cpp/share/nav2_race_cpp/environment/path.sh
-- Installing: /home/yinyihao/ros2/install/nav2_race_cpp/share/nav2_race_cpp/environment/path.dsv
-- Up-to-date: /home/yinyihao/ros2/install/nav2_race_cpp/share/nav2_race_cpp/local_setup.bash
-- Up-to-date: /home/yinyihao/ros2/install/nav2_race_cpp/share/nav2_race_cpp/local_setup.sh
-- Up-to-date: /home/yinyihao/ros2/install/nav2_race_cpp/share/nav2_race_cpp/local_setup.zsh
-- Installing: /home/yinyihao/ros2/install/nav2_race_cpp/share/nav2_race_cpp/local_setup.dsv
-- Installing: /home/yinyihao/ros2/install/nav2_race_cpp/share/nav2_race_cpp/package.dsv
-- Up-to-date: /home/yinyihao/ros2/install/nav2_race_cpp/share/ament_index/resource_index/packages/nav2_race_cpp
-- Up-to-date: /home/yinyihao/ros2/install/nav2_race_cpp/share/nav2_race_cpp/cmake/nav2_race_cppConfig.cmake
-- Up-to-date: /home/yinyihao/ros2/install/nav2_race_cpp/share/nav2_race_cpp/cmake/nav2_race_cppConfig-version.cmake
-- Installing: /home/yinyihao/ros2/install/nav2_race_cpp/share/nav2_race_cpp/package.xml
