[0.009s] Invoking command in '/home/yinyihao/ros2/build/nav2_race_cpp': CMAKE_PREFIX_PATH=/opt/ros/humble /usr/bin/cmake --build /home/yinyihao/ros2/build/nav2_race_cpp -- -j20 -l20
[0.042s] [35m[1mConsolidate compiler generated dependencies of target planner_server_mini[0m
[0.043s] [35m[1mConsolidate compiler generated dependencies of target bt_navigator_mini[0m
[0.056s] [ 25%] Built target controller_server_mini
[0.057s] [ 50%] Built target lifecycle_manager_navigation_mini
[0.062s] [ 75%] [32mBuilding CXX object CMakeFiles/planner_server_mini.dir/src/planner_server_mini.cpp.o[0m
[0.062s] [ 75%] [32mBuilding CXX object CMakeFiles/bt_navigator_mini.dir/src/bt_navigator_mini.cpp.o[0m
[4.357s] [ 87%] [32m[1mLinking CXX executable planner_server_mini[0m
[4.738s] [ 87%] Built target planner_server_mini
[9.073s] [100%] [32m[1mLinking CXX executable bt_navigator_mini[0m
[9.947s] [100%] Built target bt_navigator_mini
[9.961s] Invoked command in '/home/yinyihao/ros2/build/nav2_race_cpp' returned '0': CMAKE_PREFIX_PATH=/opt/ros/humble /usr/bin/cmake --build /home/yinyihao/ros2/build/nav2_race_cpp -- -j20 -l20
[9.967s] Invoking command in '/home/yinyihao/ros2/build/nav2_race_cpp': CMAKE_PREFIX_PATH=/opt/ros/humble /usr/bin/cmake --install /home/yinyihao/ros2/build/nav2_race_cpp
[9.971s] -- Install configuration: ""
[9.972s] -- Installing: /home/yinyihao/ros2/install/nav2_race_cpp/lib/nav2_race_cpp/bt_navigator_mini
[9.977s] -- Set runtime path of "/home/yinyihao/ros2/install/nav2_race_cpp/lib/nav2_race_cpp/bt_navigator_mini" to ""
[9.977s] -- Installing: /home/yinyihao/ros2/install/nav2_race_cpp/lib/nav2_race_cpp/planner_server_mini
[9.979s] -- Set runtime path of "/home/yinyihao/ros2/install/nav2_race_cpp/lib/nav2_race_cpp/planner_server_mini" to ""
[9.979s] -- Installing: /home/yinyihao/ros2/install/nav2_race_cpp/lib/nav2_race_cpp/controller_server_mini
[9.985s] -- Set runtime path of "/home/yinyihao/ros2/install/nav2_race_cpp/lib/nav2_race_cpp/controller_server_mini" to ""
[9.986s] -- Installing: /home/yinyihao/ros2/install/nav2_race_cpp/lib/nav2_race_cpp/lifecycle_manager_navigation_mini
[9.987s] -- Set runtime path of "/home/yinyihao/ros2/install/nav2_race_cpp/lib/nav2_race_cpp/lifecycle_manager_navigation_mini" to ""
[9.988s] -- Installing: /home/yinyihao/ros2/install/nav2_race_cpp/share/nav2_race_cpp/launch
[9.988s] -- Installing: /home/yinyihao/ros2/install/nav2_race_cpp/share/nav2_race_cpp/launch/nav2_race_cpp.launch.py
[9.989s] -- Installing: /home/yinyihao/ros2/install/nav2_race_cpp/share/ament_index/resource_index/package_run_dependencies/nav2_race_cpp
[9.989s] -- Installing: /home/yinyihao/ros2/install/nav2_race_cpp/share/ament_index/resource_index/parent_prefix_path/nav2_race_cpp
[9.989s] -- Installing: /home/yinyihao/ros2/install/nav2_race_cpp/share/nav2_race_cpp/environment/ament_prefix_path.sh
[9.989s] -- Installing: /home/yinyihao/ros2/install/nav2_race_cpp/share/nav2_race_cpp/environment/ament_prefix_path.dsv
[9.990s] -- Installing: /home/yinyihao/ros2/install/nav2_race_cpp/share/nav2_race_cpp/environment/path.sh
[9.990s] -- Installing: /home/yinyihao/ros2/install/nav2_race_cpp/share/nav2_race_cpp/environment/path.dsv
[9.990s] -- Installing: /home/yinyihao/ros2/install/nav2_race_cpp/share/nav2_race_cpp/local_setup.bash
[9.990s] -- Installing: /home/yinyihao/ros2/install/nav2_race_cpp/share/nav2_race_cpp/local_setup.sh
[9.990s] -- Installing: /home/yinyihao/ros2/install/nav2_race_cpp/share/nav2_race_cpp/local_setup.zsh
[9.990s] -- Installing: /home/yinyihao/ros2/install/nav2_race_cpp/share/nav2_race_cpp/local_setup.dsv
[9.990s] -- Installing: /home/yinyihao/ros2/install/nav2_race_cpp/share/nav2_race_cpp/package.dsv
[9.990s] -- Installing: /home/yinyihao/ros2/install/nav2_race_cpp/share/ament_index/resource_index/packages/nav2_race_cpp
[9.991s] -- Installing: /home/yinyihao/ros2/install/nav2_race_cpp/share/nav2_race_cpp/cmake/nav2_race_cppConfig.cmake
[9.991s] -- Installing: /home/yinyihao/ros2/install/nav2_race_cpp/share/nav2_race_cpp/cmake/nav2_race_cppConfig-version.cmake
[9.991s] -- Installing: /home/yinyihao/ros2/install/nav2_race_cpp/share/nav2_race_cpp/package.xml
[9.994s] Invoked command in '/home/yinyihao/ros2/build/nav2_race_cpp' returned '0': CMAKE_PREFIX_PATH=/opt/ros/humble /usr/bin/cmake --install /home/yinyihao/ros2/build/nav2_race_cpp
