[0.310s] DEBUG:colcon:Command line arguments: ['/usr/bin/colcon', 'build', '--packages-select', 'generated_ros2_pkg']
[0.310s] DEBUG:colcon:Parsed command line arguments: Namespace(log_base=None, log_level=None, verb_name='build', build_base='build', install_base='install', merge_install=False, symlink_install=False, test_result_base=None, continue_on_error=False, executor='parallel', parallel_workers=20, event_handlers=None, ignore_user_meta=False, metas=['./colcon.meta'], base_paths=['.'], packages_ignore=None, packages_ignore_regex=None, paths=None, packages_up_to=None, packages_up_to_regex=None, packages_above=None, packages_above_and_dependencies=None, packages_above_depth=None, packages_select_by_dep=None, packages_skip_by_dep=None, packages_skip_up_to=None, packages_select_build_failed=False, packages_skip_build_finished=False, packages_select_test_failures=False, packages_skip_test_passed=False, packages_select=['generated_ros2_pkg'], packages_skip=None, packages_select_regex=None, packages_skip_regex=None, packages_start=None, packages_end=None, allow_overriding=[], cmake_args=None, cmake_target=None, cmake_target_skip_unavailable=False, cmake_clean_cache=False, cmake_clean_first=False, cmake_force_configure=False, ament_cmake_args=None, catkin_cmake_args=None, catkin_skip_building_tests=False, verb_parser=<colcon_defaults.argument_parser.defaults.DefaultArgumentsDecorator object at 0x7f6e73fcfa90>, verb_extension=<colcon_core.verb.build.BuildVerb object at 0x7f6e73fce9e0>, main=<bound method BuildVerb.main of <colcon_core.verb.build.BuildVerb object at 0x7f6e73fce9e0>>)
[0.565s] Level 1:colcon.colcon_core.package_discovery:discover_packages(colcon_meta) check parameters
[0.565s] Level 1:colcon.colcon_core.package_discovery:discover_packages(recursive) check parameters
[0.565s] Level 1:colcon.colcon_core.package_discovery:discover_packages(ignore) check parameters
[0.565s] Level 1:colcon.colcon_core.package_discovery:discover_packages(path) check parameters
[0.565s] Level 1:colcon.colcon_core.package_discovery:discover_packages(colcon_meta) discover
[0.565s] Level 1:colcon.colcon_core.package_discovery:discover_packages(recursive) discover
[0.565s] INFO:colcon.colcon_core.package_discovery:Crawling recursively for packages in '/home/yinyihao/ros2'
[0.565s] Level 1:colcon.colcon_core.package_identification:_identify(.) by extensions ['ignore', 'ignore_ament_install']
[0.566s] Level 1:colcon.colcon_core.package_identification:_identify(.) by extension 'ignore'
[0.566s] Level 1:colcon.colcon_core.package_identification:_identify(.) by extension 'ignore_ament_install'
[0.566s] Level 1:colcon.colcon_core.package_identification:_identify(.) by extensions ['colcon_pkg']
[0.566s] Level 1:colcon.colcon_core.package_identification:_identify(.) by extension 'colcon_pkg'
[0.567s] INFO:colcon.colcon_metadata.metadata.colcon_pkg:Setting name 'ros2_ws' of package '.' from colcon.pkg
[0.567s] DEBUG:colcon.colcon_core.package_identification:Package '.' with type 'None' and name 'ros2_ws'
[0.567s] Level 1:colcon.colcon_core.package_identification:_identify(.) by extensions ['colcon_meta']
[0.567s] Level 1:colcon.colcon_core.package_identification:_identify(.) by extension 'colcon_meta'
[0.568s] Level 1:colcon.colcon_core.package_identification:_identify(.) by extensions ['ros']
[0.568s] Level 1:colcon.colcon_core.package_identification:_identify(.) by extension 'ros'
[0.586s] Level 1:colcon.colcon_core.package_identification:_identify(.) by extensions ['cmake', 'python']
[0.586s] Level 1:colcon.colcon_core.package_identification:_identify(.) by extension 'cmake'
[0.586s] Level 1:colcon.colcon_core.package_identification:_identify(.) by extension 'python'
[0.586s] Level 1:colcon.colcon_core.package_identification:_identify(.) by extensions ['python_setup_py']
[0.586s] Level 1:colcon.colcon_core.package_identification:_identify(.) by extension 'python_setup_py'
[0.586s] WARNING:colcon.colcon_core.package_identification:package '.' has type or name but is incomplete
[0.586s] Level 1:colcon.colcon_core.package_identification:_identify(build) by extensions ['ignore', 'ignore_ament_install']
[0.587s] Level 1:colcon.colcon_core.package_identification:_identify(build) by extension 'ignore'
[0.587s] Level 1:colcon.colcon_core.package_identification:_identify(build) ignored
[0.587s] Level 1:colcon.colcon_core.package_identification:_identify(graph) by extensions ['ignore', 'ignore_ament_install']
[0.587s] Level 1:colcon.colcon_core.package_identification:_identify(graph) by extension 'ignore'
[0.587s] Level 1:colcon.colcon_core.package_identification:_identify(graph) by extension 'ignore_ament_install'
[0.587s] Level 1:colcon.colcon_core.package_identification:_identify(graph) by extensions ['colcon_pkg']
[0.587s] Level 1:colcon.colcon_core.package_identification:_identify(graph) by extension 'colcon_pkg'
[0.587s] Level 1:colcon.colcon_core.package_identification:_identify(graph) by extensions ['colcon_meta']
[0.587s] Level 1:colcon.colcon_core.package_identification:_identify(graph) by extension 'colcon_meta'
[0.587s] Level 1:colcon.colcon_core.package_identification:_identify(graph) by extensions ['ros']
[0.587s] Level 1:colcon.colcon_core.package_identification:_identify(graph) by extension 'ros'
[0.587s] Level 1:colcon.colcon_core.package_identification:_identify(graph) by extensions ['cmake', 'python']
[0.588s] Level 1:colcon.colcon_core.package_identification:_identify(graph) by extension 'cmake'
[0.588s] Level 1:colcon.colcon_core.package_identification:_identify(graph) by extension 'python'
[0.588s] Level 1:colcon.colcon_core.package_identification:_identify(graph) by extensions ['python_setup_py']
[0.588s] Level 1:colcon.colcon_core.package_identification:_identify(graph) by extension 'python_setup_py'
[0.588s] Level 1:colcon.colcon_core.package_identification:_identify(install) by extensions ['ignore', 'ignore_ament_install']
[0.588s] Level 1:colcon.colcon_core.package_identification:_identify(install) by extension 'ignore'
[0.588s] Level 1:colcon.colcon_core.package_identification:_identify(install) ignored
[0.588s] Level 1:colcon.colcon_core.package_identification:_identify(log) by extensions ['ignore', 'ignore_ament_install']
[0.588s] Level 1:colcon.colcon_core.package_identification:_identify(log) by extension 'ignore'
[0.588s] Level 1:colcon.colcon_core.package_identification:_identify(log) ignored
[0.588s] Level 1:colcon.colcon_core.package_identification:_identify(src) by extensions ['ignore', 'ignore_ament_install']
[0.588s] Level 1:colcon.colcon_core.package_identification:_identify(src) by extension 'ignore'
[0.588s] Level 1:colcon.colcon_core.package_identification:_identify(src) by extension 'ignore_ament_install'
[0.588s] Level 1:colcon.colcon_core.package_identification:_identify(src) by extensions ['colcon_pkg']
[0.588s] Level 1:colcon.colcon_core.package_identification:_identify(src) by extension 'colcon_pkg'
[0.588s] Level 1:colcon.colcon_core.package_identification:_identify(src) by extensions ['colcon_meta']
[0.588s] Level 1:colcon.colcon_core.package_identification:_identify(src) by extension 'colcon_meta'
[0.589s] Level 1:colcon.colcon_core.package_identification:_identify(src) by extensions ['ros']
[0.589s] Level 1:colcon.colcon_core.package_identification:_identify(src) by extension 'ros'
[0.589s] Level 1:colcon.colcon_core.package_identification:_identify(src) by extensions ['cmake', 'python']
[0.589s] Level 1:colcon.colcon_core.package_identification:_identify(src) by extension 'cmake'
[0.589s] Level 1:colcon.colcon_core.package_identification:_identify(src) by extension 'python'
[0.589s] Level 1:colcon.colcon_core.package_identification:_identify(src) by extensions ['python_setup_py']
[0.589s] Level 1:colcon.colcon_core.package_identification:_identify(src) by extension 'python_setup_py'
[0.589s] Level 1:colcon.colcon_core.package_identification:_identify(src/generated_ros2_pkg) by extensions ['ignore', 'ignore_ament_install']
[0.589s] Level 1:colcon.colcon_core.package_identification:_identify(src/generated_ros2_pkg) by extension 'ignore'
[0.589s] Level 1:colcon.colcon_core.package_identification:_identify(src/generated_ros2_pkg) by extension 'ignore_ament_install'
[0.589s] Level 1:colcon.colcon_core.package_identification:_identify(src/generated_ros2_pkg) by extensions ['colcon_pkg']
[0.589s] Level 1:colcon.colcon_core.package_identification:_identify(src/generated_ros2_pkg) by extension 'colcon_pkg'
[0.589s] Level 1:colcon.colcon_core.package_identification:_identify(src/generated_ros2_pkg) by extensions ['colcon_meta']
[0.589s] Level 1:colcon.colcon_core.package_identification:_identify(src/generated_ros2_pkg) by extension 'colcon_meta'
[0.589s] Level 1:colcon.colcon_core.package_identification:_identify(src/generated_ros2_pkg) by extensions ['ros']
[0.589s] Level 1:colcon.colcon_core.package_identification:_identify(src/generated_ros2_pkg) by extension 'ros'
[0.594s] DEBUG:colcon.colcon_core.package_identification:Package 'src/generated_ros2_pkg' with type 'ros.ament_cmake' and name 'generated_ros2_pkg'
[0.594s] Level 1:colcon.colcon_core.package_identification:_identify(src/my_cpp_pkg) by extensions ['ignore', 'ignore_ament_install']
[0.595s] Level 1:colcon.colcon_core.package_identification:_identify(src/my_cpp_pkg) by extension 'ignore'
[0.595s] Level 1:colcon.colcon_core.package_identification:_identify(src/my_cpp_pkg) by extension 'ignore_ament_install'
[0.595s] Level 1:colcon.colcon_core.package_identification:_identify(src/my_cpp_pkg) by extensions ['colcon_pkg']
[0.595s] Level 1:colcon.colcon_core.package_identification:_identify(src/my_cpp_pkg) by extension 'colcon_pkg'
[0.595s] Level 1:colcon.colcon_core.package_identification:_identify(src/my_cpp_pkg) by extensions ['colcon_meta']
[0.595s] Level 1:colcon.colcon_core.package_identification:_identify(src/my_cpp_pkg) by extension 'colcon_meta'
[0.595s] Level 1:colcon.colcon_core.package_identification:_identify(src/my_cpp_pkg) by extensions ['ros']
[0.595s] Level 1:colcon.colcon_core.package_identification:_identify(src/my_cpp_pkg) by extension 'ros'
[0.596s] DEBUG:colcon.colcon_core.package_identification:Package 'src/my_cpp_pkg' with type 'ros.ament_cmake' and name 'my_cpp_pkg'
[0.596s] Level 1:colcon.colcon_core.package_identification:_identify(src/nav2_race_cpp) by extensions ['ignore', 'ignore_ament_install']
[0.596s] Level 1:colcon.colcon_core.package_identification:_identify(src/nav2_race_cpp) by extension 'ignore'
[0.596s] Level 1:colcon.colcon_core.package_identification:_identify(src/nav2_race_cpp) by extension 'ignore_ament_install'
[0.596s] Level 1:colcon.colcon_core.package_identification:_identify(src/nav2_race_cpp) by extensions ['colcon_pkg']
[0.596s] Level 1:colcon.colcon_core.package_identification:_identify(src/nav2_race_cpp) by extension 'colcon_pkg'
[0.596s] Level 1:colcon.colcon_core.package_identification:_identify(src/nav2_race_cpp) by extensions ['colcon_meta']
[0.596s] Level 1:colcon.colcon_core.package_identification:_identify(src/nav2_race_cpp) by extension 'colcon_meta'
[0.596s] Level 1:colcon.colcon_core.package_identification:_identify(src/nav2_race_cpp) by extensions ['ros']
[0.596s] Level 1:colcon.colcon_core.package_identification:_identify(src/nav2_race_cpp) by extension 'ros'
[0.598s] DEBUG:colcon.colcon_core.package_identification:Package 'src/nav2_race_cpp' with type 'ros.ament_cmake' and name 'nav2_race_cpp'
[0.598s] Level 1:colcon.colcon_core.package_identification:_identify(src/nav2_race_min) by extensions ['ignore', 'ignore_ament_install']
[0.598s] Level 1:colcon.colcon_core.package_identification:_identify(src/nav2_race_min) by extension 'ignore'
[0.598s] Level 1:colcon.colcon_core.package_identification:_identify(src/nav2_race_min) by extension 'ignore_ament_install'
[0.598s] Level 1:colcon.colcon_core.package_identification:_identify(src/nav2_race_min) by extensions ['colcon_pkg']
[0.598s] Level 1:colcon.colcon_core.package_identification:_identify(src/nav2_race_min) by extension 'colcon_pkg'
[0.598s] Level 1:colcon.colcon_core.package_identification:_identify(src/nav2_race_min) by extensions ['colcon_meta']
[0.598s] Level 1:colcon.colcon_core.package_identification:_identify(src/nav2_race_min) by extension 'colcon_meta'
[0.599s] Level 1:colcon.colcon_core.package_identification:_identify(src/nav2_race_min) by extensions ['ros']
[0.599s] Level 1:colcon.colcon_core.package_identification:_identify(src/nav2_race_min) by extension 'ros'
[0.601s] DEBUG:colcon.colcon_core.package_identification:Package 'src/nav2_race_min' with type 'ros.ament_python' and name 'nav2_race_min'
[0.601s] Level 1:colcon.colcon_core.package_identification:_identify(tools) by extensions ['ignore', 'ignore_ament_install']
[0.601s] Level 1:colcon.colcon_core.package_identification:_identify(tools) by extension 'ignore'
[0.602s] Level 1:colcon.colcon_core.package_identification:_identify(tools) by extension 'ignore_ament_install'
[0.602s] Level 1:colcon.colcon_core.package_identification:_identify(tools) by extensions ['colcon_pkg']
[0.602s] Level 1:colcon.colcon_core.package_identification:_identify(tools) by extension 'colcon_pkg'
[0.602s] Level 1:colcon.colcon_core.package_identification:_identify(tools) by extensions ['colcon_meta']
[0.602s] Level 1:colcon.colcon_core.package_identification:_identify(tools) by extension 'colcon_meta'
[0.602s] Level 1:colcon.colcon_core.package_identification:_identify(tools) by extensions ['ros']
[0.602s] Level 1:colcon.colcon_core.package_identification:_identify(tools) by extension 'ros'
[0.602s] Level 1:colcon.colcon_core.package_identification:_identify(tools) by extensions ['cmake', 'python']
[0.602s] Level 1:colcon.colcon_core.package_identification:_identify(tools) by extension 'cmake'
[0.602s] Level 1:colcon.colcon_core.package_identification:_identify(tools) by extension 'python'
[0.602s] Level 1:colcon.colcon_core.package_identification:_identify(tools) by extensions ['python_setup_py']
[0.602s] Level 1:colcon.colcon_core.package_identification:_identify(tools) by extension 'python_setup_py'
[0.602s] Level 1:colcon.colcon_core.package_identification:_identify(tools/__pycache__) by extensions ['ignore', 'ignore_ament_install']
[0.603s] Level 1:colcon.colcon_core.package_identification:_identify(tools/__pycache__) by extension 'ignore'
[0.603s] Level 1:colcon.colcon_core.package_identification:_identify(tools/__pycache__) by extension 'ignore_ament_install'
[0.603s] Level 1:colcon.colcon_core.package_identification:_identify(tools/__pycache__) by extensions ['colcon_pkg']
[0.603s] Level 1:colcon.colcon_core.package_identification:_identify(tools/__pycache__) by extension 'colcon_pkg'
[0.603s] Level 1:colcon.colcon_core.package_identification:_identify(tools/__pycache__) by extensions ['colcon_meta']
[0.603s] Level 1:colcon.colcon_core.package_identification:_identify(tools/__pycache__) by extension 'colcon_meta'
[0.603s] Level 1:colcon.colcon_core.package_identification:_identify(tools/__pycache__) by extensions ['ros']
[0.603s] Level 1:colcon.colcon_core.package_identification:_identify(tools/__pycache__) by extension 'ros'
[0.603s] Level 1:colcon.colcon_core.package_identification:_identify(tools/__pycache__) by extensions ['cmake', 'python']
[0.603s] Level 1:colcon.colcon_core.package_identification:_identify(tools/__pycache__) by extension 'cmake'
[0.603s] Level 1:colcon.colcon_core.package_identification:_identify(tools/__pycache__) by extension 'python'
[0.603s] Level 1:colcon.colcon_core.package_identification:_identify(tools/__pycache__) by extensions ['python_setup_py']
[0.603s] Level 1:colcon.colcon_core.package_identification:_identify(tools/__pycache__) by extension 'python_setup_py'
[0.603s] Level 1:colcon.colcon_core.package_discovery:discover_packages(recursive) using defaults
[0.603s] Level 1:colcon.colcon_core.package_discovery:discover_packages(ignore) discover
[0.603s] Level 1:colcon.colcon_core.package_discovery:discover_packages(ignore) using defaults
[0.603s] Level 1:colcon.colcon_core.package_discovery:discover_packages(path) discover
[0.603s] Level 1:colcon.colcon_core.package_discovery:discover_packages(path) using defaults
[0.648s] INFO:colcon.colcon_core.package_selection:Skipping not selected package 'my_cpp_pkg' in 'src/my_cpp_pkg'
[0.648s] INFO:colcon.colcon_core.package_selection:Skipping not selected package 'nav2_race_cpp' in 'src/nav2_race_cpp'
[0.648s] INFO:colcon.colcon_core.package_selection:Skipping not selected package 'nav2_race_min' in 'src/nav2_race_min'
[0.649s] Level 1:colcon.colcon_core.package_discovery:discover_packages(prefix_path) check parameters
[0.649s] Level 1:colcon.colcon_core.package_discovery:discover_packages(prefix_path) discover
[0.652s] DEBUG:colcon.colcon_installed_package_information.package_discovery:Found 4 installed packages in /home/yinyihao/ros2/install
[0.653s] DEBUG:colcon.colcon_installed_package_information.package_discovery:Found 342 installed packages in /opt/ros/humble
[0.654s] Level 1:colcon.colcon_core.package_discovery:discover_packages(prefix_path) using defaults
[0.686s] Level 5:colcon.colcon_core.verb:set package 'generated_ros2_pkg' build argument 'cmake_args' from command line to 'None'
[0.686s] Level 5:colcon.colcon_core.verb:set package 'generated_ros2_pkg' build argument 'cmake_target' from command line to 'None'
[0.686s] Level 5:colcon.colcon_core.verb:set package 'generated_ros2_pkg' build argument 'cmake_target_skip_unavailable' from command line to 'False'
[0.686s] Level 5:colcon.colcon_core.verb:set package 'generated_ros2_pkg' build argument 'cmake_clean_cache' from command line to 'False'
[0.686s] Level 5:colcon.colcon_core.verb:set package 'generated_ros2_pkg' build argument 'cmake_clean_first' from command line to 'False'
[0.686s] Level 5:colcon.colcon_core.verb:set package 'generated_ros2_pkg' build argument 'cmake_force_configure' from command line to 'False'
[0.686s] Level 5:colcon.colcon_core.verb:set package 'generated_ros2_pkg' build argument 'ament_cmake_args' from command line to 'None'
[0.686s] Level 5:colcon.colcon_core.verb:set package 'generated_ros2_pkg' build argument 'catkin_cmake_args' from command line to 'None'
[0.686s] Level 5:colcon.colcon_core.verb:set package 'generated_ros2_pkg' build argument 'catkin_skip_building_tests' from command line to 'False'
[0.686s] DEBUG:colcon.colcon_core.verb:Building package 'generated_ros2_pkg' with the following arguments: {'ament_cmake_args': None, 'build_base': '/home/yinyihao/ros2/build/generated_ros2_pkg', 'catkin_cmake_args': None, 'catkin_skip_building_tests': False, 'cmake_args': None, 'cmake_clean_cache': False, 'cmake_clean_first': False, 'cmake_force_configure': False, 'cmake_target': None, 'cmake_target_skip_unavailable': False, 'install_base': '/home/yinyihao/ros2/install/generated_ros2_pkg', 'merge_install': False, 'path': '/home/yinyihao/ros2/src/generated_ros2_pkg', 'symlink_install': False, 'test_result_base': None}
[0.687s] INFO:colcon.colcon_core.executor:Executing jobs using 'parallel' executor
[0.688s] DEBUG:colcon.colcon_parallel_executor.executor.parallel:run_until_complete
[0.689s] INFO:colcon.colcon_ros.task.ament_cmake.build:Building ROS package in '/home/yinyihao/ros2/src/generated_ros2_pkg' with build type 'ament_cmake'
[0.689s] INFO:colcon.colcon_cmake.task.cmake.build:Building CMake package in '/home/yinyihao/ros2/src/generated_ros2_pkg'
[0.694s] INFO:colcon.colcon_core.plugin_system:Skipping extension 'colcon_core.shell.bat': Not used on non-Windows systems
[0.695s] INFO:colcon.colcon_core.shell:Skip shell extension 'powershell' for command environment: Not usable outside of PowerShell
[0.695s] DEBUG:colcon.colcon_core.shell:Skip shell extension 'dsv' for command environment
[0.705s] DEBUG:colcon.colcon_core.event_handler.log_command:Invoking command in '/home/yinyihao/ros2/build/generated_ros2_pkg': CMAKE_PREFIX_PATH=${CMAKE_PREFIX_PATH}:/home/yinyihao/ros2/install/nav2_race_min:/opt/ros/humble /usr/bin/cmake --build /home/yinyihao/ros2/build/generated_ros2_pkg -- -j20 -l20
[26.936s] DEBUG:colcon.colcon_core.event_handler.log_command:Invoked command in '/home/yinyihao/ros2/build/generated_ros2_pkg' returned '0': CMAKE_PREFIX_PATH=${CMAKE_PREFIX_PATH}:/home/yinyihao/ros2/install/nav2_race_min:/opt/ros/humble /usr/bin/cmake --build /home/yinyihao/ros2/build/generated_ros2_pkg -- -j20 -l20
[26.946s] DEBUG:colcon.colcon_core.event_handler.log_command:Invoking command in '/home/yinyihao/ros2/build/generated_ros2_pkg': CMAKE_PREFIX_PATH=${CMAKE_PREFIX_PATH}:/home/yinyihao/ros2/install/nav2_race_min:/opt/ros/humble /usr/bin/cmake --install /home/yinyihao/ros2/build/generated_ros2_pkg
[26.991s] Level 1:colcon.colcon_core.environment:create_environment_scripts_only(generated_ros2_pkg)
[26.993s] DEBUG:colcon.colcon_core.event_handler.log_command:Invoked command in '/home/yinyihao/ros2/build/generated_ros2_pkg' returned '0': CMAKE_PREFIX_PATH=${CMAKE_PREFIX_PATH}:/home/yinyihao/ros2/install/nav2_race_min:/opt/ros/humble /usr/bin/cmake --install /home/yinyihao/ros2/build/generated_ros2_pkg
[27.001s] Level 1:colcon.colcon_core.environment:checking '/home/yinyihao/ros2/install/generated_ros2_pkg' for CMake module files
[27.002s] Level 1:colcon.colcon_core.environment:checking '/home/yinyihao/ros2/install/generated_ros2_pkg' for CMake config files
[27.002s] Level 1:colcon.colcon_core.shell:create_environment_hook('generated_ros2_pkg', 'cmake_prefix_path')
[27.002s] INFO:colcon.colcon_core.shell:Creating environment hook '/home/yinyihao/ros2/install/generated_ros2_pkg/share/generated_ros2_pkg/hook/cmake_prefix_path.ps1'
[27.004s] INFO:colcon.colcon_core.shell:Creating environment descriptor '/home/yinyihao/ros2/install/generated_ros2_pkg/share/generated_ros2_pkg/hook/cmake_prefix_path.dsv'
[27.005s] INFO:colcon.colcon_core.shell:Creating environment hook '/home/yinyihao/ros2/install/generated_ros2_pkg/share/generated_ros2_pkg/hook/cmake_prefix_path.sh'
[27.006s] Level 1:colcon.colcon_core.environment:checking '/home/yinyihao/ros2/install/generated_ros2_pkg/lib'
[27.006s] Level 1:colcon.colcon_core.environment:checking '/home/yinyihao/ros2/install/generated_ros2_pkg/bin'
[27.006s] Level 1:colcon.colcon_core.environment:checking '/home/yinyihao/ros2/install/generated_ros2_pkg/lib/pkgconfig/generated_ros2_pkg.pc'
[27.007s] Level 1:colcon.colcon_core.environment:checking '/home/yinyihao/ros2/install/generated_ros2_pkg/lib/python3.10/site-packages'
[27.007s] Level 1:colcon.colcon_core.environment:checking '/home/yinyihao/ros2/install/generated_ros2_pkg/bin'
[27.008s] INFO:colcon.colcon_core.shell:Creating package script '/home/yinyihao/ros2/install/generated_ros2_pkg/share/generated_ros2_pkg/package.ps1'
[27.008s] INFO:colcon.colcon_core.shell:Creating package descriptor '/home/yinyihao/ros2/install/generated_ros2_pkg/share/generated_ros2_pkg/package.dsv'
[27.009s] INFO:colcon.colcon_core.shell:Creating package script '/home/yinyihao/ros2/install/generated_ros2_pkg/share/generated_ros2_pkg/package.sh'
[27.010s] INFO:colcon.colcon_core.shell:Creating package script '/home/yinyihao/ros2/install/generated_ros2_pkg/share/generated_ros2_pkg/package.bash'
[27.010s] INFO:colcon.colcon_core.shell:Creating package script '/home/yinyihao/ros2/install/generated_ros2_pkg/share/generated_ros2_pkg/package.zsh'
[27.011s] Level 1:colcon.colcon_core.environment:create_file_with_runtime_dependencies(/home/yinyihao/ros2/install/generated_ros2_pkg/share/colcon-core/packages/generated_ros2_pkg)
[27.011s] Level 1:colcon.colcon_core.environment:create_environment_scripts_only(generated_ros2_pkg)
[27.012s] Level 1:colcon.colcon_core.environment:checking '/home/yinyihao/ros2/install/generated_ros2_pkg' for CMake module files
[27.012s] Level 1:colcon.colcon_core.environment:checking '/home/yinyihao/ros2/install/generated_ros2_pkg' for CMake config files
[27.012s] Level 1:colcon.colcon_core.shell:create_environment_hook('generated_ros2_pkg', 'cmake_prefix_path')
[27.012s] INFO:colcon.colcon_core.shell:Creating environment hook '/home/yinyihao/ros2/install/generated_ros2_pkg/share/generated_ros2_pkg/hook/cmake_prefix_path.ps1'
[27.013s] INFO:colcon.colcon_core.shell:Creating environment descriptor '/home/yinyihao/ros2/install/generated_ros2_pkg/share/generated_ros2_pkg/hook/cmake_prefix_path.dsv'
[27.013s] INFO:colcon.colcon_core.shell:Creating environment hook '/home/yinyihao/ros2/install/generated_ros2_pkg/share/generated_ros2_pkg/hook/cmake_prefix_path.sh'
[27.013s] Level 1:colcon.colcon_core.environment:checking '/home/yinyihao/ros2/install/generated_ros2_pkg/lib'
[27.013s] Level 1:colcon.colcon_core.environment:checking '/home/yinyihao/ros2/install/generated_ros2_pkg/bin'
[27.013s] Level 1:colcon.colcon_core.environment:checking '/home/yinyihao/ros2/install/generated_ros2_pkg/lib/pkgconfig/generated_ros2_pkg.pc'
[27.014s] Level 1:colcon.colcon_core.environment:checking '/home/yinyihao/ros2/install/generated_ros2_pkg/lib/python3.10/site-packages'
[27.014s] Level 1:colcon.colcon_core.environment:checking '/home/yinyihao/ros2/install/generated_ros2_pkg/bin'
[27.015s] INFO:colcon.colcon_core.shell:Creating package script '/home/yinyihao/ros2/install/generated_ros2_pkg/share/generated_ros2_pkg/package.ps1'
[27.015s] INFO:colcon.colcon_core.shell:Creating package descriptor '/home/yinyihao/ros2/install/generated_ros2_pkg/share/generated_ros2_pkg/package.dsv'
[27.015s] INFO:colcon.colcon_core.shell:Creating package script '/home/yinyihao/ros2/install/generated_ros2_pkg/share/generated_ros2_pkg/package.sh'
[27.016s] INFO:colcon.colcon_core.shell:Creating package script '/home/yinyihao/ros2/install/generated_ros2_pkg/share/generated_ros2_pkg/package.bash'
[27.016s] INFO:colcon.colcon_core.shell:Creating package script '/home/yinyihao/ros2/install/generated_ros2_pkg/share/generated_ros2_pkg/package.zsh'
[27.016s] Level 1:colcon.colcon_core.environment:create_file_with_runtime_dependencies(/home/yinyihao/ros2/install/generated_ros2_pkg/share/colcon-core/packages/generated_ros2_pkg)
[27.017s] DEBUG:colcon.colcon_parallel_executor.executor.parallel:closing loop
[27.017s] DEBUG:colcon.colcon_parallel_executor.executor.parallel:loop closed
[27.017s] DEBUG:colcon.colcon_parallel_executor.executor.parallel:run_until_complete finished with '0'
[27.018s] DEBUG:colcon.colcon_core.event_reactor:joining thread
[27.122s] INFO:colcon.colcon_core.plugin_system:Skipping extension 'colcon_notification.desktop_notification.notify_send': Could not find 'notify-send'
[27.122s] INFO:colcon.colcon_core.plugin_system:Skipping extension 'colcon_notification.desktop_notification.terminal_notifier': Not used on non-Darwin systems
[27.122s] INFO:colcon.colcon_core.plugin_system:Skipping extension 'colcon_notification.desktop_notification.win32': Not used on non-Windows systems
[27.122s] INFO:colcon.colcon_notification.desktop_notification:Sending desktop notification using 'notify2'
[27.123s] DEBUG:colcon.colcon_notification.desktop_notification.notify2:Failed to initialize notify2: org.freedesktop.DBus.Error.FileNotFound: Failed to connect to socket /run/user/1000/bus: No such file or directory
[27.124s] DEBUG:colcon.colcon_core.event_reactor:joined thread
[27.124s] INFO:colcon.colcon_core.shell:Creating prefix script '/home/yinyihao/ros2/install/local_setup.ps1'
[27.126s] INFO:colcon.colcon_core.shell:Creating prefix util module '/home/yinyihao/ros2/install/_local_setup_util_ps1.py'
[27.129s] INFO:colcon.colcon_core.shell:Creating prefix chain script '/home/yinyihao/ros2/install/setup.ps1'
[27.130s] INFO:colcon.colcon_core.shell:Creating prefix script '/home/yinyihao/ros2/install/local_setup.sh'
[27.132s] INFO:colcon.colcon_core.shell:Creating prefix util module '/home/yinyihao/ros2/install/_local_setup_util_sh.py'
[27.134s] INFO:colcon.colcon_core.shell:Creating prefix chain script '/home/yinyihao/ros2/install/setup.sh'
[27.137s] INFO:colcon.colcon_core.shell:Creating prefix script '/home/yinyihao/ros2/install/local_setup.bash'
[27.139s] INFO:colcon.colcon_core.shell:Creating prefix chain script '/home/yinyihao/ros2/install/setup.bash'
[27.142s] INFO:colcon.colcon_core.shell:Creating prefix script '/home/yinyihao/ros2/install/local_setup.zsh'
[27.144s] INFO:colcon.colcon_core.shell:Creating prefix chain script '/home/yinyihao/ros2/install/setup.zsh'
