[0.014s] Invoking command in '/home/yinyihao/ros2/build/generated_ros2_pkg': CMAKE_PREFIX_PATH=${CMAKE_PREFIX_PATH}:/home/yinyihao/ros2/install/nav2_race_min:/opt/ros/humble /usr/bin/cmake --build /home/yinyihao/ros2/build/generated_ros2_pkg -- -j20 -l20
[0.066s] -- Found ament_cmake: 1.3.12 (/opt/ros/humble/share/ament_cmake/cmake)
[0.183s] -- Found rclcpp: 16.0.16 (/opt/ros/humble/share/rclcpp/cmake)
[0.524s] -- Found rosidl_generator_c: 3.1.7 (/opt/ros/humble/share/rosidl_generator_c/cmake)
[0.528s] -- Found rosidl_adapter: 3.1.7 (/opt/ros/humble/share/rosidl_adapter/cmake)
[0.536s] -- Found rosidl_generator_cpp: 3.1.7 (/opt/ros/humble/share/rosidl_generator_cpp/cmake)
[0.548s] -- Using all available rosidl_typesupport_c: rosidl_typesupport_fastrtps_c;rosidl_typesupport_introspection_c
[0.563s] -- Using all available rosidl_typesupport_cpp: rosidl_typesupport_fastrtps_cpp;rosidl_typesupport_introspection_cpp
[0.615s] -- Found rmw_implementation_cmake: 6.1.2 (/opt/ros/humble/share/rmw_implementation_cmake/cmake)
[0.617s] -- Found rmw_fastrtps_cpp: 6.2.9 (/opt/ros/humble/share/rmw_fastrtps_cpp/cmake)
[12.948s] -- Using RMW implementation 'rmw_fastrtps_cpp' as default
[13.012s] -- Found std_srvs: 4.9.0 (/opt/ros/humble/share/std_srvs/cmake)
[13.077s] -- Configuring done
[13.113s] -- Generating done
[13.125s] -- Build files have been written to: /home/yinyihao/ros2/build/generated_ros2_pkg
[13.147s] [35m[1mConsolidate compiler generated dependencies of target bt_navigator[0m
[13.148s] [35m[1mConsolidate compiler generated dependencies of target controller_server[0m
[13.149s] [35m[1mConsolidate compiler generated dependencies of target lifecycle_manager[0m
[13.149s] [35m[1mConsolidate compiler generated dependencies of target global_costmap[0m
[13.149s] [35m[1mConsolidate compiler generated dependencies of target planner_server[0m
[13.149s] [35m[1mConsolidate compiler generated dependencies of target behavior_server[0m
[13.149s] [35m[1mConsolidate compiler generated dependencies of target recoveries_server[0m
[13.150s] [35m[1mConsolidate compiler generated dependencies of target local_costmap[0m
[13.150s] [35m[1mConsolidate compiler generated dependencies of target smoother_server[0m
[13.150s] [35m[1mConsolidate compiler generated dependencies of target amcl[0m
[13.151s] [35m[1mConsolidate compiler generated dependencies of target velocity_smoother[0m
[13.151s] [35m[1mConsolidate compiler generated dependencies of target map_server[0m
[13.152s] [35m[1mConsolidate compiler generated dependencies of target waypoint_follower[0m
[13.173s] [ 11%] [32mBuilding CXX object CMakeFiles/global_costmap.dir/src/global_costmap.cpp.o[0m
[13.173s] [ 11%] [32mBuilding CXX object CMakeFiles/planner_server.dir/src/planner_server.cpp.o[0m
[13.173s] [ 11%] [32mBuilding CXX object CMakeFiles/controller_server.dir/src/controller_server.cpp.o[0m
[13.173s] [ 19%] [32mBuilding CXX object CMakeFiles/lifecycle_manager.dir/src/lifecycle_manager.cpp.o[0m
[13.173s] [ 19%] [32mBuilding CXX object CMakeFiles/bt_navigator.dir/src/bt_navigator.cpp.o[0m
[13.176s] [ 26%] [32mBuilding CXX object CMakeFiles/amcl.dir/src/amcl.cpp.o[0m
[13.176s] [ 23%] [32mBuilding CXX object CMakeFiles/behavior_server.dir/src/behavior_server.cpp.o[0m
[13.176s] [ 30%] [32mBuilding CXX object CMakeFiles/recoveries_server.dir/src/recoveries_server.cpp.o[0m
[13.176s] [ 34%] [32mBuilding CXX object CMakeFiles/smoother_server.dir/src/smoother_server.cpp.o[0m
[13.176s] [ 38%] [32mBuilding CXX object CMakeFiles/velocity_smoother.dir/src/velocity_smoother.cpp.o[0m
[13.178s] [ 42%] [32mBuilding CXX object CMakeFiles/waypoint_follower.dir/src/waypoint_follower.cpp.o[0m
[13.178s] [ 46%] [32mBuilding CXX object CMakeFiles/map_server.dir/src/map_server.cpp.o[0m
[13.179s] [ 50%] [32mBuilding CXX object CMakeFiles/local_costmap.dir/src/local_costmap.cpp.o[0m
[28.933s] [ 65%] [32m[1mLinking CXX executable lifecycle_manager[0m
[28.941s] [ 76%] [32m[1mLinking CXX executable amcl[0m
[28.941s] [ 76%] [32m[1mLinking CXX executable velocity_smoother[0m
[28.941s] [ 76%] [32m[1mLinking CXX executable recoveries_server[0m
[28.941s] [ 76%] [32m[1mLinking CXX executable map_server[0m
[28.941s] [ 76%] [32m[1mLinking CXX executable smoother_server[0m
[28.941s] [ 76%] [32m[1mLinking CXX executable waypoint_follower[0m
[29.543s] [ 76%] Built target velocity_smoother
[29.575s] [ 76%] Built target map_server
[29.585s] [ 76%] Built target smoother_server
[29.589s] [ 76%] Built target amcl
[29.616s] [ 76%] Built target recoveries_server
[29.621s] [ 76%] Built target waypoint_follower
[29.633s] [ 76%] Built target lifecycle_manager
[36.271s] [ 80%] [32m[1mLinking CXX executable behavior_server[0m
[36.322s] [ 84%] [32m[1mLinking CXX executable local_costmap[0m
[36.657s] [ 88%] [32m[1mLinking CXX executable bt_navigator[0m
[36.685s] [ 92%] [32m[1mLinking CXX executable controller_server[0m
[36.917s] [ 92%] Built target behavior_server
[36.958s] [ 92%] Built target local_costmap
[37.179s] [ 96%] [32m[1mLinking CXX executable planner_server[0m
[37.216s] [100%] [32m[1mLinking CXX executable global_costmap[0m
[37.270s] [100%] Built target bt_navigator
[37.292s] [100%] Built target controller_server
[37.617s] [100%] Built target planner_server
[37.656s] [100%] Built target global_costmap
[37.732s] Invoked command in '/home/yinyihao/ros2/build/generated_ros2_pkg' returned '0': CMAKE_PREFIX_PATH=${CMAKE_PREFIX_PATH}:/home/yinyihao/ros2/install/nav2_race_min:/opt/ros/humble /usr/bin/cmake --build /home/yinyihao/ros2/build/generated_ros2_pkg -- -j20 -l20
[37.793s] Invoking command in '/home/yinyihao/ros2/build/generated_ros2_pkg': CMAKE_PREFIX_PATH=${CMAKE_PREFIX_PATH}:/home/yinyihao/ros2/install/nav2_race_min:/opt/ros/humble /usr/bin/cmake --install /home/yinyihao/ros2/build/generated_ros2_pkg
[37.797s] -- Install configuration: ""
[37.799s] -- Installing: /home/yinyihao/ros2/install/generated_ros2_pkg/lib/generated_ros2_pkg/amcl
[37.800s] -- Set runtime path of "/home/yinyihao/ros2/install/generated_ros2_pkg/lib/generated_ros2_pkg/amcl" to ""
[37.801s] -- Installing: /home/yinyihao/ros2/install/generated_ros2_pkg/lib/generated_ros2_pkg/behavior_server
[37.805s] -- Set runtime path of "/home/yinyihao/ros2/install/generated_ros2_pkg/lib/generated_ros2_pkg/behavior_server" to ""
[37.806s] -- Installing: /home/yinyihao/ros2/install/generated_ros2_pkg/lib/generated_ros2_pkg/bt_navigator
[37.809s] -- Set runtime path of "/home/yinyihao/ros2/install/generated_ros2_pkg/lib/generated_ros2_pkg/bt_navigator" to ""
[37.810s] -- Installing: /home/yinyihao/ros2/install/generated_ros2_pkg/lib/generated_ros2_pkg/controller_server
[37.813s] -- Set runtime path of "/home/yinyihao/ros2/install/generated_ros2_pkg/lib/generated_ros2_pkg/controller_server" to ""
[37.814s] -- Installing: /home/yinyihao/ros2/install/generated_ros2_pkg/lib/generated_ros2_pkg/global_costmap
[37.817s] -- Set runtime path of "/home/yinyihao/ros2/install/generated_ros2_pkg/lib/generated_ros2_pkg/global_costmap" to ""
[37.818s] -- Installing: /home/yinyihao/ros2/install/generated_ros2_pkg/lib/generated_ros2_pkg/lifecycle_manager
[37.820s] -- Set runtime path of "/home/yinyihao/ros2/install/generated_ros2_pkg/lib/generated_ros2_pkg/lifecycle_manager" to ""
[37.821s] -- Installing: /home/yinyihao/ros2/install/generated_ros2_pkg/lib/generated_ros2_pkg/local_costmap
[37.825s] -- Set runtime path of "/home/yinyihao/ros2/install/generated_ros2_pkg/lib/generated_ros2_pkg/local_costmap" to ""
[37.825s] -- Installing: /home/yinyihao/ros2/install/generated_ros2_pkg/lib/generated_ros2_pkg/map_server
[37.827s] -- Set runtime path of "/home/yinyihao/ros2/install/generated_ros2_pkg/lib/generated_ros2_pkg/map_server" to ""
[37.827s] -- Installing: /home/yinyihao/ros2/install/generated_ros2_pkg/lib/generated_ros2_pkg/planner_server
[37.832s] -- Set runtime path of "/home/yinyihao/ros2/install/generated_ros2_pkg/lib/generated_ros2_pkg/planner_server" to ""
[37.833s] -- Installing: /home/yinyihao/ros2/install/generated_ros2_pkg/lib/generated_ros2_pkg/recoveries_server
[37.834s] -- Set runtime path of "/home/yinyihao/ros2/install/generated_ros2_pkg/lib/generated_ros2_pkg/recoveries_server" to ""
[37.835s] -- Installing: /home/yinyihao/ros2/install/generated_ros2_pkg/lib/generated_ros2_pkg/smoother_server
[37.837s] -- Set runtime path of "/home/yinyihao/ros2/install/generated_ros2_pkg/lib/generated_ros2_pkg/smoother_server" to ""
[37.838s] -- Installing: /home/yinyihao/ros2/install/generated_ros2_pkg/lib/generated_ros2_pkg/velocity_smoother
[37.840s] -- Set runtime path of "/home/yinyihao/ros2/install/generated_ros2_pkg/lib/generated_ros2_pkg/velocity_smoother" to ""
[37.840s] -- Installing: /home/yinyihao/ros2/install/generated_ros2_pkg/lib/generated_ros2_pkg/waypoint_follower
[37.842s] -- Set runtime path of "/home/yinyihao/ros2/install/generated_ros2_pkg/lib/generated_ros2_pkg/waypoint_follower" to ""
[37.842s] -- Up-to-date: /home/yinyihao/ros2/install/generated_ros2_pkg/share/generated_ros2_pkg/launch
[37.843s] -- Installing: /home/yinyihao/ros2/install/generated_ros2_pkg/share/generated_ros2_pkg/launch/generated_system.launch.py
[37.845s] -- Up-to-date: /home/yinyihao/ros2/install/generated_ros2_pkg/share/ament_index/resource_index/package_run_dependencies/generated_ros2_pkg
[37.845s] -- Up-to-date: /home/yinyihao/ros2/install/generated_ros2_pkg/share/ament_index/resource_index/parent_prefix_path/generated_ros2_pkg
[37.848s] -- Up-to-date: /home/yinyihao/ros2/install/generated_ros2_pkg/share/generated_ros2_pkg/environment/ament_prefix_path.sh
[37.848s] -- Installing: /home/yinyihao/ros2/install/generated_ros2_pkg/share/generated_ros2_pkg/environment/ament_prefix_path.dsv
[37.849s] -- Up-to-date: /home/yinyihao/ros2/install/generated_ros2_pkg/share/generated_ros2_pkg/environment/path.sh
[37.849s] -- Installing: /home/yinyihao/ros2/install/generated_ros2_pkg/share/generated_ros2_pkg/environment/path.dsv
[37.849s] -- Up-to-date: /home/yinyihao/ros2/install/generated_ros2_pkg/share/generated_ros2_pkg/local_setup.bash
[37.850s] -- Up-to-date: /home/yinyihao/ros2/install/generated_ros2_pkg/share/generated_ros2_pkg/local_setup.sh
[37.850s] -- Up-to-date: /home/yinyihao/ros2/install/generated_ros2_pkg/share/generated_ros2_pkg/local_setup.zsh
[37.850s] -- Installing: /home/yinyihao/ros2/install/generated_ros2_pkg/share/generated_ros2_pkg/local_setup.dsv
[37.850s] -- Installing: /home/yinyihao/ros2/install/generated_ros2_pkg/share/generated_ros2_pkg/package.dsv
[37.851s] -- Up-to-date: /home/yinyihao/ros2/install/generated_ros2_pkg/share/ament_index/resource_index/packages/generated_ros2_pkg
[37.852s] -- Up-to-date: /home/yinyihao/ros2/install/generated_ros2_pkg/share/generated_ros2_pkg/cmake/generated_ros2_pkgConfig.cmake
[37.853s] -- Up-to-date: /home/yinyihao/ros2/install/generated_ros2_pkg/share/generated_ros2_pkg/cmake/generated_ros2_pkgConfig-version.cmake
[37.853s] -- Installing: /home/yinyihao/ros2/install/generated_ros2_pkg/share/generated_ros2_pkg/package.xml
[37.864s] Invoked command in '/home/yinyihao/ros2/build/generated_ros2_pkg' returned '0': CMAKE_PREFIX_PATH=${CMAKE_PREFIX_PATH}:/home/yinyihao/ros2/install/nav2_race_min:/opt/ros/humble /usr/bin/cmake --install /home/yinyihao/ros2/build/generated_ros2_pkg
