[0.009s] Invoking command in '/home/yinyihao/ros2/build/generated_ros2_pkg': CMAKE_PREFIX_PATH=${CMAKE_PREFIX_PATH}:/home/yinyihao/ros2/install/nav2_race_min:/opt/ros/humble /usr/bin/cmake --build /home/yinyihao/ros2/build/generated_ros2_pkg -- -j20 -l20
[0.031s] -- Found ament_cmake: 1.3.12 (/opt/ros/humble/share/ament_cmake/cmake)
[0.178s] -- Found rclcpp: 16.0.16 (/opt/ros/humble/share/rclcpp/cmake)
[0.740s] -- Found rosidl_generator_c: 3.1.7 (/opt/ros/humble/share/rosidl_generator_c/cmake)
[0.743s] -- Found rosidl_adapter: 3.1.7 (/opt/ros/humble/share/rosidl_adapter/cmake)
[0.749s] -- Found rosidl_generator_cpp: 3.1.7 (/opt/ros/humble/share/rosidl_generator_cpp/cmake)
[0.758s] -- Using all available rosidl_typesupport_c: rosidl_typesupport_fastrtps_c;rosidl_typesupport_introspection_c
[0.768s] -- Using all available rosidl_typesupport_cpp: rosidl_typesupport_fastrtps_cpp;rosidl_typesupport_introspection_cpp
[0.799s] -- Found rmw_implementation_cmake: 6.1.2 (/opt/ros/humble/share/rmw_implementation_cmake/cmake)
[0.801s] -- Found rmw_fastrtps_cpp: 6.2.9 (/opt/ros/humble/share/rmw_fastrtps_cpp/cmake)
[19.983s] -- Using RMW implementation 'rmw_fastrtps_cpp' as default
[20.033s] -- Found std_srvs: 4.9.0 (/opt/ros/humble/share/std_srvs/cmake)
[20.110s] -- Configuring done
[20.201s] -- Generating done
[20.216s] -- Build files have been written to: /home/yinyihao/ros2/build/generated_ros2_pkg
[20.255s] Consolidate compiler generated dependencies of target lifecycle_node
[20.256s] Consolidate compiler generated dependencies of target action_server
[20.257s] Consolidate compiler generated dependencies of target service_server
[20.260s] [  5%] Building CXX object CMakeFiles/mutex_guard.dir/src/mutex_guard.cpp.o
[20.262s] Consolidate compiler generated dependencies of target service_client
[20.263s] Consolidate compiler generated dependencies of target parameter_event_publisher
[20.264s] Consolidate compiler generated dependencies of target action_client
[20.265s] [ 10%] Building CXX object CMakeFiles/timer_callback_executor.dir/src/timer_callback_executor.cpp.o
[20.265s] [ 15%] Building CXX object CMakeFiles/subscription_callback_executor.dir/src/subscription_callback_executor.cpp.o
[20.266s] [ 20%] Building CXX object CMakeFiles/parameter_event_handler.dir/src/parameter_event_handler.cpp.o
[20.271s] [ 25%] Building CXX object CMakeFiles/service_server.dir/src/service_server.cpp.o
[20.271s] [ 30%] Building CXX object CMakeFiles/lifecycle_node.dir/src/lifecycle_node.cpp.o
[20.272s] [ 35%] Building CXX object CMakeFiles/action_server.dir/src/action_server.cpp.o
[20.276s] [ 40%] Building CXX object CMakeFiles/service_client.dir/src/service_client.cpp.o
[20.276s] [ 45%] Building CXX object CMakeFiles/parameter_event_publisher.dir/src/parameter_event_publisher.cpp.o
[20.279s] [ 50%] Building CXX object CMakeFiles/action_client.dir/src/action_client.cpp.o
[23.402s] [ 55%] Linking CXX executable parameter_event_handler
[23.424s] [ 60%] Linking CXX executable mutex_guard
[23.434s] [ 65%] Linking CXX executable parameter_event_publisher
[23.661s] [ 65%] Built target mutex_guard
[23.666s] [ 65%] Built target parameter_event_handler
[23.667s] [ 65%] Built target parameter_event_publisher
[24.716s] [ 70%] Linking CXX executable subscription_callback_executor
[24.757s] [ 75%] Linking CXX executable timer_callback_executor
[25.036s] [ 75%] Built target subscription_callback_executor
[25.062s] [ 75%] Built target timer_callback_executor
[27.488s] [ 80%] Linking CXX executable lifecycle_node
[27.755s] [ 85%] Linking CXX executable service_client
[27.768s] [ 90%] Linking CXX executable action_server
[27.784s] [ 95%] Linking CXX executable service_server
[27.870s] [100%] Linking CXX executable action_client
[27.931s] [100%] Built target lifecycle_node
[28.275s] [100%] Built target service_client
[28.315s] [100%] Built target action_server
[28.321s] [100%] Built target service_server
[28.363s] [100%] Built target action_client
[28.371s] Invoked command in '/home/yinyihao/ros2/build/generated_ros2_pkg' returned '0': CMAKE_PREFIX_PATH=${CMAKE_PREFIX_PATH}:/home/yinyihao/ros2/install/nav2_race_min:/opt/ros/humble /usr/bin/cmake --build /home/yinyihao/ros2/build/generated_ros2_pkg -- -j20 -l20
[28.378s] Invoking command in '/home/yinyihao/ros2/build/generated_ros2_pkg': CMAKE_PREFIX_PATH=${CMAKE_PREFIX_PATH}:/home/yinyihao/ros2/install/nav2_race_min:/opt/ros/humble /usr/bin/cmake --install /home/yinyihao/ros2/build/generated_ros2_pkg
[28.383s] -- Install configuration: ""
[28.384s] -- Installing: /home/yinyihao/ros2/install/generated_ros2_pkg/lib/generated_ros2_pkg/action_client
[28.386s] -- Set runtime path of "/home/yinyihao/ros2/install/generated_ros2_pkg/lib/generated_ros2_pkg/action_client" to ""
[28.387s] -- Installing: /home/yinyihao/ros2/install/generated_ros2_pkg/lib/generated_ros2_pkg/action_server
[28.390s] -- Set runtime path of "/home/yinyihao/ros2/install/generated_ros2_pkg/lib/generated_ros2_pkg/action_server" to ""
[28.390s] -- Installing: /home/yinyihao/ros2/install/generated_ros2_pkg/lib/generated_ros2_pkg/lifecycle_node
[28.396s] -- Set runtime path of "/home/yinyihao/ros2/install/generated_ros2_pkg/lib/generated_ros2_pkg/lifecycle_node" to ""
[28.396s] -- Installing: /home/yinyihao/ros2/install/generated_ros2_pkg/lib/generated_ros2_pkg/mutex_guard
[28.396s] -- Set runtime path of "/home/yinyihao/ros2/install/generated_ros2_pkg/lib/generated_ros2_pkg/mutex_guard" to ""
[28.396s] -- Installing: /home/yinyihao/ros2/install/generated_ros2_pkg/lib/generated_ros2_pkg/parameter_event_handler
[28.396s] -- Set runtime path of "/home/yinyihao/ros2/install/generated_ros2_pkg/lib/generated_ros2_pkg/parameter_event_handler" to ""
[28.397s] -- Installing: /home/yinyihao/ros2/install/generated_ros2_pkg/lib/generated_ros2_pkg/parameter_event_publisher
[28.397s] -- Set runtime path of "/home/yinyihao/ros2/install/generated_ros2_pkg/lib/generated_ros2_pkg/parameter_event_publisher" to ""
[28.398s] -- Installing: /home/yinyihao/ros2/install/generated_ros2_pkg/lib/generated_ros2_pkg/service_client
[28.400s] -- Set runtime path of "/home/yinyihao/ros2/install/generated_ros2_pkg/lib/generated_ros2_pkg/service_client" to ""
[28.401s] -- Installing: /home/yinyihao/ros2/install/generated_ros2_pkg/lib/generated_ros2_pkg/service_server
[28.405s] -- Set runtime path of "/home/yinyihao/ros2/install/generated_ros2_pkg/lib/generated_ros2_pkg/service_server" to ""
[28.405s] -- Installing: /home/yinyihao/ros2/install/generated_ros2_pkg/lib/generated_ros2_pkg/subscription_callback_executor
[28.406s] -- Set runtime path of "/home/yinyihao/ros2/install/generated_ros2_pkg/lib/generated_ros2_pkg/subscription_callback_executor" to ""
[28.406s] -- Installing: /home/yinyihao/ros2/install/generated_ros2_pkg/lib/generated_ros2_pkg/timer_callback_executor
[28.407s] -- Set runtime path of "/home/yinyihao/ros2/install/generated_ros2_pkg/lib/generated_ros2_pkg/timer_callback_executor" to ""
[28.407s] -- Up-to-date: /home/yinyihao/ros2/install/generated_ros2_pkg/share/generated_ros2_pkg/launch
[28.408s] -- Installing: /home/yinyihao/ros2/install/generated_ros2_pkg/share/generated_ros2_pkg/launch/generated_system.launch.py
[28.408s] -- Up-to-date: /home/yinyihao/ros2/install/generated_ros2_pkg/share/ament_index/resource_index/package_run_dependencies/generated_ros2_pkg
[28.408s] -- Up-to-date: /home/yinyihao/ros2/install/generated_ros2_pkg/share/ament_index/resource_index/parent_prefix_path/generated_ros2_pkg
[28.408s] -- Up-to-date: /home/yinyihao/ros2/install/generated_ros2_pkg/share/generated_ros2_pkg/environment/ament_prefix_path.sh
[28.408s] -- Installing: /home/yinyihao/ros2/install/generated_ros2_pkg/share/generated_ros2_pkg/environment/ament_prefix_path.dsv
[28.408s] -- Up-to-date: /home/yinyihao/ros2/install/generated_ros2_pkg/share/generated_ros2_pkg/environment/path.sh
[28.408s] -- Installing: /home/yinyihao/ros2/install/generated_ros2_pkg/share/generated_ros2_pkg/environment/path.dsv
[28.408s] -- Up-to-date: /home/yinyihao/ros2/install/generated_ros2_pkg/share/generated_ros2_pkg/local_setup.bash
[28.408s] -- Up-to-date: /home/yinyihao/ros2/install/generated_ros2_pkg/share/generated_ros2_pkg/local_setup.sh
[28.408s] -- Up-to-date: /home/yinyihao/ros2/install/generated_ros2_pkg/share/generated_ros2_pkg/local_setup.zsh
[28.408s] -- Installing: /home/yinyihao/ros2/install/generated_ros2_pkg/share/generated_ros2_pkg/local_setup.dsv
[28.408s] -- Installing: /home/yinyihao/ros2/install/generated_ros2_pkg/share/generated_ros2_pkg/package.dsv
[28.408s] -- Up-to-date: /home/yinyihao/ros2/install/generated_ros2_pkg/share/ament_index/resource_index/packages/generated_ros2_pkg
[28.408s] -- Up-to-date: /home/yinyihao/ros2/install/generated_ros2_pkg/share/generated_ros2_pkg/cmake/generated_ros2_pkgConfig.cmake
[28.408s] -- Up-to-date: /home/yinyihao/ros2/install/generated_ros2_pkg/share/generated_ros2_pkg/cmake/generated_ros2_pkgConfig-version.cmake
[28.408s] -- Installing: /home/yinyihao/ros2/install/generated_ros2_pkg/share/generated_ros2_pkg/package.xml
[28.410s] Invoked command in '/home/yinyihao/ros2/build/generated_ros2_pkg' returned '0': CMAKE_PREFIX_PATH=${CMAKE_PREFIX_PATH}:/home/yinyihao/ros2/install/nav2_race_min:/opt/ros/humble /usr/bin/cmake --install /home/yinyihao/ros2/build/generated_ros2_pkg
