running egg_info
creating ../../build/nav2_race_min/nav2_race_min.egg-info
writing ../../build/nav2_race_min/nav2_race_min.egg-info/PKG-INFO
writing dependency_links to ../../build/nav2_race_min/nav2_race_min.egg-info/dependency_links.txt
writing entry points to ../../build/nav2_race_min/nav2_race_min.egg-info/entry_points.txt
writing requirements to ../../build/nav2_race_min/nav2_race_min.egg-info/requires.txt
writing top-level names to ../../build/nav2_race_min/nav2_race_min.egg-info/top_level.txt
writing manifest file '../../build/nav2_race_min/nav2_race_min.egg-info/SOURCES.txt'
reading manifest file '../../build/nav2_race_min/nav2_race_min.egg-info/SOURCES.txt'
writing manifest file '../../build/nav2_race_min/nav2_race_min.egg-info/SOURCES.txt'
running build
running build_py
creating /home/yinyihao/ros2/build/nav2_race_min/build
creating /home/yinyihao/ros2/build/nav2_race_min/build/lib
creating /home/yinyihao/ros2/build/nav2_race_min/build/lib/nav2_race_min
copying nav2_race_min/mini_race_stress.py -> /home/yinyihao/ros2/build/nav2_race_min/build/lib/nav2_race_min
copying nav2_race_min/mini_navigator_server.py -> /home/yinyihao/ros2/build/nav2_race_min/build/lib/nav2_race_min
copying nav2_race_min/__init__.py -> /home/yinyihao/ros2/build/nav2_race_min/build/lib/nav2_race_min
running install
running install_lib
creating /home/yinyihao/ros2/install/nav2_race_min/lib/python3.10/site-packages/nav2_race_min
copying /home/yinyihao/ros2/build/nav2_race_min/build/lib/nav2_race_min/mini_race_stress.py -> /home/yinyihao/ros2/install/nav2_race_min/lib/python3.10/site-packages/nav2_race_min
copying /home/yinyihao/ros2/build/nav2_race_min/build/lib/nav2_race_min/mini_navigator_server.py -> /home/yinyihao/ros2/install/nav2_race_min/lib/python3.10/site-packages/nav2_race_min
copying /home/yinyihao/ros2/build/nav2_race_min/build/lib/nav2_race_min/__init__.py -> /home/yinyihao/ros2/install/nav2_race_min/lib/python3.10/site-packages/nav2_race_min
byte-compiling /home/yinyihao/ros2/install/nav2_race_min/lib/python3.10/site-packages/nav2_race_min/mini_race_stress.py to mini_race_stress.cpython-310.pyc
byte-compiling /home/yinyihao/ros2/install/nav2_race_min/lib/python3.10/site-packages/nav2_race_min/mini_navigator_server.py to mini_navigator_server.cpython-310.pyc
byte-compiling /home/yinyihao/ros2/install/nav2_race_min/lib/python3.10/site-packages/nav2_race_min/__init__.py to __init__.cpython-310.pyc
running install_data
creating /home/yinyihao/ros2/install/nav2_race_min/share/ament_index
creating /home/yinyihao/ros2/install/nav2_race_min/share/ament_index/resource_index
creating /home/yinyihao/ros2/install/nav2_race_min/share/ament_index/resource_index/packages
copying resource/nav2_race_min -> /home/yinyihao/ros2/install/nav2_race_min/share/ament_index/resource_index/packages
copying package.xml -> /home/yinyihao/ros2/install/nav2_race_min/share/nav2_race_min
creating /home/yinyihao/ros2/install/nav2_race_min/share/nav2_race_min/launch
copying launch/race_min.launch.py -> /home/yinyihao/ros2/install/nav2_race_min/share/nav2_race_min/launch
running install_egg_info
Copying ../../build/nav2_race_min/nav2_race_min.egg-info to /home/yinyihao/ros2/install/nav2_race_min/lib/python3.10/site-packages/nav2_race_min-0.0.1-py3.10.egg-info
running install_scripts
Installing mini_navigator_server script to /home/yinyihao/ros2/install/nav2_race_min/lib/nav2_race_min
Installing mini_race_stress script to /home/yinyihao/ros2/install/nav2_race_min/lib/nav2_race_min
writing list of installed files to '/home/yinyihao/ros2/build/nav2_race_min/install.log'
