[0.013s] Invoking command in '/home/yinyihao/ros2/build/generated_ros2_pkg': CMAKE_PREFIX_PATH=${CMAKE_PREFIX_PATH}:/home/yinyihao/ros2/install/nav2_race_min:/opt/ros/humble /usr/bin/cmake --build /home/yinyihao/ros2/build/generated_ros2_pkg -- -j20 -l20
[0.038s] -- Found ament_cmake: 1.3.12 (/opt/ros/humble/share/ament_cmake/cmake)
[0.166s] -- Found rclcpp: 16.0.16 (/opt/ros/humble/share/rclcpp/cmake)
[0.494s] -- Found rosidl_generator_c: 3.1.7 (/opt/ros/humble/share/rosidl_generator_c/cmake)
[0.497s] -- Found rosidl_adapter: 3.1.7 (/opt/ros/humble/share/rosidl_adapter/cmake)
[0.505s] -- Found rosidl_generator_cpp: 3.1.7 (/opt/ros/humble/share/rosidl_generator_cpp/cmake)
[0.517s] -- Using all available rosidl_typesupport_c: rosidl_typesupport_fastrtps_c;rosidl_typesupport_introspection_c
[0.530s] -- Using all available rosidl_typesupport_cpp: rosidl_typesupport_fastrtps_cpp;rosidl_typesupport_introspection_cpp
[0.567s] -- Found rmw_implementation_cmake: 6.1.2 (/opt/ros/humble/share/rmw_implementation_cmake/cmake)
[0.569s] -- Found rmw_fastrtps_cpp: 6.2.9 (/opt/ros/humble/share/rmw_fastrtps_cpp/cmake)
[12.196s] -- Using RMW implementation 'rmw_fastrtps_cpp' as default
[12.377s] -- Found std_srvs: 4.9.0 (/opt/ros/humble/share/std_srvs/cmake)
[12.550s] -- Configuring done
[12.603s] -- Generating done
[12.630s] -- Build files have been written to: /home/yinyihao/ros2/build/generated_ros2_pkg
[12.702s] [35m[1mConsolidate compiler generated dependencies of target controller_server[0m
[12.702s] [35m[1mConsolidate compiler generated dependencies of target planner_server[0m
[12.706s] [35m[1mConsolidate compiler generated dependencies of target bt_navigator[0m
[12.710s] [35m[1mConsolidate compiler generated dependencies of target local_costmap_local_costmap[0m
[12.711s] [35m[1mConsolidate compiler generated dependencies of target lifecycle_manager[0m
[12.712s] [35m[1mConsolidate compiler generated dependencies of target global_costmap_global_costmap[0m
[12.718s] [  5%] [32mBuilding CXX object CMakeFiles/dwb_controller.dir/src/dwb_controller.cpp.o[0m
[12.719s] [ 10%] [32mBuilding CXX object CMakeFiles/behavior_server.dir/src/behavior_server.cpp.o[0m
[12.721s] [ 15%] [32mBuilding CXX object CMakeFiles/smac_planner.dir/src/smac_planner.cpp.o[0m
[12.722s] [ 20%] [32mBuilding CXX object CMakeFiles/navfn_planner.dir/src/navfn_planner.cpp.o[0m
[12.730s] [ 25%] [32mBuilding CXX object CMakeFiles/planner_server.dir/src/planner_server.cpp.o[0m
[12.731s] [ 30%] [32mBuilding CXX object CMakeFiles/global_costmap_global_costmap.dir/src/global_costmap_global_costmap.cpp.o[0m
[12.731s] [ 35%] [32mBuilding CXX object CMakeFiles/lifecycle_manager.dir/src/lifecycle_manager.cpp.o[0m
[12.731s] [ 45%] [32mBuilding CXX object CMakeFiles/local_costmap_local_costmap.dir/src/local_costmap_local_costmap.cpp.o[0m
[12.731s] [ 45%] [32mBuilding CXX object CMakeFiles/controller_server.dir/src/controller_server.cpp.o[0m
[12.732s] [ 50%] [32mBuilding CXX object CMakeFiles/bt_navigator.dir/src/bt_navigator.cpp.o[0m
[19.420s] [ 70%] [32m[1mLinking CXX executable lifecycle_manager[0m
[19.421s] [ 70%] [32m[1mLinking CXX executable dwb_controller[0m
[19.421s] [ 70%] [32m[1mLinking CXX executable navfn_planner[0m
[19.421s] [ 70%] [32m[1mLinking CXX executable smac_planner[0m
[19.830s] [ 70%] Built target navfn_planner
[19.830s] [ 70%] Built target lifecycle_manager
[19.836s] [ 70%] Built target dwb_controller
[19.842s] [ 70%] Built target smac_planner
[23.574s] [ 75%] [32m[1mLinking CXX executable planner_server[0m
[23.574s] [ 80%] [32m[1mLinking CXX executable bt_navigator[0m
[23.578s] [ 85%] [32m[1mLinking CXX executable behavior_server[0m
[23.606s] [ 90%] [32m[1mLinking CXX executable local_costmap_local_costmap[0m
[23.654s] [ 95%] [32m[1mLinking CXX executable controller_server[0m
[23.661s] [100%] [32m[1mLinking CXX executable global_costmap_global_costmap[0m
[24.104s] [100%] Built target bt_navigator
[24.112s] [100%] Built target behavior_server
[24.124s] [100%] Built target planner_server
[24.148s] [100%] Built target local_costmap_local_costmap
[24.174s] [100%] Built target global_costmap_global_costmap
[24.183s] [100%] Built target controller_server
[24.213s] Invoked command in '/home/yinyihao/ros2/build/generated_ros2_pkg' returned '0': CMAKE_PREFIX_PATH=${CMAKE_PREFIX_PATH}:/home/yinyihao/ros2/install/nav2_race_min:/opt/ros/humble /usr/bin/cmake --build /home/yinyihao/ros2/build/generated_ros2_pkg -- -j20 -l20
[24.257s] Invoking command in '/home/yinyihao/ros2/build/generated_ros2_pkg': CMAKE_PREFIX_PATH=${CMAKE_PREFIX_PATH}:/home/yinyihao/ros2/install/nav2_race_min:/opt/ros/humble /usr/bin/cmake --install /home/yinyihao/ros2/build/generated_ros2_pkg
[24.274s] -- Install configuration: ""
[24.275s] -- Installing: /home/yinyihao/ros2/install/generated_ros2_pkg/lib/generated_ros2_pkg/controller_server
[24.326s] -- Set runtime path of "/home/yinyihao/ros2/install/generated_ros2_pkg/lib/generated_ros2_pkg/controller_server" to ""
[24.326s] -- Installing: /home/yinyihao/ros2/install/generated_ros2_pkg/lib/generated_ros2_pkg/planner_server
[24.359s] -- Set runtime path of "/home/yinyihao/ros2/install/generated_ros2_pkg/lib/generated_ros2_pkg/planner_server" to ""
[24.359s] -- Installing: /home/yinyihao/ros2/install/generated_ros2_pkg/lib/generated_ros2_pkg/behavior_server
[24.373s] -- Set runtime path of "/home/yinyihao/ros2/install/generated_ros2_pkg/lib/generated_ros2_pkg/behavior_server" to ""
[24.374s] -- Installing: /home/yinyihao/ros2/install/generated_ros2_pkg/lib/generated_ros2_pkg/bt_navigator
[24.402s] -- Set runtime path of "/home/yinyihao/ros2/install/generated_ros2_pkg/lib/generated_ros2_pkg/bt_navigator" to ""
[24.403s] -- Installing: /home/yinyihao/ros2/install/generated_ros2_pkg/lib/generated_ros2_pkg/navfn_planner
[24.415s] -- Set runtime path of "/home/yinyihao/ros2/install/generated_ros2_pkg/lib/generated_ros2_pkg/navfn_planner" to ""
[24.415s] -- Installing: /home/yinyihao/ros2/install/generated_ros2_pkg/lib/generated_ros2_pkg/dwb_controller
[24.426s] -- Set runtime path of "/home/yinyihao/ros2/install/generated_ros2_pkg/lib/generated_ros2_pkg/dwb_controller" to ""
[24.426s] -- Installing: /home/yinyihao/ros2/install/generated_ros2_pkg/lib/generated_ros2_pkg/smac_planner
[24.433s] -- Set runtime path of "/home/yinyihao/ros2/install/generated_ros2_pkg/lib/generated_ros2_pkg/smac_planner" to ""
[24.433s] -- Installing: /home/yinyihao/ros2/install/generated_ros2_pkg/lib/generated_ros2_pkg/global_costmap_global_costmap
[24.459s] -- Set runtime path of "/home/yinyihao/ros2/install/generated_ros2_pkg/lib/generated_ros2_pkg/global_costmap_global_costmap" to ""
[24.460s] -- Installing: /home/yinyihao/ros2/install/generated_ros2_pkg/lib/generated_ros2_pkg/local_costmap_local_costmap
[24.486s] -- Set runtime path of "/home/yinyihao/ros2/install/generated_ros2_pkg/lib/generated_ros2_pkg/local_costmap_local_costmap" to ""
[24.486s] -- Installing: /home/yinyihao/ros2/install/generated_ros2_pkg/lib/generated_ros2_pkg/lifecycle_manager
[24.491s] -- Set runtime path of "/home/yinyihao/ros2/install/generated_ros2_pkg/lib/generated_ros2_pkg/lifecycle_manager" to ""
[24.491s] -- Up-to-date: /home/yinyihao/ros2/install/generated_ros2_pkg/share/generated_ros2_pkg/launch
[24.491s] -- Installing: /home/yinyihao/ros2/install/generated_ros2_pkg/share/generated_ros2_pkg/launch/generated_system.launch.py
[24.492s] -- Up-to-date: /home/yinyihao/ros2/install/generated_ros2_pkg/share/ament_index/resource_index/package_run_dependencies/generated_ros2_pkg
[24.492s] -- Installing: /home/yinyihao/ros2/install/generated_ros2_pkg/share/ament_index/resource_index/parent_prefix_path/generated_ros2_pkg
[24.492s] -- Up-to-date: /home/yinyihao/ros2/install/generated_ros2_pkg/share/generated_ros2_pkg/environment/ament_prefix_path.sh
[24.492s] -- Installing: /home/yinyihao/ros2/install/generated_ros2_pkg/share/generated_ros2_pkg/environment/ament_prefix_path.dsv
[24.493s] -- Up-to-date: /home/yinyihao/ros2/install/generated_ros2_pkg/share/generated_ros2_pkg/environment/path.sh
[24.493s] -- Installing: /home/yinyihao/ros2/install/generated_ros2_pkg/share/generated_ros2_pkg/environment/path.dsv
[24.493s] -- Up-to-date: /home/yinyihao/ros2/install/generated_ros2_pkg/share/generated_ros2_pkg/local_setup.bash
[24.493s] -- Up-to-date: /home/yinyihao/ros2/install/generated_ros2_pkg/share/generated_ros2_pkg/local_setup.sh
[24.493s] -- Up-to-date: /home/yinyihao/ros2/install/generated_ros2_pkg/share/generated_ros2_pkg/local_setup.zsh
[24.493s] -- Installing: /home/yinyihao/ros2/install/generated_ros2_pkg/share/generated_ros2_pkg/local_setup.dsv
[24.493s] -- Installing: /home/yinyihao/ros2/install/generated_ros2_pkg/share/generated_ros2_pkg/package.dsv
[24.494s] -- Up-to-date: /home/yinyihao/ros2/install/generated_ros2_pkg/share/ament_index/resource_index/packages/generated_ros2_pkg
[24.494s] -- Up-to-date: /home/yinyihao/ros2/install/generated_ros2_pkg/share/generated_ros2_pkg/cmake/generated_ros2_pkgConfig.cmake
[24.494s] -- Up-to-date: /home/yinyihao/ros2/install/generated_ros2_pkg/share/generated_ros2_pkg/cmake/generated_ros2_pkgConfig-version.cmake
[24.494s] -- Installing: /home/yinyihao/ros2/install/generated_ros2_pkg/share/generated_ros2_pkg/package.xml
[24.498s] Invoked command in '/home/yinyihao/ros2/build/generated_ros2_pkg' returned '0': CMAKE_PREFIX_PATH=${CMAKE_PREFIX_PATH}:/home/yinyihao/ros2/install/nav2_race_min:/opt/ros/humble /usr/bin/cmake --install /home/yinyihao/ros2/build/generated_ros2_pkg
