-- Found ament_cmake: 1.3.12 (/opt/ros/humble/share/ament_cmake/cmake)
-- Found rclcpp: 16.0.16 (/opt/ros/humble/share/rclcpp/cmake)
-- Found rosidl_generator_c: 3.1.7 (/opt/ros/humble/share/rosidl_generator_c/cmake)
-- Found rosidl_adapter: 3.1.7 (/opt/ros/humble/share/rosidl_adapter/cmake)
-- Found rosidl_generator_cpp: 3.1.7 (/opt/ros/humble/share/rosidl_generator_cpp/cmake)
-- Using all available rosidl_typesupport_c: rosidl_typesupport_fastrtps_c;rosidl_typesupport_introspection_c
-- Using all available rosidl_typesupport_cpp: rosidl_typesupport_fastrtps_cpp;rosidl_typesupport_introspection_cpp
-- Found rmw_implementation_cmake: 6.1.2 (/opt/ros/humble/share/rmw_implementation_cmake/cmake)
-- Found rmw_fastrtps_cpp: 6.2.9 (/opt/ros/humble/share/rmw_fastrtps_cpp/cmake)
-- Using RMW implementation 'rmw_fastrtps_cpp' as default
-- Found std_srvs: 4.9.0 (/opt/ros/humble/share/std_srvs/cmake)
-- Configuring done
-- Generating done
-- Build files have been written to: /home/yinyihao/ros2/build/generated_ros2_pkg
Consolidate compiler generated dependencies of target behavior_server
Consolidate compiler generated dependencies of target controller_server
Consolidate compiler generated dependencies of target bt_navigator
Consolidate compiler generated dependencies of target amcl
[  2%] Building CXX object CMakeFiles/initialpose.dir/src/initialpose.cpp.o
[  5%] Building CXX object CMakeFiles/global_costmap_costmap.dir/src/global_costmap_costmap.cpp.o
Consolidate compiler generated dependencies of target goal_pose
Consolidate compiler generated dependencies of target lifecycle_manager
Consolidate compiler generated dependencies of target global_costmap_node
Consolidate compiler generated dependencies of target local_costmap_node
Consolidate compiler generated dependencies of target planner_server
[  7%] Building CXX object CMakeFiles/behavior_server.dir/src/behavior_server.cpp.o
[ 10%] Building CXX object CMakeFiles/map.dir/src/map.cpp.o
[ 12%] Building CXX object CMakeFiles/local_costmap_costmap.dir/src/local_costmap_costmap.cpp.o
Consolidate compiler generated dependencies of target waypoint_follower
Consolidate compiler generated dependencies of target tf
[ 15%] Building CXX object CMakeFiles/controller_server.dir/src/controller_server.cpp.o
Consolidate compiler generated dependencies of target velocity_smoother
[ 17%] Building CXX object CMakeFiles/amcl.dir/src/amcl.cpp.o
[ 20%] Building CXX object CMakeFiles/odom.dir/src/odom.cpp.o
Consolidate compiler generated dependencies of target smoother_server
[ 22%] Building CXX object CMakeFiles/scan.dir/src/scan.cpp.o
[ 25%] Building CXX object CMakeFiles/bt_navigator.dir/src/bt_navigator.cpp.o
[ 27%] Building CXX object CMakeFiles/lifecycle_manager.dir/src/lifecycle_manager.cpp.o
[ 32%] Building CXX object CMakeFiles/planner_server.dir/src/planner_server.cpp.o
[ 32%] Building CXX object CMakeFiles/global_costmap_node.dir/src/global_costmap_node.cpp.o
[ 35%] Building CXX object CMakeFiles/local_costmap_node.dir/src/local_costmap_node.cpp.o
[ 37%] Building CXX object CMakeFiles/tf_static.dir/src/tf_static.cpp.o
[ 40%] Building CXX object CMakeFiles/tf.dir/src/tf.cpp.o
[ 42%] Building CXX object CMakeFiles/waypoint_follower.dir/src/waypoint_follower.cpp.o
[ 45%] Building CXX object CMakeFiles/goal_pose.dir/src/goal_pose.cpp.o
[ 47%] Building CXX object CMakeFiles/smoother_server.dir/src/smoother_server.cpp.o
[ 50%] Building CXX object CMakeFiles/velocity_smoother.dir/src/velocity_smoother.cpp.o
c++: fatal error: Killed signal terminated program cc1plus
compilation terminated.
gmake[2]: *** [CMakeFiles/controller_server.dir/build.make:76: CMakeFiles/controller_server.dir/src/controller_server.cpp.o] Error 1
gmake[1]: *** [CMakeFiles/Makefile2:253: CMakeFiles/controller_server.dir/all] Error 2
gmake[1]: *** Waiting for unfinished jobs....
