[0.007s] Invoking command in '/home/yinyihao/ros2/build/generated_ros2_pkg': CMAKE_PREFIX_PATH=${CMAKE_PREFIX_PATH}:/home/yinyihao/ros2/install/nav2_race_min:/opt/ros/humble /usr/bin/cmake --build /home/yinyihao/ros2/build/generated_ros2_pkg -- -j20 -l20
[0.020s] -- Found ament_cmake: 1.3.12 (/opt/ros/humble/share/ament_cmake/cmake)
[0.116s] -- Found rclcpp: 16.0.16 (/opt/ros/humble/share/rclcpp/cmake)
[0.473s] -- Found rosidl_generator_c: 3.1.7 (/opt/ros/humble/share/rosidl_generator_c/cmake)
[0.478s] -- Found rosidl_adapter: 3.1.7 (/opt/ros/humble/share/rosidl_adapter/cmake)
[0.488s] -- Found rosidl_generator_cpp: 3.1.7 (/opt/ros/humble/share/rosidl_generator_cpp/cmake)
[0.503s] -- Using all available rosidl_typesupport_c: rosidl_typesupport_fastrtps_c;rosidl_typesupport_introspection_c
[0.515s] -- Using all available rosidl_typesupport_cpp: rosidl_typesupport_fastrtps_cpp;rosidl_typesupport_introspection_cpp
[0.538s] -- Found rmw_implementation_cmake: 6.1.2 (/opt/ros/humble/share/rmw_implementation_cmake/cmake)
[0.539s] -- Found rmw_fastrtps_cpp: 6.2.9 (/opt/ros/humble/share/rmw_fastrtps_cpp/cmake)
[18.156s] -- Using RMW implementation 'rmw_fastrtps_cpp' as default
[18.197s] -- Found std_srvs: 4.9.0 (/opt/ros/humble/share/std_srvs/cmake)
[18.250s] -- Configuring done
[18.311s] -- Generating done
[18.336s] -- Build files have been written to: /home/yinyihao/ros2/build/generated_ros2_pkg
[18.362s] Consolidate compiler generated dependencies of target behavior_server
[18.362s] Consolidate compiler generated dependencies of target controller_server
[18.366s] Consolidate compiler generated dependencies of target bt_navigator
[18.366s] Consolidate compiler generated dependencies of target amcl
[18.367s] [  2%] Building CXX object CMakeFiles/initialpose.dir/src/initialpose.cpp.o
[18.367s] [  5%] Building CXX object CMakeFiles/global_costmap_costmap.dir/src/global_costmap_costmap.cpp.o
[18.368s] Consolidate compiler generated dependencies of target goal_pose
[18.370s] Consolidate compiler generated dependencies of target lifecycle_manager
[18.371s] Consolidate compiler generated dependencies of target global_costmap_node
[18.371s] Consolidate compiler generated dependencies of target local_costmap_node
[18.372s] Consolidate compiler generated dependencies of target planner_server
[18.372s] [  7%] Building CXX object CMakeFiles/behavior_server.dir/src/behavior_server.cpp.o
[18.372s] [ 10%] Building CXX object CMakeFiles/map.dir/src/map.cpp.o
[18.373s] [ 12%] Building CXX object CMakeFiles/local_costmap_costmap.dir/src/local_costmap_costmap.cpp.o
[18.373s] Consolidate compiler generated dependencies of target waypoint_follower
[18.375s] Consolidate compiler generated dependencies of target tf
[18.376s] [ 15%] Building CXX object CMakeFiles/controller_server.dir/src/controller_server.cpp.o
[18.378s] Consolidate compiler generated dependencies of target velocity_smoother
[18.378s] [ 17%] Building CXX object CMakeFiles/amcl.dir/src/amcl.cpp.o
[18.379s] [ 20%] Building CXX object CMakeFiles/odom.dir/src/odom.cpp.o
[18.380s] Consolidate compiler generated dependencies of target smoother_server
[18.380s] [ 22%] Building CXX object CMakeFiles/scan.dir/src/scan.cpp.o
[18.381s] [ 25%] Building CXX object CMakeFiles/bt_navigator.dir/src/bt_navigator.cpp.o
[18.381s] [ 27%] Building CXX object CMakeFiles/lifecycle_manager.dir/src/lifecycle_manager.cpp.o
[18.381s] [ 32%] Building CXX object CMakeFiles/planner_server.dir/src/planner_server.cpp.o
[18.382s] [ 32%] Building CXX object CMakeFiles/global_costmap_node.dir/src/global_costmap_node.cpp.o
[18.382s] [ 35%] Building CXX object CMakeFiles/local_costmap_node.dir/src/local_costmap_node.cpp.o
[18.384s] [ 37%] Building CXX object CMakeFiles/tf_static.dir/src/tf_static.cpp.o
[18.387s] [ 40%] Building CXX object CMakeFiles/tf.dir/src/tf.cpp.o
[18.388s] [ 42%] Building CXX object CMakeFiles/waypoint_follower.dir/src/waypoint_follower.cpp.o
[18.390s] [ 45%] Building CXX object CMakeFiles/goal_pose.dir/src/goal_pose.cpp.o
[18.397s] [ 47%] Building CXX object CMakeFiles/smoother_server.dir/src/smoother_server.cpp.o
[18.398s] [ 50%] Building CXX object CMakeFiles/velocity_smoother.dir/src/velocity_smoother.cpp.o
[27.976s] c++: fatal error: Killed signal terminated program cc1plus
[27.978s] compilation terminated.
[27.978s] gmake[2]: *** [CMakeFiles/controller_server.dir/build.make:76: CMakeFiles/controller_server.dir/src/controller_server.cpp.o] Error 1
[27.978s] gmake[1]: *** [CMakeFiles/Makefile2:253: CMakeFiles/controller_server.dir/all] Error 2
[27.978s] gmake[1]: *** Waiting for unfinished jobs....
