running egg_info
writing ../../build/nav2_race_min/nav2_race_min.egg-info/PKG-INFO
writing dependency_links to ../../build/nav2_race_min/nav2_race_min.egg-info/dependency_links.txt
writing entry points to ../../build/nav2_race_min/nav2_race_min.egg-info/entry_points.txt
writing requirements to ../../build/nav2_race_min/nav2_race_min.egg-info/requires.txt
writing top-level names to ../../build/nav2_race_min/nav2_race_min.egg-info/top_level.txt
reading manifest file '../../build/nav2_race_min/nav2_race_min.egg-info/SOURCES.txt'
writing manifest file '../../build/nav2_race_min/nav2_race_min.egg-info/SOURCES.txt'
running build
running build_py
running install
running install_lib
running install_data
copying launch/race_min.launch.py -> /home/yinyihao/ros2/install/nav2_race_min/share/nav2_race_min/launch
running install_egg_info
removing '/home/yinyihao/ros2/install/nav2_race_min/lib/python3.10/site-packages/nav2_race_min-0.0.1-py3.10.egg-info' (and everything under it)
Copying ../../build/nav2_race_min/nav2_race_min.egg-info to /home/yinyihao/ros2/install/nav2_race_min/lib/python3.10/site-packages/nav2_race_min-0.0.1-py3.10.egg-info
running install_scripts
Installing mini_navigator_server script to /home/yinyihao/ros2/install/nav2_race_min/lib/nav2_race_min
Installing mini_race_stress script to /home/yinyihao/ros2/install/nav2_race_min/lib/nav2_race_min
writing list of installed files to '/home/yinyihao/ros2/build/nav2_race_min/install.log'
