-- Found ament_cmake: 1.3.12 (/opt/ros/humble/share/ament_cmake/cmake)
-- Found rclcpp: 16.0.16 (/opt/ros/humble/share/rclcpp/cmake)
-- Found rosidl_generator_c: 3.1.7 (/opt/ros/humble/share/rosidl_generator_c/cmake)
-- Found rosidl_adapter: 3.1.7 (/opt/ros/humble/share/rosidl_adapter/cmake)
-- Found rosidl_generator_cpp: 3.1.7 (/opt/ros/humble/share/rosidl_generator_cpp/cmake)
-- Using all available rosidl_typesupport_c: rosidl_typesupport_fastrtps_c;rosidl_typesupport_introspection_c
-- Using all available rosidl_typesupport_cpp: rosidl_typesupport_fastrtps_cpp;rosidl_typesupport_introspection_cpp
-- Found rmw_implementation_cmake: 6.1.2 (/opt/ros/humble/share/rmw_implementation_cmake/cmake)
-- Found rmw_fastrtps_cpp: 6.2.9 (/opt/ros/humble/share/rmw_fastrtps_cpp/cmake)
-- Using RMW implementation 'rmw_fastrtps_cpp' as default
-- Found rclcpp_lifecycle: 16.0.16 (/opt/ros/humble/share/rclcpp_lifecycle/cmake)
-- Found rclcpp_action: 16.0.16 (/opt/ros/humble/share/rclcpp_action/cmake)
-- Found nav2_msgs: 1.1.20 (/opt/ros/humble/share/nav2_msgs/cmake)
-- Found std_srvs: 4.9.0 (/opt/ros/humble/share/std_srvs/cmake)
-- Configuring done
-- Generating done
-- Build files have been written to: /home/yinyihao/ros2/build/nav2_race_cpp
[35m[1mConsolidate compiler generated dependencies of target bt_navigator_mini[0m
[35m[1mConsolidate compiler generated dependencies of target controller_server_mini[0m
[35m[1mConsolidate compiler generated dependencies of target planner_server_mini[0m
[  4%] [32mBuilding CXX object CMakeFiles/velocity_smoother_mini.dir/src/velocity_smoother_mini.cpp.o[0m
[  9%] [32mBuilding CXX object CMakeFiles/smoother_server_mini.dir/src/smoother_server_mini.cpp.o[0m
[35m[1mConsolidate compiler generated dependencies of target lifecycle_manager_navigation_mini[0m
[ 13%] [32mBuilding CXX object CMakeFiles/global_costmap_mini.dir/src/global_costmap_mini.cpp.o[0m
[ 18%] [32mBuilding CXX object CMakeFiles/local_costmap_mini.dir/src/local_costmap_mini.cpp.o[0m
[ 22%] [32mBuilding CXX object CMakeFiles/collision_monitor_mini.dir/src/collision_monitor_mini.cpp.o[0m
[ 27%] [32mBuilding CXX object CMakeFiles/behavior_server_mini.dir/src/behavior_server_mini.cpp.o[0m
[ 31%] [32mBuilding CXX object CMakeFiles/map_server_mini.dir/src/map_server_mini.cpp.o[0m
[ 40%] [32mBuilding CXX object CMakeFiles/bt_navigator_mini.dir/src/bt_navigator_mini.cpp.o[0m
[ 40%] [32mBuilding CXX object CMakeFiles/controller_server_mini.dir/src/controller_server_mini.cpp.o[0m
[ 45%] [32mBuilding CXX object CMakeFiles/planner_server_mini.dir/src/planner_server_mini.cpp.o[0m
[ 54%] Built target lifecycle_manager_navigation_mini
[ 59%] [32m[1mLinking CXX executable map_server_mini[0m
[ 63%] [32m[1mLinking CXX executable behavior_server_mini[0m
[ 63%] Built target map_server_mini
[ 63%] Built target behavior_server_mini
[ 68%] [32m[1mLinking CXX executable collision_monitor_mini[0m
[ 72%] [32m[1mLinking CXX executable velocity_smoother_mini[0m
[ 77%] [32m[1mLinking CXX executable local_costmap_mini[0m
[ 81%] [32m[1mLinking CXX executable global_costmap_mini[0m
[ 86%] [32m[1mLinking CXX executable smoother_server_mini[0m
[ 86%] Built target collision_monitor_mini
[ 86%] Built target velocity_smoother_mini
[ 86%] Built target local_costmap_mini
[ 86%] Built target global_costmap_mini
[ 86%] Built target smoother_server_mini
[ 90%] [32m[1mLinking CXX executable planner_server_mini[0m
[ 90%] Built target planner_server_mini
[ 95%] [32m[1mLinking CXX executable controller_server_mini[0m
[ 95%] Built target controller_server_mini
[100%] [32m[1mLinking CXX executable bt_navigator_mini[0m
[100%] Built target bt_navigator_mini
-- Install configuration: ""
-- Installing: /home/yinyihao/ros2/install/nav2_race_cpp/lib/nav2_race_cpp/bt_navigator_mini
-- Set runtime path of "/home/yinyihao/ros2/install/nav2_race_cpp/lib/nav2_race_cpp/bt_navigator_mini" to ""
-- Installing: /home/yinyihao/ros2/install/nav2_race_cpp/lib/nav2_race_cpp/planner_server_mini
-- Set runtime path of "/home/yinyihao/ros2/install/nav2_race_cpp/lib/nav2_race_cpp/planner_server_mini" to ""
-- Installing: /home/yinyihao/ros2/install/nav2_race_cpp/lib/nav2_race_cpp/controller_server_mini
-- Set runtime path of "/home/yinyihao/ros2/install/nav2_race_cpp/lib/nav2_race_cpp/controller_server_mini" to ""
-- Installing: /home/yinyihao/ros2/install/nav2_race_cpp/lib/nav2_race_cpp/smoother_server_mini
-- Set runtime path of "/home/yinyihao/ros2/install/nav2_race_cpp/lib/nav2_race_cpp/smoother_server_mini" to ""
-- Installing: /home/yinyihao/ros2/install/nav2_race_cpp/lib/nav2_race_cpp/behavior_server_mini
-- Set runtime path of "/home/yinyihao/ros2/install/nav2_race_cpp/lib/nav2_race_cpp/behavior_server_mini" to ""
-- Installing: /home/yinyihao/ros2/install/nav2_race_cpp/lib/nav2_race_cpp/map_server_mini
-- Set runtime path of "/home/yinyihao/ros2/install/nav2_race_cpp/lib/nav2_race_cpp/map_server_mini" to ""
-- Installing: /home/yinyihao/ros2/install/nav2_race_cpp/lib/nav2_race_cpp/global_costmap_mini
-- Set runtime path of "/home/yinyihao/ros2/install/nav2_race_cpp/lib/nav2_race_cpp/global_costmap_mini" to ""
-- Installing: /home/yinyihao/ros2/install/nav2_race_cpp/lib/nav2_race_cpp/local_costmap_mini
-- Set runtime path of "/home/yinyihao/ros2/install/nav2_race_cpp/lib/nav2_race_cpp/local_costmap_mini" to ""
-- Installing: /home/yinyihao/ros2/install/nav2_race_cpp/lib/nav2_race_cpp/velocity_smoother_mini
-- Set runtime path of "/home/yinyihao/ros2/install/nav2_race_cpp/lib/nav2_race_cpp/velocity_smoother_mini" to ""
-- Installing: /home/yinyihao/ros2/install/nav2_race_cpp/lib/nav2_race_cpp/collision_monitor_mini
-- Set runtime path of "/home/yinyihao/ros2/install/nav2_race_cpp/lib/nav2_race_cpp/collision_monitor_mini" to ""
-- Up-to-date: /home/yinyihao/ros2/install/nav2_race_cpp/lib/nav2_race_cpp/lifecycle_manager_navigation_mini
-- Up-to-date: /home/yinyihao/ros2/install/nav2_race_cpp/share/nav2_race_cpp/launch
-- Installing: /home/yinyihao/ros2/install/nav2_race_cpp/share/nav2_race_cpp/launch/nav2_race_cpp.launch.py
-- Installing: /home/yinyihao/ros2/install/nav2_race_cpp/share/ament_index/resource_index/package_run_dependencies/nav2_race_cpp
-- Installing: /home/yinyihao/ros2/install/nav2_race_cpp/share/ament_index/resource_index/parent_prefix_path/nav2_race_cpp
-- Up-to-date: /home/yinyihao/ros2/install/nav2_race_cpp/share/nav2_race_cpp/environment/ament_prefix_path.sh
-- Installing: /home/yinyihao/ros2/install/nav2_race_cpp/share/nav2_race_cpp/environment/ament_prefix_path.dsv
-- Up-to-date: /home/yinyihao/ros2/install/nav2_race_cpp/share/nav2_race_cpp/environment/path.sh
-- Installing: /home/yinyihao/ros2/install/nav2_race_cpp/share/nav2_race_cpp/environment/path.dsv
-- Up-to-date: /home/yinyihao/ros2/install/nav2_race_cpp/share/nav2_race_cpp/local_setup.bash
-- Up-to-date: /home/yinyihao/ros2/install/nav2_race_cpp/share/nav2_race_cpp/local_setup.sh
-- Up-to-date: /home/yinyihao/ros2/install/nav2_race_cpp/share/nav2_race_cpp/local_setup.zsh
-- Installing: /home/yinyihao/ros2/install/nav2_race_cpp/share/nav2_race_cpp/local_setup.dsv
-- Installing: /home/yinyihao/ros2/install/nav2_race_cpp/share/nav2_race_cpp/package.dsv
-- Up-to-date: /home/yinyihao/ros2/install/nav2_race_cpp/share/ament_index/resource_index/packages/nav2_race_cpp
-- Up-to-date: /home/yinyihao/ros2/install/nav2_race_cpp/share/nav2_race_cpp/cmake/nav2_race_cppConfig.cmake
-- Up-to-date: /home/yinyihao/ros2/install/nav2_race_cpp/share/nav2_race_cpp/cmake/nav2_race_cppConfig-version.cmake
-- Installing: /home/yinyihao/ros2/install/nav2_race_cpp/share/nav2_race_cpp/package.xml
