[0.214s] DEBUG:colcon:Command line arguments: ['/usr/bin/colcon', 'build', '--packages-select', 'generated_ros2_pkg']
[0.214s] DEBUG:colcon:Parsed command line arguments: Namespace(log_base=None, log_level=None, verb_name='build', build_base='build', install_base='install', merge_install=False, symlink_install=False, test_result_base=None, continue_on_error=False, executor='parallel', parallel_workers=20, event_handlers=None, ignore_user_meta=False, metas=['./colcon.meta'], base_paths=['.'], packages_ignore=None, packages_ignore_regex=None, paths=None, packages_up_to=None, packages_up_to_regex=None, packages_above=None, packages_above_and_dependencies=None, packages_above_depth=None, packages_select_by_dep=None, packages_skip_by_dep=None, packages_skip_up_to=None, packages_select_build_failed=False, packages_skip_build_finished=False, packages_select_test_failures=False, packages_skip_test_passed=False, packages_select=['generated_ros2_pkg'], packages_skip=None, packages_select_regex=None, packages_skip_regex=None, packages_start=None, packages_end=None, allow_overriding=[], cmake_args=None, cmake_target=None, cmake_target_skip_unavailable=False, cmake_clean_cache=False, cmake_clean_first=False, cmake_force_configure=False, ament_cmake_args=None, catkin_cmake_args=None, catkin_skip_building_tests=False, verb_parser=<colcon_defaults.argument_parser.defaults.DefaultArgumentsDecorator object at 0x7f04f2ddba90>, verb_extension=<colcon_core.verb.build.BuildVerb object at 0x7f04f2dda9e0>, main=<bound method BuildVerb.main of <colcon_core.verb.build.BuildVerb object at 0x7f04f2dda9e0>>)
[1.711s] Level 1:colcon.colcon_core.package_discovery:discover_packages(colcon_meta) check parameters
[1.711s] Level 1:colcon.colcon_core.package_discovery:discover_packages(recursive) check parameters
[1.711s] Level 1:colcon.colcon_core.package_discovery:discover_packages(ignore) check parameters
[1.711s] Level 1:colcon.colcon_core.package_discovery:discover_packages(path) check parameters
[1.711s] Level 1:colcon.colcon_core.package_discovery:discover_packages(colcon_meta) discover
[1.711s] Level 1:colcon.colcon_core.package_discovery:discover_packages(recursive) discover
[1.711s] INFO:colcon.colcon_core.package_discovery:Crawling recursively for packages in '/home/yinyihao/ros2'
[1.711s] Level 1:colcon.colcon_core.package_identification:_identify(.) by extensions ['ignore', 'ignore_ament_install']
[1.711s] Level 1:colcon.colcon_core.package_identification:_identify(.) by extension 'ignore'
[1.711s] Level 1:colcon.colcon_core.package_identification:_identify(.) by extension 'ignore_ament_install'
[1.711s] Level 1:colcon.colcon_core.package_identification:_identify(.) by extensions ['colcon_pkg']
[1.711s] Level 1:colcon.colcon_core.package_identification:_identify(.) by extension 'colcon_pkg'
[1.711s] INFO:colcon.colcon_metadata.metadata.colcon_pkg:Setting name 'ros2_ws' of package '.' from colcon.pkg
[1.711s] DEBUG:colcon.colcon_core.package_identification:Package '.' with type 'None' and name 'ros2_ws'
[1.711s] Level 1:colcon.colcon_core.package_identification:_identify(.) by extensions ['colcon_meta']
[1.712s] Level 1:colcon.colcon_core.package_identification:_identify(.) by extension 'colcon_meta'
[1.712s] Level 1:colcon.colcon_core.package_identification:_identify(.) by extensions ['ros']
[1.712s] Level 1:colcon.colcon_core.package_identification:_identify(.) by extension 'ros'
[1.720s] Level 1:colcon.colcon_core.package_identification:_identify(.) by extensions ['cmake', 'python']
[1.720s] Level 1:colcon.colcon_core.package_identification:_identify(.) by extension 'cmake'
[1.720s] Level 1:colcon.colcon_core.package_identification:_identify(.) by extension 'python'
[1.720s] Level 1:colcon.colcon_core.package_identification:_identify(.) by extensions ['python_setup_py']
[1.720s] Level 1:colcon.colcon_core.package_identification:_identify(.) by extension 'python_setup_py'
[1.720s] WARNING:colcon.colcon_core.package_identification:package '.' has type or name but is incomplete
[1.720s] Level 1:colcon.colcon_core.package_identification:_identify(build) by extensions ['ignore', 'ignore_ament_install']
[1.720s] Level 1:colcon.colcon_core.package_identification:_identify(build) by extension 'ignore'
[1.720s] Level 1:colcon.colcon_core.package_identification:_identify(build) ignored
[1.721s] Level 1:colcon.colcon_core.package_identification:_identify(graph) by extensions ['ignore', 'ignore_ament_install']
[1.721s] Level 1:colcon.colcon_core.package_identification:_identify(graph) by extension 'ignore'
[1.721s] Level 1:colcon.colcon_core.package_identification:_identify(graph) by extension 'ignore_ament_install'
[1.721s] Level 1:colcon.colcon_core.package_identification:_identify(graph) by extensions ['colcon_pkg']
[1.721s] Level 1:colcon.colcon_core.package_identification:_identify(graph) by extension 'colcon_pkg'
[1.721s] Level 1:colcon.colcon_core.package_identification:_identify(graph) by extensions ['colcon_meta']
[1.721s] Level 1:colcon.colcon_core.package_identification:_identify(graph) by extension 'colcon_meta'
[1.721s] Level 1:colcon.colcon_core.package_identification:_identify(graph) by extensions ['ros']
[1.721s] Level 1:colcon.colcon_core.package_identification:_identify(graph) by extension 'ros'
[1.721s] Level 1:colcon.colcon_core.package_identification:_identify(graph) by extensions ['cmake', 'python']
[1.721s] Level 1:colcon.colcon_core.package_identification:_identify(graph) by extension 'cmake'
[1.721s] Level 1:colcon.colcon_core.package_identification:_identify(graph) by extension 'python'
[1.721s] Level 1:colcon.colcon_core.package_identification:_identify(graph) by extensions ['python_setup_py']
[1.721s] Level 1:colcon.colcon_core.package_identification:_identify(graph) by extension 'python_setup_py'
[1.721s] Level 1:colcon.colcon_core.package_identification:_identify(install) by extensions ['ignore', 'ignore_ament_install']
[1.721s] Level 1:colcon.colcon_core.package_identification:_identify(install) by extension 'ignore'
[1.721s] Level 1:colcon.colcon_core.package_identification:_identify(install) ignored
[1.721s] Level 1:colcon.colcon_core.package_identification:_identify(log) by extensions ['ignore', 'ignore_ament_install']
[1.721s] Level 1:colcon.colcon_core.package_identification:_identify(log) by extension 'ignore'
[1.721s] Level 1:colcon.colcon_core.package_identification:_identify(log) ignored
[1.721s] Level 1:colcon.colcon_core.package_identification:_identify(src) by extensions ['ignore', 'ignore_ament_install']
[1.721s] Level 1:colcon.colcon_core.package_identification:_identify(src) by extension 'ignore'
[1.722s] Level 1:colcon.colcon_core.package_identification:_identify(src) by extension 'ignore_ament_install'
[1.722s] Level 1:colcon.colcon_core.package_identification:_identify(src) by extensions ['colcon_pkg']
[1.722s] Level 1:colcon.colcon_core.package_identification:_identify(src) by extension 'colcon_pkg'
[1.722s] Level 1:colcon.colcon_core.package_identification:_identify(src) by extensions ['colcon_meta']
[1.722s] Level 1:colcon.colcon_core.package_identification:_identify(src) by extension 'colcon_meta'
[1.722s] Level 1:colcon.colcon_core.package_identification:_identify(src) by extensions ['ros']
[1.722s] Level 1:colcon.colcon_core.package_identification:_identify(src) by extension 'ros'
[1.722s] Level 1:colcon.colcon_core.package_identification:_identify(src) by extensions ['cmake', 'python']
[1.722s] Level 1:colcon.colcon_core.package_identification:_identify(src) by extension 'cmake'
[1.722s] Level 1:colcon.colcon_core.package_identification:_identify(src) by extension 'python'
[1.722s] Level 1:colcon.colcon_core.package_identification:_identify(src) by extensions ['python_setup_py']
[1.722s] Level 1:colcon.colcon_core.package_identification:_identify(src) by extension 'python_setup_py'
[1.722s] Level 1:colcon.colcon_core.package_identification:_identify(src/generated_ros2_pkg) by extensions ['ignore', 'ignore_ament_install']
[1.722s] Level 1:colcon.colcon_core.package_identification:_identify(src/generated_ros2_pkg) by extension 'ignore'
[1.722s] Level 1:colcon.colcon_core.package_identification:_identify(src/generated_ros2_pkg) by extension 'ignore_ament_install'
[1.722s] Level 1:colcon.colcon_core.package_identification:_identify(src/generated_ros2_pkg) by extensions ['colcon_pkg']
[1.722s] Level 1:colcon.colcon_core.package_identification:_identify(src/generated_ros2_pkg) by extension 'colcon_pkg'
[1.722s] Level 1:colcon.colcon_core.package_identification:_identify(src/generated_ros2_pkg) by extensions ['colcon_meta']
[1.722s] Level 1:colcon.colcon_core.package_identification:_identify(src/generated_ros2_pkg) by extension 'colcon_meta'
[1.722s] Level 1:colcon.colcon_core.package_identification:_identify(src/generated_ros2_pkg) by extensions ['ros']
[1.722s] Level 1:colcon.colcon_core.package_identification:_identify(src/generated_ros2_pkg) by extension 'ros'
[1.724s] DEBUG:colcon.colcon_core.package_identification:Package 'src/generated_ros2_pkg' with type 'ros.ament_cmake' and name 'generated_ros2_pkg'
[1.724s] Level 1:colcon.colcon_core.package_identification:_identify(src/my_cpp_pkg) by extensions ['ignore', 'ignore_ament_install']
[1.725s] Level 1:colcon.colcon_core.package_identification:_identify(src/my_cpp_pkg) by extension 'ignore'
[1.725s] Level 1:colcon.colcon_core.package_identification:_identify(src/my_cpp_pkg) by extension 'ignore_ament_install'
[1.725s] Level 1:colcon.colcon_core.package_identification:_identify(src/my_cpp_pkg) by extensions ['colcon_pkg']
[1.725s] Level 1:colcon.colcon_core.package_identification:_identify(src/my_cpp_pkg) by extension 'colcon_pkg'
[1.725s] Level 1:colcon.colcon_core.package_identification:_identify(src/my_cpp_pkg) by extensions ['colcon_meta']
[1.725s] Level 1:colcon.colcon_core.package_identification:_identify(src/my_cpp_pkg) by extension 'colcon_meta'
[1.725s] Level 1:colcon.colcon_core.package_identification:_identify(src/my_cpp_pkg) by extensions ['ros']
[1.725s] Level 1:colcon.colcon_core.package_identification:_identify(src/my_cpp_pkg) by extension 'ros'
[1.725s] DEBUG:colcon.colcon_core.package_identification:Package 'src/my_cpp_pkg' with type 'ros.ament_cmake' and name 'my_cpp_pkg'
[1.725s] Level 1:colcon.colcon_core.package_identification:_identify(src/nav2_race_cpp) by extensions ['ignore', 'ignore_ament_install']
[1.726s] Level 1:colcon.colcon_core.package_identification:_identify(src/nav2_race_cpp) by extension 'ignore'
[1.726s] Level 1:colcon.colcon_core.package_identification:_identify(src/nav2_race_cpp) by extension 'ignore_ament_install'
[1.726s] Level 1:colcon.colcon_core.package_identification:_identify(src/nav2_race_cpp) by extensions ['colcon_pkg']
[1.726s] Level 1:colcon.colcon_core.package_identification:_identify(src/nav2_race_cpp) by extension 'colcon_pkg'
[1.726s] Level 1:colcon.colcon_core.package_identification:_identify(src/nav2_race_cpp) by extensions ['colcon_meta']
[1.726s] Level 1:colcon.colcon_core.package_identification:_identify(src/nav2_race_cpp) by extension 'colcon_meta'
[1.726s] Level 1:colcon.colcon_core.package_identification:_identify(src/nav2_race_cpp) by extensions ['ros']
[1.726s] Level 1:colcon.colcon_core.package_identification:_identify(src/nav2_race_cpp) by extension 'ros'
[1.726s] DEBUG:colcon.colcon_core.package_identification:Package 'src/nav2_race_cpp' with type 'ros.ament_cmake' and name 'nav2_race_cpp'
[1.727s] Level 1:colcon.colcon_core.package_identification:_identify(src/nav2_race_min) by extensions ['ignore', 'ignore_ament_install']
[1.727s] Level 1:colcon.colcon_core.package_identification:_identify(src/nav2_race_min) by extension 'ignore'
[1.727s] Level 1:colcon.colcon_core.package_identification:_identify(src/nav2_race_min) by extension 'ignore_ament_install'
[1.727s] Level 1:colcon.colcon_core.package_identification:_identify(src/nav2_race_min) by extensions ['colcon_pkg']
[1.727s] Level 1:colcon.colcon_core.package_identification:_identify(src/nav2_race_min) by extension 'colcon_pkg'
[1.727s] Level 1:colcon.colcon_core.package_identification:_identify(src/nav2_race_min) by extensions ['colcon_meta']
[1.727s] Level 1:colcon.colcon_core.package_identification:_identify(src/nav2_race_min) by extension 'colcon_meta'
[1.727s] Level 1:colcon.colcon_core.package_identification:_identify(src/nav2_race_min) by extensions ['ros']
[1.727s] Level 1:colcon.colcon_core.package_identification:_identify(src/nav2_race_min) by extension 'ros'
[1.728s] DEBUG:colcon.colcon_core.package_identification:Package 'src/nav2_race_min' with type 'ros.ament_python' and name 'nav2_race_min'
[1.728s] Level 1:colcon.colcon_core.package_identification:_identify(tools) by extensions ['ignore', 'ignore_ament_install']
[1.728s] Level 1:colcon.colcon_core.package_identification:_identify(tools) by extension 'ignore'
[1.728s] Level 1:colcon.colcon_core.package_identification:_identify(tools) by extension 'ignore_ament_install'
[1.728s] Level 1:colcon.colcon_core.package_identification:_identify(tools) by extensions ['colcon_pkg']
[1.728s] Level 1:colcon.colcon_core.package_identification:_identify(tools) by extension 'colcon_pkg'
[1.728s] Level 1:colcon.colcon_core.package_identification:_identify(tools) by extensions ['colcon_meta']
[1.728s] Level 1:colcon.colcon_core.package_identification:_identify(tools) by extension 'colcon_meta'
[1.728s] Level 1:colcon.colcon_core.package_identification:_identify(tools) by extensions ['ros']
[1.728s] Level 1:colcon.colcon_core.package_identification:_identify(tools) by extension 'ros'
[1.728s] Level 1:colcon.colcon_core.package_identification:_identify(tools) by extensions ['cmake', 'python']
[1.728s] Level 1:colcon.colcon_core.package_identification:_identify(tools) by extension 'cmake'
[1.728s] Level 1:colcon.colcon_core.package_identification:_identify(tools) by extension 'python'
[1.728s] Level 1:colcon.colcon_core.package_identification:_identify(tools) by extensions ['python_setup_py']
[1.728s] Level 1:colcon.colcon_core.package_identification:_identify(tools) by extension 'python_setup_py'
[1.728s] Level 1:colcon.colcon_core.package_identification:_identify(tools/__pycache__) by extensions ['ignore', 'ignore_ament_install']
[1.729s] Level 1:colcon.colcon_core.package_identification:_identify(tools/__pycache__) by extension 'ignore'
[1.729s] Level 1:colcon.colcon_core.package_identification:_identify(tools/__pycache__) by extension 'ignore_ament_install'
[1.729s] Level 1:colcon.colcon_core.package_identification:_identify(tools/__pycache__) by extensions ['colcon_pkg']
[1.729s] Level 1:colcon.colcon_core.package_identification:_identify(tools/__pycache__) by extension 'colcon_pkg'
[1.729s] Level 1:colcon.colcon_core.package_identification:_identify(tools/__pycache__) by extensions ['colcon_meta']
[1.729s] Level 1:colcon.colcon_core.package_identification:_identify(tools/__pycache__) by extension 'colcon_meta'
[1.729s] Level 1:colcon.colcon_core.package_identification:_identify(tools/__pycache__) by extensions ['ros']
[1.729s] Level 1:colcon.colcon_core.package_identification:_identify(tools/__pycache__) by extension 'ros'
[1.729s] Level 1:colcon.colcon_core.package_identification:_identify(tools/__pycache__) by extensions ['cmake', 'python']
[1.729s] Level 1:colcon.colcon_core.package_identification:_identify(tools/__pycache__) by extension 'cmake'
[1.729s] Level 1:colcon.colcon_core.package_identification:_identify(tools/__pycache__) by extension 'python'
[1.729s] Level 1:colcon.colcon_core.package_identification:_identify(tools/__pycache__) by extensions ['python_setup_py']
[1.729s] Level 1:colcon.colcon_core.package_identification:_identify(tools/__pycache__) by extension 'python_setup_py'
[1.729s] Level 1:colcon.colcon_core.package_discovery:discover_packages(recursive) using defaults
[1.729s] Level 1:colcon.colcon_core.package_discovery:discover_packages(ignore) discover
[1.729s] Level 1:colcon.colcon_core.package_discovery:discover_packages(ignore) using defaults
[1.729s] Level 1:colcon.colcon_core.package_discovery:discover_packages(path) discover
[1.729s] Level 1:colcon.colcon_core.package_discovery:discover_packages(path) using defaults
[1.758s] INFO:colcon.colcon_core.package_selection:Skipping not selected package 'my_cpp_pkg' in 'src/my_cpp_pkg'
[1.758s] INFO:colcon.colcon_core.package_selection:Skipping not selected package 'nav2_race_cpp' in 'src/nav2_race_cpp'
[1.758s] INFO:colcon.colcon_core.package_selection:Skipping not selected package 'nav2_race_min' in 'src/nav2_race_min'
[1.759s] Level 1:colcon.colcon_core.package_discovery:discover_packages(prefix_path) check parameters
[1.759s] Level 1:colcon.colcon_core.package_discovery:discover_packages(prefix_path) discover
[1.760s] DEBUG:colcon.colcon_installed_package_information.package_discovery:Found 4 installed packages in /home/yinyihao/ros2/install
[1.761s] DEBUG:colcon.colcon_installed_package_information.package_discovery:Found 342 installed packages in /opt/ros/humble
[1.762s] Level 1:colcon.colcon_core.package_discovery:discover_packages(prefix_path) using defaults
[1.787s] Level 5:colcon.colcon_core.verb:set package 'generated_ros2_pkg' build argument 'cmake_args' from command line to 'None'
[1.787s] Level 5:colcon.colcon_core.verb:set package 'generated_ros2_pkg' build argument 'cmake_target' from command line to 'None'
[1.787s] Level 5:colcon.colcon_core.verb:set package 'generated_ros2_pkg' build argument 'cmake_target_skip_unavailable' from command line to 'False'
[1.787s] Level 5:colcon.colcon_core.verb:set package 'generated_ros2_pkg' build argument 'cmake_clean_cache' from command line to 'False'
[1.787s] Level 5:colcon.colcon_core.verb:set package 'generated_ros2_pkg' build argument 'cmake_clean_first' from command line to 'False'
[1.787s] Level 5:colcon.colcon_core.verb:set package 'generated_ros2_pkg' build argument 'cmake_force_configure' from command line to 'False'
[1.787s] Level 5:colcon.colcon_core.verb:set package 'generated_ros2_pkg' build argument 'ament_cmake_args' from command line to 'None'
[1.787s] Level 5:colcon.colcon_core.verb:set package 'generated_ros2_pkg' build argument 'catkin_cmake_args' from command line to 'None'
[1.787s] Level 5:colcon.colcon_core.verb:set package 'generated_ros2_pkg' build argument 'catkin_skip_building_tests' from command line to 'False'
[1.787s] DEBUG:colcon.colcon_core.verb:Building package 'generated_ros2_pkg' with the following arguments: {'ament_cmake_args': None, 'build_base': '/home/yinyihao/ros2/build/generated_ros2_pkg', 'catkin_cmake_args': None, 'catkin_skip_building_tests': False, 'cmake_args': None, 'cmake_clean_cache': False, 'cmake_clean_first': False, 'cmake_force_configure': False, 'cmake_target': None, 'cmake_target_skip_unavailable': False, 'install_base': '/home/yinyihao/ros2/install/generated_ros2_pkg', 'merge_install': False, 'path': '/home/yinyihao/ros2/src/generated_ros2_pkg', 'symlink_install': False, 'test_result_base': None}
[1.787s] INFO:colcon.colcon_core.executor:Executing jobs using 'parallel' executor
[1.788s] DEBUG:colcon.colcon_parallel_executor.executor.parallel:run_until_complete
[1.789s] INFO:colcon.colcon_ros.task.ament_cmake.build:Building ROS package in '/home/yinyihao/ros2/src/generated_ros2_pkg' with build type 'ament_cmake'
[1.789s] INFO:colcon.colcon_cmake.task.cmake.build:Building CMake package in '/home/yinyihao/ros2/src/generated_ros2_pkg'
[1.790s] INFO:colcon.colcon_core.plugin_system:Skipping extension 'colcon_core.shell.bat': Not used on non-Windows systems
[1.790s] INFO:colcon.colcon_core.shell:Skip shell extension 'powershell' for command environment: Not usable outside of PowerShell
[1.791s] DEBUG:colcon.colcon_core.shell:Skip shell extension 'dsv' for command environment
[1.801s] DEBUG:colcon.colcon_core.event_handler.log_command:Invoking command in '/home/yinyihao/ros2/build/generated_ros2_pkg': CMAKE_PREFIX_PATH=${CMAKE_PREFIX_PATH}:/home/yinyihao/ros2/install/nav2_race_min:/opt/ros/humble /usr/bin/cmake --build /home/yinyihao/ros2/build/generated_ros2_pkg -- -j20 -l20
[29.686s] DEBUG:colcon.colcon_core.event_handler.log_command:Invoked command in '/home/yinyihao/ros2/build/generated_ros2_pkg' returned '0': CMAKE_PREFIX_PATH=${CMAKE_PREFIX_PATH}:/home/yinyihao/ros2/install/nav2_race_min:/opt/ros/humble /usr/bin/cmake --build /home/yinyihao/ros2/build/generated_ros2_pkg -- -j20 -l20
[29.717s] DEBUG:colcon.colcon_core.event_handler.log_command:Invoking command in '/home/yinyihao/ros2/build/generated_ros2_pkg': CMAKE_PREFIX_PATH=${CMAKE_PREFIX_PATH}:/home/yinyihao/ros2/install/nav2_race_min:/opt/ros/humble /usr/bin/cmake --install /home/yinyihao/ros2/build/generated_ros2_pkg
[29.767s] Level 1:colcon.colcon_core.environment:create_environment_scripts_only(generated_ros2_pkg)
[29.771s] DEBUG:colcon.colcon_core.event_handler.log_command:Invoked command in '/home/yinyihao/ros2/build/generated_ros2_pkg' returned '0': CMAKE_PREFIX_PATH=${CMAKE_PREFIX_PATH}:/home/yinyihao/ros2/install/nav2_race_min:/opt/ros/humble /usr/bin/cmake --install /home/yinyihao/ros2/build/generated_ros2_pkg
[29.777s] Level 1:colcon.colcon_core.environment:checking '/home/yinyihao/ros2/install/generated_ros2_pkg' for CMake module files
[29.779s] Level 1:colcon.colcon_core.environment:checking '/home/yinyihao/ros2/install/generated_ros2_pkg' for CMake config files
[29.779s] Level 1:colcon.colcon_core.shell:create_environment_hook('generated_ros2_pkg', 'cmake_prefix_path')
[29.780s] INFO:colcon.colcon_core.shell:Creating environment hook '/home/yinyihao/ros2/install/generated_ros2_pkg/share/generated_ros2_pkg/hook/cmake_prefix_path.ps1'
[29.783s] INFO:colcon.colcon_core.shell:Creating environment descriptor '/home/yinyihao/ros2/install/generated_ros2_pkg/share/generated_ros2_pkg/hook/cmake_prefix_path.dsv'
[29.784s] INFO:colcon.colcon_core.shell:Creating environment hook '/home/yinyihao/ros2/install/generated_ros2_pkg/share/generated_ros2_pkg/hook/cmake_prefix_path.sh'
[29.786s] Level 1:colcon.colcon_core.environment:checking '/home/yinyihao/ros2/install/generated_ros2_pkg/lib'
[29.786s] Level 1:colcon.colcon_core.environment:checking '/home/yinyihao/ros2/install/generated_ros2_pkg/bin'
[29.786s] Level 1:colcon.colcon_core.environment:checking '/home/yinyihao/ros2/install/generated_ros2_pkg/lib/pkgconfig/generated_ros2_pkg.pc'
[29.787s] Level 1:colcon.colcon_core.environment:checking '/home/yinyihao/ros2/install/generated_ros2_pkg/lib/python3.10/site-packages'
[29.787s] Level 1:colcon.colcon_core.environment:checking '/home/yinyihao/ros2/install/generated_ros2_pkg/bin'
[29.787s] INFO:colcon.colcon_core.shell:Creating package script '/home/yinyihao/ros2/install/generated_ros2_pkg/share/generated_ros2_pkg/package.ps1'
[29.788s] INFO:colcon.colcon_core.shell:Creating package descriptor '/home/yinyihao/ros2/install/generated_ros2_pkg/share/generated_ros2_pkg/package.dsv'
[29.789s] INFO:colcon.colcon_core.shell:Creating package script '/home/yinyihao/ros2/install/generated_ros2_pkg/share/generated_ros2_pkg/package.sh'
[29.789s] INFO:colcon.colcon_core.shell:Creating package script '/home/yinyihao/ros2/install/generated_ros2_pkg/share/generated_ros2_pkg/package.bash'
[29.790s] INFO:colcon.colcon_core.shell:Creating package script '/home/yinyihao/ros2/install/generated_ros2_pkg/share/generated_ros2_pkg/package.zsh'
[29.791s] Level 1:colcon.colcon_core.environment:create_file_with_runtime_dependencies(/home/yinyihao/ros2/install/generated_ros2_pkg/share/colcon-core/packages/generated_ros2_pkg)
[29.791s] Level 1:colcon.colcon_core.environment:create_environment_scripts_only(generated_ros2_pkg)
[29.792s] Level 1:colcon.colcon_core.environment:checking '/home/yinyihao/ros2/install/generated_ros2_pkg' for CMake module files
[29.792s] Level 1:colcon.colcon_core.environment:checking '/home/yinyihao/ros2/install/generated_ros2_pkg' for CMake config files
[29.792s] Level 1:colcon.colcon_core.shell:create_environment_hook('generated_ros2_pkg', 'cmake_prefix_path')
[29.792s] INFO:colcon.colcon_core.shell:Creating environment hook '/home/yinyihao/ros2/install/generated_ros2_pkg/share/generated_ros2_pkg/hook/cmake_prefix_path.ps1'
[29.793s] INFO:colcon.colcon_core.shell:Creating environment descriptor '/home/yinyihao/ros2/install/generated_ros2_pkg/share/generated_ros2_pkg/hook/cmake_prefix_path.dsv'
[29.793s] INFO:colcon.colcon_core.shell:Creating environment hook '/home/yinyihao/ros2/install/generated_ros2_pkg/share/generated_ros2_pkg/hook/cmake_prefix_path.sh'
[29.793s] Level 1:colcon.colcon_core.environment:checking '/home/yinyihao/ros2/install/generated_ros2_pkg/lib'
[29.793s] Level 1:colcon.colcon_core.environment:checking '/home/yinyihao/ros2/install/generated_ros2_pkg/bin'
[29.793s] Level 1:colcon.colcon_core.environment:checking '/home/yinyihao/ros2/install/generated_ros2_pkg/lib/pkgconfig/generated_ros2_pkg.pc'
[29.793s] Level 1:colcon.colcon_core.environment:checking '/home/yinyihao/ros2/install/generated_ros2_pkg/lib/python3.10/site-packages'
[29.794s] Level 1:colcon.colcon_core.environment:checking '/home/yinyihao/ros2/install/generated_ros2_pkg/bin'
[29.794s] INFO:colcon.colcon_core.shell:Creating package script '/home/yinyihao/ros2/install/generated_ros2_pkg/share/generated_ros2_pkg/package.ps1'
[29.794s] INFO:colcon.colcon_core.shell:Creating package descriptor '/home/yinyihao/ros2/install/generated_ros2_pkg/share/generated_ros2_pkg/package.dsv'
[29.795s] INFO:colcon.colcon_core.shell:Creating package script '/home/yinyihao/ros2/install/generated_ros2_pkg/share/generated_ros2_pkg/package.sh'
[29.795s] INFO:colcon.colcon_core.shell:Creating package script '/home/yinyihao/ros2/install/generated_ros2_pkg/share/generated_ros2_pkg/package.bash'
[29.795s] INFO:colcon.colcon_core.shell:Creating package script '/home/yinyihao/ros2/install/generated_ros2_pkg/share/generated_ros2_pkg/package.zsh'
[29.796s] Level 1:colcon.colcon_core.environment:create_file_with_runtime_dependencies(/home/yinyihao/ros2/install/generated_ros2_pkg/share/colcon-core/packages/generated_ros2_pkg)
[29.796s] DEBUG:colcon.colcon_parallel_executor.executor.parallel:closing loop
[29.797s] DEBUG:colcon.colcon_parallel_executor.executor.parallel:loop closed
[29.797s] DEBUG:colcon.colcon_parallel_executor.executor.parallel:run_until_complete finished with '0'
[29.797s] DEBUG:colcon.colcon_core.event_reactor:joining thread
[29.879s] INFO:colcon.colcon_core.plugin_system:Skipping extension 'colcon_notification.desktop_notification.notify_send': Could not find 'notify-send'
[29.879s] INFO:colcon.colcon_core.plugin_system:Skipping extension 'colcon_notification.desktop_notification.terminal_notifier': Not used on non-Darwin systems
[29.879s] INFO:colcon.colcon_core.plugin_system:Skipping extension 'colcon_notification.desktop_notification.win32': Not used on non-Windows systems
[29.879s] INFO:colcon.colcon_notification.desktop_notification:Sending desktop notification using 'notify2'
[29.880s] DEBUG:colcon.colcon_notification.desktop_notification.notify2:Failed to initialize notify2: org.freedesktop.DBus.Error.FileNotFound: Failed to connect to socket /run/user/1000/bus: No such file or directory
[29.881s] DEBUG:colcon.colcon_core.event_reactor:joined thread
[29.882s] INFO:colcon.colcon_core.shell:Creating prefix script '/home/yinyihao/ros2/install/local_setup.ps1'
[29.884s] INFO:colcon.colcon_core.shell:Creating prefix util module '/home/yinyihao/ros2/install/_local_setup_util_ps1.py'
[29.887s] INFO:colcon.colcon_core.shell:Creating prefix chain script '/home/yinyihao/ros2/install/setup.ps1'
[29.889s] INFO:colcon.colcon_core.shell:Creating prefix script '/home/yinyihao/ros2/install/local_setup.sh'
[29.890s] INFO:colcon.colcon_core.shell:Creating prefix util module '/home/yinyihao/ros2/install/_local_setup_util_sh.py'
[29.890s] INFO:colcon.colcon_core.shell:Creating prefix chain script '/home/yinyihao/ros2/install/setup.sh'
[29.891s] INFO:colcon.colcon_core.shell:Creating prefix script '/home/yinyihao/ros2/install/local_setup.bash'
[29.892s] INFO:colcon.colcon_core.shell:Creating prefix chain script '/home/yinyihao/ros2/install/setup.bash'
[29.892s] INFO:colcon.colcon_core.shell:Creating prefix script '/home/yinyihao/ros2/install/local_setup.zsh'
[29.893s] INFO:colcon.colcon_core.shell:Creating prefix chain script '/home/yinyihao/ros2/install/setup.zsh'
