[0.016s] Invoking command in '/home/yinyihao/ros2/build/generated_ros2_pkg': CMAKE_PREFIX_PATH=${CMAKE_PREFIX_PATH}:/home/yinyihao/ros2/install/nav2_race_min:/opt/ros/humble /usr/bin/cmake --build /home/yinyihao/ros2/build/generated_ros2_pkg -- -j20 -l20
[0.213s] -- Found ament_cmake: 1.3.12 (/opt/ros/humble/share/ament_cmake/cmake)
[0.384s] -- Found rclcpp: 16.0.16 (/opt/ros/humble/share/rclcpp/cmake)
[1.164s] -- Found rosidl_generator_c: 3.1.7 (/opt/ros/humble/share/rosidl_generator_c/cmake)
[1.170s] -- Found rosidl_adapter: 3.1.7 (/opt/ros/humble/share/rosidl_adapter/cmake)
[1.186s] -- Found rosidl_generator_cpp: 3.1.7 (/opt/ros/humble/share/rosidl_generator_cpp/cmake)
[1.201s] -- Using all available rosidl_typesupport_c: rosidl_typesupport_fastrtps_c;rosidl_typesupport_introspection_c
[1.222s] -- Using all available rosidl_typesupport_cpp: rosidl_typesupport_fastrtps_cpp;rosidl_typesupport_introspection_cpp
[1.262s] -- Found rmw_implementation_cmake: 6.1.2 (/opt/ros/humble/share/rmw_implementation_cmake/cmake)
[1.264s] -- Found rmw_fastrtps_cpp: 6.2.9 (/opt/ros/humble/share/rmw_fastrtps_cpp/cmake)
[25.374s] -- Using RMW implementation 'rmw_fastrtps_cpp' as default
[25.603s] -- Found std_srvs: 4.9.0 (/opt/ros/humble/share/std_srvs/cmake)
[25.742s] -- Configuring done
[25.797s] -- Generating done
[25.814s] -- Build files have been written to: /home/yinyihao/ros2/build/generated_ros2_pkg
[25.846s] [35m[1mConsolidate compiler generated dependencies of target map_server[0m
[25.847s] [35m[1mConsolidate compiler generated dependencies of target bt_navigator[0m
[25.848s] [35m[1mConsolidate compiler generated dependencies of target amcl[0m
[25.850s] [35m[1mConsolidate compiler generated dependencies of target global_costmap_global_costmap[0m
[25.851s] [35m[1mConsolidate compiler generated dependencies of target planner_server[0m
[25.852s] [35m[1mConsolidate compiler generated dependencies of target waypoint_follower[0m
[25.852s] [35m[1mConsolidate compiler generated dependencies of target controller_server[0m
[25.852s] [35m[1mConsolidate compiler generated dependencies of target local_costmap_local_costmap[0m
[25.855s] [35m[1mConsolidate compiler generated dependencies of target recoveries_server[0m
[25.861s] [35m[1mConsolidate compiler generated dependencies of target navfn_planner[0m
[25.942s] [ 10%] [32mBuilding CXX object CMakeFiles/navfn_planner.dir/src/navfn_planner.cpp.o[0m
[25.943s] [ 10%] [32mBuilding CXX object CMakeFiles/recoveries_server.dir/src/recoveries_server.cpp.o[0m
[25.944s] [ 15%] [32mBuilding CXX object CMakeFiles/waypoint_follower.dir/src/waypoint_follower.cpp.o[0m
[25.944s] [ 20%] [32mBuilding CXX object CMakeFiles/controller_server.dir/src/controller_server.cpp.o[0m
[25.944s] [ 30%] [32mBuilding CXX object CMakeFiles/local_costmap_local_costmap.dir/src/local_costmap_local_costmap.cpp.o[0m
[25.944s] [ 30%] [32mBuilding CXX object CMakeFiles/map_server.dir/src/map_server.cpp.o[0m
[25.944s] [ 35%] [32mBuilding CXX object CMakeFiles/planner_server.dir/src/planner_server.cpp.o[0m
[25.947s] [ 45%] [32mBuilding CXX object CMakeFiles/global_costmap_global_costmap.dir/src/global_costmap_global_costmap.cpp.o[0m
[25.947s] [ 40%] [32mBuilding CXX object CMakeFiles/bt_navigator.dir/src/bt_navigator.cpp.o[0m
[25.947s] [ 50%] [32mBuilding CXX object CMakeFiles/amcl.dir/src/amcl.cpp.o[0m
[31.655s] [ 55%] [32m[1mLinking CXX executable waypoint_follower[0m
[32.482s] [ 55%] Built target waypoint_follower
[34.454s] [ 60%] [32m[1mLinking CXX executable map_server[0m
[34.930s] [ 60%] Built target map_server
[41.497s] [ 65%] [32m[1mLinking CXX executable recoveries_server[0m
[41.632s] [ 70%] [32m[1mLinking CXX executable global_costmap_global_costmap[0m
[41.820s] [ 75%] [32m[1mLinking CXX executable local_costmap_local_costmap[0m
[41.973s] [ 80%] [32m[1mLinking CXX executable controller_server[0m
[42.032s] [ 85%] [32m[1mLinking CXX executable planner_server[0m
[42.117s] [ 90%] [32m[1mLinking CXX executable bt_navigator[0m
[42.173s] [ 95%] [32m[1mLinking CXX executable navfn_planner[0m
[42.283s] [ 95%] Built target recoveries_server
[42.354s] [ 95%] Built target global_costmap_global_costmap
[42.469s] [ 95%] Built target local_costmap_local_costmap
[42.575s] [100%] [32m[1mLinking CXX executable amcl[0m
[42.575s] [100%] Built target controller_server
[42.597s] [100%] Built target planner_server
[42.627s] [100%] Built target bt_navigator
[42.702s] [100%] Built target navfn_planner
[43.046s] [100%] Built target amcl
[43.124s] Invoked command in '/home/yinyihao/ros2/build/generated_ros2_pkg' returned '0': CMAKE_PREFIX_PATH=${CMAKE_PREFIX_PATH}:/home/yinyihao/ros2/install/nav2_race_min:/opt/ros/humble /usr/bin/cmake --build /home/yinyihao/ros2/build/generated_ros2_pkg -- -j20 -l20
[43.180s] Invoking command in '/home/yinyihao/ros2/build/generated_ros2_pkg': CMAKE_PREFIX_PATH=${CMAKE_PREFIX_PATH}:/home/yinyihao/ros2/install/nav2_race_min:/opt/ros/humble /usr/bin/cmake --install /home/yinyihao/ros2/build/generated_ros2_pkg
[43.197s] -- Install configuration: ""
[43.203s] -- Installing: /home/yinyihao/ros2/install/generated_ros2_pkg/lib/generated_ros2_pkg/amcl
[43.208s] -- Set runtime path of "/home/yinyihao/ros2/install/generated_ros2_pkg/lib/generated_ros2_pkg/amcl" to ""
[43.209s] -- Installing: /home/yinyihao/ros2/install/generated_ros2_pkg/lib/generated_ros2_pkg/bt_navigator
[43.212s] -- Set runtime path of "/home/yinyihao/ros2/install/generated_ros2_pkg/lib/generated_ros2_pkg/bt_navigator" to ""
[43.212s] -- Installing: /home/yinyihao/ros2/install/generated_ros2_pkg/lib/generated_ros2_pkg/controller_server
[43.216s] -- Set runtime path of "/home/yinyihao/ros2/install/generated_ros2_pkg/lib/generated_ros2_pkg/controller_server" to ""
[43.217s] -- Installing: /home/yinyihao/ros2/install/generated_ros2_pkg/lib/generated_ros2_pkg/global_costmap_global_costmap
[43.220s] -- Set runtime path of "/home/yinyihao/ros2/install/generated_ros2_pkg/lib/generated_ros2_pkg/global_costmap_global_costmap" to ""
[43.222s] -- Installing: /home/yinyihao/ros2/install/generated_ros2_pkg/lib/generated_ros2_pkg/local_costmap_local_costmap
[43.224s] -- Set runtime path of "/home/yinyihao/ros2/install/generated_ros2_pkg/lib/generated_ros2_pkg/local_costmap_local_costmap" to ""
[43.226s] -- Installing: /home/yinyihao/ros2/install/generated_ros2_pkg/lib/generated_ros2_pkg/map_server
[43.229s] -- Set runtime path of "/home/yinyihao/ros2/install/generated_ros2_pkg/lib/generated_ros2_pkg/map_server" to ""
[43.230s] -- Installing: /home/yinyihao/ros2/install/generated_ros2_pkg/lib/generated_ros2_pkg/navfn_planner
[43.233s] -- Set runtime path of "/home/yinyihao/ros2/install/generated_ros2_pkg/lib/generated_ros2_pkg/navfn_planner" to ""
[43.234s] -- Installing: /home/yinyihao/ros2/install/generated_ros2_pkg/lib/generated_ros2_pkg/planner_server
[43.237s] -- Set runtime path of "/home/yinyihao/ros2/install/generated_ros2_pkg/lib/generated_ros2_pkg/planner_server" to ""
[43.238s] -- Installing: /home/yinyihao/ros2/install/generated_ros2_pkg/lib/generated_ros2_pkg/recoveries_server
[43.241s] -- Set runtime path of "/home/yinyihao/ros2/install/generated_ros2_pkg/lib/generated_ros2_pkg/recoveries_server" to ""
[43.242s] -- Installing: /home/yinyihao/ros2/install/generated_ros2_pkg/lib/generated_ros2_pkg/waypoint_follower
[43.243s] -- Set runtime path of "/home/yinyihao/ros2/install/generated_ros2_pkg/lib/generated_ros2_pkg/waypoint_follower" to ""
[43.245s] -- Up-to-date: /home/yinyihao/ros2/install/generated_ros2_pkg/share/generated_ros2_pkg/launch
[43.245s] -- Installing: /home/yinyihao/ros2/install/generated_ros2_pkg/share/generated_ros2_pkg/launch/generated_system.launch.py
[43.247s] -- Up-to-date: /home/yinyihao/ros2/install/generated_ros2_pkg/share/ament_index/resource_index/package_run_dependencies/generated_ros2_pkg
[43.247s] -- Installing: /home/yinyihao/ros2/install/generated_ros2_pkg/share/ament_index/resource_index/parent_prefix_path/generated_ros2_pkg
[43.249s] -- Up-to-date: /home/yinyihao/ros2/install/generated_ros2_pkg/share/generated_ros2_pkg/environment/ament_prefix_path.sh
[43.250s] -- Installing: /home/yinyihao/ros2/install/generated_ros2_pkg/share/generated_ros2_pkg/environment/ament_prefix_path.dsv
[43.250s] -- Up-to-date: /home/yinyihao/ros2/install/generated_ros2_pkg/share/generated_ros2_pkg/environment/path.sh
[43.250s] -- Installing: /home/yinyihao/ros2/install/generated_ros2_pkg/share/generated_ros2_pkg/environment/path.dsv
[43.250s] -- Up-to-date: /home/yinyihao/ros2/install/generated_ros2_pkg/share/generated_ros2_pkg/local_setup.bash
[43.250s] -- Up-to-date: /home/yinyihao/ros2/install/generated_ros2_pkg/share/generated_ros2_pkg/local_setup.sh
[43.250s] -- Up-to-date: /home/yinyihao/ros2/install/generated_ros2_pkg/share/generated_ros2_pkg/local_setup.zsh
[43.250s] -- Installing: /home/yinyihao/ros2/install/generated_ros2_pkg/share/generated_ros2_pkg/local_setup.dsv
[43.251s] -- Installing: /home/yinyihao/ros2/install/generated_ros2_pkg/share/generated_ros2_pkg/package.dsv
[43.251s] -- Up-to-date: /home/yinyihao/ros2/install/generated_ros2_pkg/share/ament_index/resource_index/packages/generated_ros2_pkg
[43.252s] -- Up-to-date: /home/yinyihao/ros2/install/generated_ros2_pkg/share/generated_ros2_pkg/cmake/generated_ros2_pkgConfig.cmake
[43.252s] -- Up-to-date: /home/yinyihao/ros2/install/generated_ros2_pkg/share/generated_ros2_pkg/cmake/generated_ros2_pkgConfig-version.cmake
[43.252s] -- Installing: /home/yinyihao/ros2/install/generated_ros2_pkg/share/generated_ros2_pkg/package.xml
[43.260s] Invoked command in '/home/yinyihao/ros2/build/generated_ros2_pkg' returned '0': CMAKE_PREFIX_PATH=${CMAKE_PREFIX_PATH}:/home/yinyihao/ros2/install/nav2_race_min:/opt/ros/humble /usr/bin/cmake --install /home/yinyihao/ros2/build/generated_ros2_pkg
