[0.014s] Invoking command in '/home/yinyihao/ros2/build/generated_ros2_pkg': CMAKE_PREFIX_PATH=${CMAKE_PREFIX_PATH}:/home/yinyihao/ros2/install/nav2_race_min:/opt/ros/humble /usr/bin/cmake --build /home/yinyihao/ros2/build/generated_ros2_pkg -- -j20 -l20
[0.058s] -- Found ament_cmake: 1.3.12 (/opt/ros/humble/share/ament_cmake/cmake)
[0.244s] -- Found rclcpp: 16.0.16 (/opt/ros/humble/share/rclcpp/cmake)
[0.810s] -- Found rosidl_generator_c: 3.1.7 (/opt/ros/humble/share/rosidl_generator_c/cmake)
[0.822s] -- Found rosidl_adapter: 3.1.7 (/opt/ros/humble/share/rosidl_adapter/cmake)
[0.859s] -- Found rosidl_generator_cpp: 3.1.7 (/opt/ros/humble/share/rosidl_generator_cpp/cmake)
[0.899s] -- Using all available rosidl_typesupport_c: rosidl_typesupport_fastrtps_c;rosidl_typesupport_introspection_c
[0.920s] -- Using all available rosidl_typesupport_cpp: rosidl_typesupport_fastrtps_cpp;rosidl_typesupport_introspection_cpp
[1.018s] -- Found rmw_implementation_cmake: 6.1.2 (/opt/ros/humble/share/rmw_implementation_cmake/cmake)
[1.022s] -- Found rmw_fastrtps_cpp: 6.2.9 (/opt/ros/humble/share/rmw_fastrtps_cpp/cmake)
[16.079s] -- Using RMW implementation 'rmw_fastrtps_cpp' as default
[16.138s] -- Found std_srvs: 4.9.0 (/opt/ros/humble/share/std_srvs/cmake)
[16.237s] -- Configuring done
[16.361s] -- Generating done
[16.386s] -- Build files have been written to: /home/yinyihao/ros2/build/generated_ros2_pkg
[16.409s] [35m[1mConsolidate compiler generated dependencies of target amcl[0m
[16.410s] [35m[1mConsolidate compiler generated dependencies of target behavior_server[0m
[16.413s] [35m[1mConsolidate compiler generated dependencies of target controller_server[0m
[16.414s] [35m[1mConsolidate compiler generated dependencies of target lifecycle_manager[0m
[16.416s] [  2%] [32mBuilding CXX object CMakeFiles/behavior_server_status.dir/src/behavior_server_status.cpp.o[0m
[16.416s] [35m[1mConsolidate compiler generated dependencies of target local_costmap_node[0m
[16.417s] [35m[1mConsolidate compiler generated dependencies of target bt_navigator[0m
[16.417s] [  4%] [32mBuilding CXX object CMakeFiles/global_costmap_costmap.dir/src/global_costmap_costmap.cpp.o[0m
[16.419s] [  6%] [32mBuilding CXX object CMakeFiles/bt_navigizer_navigatetopose.dir/src/bt_navigizer_navigatetopose.cpp.o[0m
[16.419s] [35m[1mConsolidate compiler generated dependencies of target global_costmap_node[0m
[16.420s] [35m[1mConsolidate compiler generated dependencies of target planner_server[0m
[16.420s] [35m[1mConsolidate compiler generated dependencies of target map_server[0m
[16.420s] [  8%] [32mBuilding CXX object CMakeFiles/controller_server_followpath.dir/src/controller_server_followpath.cpp.o[0m
[16.420s] [ 10%] [32mBuilding CXX object CMakeFiles/cmd_vel.dir/src/cmd_vel.cpp.o[0m
[16.423s] [ 12%] [32mBuilding CXX object CMakeFiles/local_costmap_costmap.dir/src/local_costmap_costmap.cpp.o[0m
[16.428s] [ 16%] [32mBuilding CXX object CMakeFiles/map.dir/src/map.cpp.o[0m
[16.428s] [ 16%] [32mBuilding CXX object CMakeFiles/odom.dir/src/odom.cpp.o[0m
[16.428s] [ 18%] [32mBuilding CXX object CMakeFiles/controller_server_action_status.dir/src/controller_server_action_status.cpp.o[0m
[16.428s] [ 20%] [32mBuilding CXX object CMakeFiles/planner_server_computepathtopose.dir/src/planner_server_computepathtopose.cpp.o[0m
[16.431s] [ 22%] [32mBuilding CXX object CMakeFiles/map_saver.dir/src/map_saver.cpp.o[0m
[16.475s] [ 24%] [32mBuilding CXX object CMakeFiles/global_costmap_node.dir/src/global_costmap_node.cpp.o[0m
[16.475s] [ 26%] [32mBuilding CXX object CMakeFiles/map_server.dir/src/map_server.cpp.o[0m
[16.476s] [ 28%] [32mBuilding CXX object CMakeFiles/local_costmap_node.dir/src/local_costmap_node.cpp.o[0m
[16.478s] [ 30%] [32mBuilding CXX object CMakeFiles/controller_server.dir/src/controller_server.cpp.o[0m
[16.478s] [ 32%] [32mBuilding CXX object CMakeFiles/behavior_server.dir/src/behavior_server.cpp.o[0m
[16.479s] [ 36%] [32mBuilding CXX object CMakeFiles/bt_navigator.dir/src/bt_navigator.cpp.o[0m
[16.479s] [ 36%] [32mBuilding CXX object CMakeFiles/lifecycle_manager.dir/src/lifecycle_manager.cpp.o[0m
[16.479s] [ 38%] [32mBuilding CXX object CMakeFiles/amcl.dir/src/amcl.cpp.o[0m
[16.479s] [ 40%] [32mBuilding CXX object CMakeFiles/planner_server.dir/src/planner_server.cpp.o[0m
