[0.007s] Invoking command in '/home/yinyihao/ros2/build/generated_ros2_pkg': CMAKE_PREFIX_PATH=${CMAKE_PREFIX_PATH}:/home/yinyihao/ros2/install/nav2_race_min:/opt/ros/humble /usr/bin/cmake --build /home/yinyihao/ros2/build/generated_ros2_pkg -- -j20 -l20
[0.023s] -- Found ament_cmake: 1.3.12 (/opt/ros/humble/share/ament_cmake/cmake)
[0.131s] -- Found rclcpp: 16.0.16 (/opt/ros/humble/share/rclcpp/cmake)
[0.477s] -- Found rosidl_generator_c: 3.1.7 (/opt/ros/humble/share/rosidl_generator_c/cmake)
[0.478s] -- Found rosidl_adapter: 3.1.7 (/opt/ros/humble/share/rosidl_adapter/cmake)
[0.482s] -- Found rosidl_generator_cpp: 3.1.7 (/opt/ros/humble/share/rosidl_generator_cpp/cmake)
[0.487s] -- Using all available rosidl_typesupport_c: rosidl_typesupport_fastrtps_c;rosidl_typesupport_introspection_c
[0.495s] -- Using all available rosidl_typesupport_cpp: rosidl_typesupport_fastrtps_cpp;rosidl_typesupport_introspection_cpp
[0.516s] -- Found rmw_implementation_cmake: 6.1.2 (/opt/ros/humble/share/rmw_implementation_cmake/cmake)
[0.516s] -- Found rmw_fastrtps_cpp: 6.2.9 (/opt/ros/humble/share/rmw_fastrtps_cpp/cmake)
[21.439s] -- Using RMW implementation 'rmw_fastrtps_cpp' as default
[21.492s] -- Found std_srvs: 4.9.0 (/opt/ros/humble/share/std_srvs/cmake)
[21.541s] -- Configuring done
[21.575s] -- Generating done
[21.590s] -- Build files have been written to: /home/yinyihao/ros2/build/generated_ros2_pkg
[21.623s] [  5%] Building CXX object CMakeFiles/intra_process_manager.dir/src/intra_process_manager.cpp.o
[21.625s] Consolidate compiler generated dependencies of target lifecycle_node
[21.625s] [ 20%] Building CXX object CMakeFiles/node2.dir/src/node2.cpp.o
[21.625s] [ 15%] Building CXX object CMakeFiles/callback_group_executor.dir/src/callback_group_executor.cpp.o
[21.626s] [ 20%] Building CXX object CMakeFiles/action_client.dir/src/action_client.cpp.o
[21.627s] [ 25%] Building CXX object CMakeFiles/action_server.dir/src/action_server.cpp.o
[21.629s] [ 30%] Building CXX object CMakeFiles/service_client.dir/src/service_client.cpp.o
[21.633s] [ 40%] Building CXX object CMakeFiles/service_server.dir/src/service_server.cpp.o
[21.634s] [ 40%] Building CXX object CMakeFiles/timer_manager.dir/src/timer_manager.cpp.o
[21.634s] [ 45%] Building CXX object CMakeFiles/node1.dir/src/node1.cpp.o
[21.645s] [ 50%] Building CXX object CMakeFiles/lifecycle_node.dir/src/lifecycle_node.cpp.o
[26.864s] [ 55%] Linking CXX executable timer_manager
[26.865s] [ 60%] Linking CXX executable intra_process_manager
[26.960s] [ 65%] Linking CXX executable lifecycle_node
[27.159s] [ 70%] Linking CXX executable callback_group_executor
[27.248s] [ 70%] Built target timer_manager
[27.257s] [ 70%] Built target intra_process_manager
[27.324s] [ 70%] Built target lifecycle_node
[27.459s] [ 70%] Built target callback_group_executor
[30.179s] [ 75%] Linking CXX executable service_client
[30.433s] [ 80%] Linking CXX executable node2
[30.501s] [ 85%] Linking CXX executable action_client
[30.595s] [ 90%] Linking CXX executable service_server
[30.634s] [ 90%] Built target service_client
[30.651s] [ 95%] Linking CXX executable action_server
[30.791s] [100%] Linking CXX executable node1
[30.854s] [100%] Built target node2
[30.931s] [100%] Built target action_client
[31.025s] [100%] Built target service_server
[31.120s] [100%] Built target action_server
[31.266s] [100%] Built target node1
[31.274s] Invoked command in '/home/yinyihao/ros2/build/generated_ros2_pkg' returned '0': CMAKE_PREFIX_PATH=${CMAKE_PREFIX_PATH}:/home/yinyihao/ros2/install/nav2_race_min:/opt/ros/humble /usr/bin/cmake --build /home/yinyihao/ros2/build/generated_ros2_pkg -- -j20 -l20
[31.280s] Invoking command in '/home/yinyihao/ros2/build/generated_ros2_pkg': CMAKE_PREFIX_PATH=${CMAKE_PREFIX_PATH}:/home/yinyihao/ros2/install/nav2_race_min:/opt/ros/humble /usr/bin/cmake --install /home/yinyihao/ros2/build/generated_ros2_pkg
[31.284s] -- Install configuration: ""
[31.284s] -- Installing: /home/yinyihao/ros2/install/generated_ros2_pkg/lib/generated_ros2_pkg/action_client
[31.287s] -- Set runtime path of "/home/yinyihao/ros2/install/generated_ros2_pkg/lib/generated_ros2_pkg/action_client" to ""
[31.287s] -- Installing: /home/yinyihao/ros2/install/generated_ros2_pkg/lib/generated_ros2_pkg/action_server
[31.289s] -- Set runtime path of "/home/yinyihao/ros2/install/generated_ros2_pkg/lib/generated_ros2_pkg/action_server" to ""
[31.289s] -- Installing: /home/yinyihao/ros2/install/generated_ros2_pkg/lib/generated_ros2_pkg/callback_group_executor
[31.290s] -- Set runtime path of "/home/yinyihao/ros2/install/generated_ros2_pkg/lib/generated_ros2_pkg/callback_group_executor" to ""
[31.290s] -- Installing: /home/yinyihao/ros2/install/generated_ros2_pkg/lib/generated_ros2_pkg/intra_process_manager
[31.290s] -- Set runtime path of "/home/yinyihao/ros2/install/generated_ros2_pkg/lib/generated_ros2_pkg/intra_process_manager" to ""
[31.291s] -- Installing: /home/yinyihao/ros2/install/generated_ros2_pkg/lib/generated_ros2_pkg/lifecycle_node
[31.291s] -- Set runtime path of "/home/yinyihao/ros2/install/generated_ros2_pkg/lib/generated_ros2_pkg/lifecycle_node" to ""
[31.291s] -- Installing: /home/yinyihao/ros2/install/generated_ros2_pkg/lib/generated_ros2_pkg/node1
[31.293s] -- Set runtime path of "/home/yinyihao/ros2/install/generated_ros2_pkg/lib/generated_ros2_pkg/node1" to ""
[31.294s] -- Installing: /home/yinyihao/ros2/install/generated_ros2_pkg/lib/generated_ros2_pkg/node2
[31.296s] -- Set runtime path of "/home/yinyihao/ros2/install/generated_ros2_pkg/lib/generated_ros2_pkg/node2" to ""
[31.296s] -- Installing: /home/yinyihao/ros2/install/generated_ros2_pkg/lib/generated_ros2_pkg/service_client
[31.299s] -- Set runtime path of "/home/yinyihao/ros2/install/generated_ros2_pkg/lib/generated_ros2_pkg/service_client" to ""
[31.299s] -- Installing: /home/yinyihao/ros2/install/generated_ros2_pkg/lib/generated_ros2_pkg/service_server
[31.301s] -- Set runtime path of "/home/yinyihao/ros2/install/generated_ros2_pkg/lib/generated_ros2_pkg/service_server" to ""
[31.301s] -- Installing: /home/yinyihao/ros2/install/generated_ros2_pkg/lib/generated_ros2_pkg/timer_manager
[31.302s] -- Set runtime path of "/home/yinyihao/ros2/install/generated_ros2_pkg/lib/generated_ros2_pkg/timer_manager" to ""
[31.302s] -- Up-to-date: /home/yinyihao/ros2/install/generated_ros2_pkg/share/generated_ros2_pkg/launch
[31.303s] -- Installing: /home/yinyihao/ros2/install/generated_ros2_pkg/share/generated_ros2_pkg/launch/generated_system.launch.py
[31.303s] -- Up-to-date: /home/yinyihao/ros2/install/generated_ros2_pkg/share/ament_index/resource_index/package_run_dependencies/generated_ros2_pkg
[31.303s] -- Up-to-date: /home/yinyihao/ros2/install/generated_ros2_pkg/share/ament_index/resource_index/parent_prefix_path/generated_ros2_pkg
[31.303s] -- Up-to-date: /home/yinyihao/ros2/install/generated_ros2_pkg/share/generated_ros2_pkg/environment/ament_prefix_path.sh
[31.303s] -- Installing: /home/yinyihao/ros2/install/generated_ros2_pkg/share/generated_ros2_pkg/environment/ament_prefix_path.dsv
[31.303s] -- Up-to-date: /home/yinyihao/ros2/install/generated_ros2_pkg/share/generated_ros2_pkg/environment/path.sh
[31.303s] -- Installing: /home/yinyihao/ros2/install/generated_ros2_pkg/share/generated_ros2_pkg/environment/path.dsv
[31.303s] -- Up-to-date: /home/yinyihao/ros2/install/generated_ros2_pkg/share/generated_ros2_pkg/local_setup.bash
[31.304s] -- Up-to-date: /home/yinyihao/ros2/install/generated_ros2_pkg/share/generated_ros2_pkg/local_setup.sh
[31.304s] -- Up-to-date: /home/yinyihao/ros2/install/generated_ros2_pkg/share/generated_ros2_pkg/local_setup.zsh
[31.304s] -- Installing: /home/yinyihao/ros2/install/generated_ros2_pkg/share/generated_ros2_pkg/local_setup.dsv
[31.304s] -- Installing: /home/yinyihao/ros2/install/generated_ros2_pkg/share/generated_ros2_pkg/package.dsv
[31.304s] -- Up-to-date: /home/yinyihao/ros2/install/generated_ros2_pkg/share/ament_index/resource_index/packages/generated_ros2_pkg
[31.304s] -- Up-to-date: /home/yinyihao/ros2/install/generated_ros2_pkg/share/generated_ros2_pkg/cmake/generated_ros2_pkgConfig.cmake
[31.304s] -- Up-to-date: /home/yinyihao/ros2/install/generated_ros2_pkg/share/generated_ros2_pkg/cmake/generated_ros2_pkgConfig-version.cmake
[31.304s] -- Installing: /home/yinyihao/ros2/install/generated_ros2_pkg/share/generated_ros2_pkg/package.xml
[31.306s] Invoked command in '/home/yinyihao/ros2/build/generated_ros2_pkg' returned '0': CMAKE_PREFIX_PATH=${CMAKE_PREFIX_PATH}:/home/yinyihao/ros2/install/nav2_race_min:/opt/ros/humble /usr/bin/cmake --install /home/yinyihao/ros2/build/generated_ros2_pkg
