-- Found ament_cmake: 1.3.12 (/opt/ros/humble/share/ament_cmake/cmake)
-- Found rclcpp: 16.0.16 (/opt/ros/humble/share/rclcpp/cmake)
-- Found rosidl_generator_c: 3.1.7 (/opt/ros/humble/share/rosidl_generator_c/cmake)
-- Found rosidl_adapter: 3.1.7 (/opt/ros/humble/share/rosidl_adapter/cmake)
-- Found rosidl_generator_cpp: 3.1.7 (/opt/ros/humble/share/rosidl_generator_cpp/cmake)
-- Using all available rosidl_typesupport_c: rosidl_typesupport_fastrtps_c;rosidl_typesupport_introspection_c
-- Using all available rosidl_typesupport_cpp: rosidl_typesupport_fastrtps_cpp;rosidl_typesupport_introspection_cpp
-- Found rmw_implementation_cmake: 6.1.2 (/opt/ros/humble/share/rmw_implementation_cmake/cmake)
-- Found rmw_fastrtps_cpp: 6.2.9 (/opt/ros/humble/share/rmw_fastrtps_cpp/cmake)
-- Using RMW implementation 'rmw_fastrtps_cpp' as default
-- Found std_srvs: 4.9.0 (/opt/ros/humble/share/std_srvs/cmake)
-- Configuring done
-- Generating done
-- Build files have been written to: /home/yinyihao/ros2/build/generated_ros2_pkg
[35m[1mConsolidate compiler generated dependencies of target goal_pose[0m
[  2%] [32mBuilding CXX object CMakeFiles/initialpose.dir/src/initialpose.cpp.o[0m
[  2%] [32mBuilding CXX object CMakeFiles/amcl_pose.dir/src/amcl_pose.cpp.o[0m
[  3%] [32mBuilding CXX object CMakeFiles/compute_path_to_pose__action_cancel_goal.dir/src/compute_path_to_pose__action_cancel_goal.cpp.o[0m
[  4%] [32mBuilding CXX object CMakeFiles/global_costmap_costmap.dir/src/global_costmap_costmap.cpp.o[0m
[  6%] [32mBuilding CXX object CMakeFiles/cmd_vel.dir/src/cmd_vel.cpp.o[0m
[  7%] [32mBuilding CXX object CMakeFiles/lifecycle_manager_localization_manage_nodes.dir/src/lifecycle_manager_localization_manage_nodes.cpp.o[0m
[  8%] [32mBuilding CXX object CMakeFiles/follow_path__action_cancel_goal.dir/src/follow_path__action_cancel_goal.cpp.o[0m
[  9%] [32mBuilding CXX object CMakeFiles/follow_waypoints__action_cancel_goal.dir/src/follow_waypoints__action_cancel_goal.cpp.o[0m
[ 10%] [32mBuilding CXX object CMakeFiles/compute_path_through_poses__action_cancel_goal.dir/src/compute_path_through_poses__action_cancel_goal.cpp.o[0m
[ 12%] [32mBuilding CXX object CMakeFiles/lifecycle_manager_navigation_manage_nodes.dir/src/lifecycle_manager_navigation_manage_nodes.cpp.o[0m
[ 13%] [32mBuilding CXX object CMakeFiles/backup__action_cancel_goal.dir/src/backup__action_cancel_goal.cpp.o[0m
[ 14%] [32mBuilding CXX object CMakeFiles/local_costmap_costmap.dir/src/local_costmap_costmap.cpp.o[0m
[ 15%] [32mBuilding CXX object CMakeFiles/map.dir/src/map.cpp.o[0m
[ 17%] [32mBuilding CXX object CMakeFiles/nav2_behavior_server.dir/src/nav2_behavior_server.cpp.o[0m
[ 18%] [32mBuilding CXX object CMakeFiles/nav2_amcl.dir/src/nav2_amcl.cpp.o[0m
[ 19%] [32mBuilding CXX object CMakeFiles/nav2_collision_monitor.dir/src/nav2_collision_monitor.cpp.o[0m
[ 21%] [32mBuilding CXX object CMakeFiles/nav2_bt_navigator.dir/src/nav2_bt_navigator.cpp.o[0m
[ 21%] [32mBuilding CXX object CMakeFiles/goal_pose.dir/src/goal_pose.cpp.o[0m
[ 23%] [32mBuilding CXX object CMakeFiles/nav2_controller.dir/src/nav2_controller.cpp.o[0m
[ 24%] [32mBuilding CXX object CMakeFiles/nav2_costmap_2d.dir/src/nav2_costmap_2d.cpp.o[0m
[01m[Kc++:[m[K [01;31m[Kfatal error: [m[KKilled signal terminated program cc1plus
compilation terminated.
gmake[2]: *** [CMakeFiles/follow_path__action_cancel_goal.dir/build.make:76: CMakeFiles/follow_path__action_cancel_goal.dir/src/follow_path__action_cancel_goal.cpp.o] Error 1
gmake[1]: *** [CMakeFiles/Makefile2:347: CMakeFiles/follow_path__action_cancel_goal.dir/all] Error 2
gmake[1]: *** Waiting for unfinished jobs....
