-- Found ament_cmake: 1.3.12 (/opt/ros/humble/share/ament_cmake/cmake)
-- Found rclcpp: 16.0.16 (/opt/ros/humble/share/rclcpp/cmake)
-- Found rosidl_generator_c: 3.1.7 (/opt/ros/humble/share/rosidl_generator_c/cmake)
-- Found rosidl_adapter: 3.1.7 (/opt/ros/humble/share/rosidl_adapter/cmake)
-- Found rosidl_generator_cpp: 3.1.7 (/opt/ros/humble/share/rosidl_generator_cpp/cmake)
-- Using all available rosidl_typesupport_c: rosidl_typesupport_fastrtps_c;rosidl_typesupport_introspection_c
-- Using all available rosidl_typesupport_cpp: rosidl_typesupport_fastrtps_cpp;rosidl_typesupport_introspection_cpp
-- Found rmw_implementation_cmake: 6.1.2 (/opt/ros/humble/share/rmw_implementation_cmake/cmake)
-- Found rmw_fastrtps_cpp: 6.2.9 (/opt/ros/humble/share/rmw_fastrtps_cpp/cmake)
-- Using RMW implementation 'rmw_fastrtps_cpp' as default
-- Found std_srvs: 4.9.0 (/opt/ros/humble/share/std_srvs/cmake)
-- Configuring done
-- Generating done
-- Build files have been written to: /home/yinyihao/ros2/build/generated_ros2_pkg
[35m[1mConsolidate compiler generated dependencies of target controller_server[0m
[35m[1mConsolidate compiler generated dependencies of target behavior_server[0m
[35m[1mConsolidate compiler generated dependencies of target global_costmap_node[0m
[35m[1mConsolidate compiler generated dependencies of target local_costmap_node[0m
[35m[1mConsolidate compiler generated dependencies of target amcl[0m
[35m[1mConsolidate compiler generated dependencies of target recoveries_server[0m
[35m[1mConsolidate compiler generated dependencies of target lifecycle_manager[0m
[35m[1mConsolidate compiler generated dependencies of target bt_navigator[0m
[35m[1mConsolidate compiler generated dependencies of target planner_server[0m
[35m[1mConsolidate compiler generated dependencies of target map_server[0m
[35m[1mConsolidate compiler generated dependencies of target velocity_smoother[0m
[35m[1mConsolidate compiler generated dependencies of target waypoint_follower[0m
[  3%] [32mBuilding CXX object CMakeFiles/nav2_util_lifecycle_service_client.dir/src/nav2_util_lifecycle_service_client.cpp.o[0m
[  7%] [32mBuilding CXX object CMakeFiles/nav2_util_node_thread.dir/src/nav2_util_node_thread.cpp.o[0m
[ 10%] [32mBuilding CXX object CMakeFiles/controller_server.dir/src/controller_server.cpp.o[0m
[ 17%] [32mBuilding CXX object CMakeFiles/behavior_server.dir/src/behavior_server.cpp.o[0m
[ 17%] [32mBuilding CXX object CMakeFiles/global_costmap_node.dir/src/global_costmap_node.cpp.o[0m
[ 21%] [32mBuilding CXX object CMakeFiles/amcl.dir/src/amcl.cpp.o[0m
[ 25%] [32mBuilding CXX object CMakeFiles/local_costmap_node.dir/src/local_costmap_node.cpp.o[0m
[ 28%] [32mBuilding CXX object CMakeFiles/recoveries_server.dir/src/recoveries_server.cpp.o[0m
[ 32%] [32mBuilding CXX object CMakeFiles/lifecycle_manager.dir/src/lifecycle_manager.cpp.o[0m
[ 35%] [32mBuilding CXX object CMakeFiles/waypoint_follower.dir/src/waypoint_follower.cpp.o[0m
[ 42%] [32mBuilding CXX object CMakeFiles/map_server.dir/src/map_server.cpp.o[0m
[ 42%] [32mBuilding CXX object CMakeFiles/bt_navigator.dir/src/bt_navigator.cpp.o[0m
[ 46%] [32mBuilding CXX object CMakeFiles/planner_server.dir/src/planner_server.cpp.o[0m
[ 50%] [32mBuilding CXX object CMakeFiles/velocity_smoother.dir/src/velocity_smoother.cpp.o[0m
[ 53%] [32m[1mLinking CXX executable behavior_server[0m
[ 57%] [32m[1mLinking CXX executable lifecycle_manager[0m
[ 60%] [32m[1mLinking CXX executable map_server[0m
[ 60%] Built target map_server
[ 60%] Built target lifecycle_manager
[ 60%] Built target behavior_server
