[0.009s] Invoking command in '/home/yinyihao/ros2/build/generated_ros2_pkg': CMAKE_PREFIX_PATH=${CMAKE_PREFIX_PATH}:/home/yinyihao/ros2/install/nav2_race_min:/opt/ros/humble /usr/bin/cmake --build /home/yinyihao/ros2/build/generated_ros2_pkg -- -j20 -l20
[0.022s] -- Found ament_cmake: 1.3.12 (/opt/ros/humble/share/ament_cmake/cmake)
[0.102s] -- Found rclcpp: 16.0.16 (/opt/ros/humble/share/rclcpp/cmake)
[0.396s] -- Found rosidl_generator_c: 3.1.7 (/opt/ros/humble/share/rosidl_generator_c/cmake)
[0.397s] -- Found rosidl_adapter: 3.1.7 (/opt/ros/humble/share/rosidl_adapter/cmake)
[0.400s] -- Found rosidl_generator_cpp: 3.1.7 (/opt/ros/humble/share/rosidl_generator_cpp/cmake)
[0.406s] -- Using all available rosidl_typesupport_c: rosidl_typesupport_fastrtps_c;rosidl_typesupport_introspection_c
[0.414s] -- Using all available rosidl_typesupport_cpp: rosidl_typesupport_fastrtps_cpp;rosidl_typesupport_introspection_cpp
[0.435s] -- Found rmw_implementation_cmake: 6.1.2 (/opt/ros/humble/share/rmw_implementation_cmake/cmake)
[0.435s] -- Found rmw_fastrtps_cpp: 6.2.9 (/opt/ros/humble/share/rmw_fastrtps_cpp/cmake)
[27.855s] -- Using RMW implementation 'rmw_fastrtps_cpp' as default
[27.932s] -- Found std_srvs: 4.9.0 (/opt/ros/humble/share/std_srvs/cmake)
[27.990s] -- Configuring done
[28.025s] -- Generating done
[28.039s] -- Build files have been written to: /home/yinyihao/ros2/build/generated_ros2_pkg
[28.062s] [35m[1mConsolidate compiler generated dependencies of target controller_server[0m
[28.062s] [35m[1mConsolidate compiler generated dependencies of target behavior_server[0m
[28.063s] [35m[1mConsolidate compiler generated dependencies of target global_costmap_node[0m
[28.065s] [35m[1mConsolidate compiler generated dependencies of target local_costmap_node[0m
[28.065s] [35m[1mConsolidate compiler generated dependencies of target amcl[0m
[28.065s] [35m[1mConsolidate compiler generated dependencies of target recoveries_server[0m
[28.066s] [35m[1mConsolidate compiler generated dependencies of target lifecycle_manager[0m
[28.066s] [35m[1mConsolidate compiler generated dependencies of target bt_navigator[0m
[28.067s] [35m[1mConsolidate compiler generated dependencies of target planner_server[0m
[28.068s] [35m[1mConsolidate compiler generated dependencies of target map_server[0m
[28.068s] [35m[1mConsolidate compiler generated dependencies of target velocity_smoother[0m
[28.069s] [35m[1mConsolidate compiler generated dependencies of target waypoint_follower[0m
[28.074s] [  3%] [32mBuilding CXX object CMakeFiles/nav2_util_lifecycle_service_client.dir/src/nav2_util_lifecycle_service_client.cpp.o[0m
[28.076s] [  7%] [32mBuilding CXX object CMakeFiles/nav2_util_node_thread.dir/src/nav2_util_node_thread.cpp.o[0m
[28.078s] [ 10%] [32mBuilding CXX object CMakeFiles/controller_server.dir/src/controller_server.cpp.o[0m
[28.080s] [ 17%] [32mBuilding CXX object CMakeFiles/behavior_server.dir/src/behavior_server.cpp.o[0m
[28.080s] [ 17%] [32mBuilding CXX object CMakeFiles/global_costmap_node.dir/src/global_costmap_node.cpp.o[0m
[28.081s] [ 21%] [32mBuilding CXX object CMakeFiles/amcl.dir/src/amcl.cpp.o[0m
[28.081s] [ 25%] [32mBuilding CXX object CMakeFiles/local_costmap_node.dir/src/local_costmap_node.cpp.o[0m
[28.082s] [ 28%] [32mBuilding CXX object CMakeFiles/recoveries_server.dir/src/recoveries_server.cpp.o[0m
[28.082s] [ 32%] [32mBuilding CXX object CMakeFiles/lifecycle_manager.dir/src/lifecycle_manager.cpp.o[0m
[28.084s] [ 35%] [32mBuilding CXX object CMakeFiles/waypoint_follower.dir/src/waypoint_follower.cpp.o[0m
[28.084s] [ 42%] [32mBuilding CXX object CMakeFiles/map_server.dir/src/map_server.cpp.o[0m
[28.085s] [ 42%] [32mBuilding CXX object CMakeFiles/bt_navigator.dir/src/bt_navigator.cpp.o[0m
[28.085s] [ 46%] [32mBuilding CXX object CMakeFiles/planner_server.dir/src/planner_server.cpp.o[0m
[28.086s] [ 50%] [32mBuilding CXX object CMakeFiles/velocity_smoother.dir/src/velocity_smoother.cpp.o[0m
[36.201s] [ 53%] [32m[1mLinking CXX executable behavior_server[0m
[36.214s] [ 57%] [32m[1mLinking CXX executable lifecycle_manager[0m
[36.253s] [ 60%] [32m[1mLinking CXX executable map_server[0m
[36.745s] [ 60%] Built target map_server
[36.746s] [ 60%] Built target lifecycle_manager
[36.748s] [ 60%] Built target behavior_server
