[2026-04-13 19:01:55] build:start
[2026-04-13 19:02:37] build:done
[2026-04-13 19:02:37] static_graph:start
[2026-04-13 19:02:37] static_graph:done
[2026-04-13 19:02:37] wait_for:start
[2026-04-13 19:02:38] wait_for:done
[2026-04-13 19:02:38] launch:start
[2026-04-13 19:03:00] launch:ready
[2026-04-13 19:03:00] dynamic_trace:start
[2026-04-13 19:03:05] dynamic_trace:done
[2026-04-13 19:03:05] dynamic_postprocess:start
[2026-04-13 19:03:05] dynamic_postprocess:done
[2026-04-13 19:03:05] launch:stop
[2026-04-13 19:04:34] build:start
[2026-04-13 19:05:24] build:done
[2026-04-13 19:05:24] static_graph:start
[2026-04-13 19:05:25] static_graph:done
[2026-04-13 19:05:25] wait_for:start
[2026-04-13 19:05:25] wait_for:done
[2026-04-13 19:05:25] launch:start
[2026-04-13 19:05:47] launch:ready
[2026-04-13 19:05:47] dynamic_trace:start
[2026-04-13 19:05:53] dynamic_trace:done
[2026-04-13 19:05:53] dynamic_postprocess:start
[2026-04-13 19:05:53] dynamic_postprocess:done
[2026-04-13 19:05:53] launch:stop
[2026-04-13 19:07:33] build:start
[2026-04-13 19:08:23] build:done
[2026-04-13 19:08:23] static_graph:start
[2026-04-13 19:08:24] static_graph:done
[2026-04-13 19:08:24] wait_for:start
[2026-04-13 19:08:24] wait_for:done
[2026-04-13 19:08:24] launch:start
[2026-04-13 19:08:47] launch:ready
[2026-04-13 19:08:47] dynamic_trace:start
[2026-04-13 19:08:52] dynamic_trace:done
[2026-04-13 19:08:52] dynamic_postprocess:start
[2026-04-13 19:08:53] dynamic_postprocess:done
[2026-04-13 19:08:53] launch:stop
[2026-04-13 19:32:14] build:start
[2026-04-13 19:32:51] build:done
[2026-04-13 19:32:51] static_graph:start
[2026-04-13 19:32:52] static_graph:done
[2026-04-13 19:32:52] wait_for:start
[2026-04-13 19:32:52] wait_for:done
[2026-04-13 19:32:52] launch:start
[2026-04-13 19:33:19] launch:ready
[2026-04-13 19:33:19] dynamic_trace:start
[2026-04-13 19:33:25] dynamic_trace:done
[2026-04-13 19:33:25] dynamic_postprocess:start
[2026-04-13 19:33:25] dynamic_postprocess:done
[2026-04-13 19:33:25] launch:stop
[2026-04-13 19:39:09] build:start
[2026-04-13 19:39:56] build:done
[2026-04-13 19:39:56] static_graph:start
[2026-04-13 19:39:57] static_graph:done
[2026-04-13 19:39:57] wait_for:start
[2026-04-13 19:39:57] wait_for:done
[2026-04-13 19:39:57] launch:start
[2026-04-13 19:40:24] launch:ready
[2026-04-13 19:40:24] dynamic_trace:start
[2026-04-13 19:40:30] dynamic_trace:done
[2026-04-13 19:40:30] dynamic_postprocess:start
[2026-04-13 19:40:30] dynamic_postprocess:done
[2026-04-13 19:40:30] launch:stop
[2026-04-13 19:59:03] build:start
[2026-04-13 19:59:42] build:done
[2026-04-13 19:59:42] static_graph:start
[2026-04-13 19:59:42] static_graph:done
[2026-04-13 19:59:42] wait_for:start
[2026-04-13 19:59:43] wait_for:done
[2026-04-13 19:59:43] launch:start
[2026-04-13 20:00:10] launch:ready
[2026-04-13 20:00:10] dynamic_trace:start
[2026-04-13 20:00:16] dynamic_trace:done
[2026-04-13 20:00:16] dynamic_postprocess:start
[2026-04-13 20:00:16] dynamic_postprocess:done
[2026-04-13 20:00:16] launch:stop
[2026-04-13 20:01:43] build:start
[2026-04-13 20:02:28] build:done
[2026-04-13 20:02:28] static_graph:start
[2026-04-13 20:02:28] static_graph:done
[2026-04-13 20:02:28] wait_for:start
[2026-04-13 20:02:29] wait_for:done
[2026-04-13 20:02:29] launch:start
[2026-04-13 20:02:54] launch:ready
[2026-04-13 20:02:54] dynamic_trace:start
[2026-04-13 20:03:02] dynamic_trace:done
[2026-04-13 20:03:02] dynamic_postprocess:start
[2026-04-13 20:03:02] dynamic_postprocess:done
[2026-04-13 20:03:02] launch:stop
[2026-04-13 20:04:18] build:start
[2026-04-13 20:05:10] build:done
[2026-04-13 20:05:10] static_graph:start
[2026-04-13 20:05:10] static_graph:done
[2026-04-13 20:05:10] wait_for:start
[2026-04-13 20:05:11] wait_for:done
[2026-04-13 20:05:11] launch:start
[2026-04-13 20:05:38] launch:ready
[2026-04-13 20:05:38] dynamic_trace:start
[2026-04-13 20:05:43] dynamic_trace:done
[2026-04-13 20:05:43] dynamic_postprocess:start
[2026-04-13 20:05:44] dynamic_postprocess:done
[2026-04-13 20:05:44] launch:stop
[2026-04-13 20:50:58] build:start
[2026-04-13 20:51:37] build:done
[2026-04-13 20:51:37] static_graph:start
[2026-04-13 20:51:38] static_graph:done
[2026-04-13 20:51:38] wait_for:start
[2026-04-13 20:51:38] wait_for:done
[2026-04-13 20:51:38] launch:start
[2026-04-13 20:52:05] launch:ready
[2026-04-13 20:52:05] dynamic_trace:start
[2026-04-13 20:52:11] dynamic_trace:done
[2026-04-13 20:52:11] dynamic_postprocess:start
[2026-04-13 20:52:11] dynamic_postprocess:done
[2026-04-13 20:52:11] launch:stop
[2026-04-13 20:53:59] build:start
[2026-04-13 20:54:38] build:done
[2026-04-13 20:54:38] static_graph:start
[2026-04-13 20:54:39] static_graph:done
[2026-04-13 20:54:39] wait_for:start
[2026-04-13 20:54:42] wait_for:done
[2026-04-13 20:54:42] launch:start
[2026-04-13 20:55:07] launch:ready
[2026-04-13 20:55:07] dynamic_trace:start
[2026-04-13 20:55:12] dynamic_trace:done
[2026-04-13 20:55:12] dynamic_postprocess:start
[2026-04-13 20:55:12] dynamic_postprocess:done
[2026-04-13 20:55:12] launch:stop
[2026-04-13 20:57:11] build:start
[2026-04-13 20:57:49] build:done
[2026-04-13 20:57:49] static_graph:start
[2026-04-13 20:57:49] static_graph:done
[2026-04-13 20:57:49] wait_for:start
[2026-04-13 20:57:50] wait_for:done
[2026-04-13 20:57:50] launch:start
[2026-04-13 20:58:17] launch:ready
[2026-04-13 20:58:17] dynamic_trace:start
[2026-04-13 20:58:23] dynamic_trace:done
[2026-04-13 20:58:23] dynamic_postprocess:start
[2026-04-13 20:58:23] dynamic_postprocess:done
[2026-04-13 20:58:23] launch:stop
[2026-04-13 21:21:47] build:start
[2026-04-13 21:22:22] build:done
[2026-04-13 21:22:22] static_graph:start
[2026-04-13 21:22:22] static_graph:done
[2026-04-13 21:22:22] wait_for:start
[2026-04-13 21:22:22] wait_for:done
[2026-04-13 21:22:22] launch:start
[2026-04-13 21:22:49] launch:ready
[2026-04-13 21:22:49] dynamic_trace:start
[2026-04-13 21:22:55] dynamic_trace:done
[2026-04-13 21:22:55] dynamic_postprocess:start
[2026-04-13 21:22:55] dynamic_postprocess:done
[2026-04-13 21:22:55] launch:stop
[2026-04-13 21:23:45] build:start
[2026-04-13 21:24:38] build:done
[2026-04-13 21:24:38] static_graph:start
[2026-04-13 21:24:39] static_graph:done
[2026-04-13 21:24:39] wait_for:start
[2026-04-13 21:24:39] wait_for:done
[2026-04-13 21:24:39] launch:start
[2026-04-13 21:25:06] launch:ready
[2026-04-13 21:25:06] dynamic_trace:start
[2026-04-13 21:25:11] dynamic_trace:done
[2026-04-13 21:25:11] dynamic_postprocess:start
[2026-04-13 21:25:12] dynamic_postprocess:done
[2026-04-13 21:25:12] launch:stop
[2026-04-13 21:26:09] build:start
[2026-04-13 21:26:37] build:done
[2026-04-13 21:26:37] static_graph:start
[2026-04-13 21:26:37] static_graph:done
[2026-04-13 21:26:37] wait_for:start
[2026-04-13 21:26:37] wait_for:done
[2026-04-13 21:26:37] launch:start
[2026-04-13 21:27:05] launch:ready
[2026-04-13 21:27:05] dynamic_trace:start
[2026-04-13 21:27:10] dynamic_trace:done
[2026-04-13 21:27:10] dynamic_postprocess:start
[2026-04-13 21:27:10] dynamic_postprocess:done
[2026-04-13 21:27:10] launch:stop
[2026-04-15 16:40:03] build:start
[2026-04-15 16:40:52] build:done
[2026-04-15 16:40:52] static_graph:start
[2026-04-15 16:40:52] static_graph:done
[2026-04-15 16:40:52] wait_for:start
[2026-04-15 16:40:53] wait_for:done
[2026-04-15 16:40:53] launch:start
[2026-04-15 16:41:13] launch:ready
[2026-04-15 16:41:13] dynamic_trace:start
[2026-04-15 16:41:20] dynamic_trace:done
[2026-04-15 16:41:20] dynamic_postprocess:start
[2026-04-15 16:41:21] dynamic_postprocess:done
[2026-04-15 16:41:21] launch:stop
[2026-04-15 16:51:53] build:start
[2026-04-15 16:52:57] build:done
[2026-04-15 16:52:57] static_graph:start
[2026-04-15 16:52:57] static_graph:done
[2026-04-15 16:52:57] wait_for:start
[2026-04-15 16:52:57] wait_for:done
[2026-04-15 16:52:57] launch:start
[2026-04-15 16:53:17] launch:ready
[2026-04-15 16:53:17] dynamic_trace:start
[2026-04-15 16:53:25] dynamic_trace:done
[2026-04-15 16:53:25] dynamic_postprocess:start
[2026-04-15 16:53:25] dynamic_postprocess:done
[2026-04-15 16:53:25] launch:stop
[2026-04-15 16:56:05] build:start
[2026-04-15 16:58:29] build:done
[2026-04-15 16:58:29] static_graph:start
[2026-04-15 16:58:30] static_graph:done
[2026-04-15 16:58:30] wait_for:start
[2026-04-15 16:58:30] wait_for:done
[2026-04-15 16:58:30] launch:start
[2026-04-15 16:58:50] launch:ready
[2026-04-15 16:58:50] dynamic_trace:start
[2026-04-15 16:58:58] dynamic_trace:done
[2026-04-15 16:58:58] dynamic_postprocess:start
[2026-04-15 16:58:58] dynamic_postprocess:done
[2026-04-15 16:58:58] launch:stop
[2026-04-15 17:01:44] build:start
[2026-04-15 17:04:38] build:done
[2026-04-15 17:04:38] static_graph:start
[2026-04-15 17:04:39] static_graph:done
[2026-04-15 17:04:39] wait_for:start
[2026-04-15 17:04:39] wait_for:done
[2026-04-15 17:04:39] launch:start
[2026-04-15 17:04:59] launch:ready
[2026-04-15 17:04:59] dynamic_trace:start
[2026-04-15 17:05:07] dynamic_trace:done
[2026-04-15 17:05:07] dynamic_postprocess:start
[2026-04-15 17:05:07] dynamic_postprocess:done
[2026-04-15 17:05:07] launch:stop
[2026-04-15 17:14:04] build:start
[2026-04-15 17:16:21] build:done
[2026-04-15 17:16:21] static_graph:start
[2026-04-15 17:16:21] static_graph:done
[2026-04-15 17:16:21] wait_for:start
[2026-04-15 17:16:22] wait_for:done
[2026-04-15 17:16:22] launch:start
[2026-04-15 17:16:42] launch:ready
[2026-04-15 17:16:42] dynamic_trace:start
[2026-04-15 17:16:49] dynamic_trace:done
[2026-04-15 17:16:49] dynamic_postprocess:start
[2026-04-15 17:16:50] dynamic_postprocess:done
[2026-04-15 17:16:50] launch:stop
[2026-04-15 17:19:24] build:start
[2026-04-15 17:22:32] build:done
[2026-04-15 17:22:32] static_graph:start
[2026-04-15 17:22:33] static_graph:done
[2026-04-15 17:22:33] wait_for:start
[2026-04-15 17:22:33] wait_for:done
[2026-04-15 17:22:33] launch:start
[2026-04-15 17:22:53] launch:ready
[2026-04-15 17:22:53] dynamic_trace:start
[2026-04-15 17:23:01] dynamic_trace:done
[2026-04-15 17:23:01] dynamic_postprocess:start
[2026-04-15 17:23:01] dynamic_postprocess:done
[2026-04-15 17:23:02] launch:stop
[2026-04-15 17:33:48] build:start
[2026-04-15 17:34:39] build:done
[2026-04-15 17:34:39] static_graph:start
[2026-04-15 17:34:39] static_graph:done
[2026-04-15 17:34:39] wait_for:start
[2026-04-15 17:34:39] wait_for:done
[2026-04-15 17:34:39] launch:start
[2026-04-15 17:34:59] launch:ready
[2026-04-15 17:34:59] dynamic_trace:start
[2026-04-15 17:35:07] dynamic_trace:done
[2026-04-15 17:35:07] dynamic_postprocess:start
[2026-04-15 17:35:07] dynamic_postprocess:done
[2026-04-15 17:35:07] launch:stop
[2026-04-15 17:37:41] build:start
[2026-04-15 17:41:02] build:done
[2026-04-15 17:41:02] static_graph:start
[2026-04-15 17:41:03] static_graph:done
[2026-04-15 17:41:03] wait_for:start
[2026-04-15 17:41:03] wait_for:done
[2026-04-15 17:41:03] launch:start
[2026-04-15 17:41:23] launch:ready
[2026-04-15 17:41:23] dynamic_trace:start
[2026-04-15 17:41:31] dynamic_trace:done
[2026-04-15 17:41:31] dynamic_postprocess:start
[2026-04-15 17:41:31] dynamic_postprocess:done
[2026-04-15 17:41:31] launch:stop
[2026-04-15 17:43:52] build:start
[2026-04-15 17:46:52] build:done
[2026-04-15 17:46:52] static_graph:start
[2026-04-15 17:46:52] static_graph:done
[2026-04-15 17:46:52] wait_for:start
[2026-04-15 17:46:52] wait_for:done
[2026-04-15 17:46:52] launch:start
[2026-04-15 17:47:13] launch:ready
[2026-04-15 17:47:13] dynamic_trace:start
[2026-04-15 17:47:21] dynamic_trace:done
[2026-04-15 17:47:21] dynamic_postprocess:start
[2026-04-15 17:47:21] dynamic_postprocess:done
[2026-04-15 17:47:21] launch:stop
[2026-04-15 18:02:11] build:start
[2026-04-15 18:03:03] build:done
[2026-04-15 18:03:03] static_graph:start
[2026-04-15 18:03:04] static_graph:done
[2026-04-15 18:03:04] wait_for:start
[2026-04-15 18:03:04] wait_for:done
[2026-04-15 18:03:04] launch:start
[2026-04-15 18:03:25] launch:ready
[2026-04-15 18:03:25] dynamic_trace:start
[2026-04-15 18:03:32] dynamic_trace:done
[2026-04-15 18:03:32] dynamic_postprocess:start
[2026-04-15 18:03:33] dynamic_postprocess:done
[2026-04-15 18:03:33] launch:stop
[2026-04-15 18:05:27] build:start
[2026-04-15 18:08:42] build:done
[2026-04-15 18:08:42] static_graph:start
[2026-04-15 18:08:42] static_graph:done
[2026-04-15 18:08:42] wait_for:start
[2026-04-15 18:08:43] wait_for:done
[2026-04-15 18:08:43] launch:start
[2026-04-15 18:09:03] launch:ready
[2026-04-15 18:09:03] dynamic_trace:start
[2026-04-15 18:09:10] dynamic_trace:done
[2026-04-15 18:09:10] dynamic_postprocess:start
[2026-04-15 18:09:11] dynamic_postprocess:done
[2026-04-15 18:09:11] launch:stop
[2026-04-15 18:11:41] build:start
[2026-04-15 18:14:22] build:done
[2026-04-15 18:14:22] static_graph:start
[2026-04-15 18:14:23] static_graph:done
[2026-04-15 18:14:23] wait_for:start
[2026-04-15 18:14:23] wait_for:done
[2026-04-15 18:14:23] launch:start
[2026-04-15 18:14:43] launch:ready
[2026-04-15 18:14:43] dynamic_trace:start
[2026-04-15 18:14:51] dynamic_trace:done
[2026-04-15 18:14:51] dynamic_postprocess:start
[2026-04-15 18:14:52] dynamic_postprocess:done
[2026-04-15 18:14:52] launch:stop
[2026-04-15 18:31:00] build:start
[2026-04-15 18:34:05] build:done
[2026-04-15 18:34:05] static_graph:start
[2026-04-15 18:34:05] static_graph:done
[2026-04-15 18:34:05] wait_for:start
[2026-04-15 18:34:06] wait_for:done
[2026-04-15 18:34:06] launch:start
[2026-04-15 18:34:27] launch:ready
[2026-04-15 18:34:27] dynamic_trace:start
[2026-04-15 18:34:35] dynamic_trace:done
[2026-04-15 18:34:35] dynamic_postprocess:start
[2026-04-15 18:34:35] dynamic_postprocess:done
[2026-04-15 18:34:35] launch:stop
[2026-04-15 19:01:08] build:start
[2026-04-15 19:02:01] build:done
[2026-04-15 19:02:01] static_graph:start
[2026-04-15 19:02:02] static_graph:done
[2026-04-15 19:02:02] wait_for:start
[2026-04-15 19:02:02] wait_for:done
[2026-04-15 19:02:02] launch:start
[2026-04-15 19:02:22] launch:ready
[2026-04-15 19:02:22] dynamic_trace:start
[2026-04-15 19:02:31] dynamic_trace:done
[2026-04-15 19:02:31] dynamic_postprocess:start
[2026-04-15 19:02:31] dynamic_postprocess:done
[2026-04-15 19:02:31] launch:stop
[2026-04-15 19:08:36] build:start
[2026-04-15 19:11:06] build:done
[2026-04-15 19:11:06] static_graph:start
[2026-04-15 19:11:06] static_graph:done
[2026-04-15 19:11:06] wait_for:start
[2026-04-15 19:11:07] wait_for:done
[2026-04-15 19:11:07] launch:start
[2026-04-15 19:11:28] launch:ready
[2026-04-15 19:11:28] dynamic_trace:start
[2026-04-15 19:11:36] dynamic_trace:done
[2026-04-15 19:11:36] dynamic_postprocess:start
[2026-04-15 19:11:36] dynamic_postprocess:done
[2026-04-15 19:11:36] launch:stop
[2026-04-15 19:13:01] build:start
[2026-04-15 19:16:18] build:done
[2026-04-15 19:16:18] static_graph:start
[2026-04-15 19:16:18] static_graph:done
[2026-04-15 19:16:18] wait_for:start
[2026-04-15 19:16:19] wait_for:done
[2026-04-15 19:16:19] launch:start
[2026-04-15 19:16:40] launch:ready
[2026-04-15 19:16:40] dynamic_trace:start
[2026-04-15 19:16:48] dynamic_trace:done
[2026-04-15 19:16:48] dynamic_postprocess:start
[2026-04-15 19:16:48] dynamic_postprocess:done
[2026-04-15 19:16:48] launch:stop
[2026-04-15 19:19:32] build:start
[2026-04-15 19:22:20] build:done
[2026-04-15 19:22:20] static_graph:start
[2026-04-15 19:22:21] static_graph:done
[2026-04-15 19:22:21] wait_for:start
[2026-04-15 19:22:21] wait_for:done
[2026-04-15 19:22:21] launch:start
[2026-04-15 19:22:42] launch:ready
[2026-04-15 19:22:42] dynamic_trace:start
[2026-04-15 19:22:50] dynamic_trace:done
[2026-04-15 19:22:50] dynamic_postprocess:start
[2026-04-15 19:22:50] dynamic_postprocess:done
[2026-04-15 19:22:50] launch:stop
[2026-04-15 19:45:43] build:start
[2026-04-15 19:46:30] build:done
[2026-04-15 19:46:30] static_graph:start
[2026-04-15 19:46:30] static_graph:done
[2026-04-15 19:46:30] wait_for:start
[2026-04-15 19:46:30] wait_for:done
[2026-04-15 19:46:30] launch:start
[2026-04-15 19:46:52] launch:ready
[2026-04-15 19:46:52] dynamic_trace:start
[2026-04-15 19:46:59] dynamic_trace:done
[2026-04-15 19:46:59] dynamic_postprocess:start
[2026-04-15 19:47:00] dynamic_postprocess:done
[2026-04-15 19:47:00] launch:stop
[2026-04-15 19:47:49] build:start
[2026-04-15 19:50:57] build:done
[2026-04-15 19:50:57] static_graph:start
[2026-04-15 19:50:57] static_graph:done
[2026-04-15 19:50:57] wait_for:start
[2026-04-15 19:50:57] wait_for:done
[2026-04-15 19:50:57] launch:start
[2026-04-15 19:51:19] launch:ready
[2026-04-15 19:51:19] dynamic_trace:start
[2026-04-15 19:51:27] dynamic_trace:done
[2026-04-15 19:51:27] dynamic_postprocess:start
[2026-04-15 19:51:27] dynamic_postprocess:done
[2026-04-15 19:51:27] launch:stop
[2026-04-15 19:52:31] build:start
[2026-04-15 19:55:14] build:done
[2026-04-15 19:55:14] static_graph:start
[2026-04-15 19:55:14] static_graph:done
[2026-04-15 19:55:14] wait_for:start
[2026-04-15 19:55:14] wait_for:done
[2026-04-15 19:55:14] launch:start
[2026-04-15 19:55:34] launch:ready
[2026-04-15 19:55:34] dynamic_trace:start
[2026-04-15 19:55:42] dynamic_trace:done
[2026-04-15 19:55:42] dynamic_postprocess:start
[2026-04-15 19:55:42] dynamic_postprocess:done
[2026-04-15 19:55:42] launch:stop
[2026-04-15 19:59:31] build:start
[2026-04-15 20:00:35] build:done
[2026-04-15 20:00:35] static_graph:start
[2026-04-15 20:00:35] static_graph:done
[2026-04-15 20:00:35] wait_for:start
[2026-04-15 20:00:35] wait_for:done
[2026-04-15 20:00:35] launch:start
[2026-04-15 20:00:57] launch:ready
[2026-04-15 20:00:57] dynamic_trace:start
[2026-04-15 20:01:04] dynamic_trace:done
[2026-04-15 20:01:04] dynamic_postprocess:start
[2026-04-15 20:01:05] dynamic_postprocess:done
[2026-04-15 20:01:05] launch:stop
[2026-04-15 20:01:59] build:start
[2026-04-15 20:05:11] build:done
[2026-04-15 20:05:11] static_graph:start
[2026-04-15 20:05:12] static_graph:done
[2026-04-15 20:05:12] wait_for:start
[2026-04-15 20:05:12] wait_for:done
[2026-04-15 20:05:12] launch:start
[2026-04-15 20:05:33] launch:ready
[2026-04-15 20:05:33] dynamic_trace:start
[2026-04-15 20:05:41] dynamic_trace:done
[2026-04-15 20:05:41] dynamic_postprocess:start
[2026-04-15 20:05:41] dynamic_postprocess:done
[2026-04-15 20:05:42] launch:stop
[2026-04-15 20:06:53] build:start
[2026-04-15 20:09:26] build:done
[2026-04-15 20:09:26] static_graph:start
[2026-04-15 20:09:27] static_graph:done
[2026-04-15 20:09:27] wait_for:start
[2026-04-15 20:09:27] wait_for:done
[2026-04-15 20:09:27] launch:start
[2026-04-15 20:09:48] launch:ready
[2026-04-15 20:09:48] dynamic_trace:start
[2026-04-15 20:09:56] dynamic_trace:done
[2026-04-15 20:09:56] dynamic_postprocess:start
[2026-04-15 20:09:57] dynamic_postprocess:done
[2026-04-15 20:09:57] launch:stop
[2026-04-15 20:19:56] build:start
[2026-04-15 20:20:57] build:done
[2026-04-15 20:20:57] static_graph:start
[2026-04-15 20:20:58] static_graph:done
[2026-04-15 20:20:58] wait_for:start
[2026-04-15 20:20:58] wait_for:done
[2026-04-15 20:20:58] launch:start
[2026-04-15 20:21:20] launch:ready
[2026-04-15 20:21:20] dynamic_trace:start
[2026-04-15 20:21:27] dynamic_trace:done
[2026-04-15 20:21:27] dynamic_postprocess:start
[2026-04-15 20:21:27] dynamic_postprocess:done
[2026-04-15 20:21:27] launch:stop
[2026-04-15 20:23:09] build:start
[2026-04-15 20:26:07] build:done
[2026-04-15 20:26:07] static_graph:start
[2026-04-15 20:26:08] static_graph:done
[2026-04-15 20:26:08] wait_for:start
[2026-04-15 20:26:08] wait_for:done
[2026-04-15 20:26:08] launch:start
[2026-04-15 20:26:28] launch:ready
[2026-04-15 20:26:28] dynamic_trace:start
[2026-04-15 20:26:35] dynamic_trace:done
[2026-04-15 20:26:35] dynamic_postprocess:start
[2026-04-15 20:26:36] dynamic_postprocess:done
[2026-04-15 20:26:36] launch:stop
[2026-04-15 20:28:35] build:start
[2026-04-15 20:31:10] build:done
[2026-04-15 20:31:10] static_graph:start
[2026-04-15 20:31:10] static_graph:done
[2026-04-15 20:31:10] wait_for:start
[2026-04-15 20:31:10] wait_for:done
[2026-04-15 20:31:10] launch:start
[2026-04-15 20:31:30] launch:ready
[2026-04-15 20:31:30] dynamic_trace:start
[2026-04-15 20:31:38] dynamic_trace:done
[2026-04-15 20:31:38] dynamic_postprocess:start
[2026-04-15 20:31:38] dynamic_postprocess:done
[2026-04-15 20:31:38] launch:stop
[2026-04-15 20:33:04] build:start
[2026-04-15 20:48:48] build:start
[2026-04-15 20:49:54] build:done
[2026-04-15 20:49:54] static_graph:start
[2026-04-15 20:49:54] static_graph:done
[2026-04-15 20:49:54] wait_for:start
[2026-04-15 20:49:55] wait_for:done
[2026-04-15 20:49:55] launch:start
[2026-04-15 20:49:56] launch:stop
[2026-04-15 21:18:36] build:start
[2026-04-15 21:19:42] build:start
[2026-04-15 21:20:31] build:done
[2026-04-15 21:20:31] static_graph:start
[2026-04-15 21:20:31] static_graph:done
[2026-04-15 21:20:31] wait_for:start
[2026-04-15 21:20:31] wait_for:done
[2026-04-15 21:20:31] launch:start
[2026-04-15 21:20:51] launch:ready
[2026-04-15 21:20:51] dynamic_trace:start
[2026-04-15 21:20:59] dynamic_trace:done
[2026-04-15 21:20:59] dynamic_postprocess:start
[2026-04-15 21:20:59] dynamic_postprocess:done
[2026-04-15 21:20:59] launch:stop
[2026-04-15 21:21:32] build:start
[2026-04-15 21:24:24] build:done
[2026-04-15 21:24:24] static_graph:start
[2026-04-15 21:24:25] static_graph:done
[2026-04-15 21:24:25] wait_for:start
[2026-04-15 21:24:25] wait_for:done
[2026-04-15 21:24:25] launch:start
[2026-04-15 21:24:45] launch:ready
[2026-04-15 21:24:45] dynamic_trace:start
[2026-04-15 21:24:52] dynamic_trace:done
[2026-04-15 21:24:52] dynamic_postprocess:start
[2026-04-15 21:24:53] dynamic_postprocess:done
[2026-04-15 21:24:53] launch:stop
[2026-04-15 21:26:58] build:start
[2026-04-15 21:29:18] build:done
[2026-04-15 21:29:18] static_graph:start
[2026-04-15 21:29:19] static_graph:done
[2026-04-15 21:29:19] wait_for:start
[2026-04-15 21:29:19] wait_for:done
[2026-04-15 21:29:19] launch:start
[2026-04-15 21:29:39] launch:ready
[2026-04-15 21:29:39] dynamic_trace:start
[2026-04-15 21:29:46] dynamic_trace:done
[2026-04-15 21:29:46] dynamic_postprocess:start
[2026-04-15 21:29:47] dynamic_postprocess:done
[2026-04-15 21:29:47] launch:stop
[2026-04-15 21:33:37] build:start
[2026-04-15 21:34:28] build:done
[2026-04-15 21:34:28] static_graph:start
[2026-04-15 21:34:28] static_graph:done
[2026-04-15 21:34:28] wait_for:start
[2026-04-15 21:34:29] wait_for:done
[2026-04-15 21:34:29] launch:start
[2026-04-15 21:34:49] launch:ready
[2026-04-15 21:34:49] dynamic_trace:start
[2026-04-15 21:34:56] dynamic_trace:done
[2026-04-15 21:34:56] dynamic_postprocess:start
[2026-04-15 21:34:56] dynamic_postprocess:done
[2026-04-15 21:34:56] launch:stop
[2026-04-15 21:37:18] build:start
[2026-04-15 21:38:11] build:done
[2026-04-15 21:38:11] static_graph:start
[2026-04-15 21:38:11] static_graph:done
[2026-04-15 21:38:11] wait_for:start
[2026-04-15 21:38:11] wait_for:done
[2026-04-15 21:38:11] launch:start
[2026-04-15 21:38:31] launch:ready
[2026-04-15 21:38:31] dynamic_trace:start
[2026-04-15 21:38:39] dynamic_trace:done
[2026-04-15 21:38:39] dynamic_postprocess:start
[2026-04-15 21:38:39] dynamic_postprocess:done
[2026-04-15 21:38:39] launch:stop
[2026-04-15 22:02:08] build:start
[2026-04-15 22:03:03] build:done
[2026-04-15 22:03:03] static_graph:start
[2026-04-15 22:03:03] static_graph:done
[2026-04-15 22:03:03] wait_for:start
[2026-04-15 22:03:03] wait_for:done
[2026-04-15 22:03:03] launch:start
[2026-04-15 22:03:23] launch:ready
[2026-04-15 22:03:23] dynamic_trace:start
[2026-04-15 22:03:31] dynamic_trace:done
[2026-04-15 22:03:31] dynamic_postprocess:start
[2026-04-15 22:03:31] dynamic_postprocess:done
[2026-04-15 22:03:31] launch:stop
[2026-04-15 22:06:01] build:start
[2026-04-15 22:09:31] build:done
[2026-04-15 22:09:31] static_graph:start
[2026-04-15 22:09:31] static_graph:done
[2026-04-15 22:09:31] wait_for:start
[2026-04-15 22:09:32] wait_for:done
[2026-04-15 22:09:32] launch:start
[2026-04-15 22:09:52] launch:ready
[2026-04-15 22:09:52] dynamic_trace:start
[2026-04-15 22:09:59] dynamic_trace:done
[2026-04-15 22:09:59] dynamic_postprocess:start
[2026-04-15 22:10:00] dynamic_postprocess:done
[2026-04-15 22:10:00] launch:stop
[2026-04-15 22:11:40] build:start
[2026-04-15 22:14:05] build:done
[2026-04-15 22:14:05] static_graph:start
[2026-04-15 22:14:05] static_graph:done
[2026-04-15 22:14:05] wait_for:start
[2026-04-15 22:14:06] wait_for:done
[2026-04-15 22:14:06] launch:start
[2026-04-15 22:14:26] launch:ready
[2026-04-15 22:14:26] dynamic_trace:start
[2026-04-15 22:14:33] dynamic_trace:done
[2026-04-15 22:14:33] dynamic_postprocess:start
[2026-04-15 22:14:33] dynamic_postprocess:done
[2026-04-15 22:14:34] launch:stop
[2026-04-15 22:17:14] build:start
[2026-04-15 22:20:44] build:done
[2026-04-15 22:20:44] static_graph:start
[2026-04-15 22:20:44] static_graph:done
[2026-04-15 22:20:44] wait_for:start
[2026-04-15 22:20:45] wait_for:done
[2026-04-15 22:20:45] launch:start
[2026-04-15 22:21:05] launch:ready
[2026-04-15 22:21:05] dynamic_trace:start
[2026-04-15 22:21:12] dynamic_trace:done
[2026-04-15 22:21:12] dynamic_postprocess:start
[2026-04-15 22:21:13] dynamic_postprocess:done
[2026-04-15 22:21:13] launch:stop
[2026-04-15 22:24:07] build:start
[2026-04-15 22:25:02] build:done
[2026-04-15 22:25:02] static_graph:start
[2026-04-15 22:25:02] static_graph:done
[2026-04-15 22:25:02] wait_for:start
[2026-04-15 22:25:03] wait_for:done
[2026-04-15 22:25:03] launch:start
[2026-04-15 22:25:23] launch:ready
[2026-04-15 22:25:23] dynamic_trace:start
[2026-04-15 22:25:30] dynamic_trace:done
[2026-04-15 22:25:30] dynamic_postprocess:start
[2026-04-15 22:25:31] dynamic_postprocess:done
[2026-04-15 22:25:31] launch:stop
[2026-04-16 14:53:37] build:start
[2026-04-16 14:54:42] build:done
[2026-04-16 14:54:42] static_graph:start
[2026-04-16 14:54:43] static_graph:done
[2026-04-16 14:54:43] wait_for:start
[2026-04-16 14:54:43] wait_for:done
[2026-04-16 14:54:43] launch:start
[2026-04-16 14:55:03] launch:ready
[2026-04-16 14:55:03] dynamic_trace:start
[2026-04-16 14:55:11] dynamic_trace:done
[2026-04-16 14:55:11] dynamic_postprocess:start
[2026-04-16 14:55:11] dynamic_postprocess:done
[2026-04-16 14:55:11] launch:stop
[2026-04-16 14:57:31] build:start
[2026-04-16 15:01:10] build:done
[2026-04-16 15:01:10] static_graph:start
[2026-04-16 15:01:10] static_graph:done
[2026-04-16 15:01:10] wait_for:start
[2026-04-16 15:01:11] wait_for:done
[2026-04-16 15:01:11] launch:start
[2026-04-16 15:01:31] launch:ready
[2026-04-16 15:01:31] dynamic_trace:start
[2026-04-16 15:01:38] dynamic_trace:done
[2026-04-16 15:01:38] dynamic_postprocess:start
[2026-04-16 15:01:38] dynamic_postprocess:done
[2026-04-16 15:01:38] launch:stop
