[0.299s] DEBUG:colcon:Command line arguments: ['/usr/bin/colcon', 'build', '--packages-select', 'nav2_race_cpp']
[0.299s] DEBUG:colcon:Parsed command line arguments: Namespace(log_base=None, log_level=None, verb_name='build', build_base='build', install_base='install', merge_install=False, symlink_install=False, test_result_base=None, continue_on_error=False, executor='parallel', parallel_workers=20, event_handlers=None, ignore_user_meta=False, metas=['./colcon.meta'], base_paths=['.'], packages_ignore=None, packages_ignore_regex=None, paths=None, packages_up_to=None, packages_up_to_regex=None, packages_above=None, packages_above_and_dependencies=None, packages_above_depth=None, packages_select_by_dep=None, packages_skip_by_dep=None, packages_skip_up_to=None, packages_select_build_failed=False, packages_skip_build_finished=False, packages_select_test_failures=False, packages_skip_test_passed=False, packages_select=['nav2_race_cpp'], packages_skip=None, packages_select_regex=None, packages_skip_regex=None, packages_start=None, packages_end=None, allow_overriding=[], cmake_args=None, cmake_target=None, cmake_target_skip_unavailable=False, cmake_clean_cache=False, cmake_clean_first=False, cmake_force_configure=False, ament_cmake_args=None, catkin_cmake_args=None, catkin_skip_building_tests=False, verb_parser=<colcon_defaults.argument_parser.defaults.DefaultArgumentsDecorator object at 0x7f5db5cc7a00>, verb_extension=<colcon_core.verb.build.BuildVerb object at 0x7f5db5cc6950>, main=<bound method BuildVerb.main of <colcon_core.verb.build.BuildVerb object at 0x7f5db5cc6950>>)
[0.426s] Level 1:colcon.colcon_core.package_discovery:discover_packages(colcon_meta) check parameters
[0.426s] Level 1:colcon.colcon_core.package_discovery:discover_packages(recursive) check parameters
[0.426s] Level 1:colcon.colcon_core.package_discovery:discover_packages(ignore) check parameters
[0.426s] Level 1:colcon.colcon_core.package_discovery:discover_packages(path) check parameters
[0.426s] Level 1:colcon.colcon_core.package_discovery:discover_packages(colcon_meta) discover
[0.426s] Level 1:colcon.colcon_core.package_discovery:discover_packages(recursive) discover
[0.426s] INFO:colcon.colcon_core.package_discovery:Crawling recursively for packages in '/home/yinyihao/ros2'
[0.426s] Level 1:colcon.colcon_core.package_identification:_identify(.) by extensions ['ignore', 'ignore_ament_install']
[0.426s] Level 1:colcon.colcon_core.package_identification:_identify(.) by extension 'ignore'
[0.426s] Level 1:colcon.colcon_core.package_identification:_identify(.) by extension 'ignore_ament_install'
[0.426s] Level 1:colcon.colcon_core.package_identification:_identify(.) by extensions ['colcon_pkg']
[0.426s] Level 1:colcon.colcon_core.package_identification:_identify(.) by extension 'colcon_pkg'
[0.427s] INFO:colcon.colcon_metadata.metadata.colcon_pkg:Setting name 'ros2_ws' of package '.' from colcon.pkg
[0.427s] DEBUG:colcon.colcon_core.package_identification:Package '.' with type 'None' and name 'ros2_ws'
[0.427s] Level 1:colcon.colcon_core.package_identification:_identify(.) by extensions ['colcon_meta']
[0.427s] Level 1:colcon.colcon_core.package_identification:_identify(.) by extension 'colcon_meta'
[0.427s] Level 1:colcon.colcon_core.package_identification:_identify(.) by extensions ['ros']
[0.427s] Level 1:colcon.colcon_core.package_identification:_identify(.) by extension 'ros'
[0.436s] Level 1:colcon.colcon_core.package_identification:_identify(.) by extensions ['cmake', 'python']
[0.436s] Level 1:colcon.colcon_core.package_identification:_identify(.) by extension 'cmake'
[0.436s] Level 1:colcon.colcon_core.package_identification:_identify(.) by extension 'python'
[0.436s] Level 1:colcon.colcon_core.package_identification:_identify(.) by extensions ['python_setup_py']
[0.436s] Level 1:colcon.colcon_core.package_identification:_identify(.) by extension 'python_setup_py'
[0.436s] WARNING:colcon.colcon_core.package_identification:package '.' has type or name but is incomplete
[0.437s] Level 1:colcon.colcon_core.package_identification:_identify(build) by extensions ['ignore', 'ignore_ament_install']
[0.437s] Level 1:colcon.colcon_core.package_identification:_identify(build) by extension 'ignore'
[0.437s] Level 1:colcon.colcon_core.package_identification:_identify(build) ignored
[0.437s] Level 1:colcon.colcon_core.package_identification:_identify(install) by extensions ['ignore', 'ignore_ament_install']
[0.437s] Level 1:colcon.colcon_core.package_identification:_identify(install) by extension 'ignore'
[0.437s] Level 1:colcon.colcon_core.package_identification:_identify(install) ignored
[0.437s] Level 1:colcon.colcon_core.package_identification:_identify(log) by extensions ['ignore', 'ignore_ament_install']
[0.437s] Level 1:colcon.colcon_core.package_identification:_identify(log) by extension 'ignore'
[0.437s] Level 1:colcon.colcon_core.package_identification:_identify(log) ignored
[0.439s] Level 1:colcon.colcon_core.package_identification:_identify(src) by extensions ['ignore', 'ignore_ament_install']
[0.439s] Level 1:colcon.colcon_core.package_identification:_identify(src) by extension 'ignore'
[0.439s] Level 1:colcon.colcon_core.package_identification:_identify(src) by extension 'ignore_ament_install'
[0.439s] Level 1:colcon.colcon_core.package_identification:_identify(src) by extensions ['colcon_pkg']
[0.439s] Level 1:colcon.colcon_core.package_identification:_identify(src) by extension 'colcon_pkg'
[0.439s] Level 1:colcon.colcon_core.package_identification:_identify(src) by extensions ['colcon_meta']
[0.439s] Level 1:colcon.colcon_core.package_identification:_identify(src) by extension 'colcon_meta'
[0.439s] Level 1:colcon.colcon_core.package_identification:_identify(src) by extensions ['ros']
[0.439s] Level 1:colcon.colcon_core.package_identification:_identify(src) by extension 'ros'
[0.439s] Level 1:colcon.colcon_core.package_identification:_identify(src) by extensions ['cmake', 'python']
[0.439s] Level 1:colcon.colcon_core.package_identification:_identify(src) by extension 'cmake'
[0.439s] Level 1:colcon.colcon_core.package_identification:_identify(src) by extension 'python'
[0.439s] Level 1:colcon.colcon_core.package_identification:_identify(src) by extensions ['python_setup_py']
[0.439s] Level 1:colcon.colcon_core.package_identification:_identify(src) by extension 'python_setup_py'
[0.440s] Level 1:colcon.colcon_core.package_identification:_identify(src/my_cpp_pkg) by extensions ['ignore', 'ignore_ament_install']
[0.440s] Level 1:colcon.colcon_core.package_identification:_identify(src/my_cpp_pkg) by extension 'ignore'
[0.440s] Level 1:colcon.colcon_core.package_identification:_identify(src/my_cpp_pkg) by extension 'ignore_ament_install'
[0.440s] Level 1:colcon.colcon_core.package_identification:_identify(src/my_cpp_pkg) by extensions ['colcon_pkg']
[0.440s] Level 1:colcon.colcon_core.package_identification:_identify(src/my_cpp_pkg) by extension 'colcon_pkg'
[0.440s] Level 1:colcon.colcon_core.package_identification:_identify(src/my_cpp_pkg) by extensions ['colcon_meta']
[0.440s] Level 1:colcon.colcon_core.package_identification:_identify(src/my_cpp_pkg) by extension 'colcon_meta'
[0.440s] Level 1:colcon.colcon_core.package_identification:_identify(src/my_cpp_pkg) by extensions ['ros']
[0.440s] Level 1:colcon.colcon_core.package_identification:_identify(src/my_cpp_pkg) by extension 'ros'
[0.442s] DEBUG:colcon.colcon_core.package_identification:Package 'src/my_cpp_pkg' with type 'ros.ament_cmake' and name 'my_cpp_pkg'
[0.442s] Level 1:colcon.colcon_core.package_identification:_identify(src/nav2_race_cpp) by extensions ['ignore', 'ignore_ament_install']
[0.443s] Level 1:colcon.colcon_core.package_identification:_identify(src/nav2_race_cpp) by extension 'ignore'
[0.443s] Level 1:colcon.colcon_core.package_identification:_identify(src/nav2_race_cpp) by extension 'ignore_ament_install'
[0.443s] Level 1:colcon.colcon_core.package_identification:_identify(src/nav2_race_cpp) by extensions ['colcon_pkg']
[0.443s] Level 1:colcon.colcon_core.package_identification:_identify(src/nav2_race_cpp) by extension 'colcon_pkg'
[0.443s] Level 1:colcon.colcon_core.package_identification:_identify(src/nav2_race_cpp) by extensions ['colcon_meta']
[0.443s] Level 1:colcon.colcon_core.package_identification:_identify(src/nav2_race_cpp) by extension 'colcon_meta'
[0.443s] Level 1:colcon.colcon_core.package_identification:_identify(src/nav2_race_cpp) by extensions ['ros']
[0.443s] Level 1:colcon.colcon_core.package_identification:_identify(src/nav2_race_cpp) by extension 'ros'
[0.444s] DEBUG:colcon.colcon_core.package_identification:Package 'src/nav2_race_cpp' with type 'ros.ament_cmake' and name 'nav2_race_cpp'
[0.444s] Level 1:colcon.colcon_core.package_identification:_identify(src/nav2_race_min) by extensions ['ignore', 'ignore_ament_install']
[0.444s] Level 1:colcon.colcon_core.package_identification:_identify(src/nav2_race_min) by extension 'ignore'
[0.444s] Level 1:colcon.colcon_core.package_identification:_identify(src/nav2_race_min) by extension 'ignore_ament_install'
[0.444s] Level 1:colcon.colcon_core.package_identification:_identify(src/nav2_race_min) by extensions ['colcon_pkg']
[0.444s] Level 1:colcon.colcon_core.package_identification:_identify(src/nav2_race_min) by extension 'colcon_pkg'
[0.444s] Level 1:colcon.colcon_core.package_identification:_identify(src/nav2_race_min) by extensions ['colcon_meta']
[0.444s] Level 1:colcon.colcon_core.package_identification:_identify(src/nav2_race_min) by extension 'colcon_meta'
[0.444s] Level 1:colcon.colcon_core.package_identification:_identify(src/nav2_race_min) by extensions ['ros']
[0.444s] Level 1:colcon.colcon_core.package_identification:_identify(src/nav2_race_min) by extension 'ros'
[0.445s] DEBUG:colcon.colcon_core.package_identification:Package 'src/nav2_race_min' with type 'ros.ament_python' and name 'nav2_race_min'
[0.446s] Level 1:colcon.colcon_core.package_identification:_identify(tools) by extensions ['ignore', 'ignore_ament_install']
[0.446s] Level 1:colcon.colcon_core.package_identification:_identify(tools) by extension 'ignore'
[0.446s] Level 1:colcon.colcon_core.package_identification:_identify(tools) by extension 'ignore_ament_install'
[0.446s] Level 1:colcon.colcon_core.package_identification:_identify(tools) by extensions ['colcon_pkg']
[0.446s] Level 1:colcon.colcon_core.package_identification:_identify(tools) by extension 'colcon_pkg'
[0.446s] Level 1:colcon.colcon_core.package_identification:_identify(tools) by extensions ['colcon_meta']
[0.446s] Level 1:colcon.colcon_core.package_identification:_identify(tools) by extension 'colcon_meta'
[0.446s] Level 1:colcon.colcon_core.package_identification:_identify(tools) by extensions ['ros']
[0.446s] Level 1:colcon.colcon_core.package_identification:_identify(tools) by extension 'ros'
[0.446s] Level 1:colcon.colcon_core.package_identification:_identify(tools) by extensions ['cmake', 'python']
[0.446s] Level 1:colcon.colcon_core.package_identification:_identify(tools) by extension 'cmake'
[0.446s] Level 1:colcon.colcon_core.package_identification:_identify(tools) by extension 'python'
[0.446s] Level 1:colcon.colcon_core.package_identification:_identify(tools) by extensions ['python_setup_py']
[0.446s] Level 1:colcon.colcon_core.package_identification:_identify(tools) by extension 'python_setup_py'
[0.446s] Level 1:colcon.colcon_core.package_identification:_identify(tools/__pycache__) by extensions ['ignore', 'ignore_ament_install']
[0.446s] Level 1:colcon.colcon_core.package_identification:_identify(tools/__pycache__) by extension 'ignore'
[0.447s] Level 1:colcon.colcon_core.package_identification:_identify(tools/__pycache__) by extension 'ignore_ament_install'
[0.447s] Level 1:colcon.colcon_core.package_identification:_identify(tools/__pycache__) by extensions ['colcon_pkg']
[0.447s] Level 1:colcon.colcon_core.package_identification:_identify(tools/__pycache__) by extension 'colcon_pkg'
[0.447s] Level 1:colcon.colcon_core.package_identification:_identify(tools/__pycache__) by extensions ['colcon_meta']
[0.447s] Level 1:colcon.colcon_core.package_identification:_identify(tools/__pycache__) by extension 'colcon_meta'
[0.447s] Level 1:colcon.colcon_core.package_identification:_identify(tools/__pycache__) by extensions ['ros']
[0.447s] Level 1:colcon.colcon_core.package_identification:_identify(tools/__pycache__) by extension 'ros'
[0.447s] Level 1:colcon.colcon_core.package_identification:_identify(tools/__pycache__) by extensions ['cmake', 'python']
[0.447s] Level 1:colcon.colcon_core.package_identification:_identify(tools/__pycache__) by extension 'cmake'
[0.447s] Level 1:colcon.colcon_core.package_identification:_identify(tools/__pycache__) by extension 'python'
[0.447s] Level 1:colcon.colcon_core.package_identification:_identify(tools/__pycache__) by extensions ['python_setup_py']
[0.447s] Level 1:colcon.colcon_core.package_identification:_identify(tools/__pycache__) by extension 'python_setup_py'
[0.447s] Level 1:colcon.colcon_core.package_discovery:discover_packages(recursive) using defaults
[0.447s] Level 1:colcon.colcon_core.package_discovery:discover_packages(ignore) discover
[0.447s] Level 1:colcon.colcon_core.package_discovery:discover_packages(ignore) using defaults
[0.447s] Level 1:colcon.colcon_core.package_discovery:discover_packages(path) discover
[0.447s] Level 1:colcon.colcon_core.package_discovery:discover_packages(path) using defaults
[0.470s] INFO:colcon.colcon_core.package_selection:Skipping not selected package 'my_cpp_pkg' in 'src/my_cpp_pkg'
[0.471s] INFO:colcon.colcon_core.package_selection:Skipping not selected package 'nav2_race_min' in 'src/nav2_race_min'
[0.471s] Level 1:colcon.colcon_core.package_discovery:discover_packages(prefix_path) check parameters
[0.471s] Level 1:colcon.colcon_core.package_discovery:discover_packages(prefix_path) discover
[0.485s] DEBUG:colcon.colcon_installed_package_information.package_discovery:Found 3 installed packages in /home/yinyihao/ros2/install
[0.487s] DEBUG:colcon.colcon_installed_package_information.package_discovery:Found 342 installed packages in /opt/ros/humble
[0.488s] Level 1:colcon.colcon_core.package_discovery:discover_packages(prefix_path) using defaults
[0.521s] Level 5:colcon.colcon_core.verb:set package 'nav2_race_cpp' build argument 'cmake_args' from command line to 'None'
[0.521s] Level 5:colcon.colcon_core.verb:set package 'nav2_race_cpp' build argument 'cmake_target' from command line to 'None'
[0.521s] Level 5:colcon.colcon_core.verb:set package 'nav2_race_cpp' build argument 'cmake_target_skip_unavailable' from command line to 'False'
[0.521s] Level 5:colcon.colcon_core.verb:set package 'nav2_race_cpp' build argument 'cmake_clean_cache' from command line to 'False'
[0.521s] Level 5:colcon.colcon_core.verb:set package 'nav2_race_cpp' build argument 'cmake_clean_first' from command line to 'False'
[0.521s] Level 5:colcon.colcon_core.verb:set package 'nav2_race_cpp' build argument 'cmake_force_configure' from command line to 'False'
[0.521s] Level 5:colcon.colcon_core.verb:set package 'nav2_race_cpp' build argument 'ament_cmake_args' from command line to 'None'
[0.521s] Level 5:colcon.colcon_core.verb:set package 'nav2_race_cpp' build argument 'catkin_cmake_args' from command line to 'None'
[0.521s] Level 5:colcon.colcon_core.verb:set package 'nav2_race_cpp' build argument 'catkin_skip_building_tests' from command line to 'False'
[0.521s] DEBUG:colcon.colcon_core.verb:Building package 'nav2_race_cpp' with the following arguments: {'ament_cmake_args': None, 'build_base': '/home/yinyihao/ros2/build/nav2_race_cpp', 'catkin_cmake_args': None, 'catkin_skip_building_tests': False, 'cmake_args': None, 'cmake_clean_cache': False, 'cmake_clean_first': False, 'cmake_force_configure': False, 'cmake_target': None, 'cmake_target_skip_unavailable': False, 'install_base': '/home/yinyihao/ros2/install/nav2_race_cpp', 'merge_install': False, 'path': '/home/yinyihao/ros2/src/nav2_race_cpp', 'symlink_install': False, 'test_result_base': None}
[0.521s] INFO:colcon.colcon_core.executor:Executing jobs using 'parallel' executor
[0.522s] DEBUG:colcon.colcon_parallel_executor.executor.parallel:run_until_complete
[0.523s] INFO:colcon.colcon_ros.task.ament_cmake.build:Building ROS package in '/home/yinyihao/ros2/src/nav2_race_cpp' with build type 'ament_cmake'
[0.523s] INFO:colcon.colcon_cmake.task.cmake.build:Building CMake package in '/home/yinyihao/ros2/src/nav2_race_cpp'
[0.525s] INFO:colcon.colcon_core.plugin_system:Skipping extension 'colcon_core.shell.bat': Not used on non-Windows systems
[0.525s] INFO:colcon.colcon_core.shell:Skip shell extension 'powershell' for command environment: Not usable outside of PowerShell
[0.525s] DEBUG:colcon.colcon_core.shell:Skip shell extension 'dsv' for command environment
[0.535s] DEBUG:colcon.colcon_core.event_handler.log_command:Invoking command in '/home/yinyihao/ros2/build/nav2_race_cpp': CMAKE_PREFIX_PATH=${CMAKE_PREFIX_PATH}:/home/yinyihao/ros2/install/nav2_race_min:/opt/ros/humble /usr/bin/cmake --build /home/yinyihao/ros2/build/nav2_race_cpp -- -j20 -l20
[5.507s] DEBUG:colcon.colcon_core.event_handler.log_command:Invoked command in '/home/yinyihao/ros2/build/nav2_race_cpp' returned '2': CMAKE_PREFIX_PATH=${CMAKE_PREFIX_PATH}:/home/yinyihao/ros2/install/nav2_race_min:/opt/ros/humble /usr/bin/cmake --build /home/yinyihao/ros2/build/nav2_race_cpp -- -j20 -l20
[5.508s] Level 1:colcon.colcon_core.environment:create_environment_scripts_only(nav2_race_cpp)
[5.509s] Level 1:colcon.colcon_core.environment:checking '/home/yinyihao/ros2/install/nav2_race_cpp' for CMake module files
[5.509s] Level 1:colcon.colcon_core.environment:checking '/home/yinyihao/ros2/install/nav2_race_cpp' for CMake config files
[5.510s] Level 1:colcon.colcon_core.environment:checking '/home/yinyihao/ros2/install/nav2_race_cpp/bin'
[5.510s] Level 1:colcon.colcon_core.environment:checking '/home/yinyihao/ros2/install/nav2_race_cpp/lib/pkgconfig/nav2_race_cpp.pc'
[5.510s] Level 1:colcon.colcon_core.environment:checking '/home/yinyihao/ros2/install/nav2_race_cpp/lib/python3.10/site-packages'
[5.510s] Level 1:colcon.colcon_core.environment:checking '/home/yinyihao/ros2/install/nav2_race_cpp/bin'
[5.511s] INFO:colcon.colcon_core.shell:Creating package script '/home/yinyihao/ros2/install/nav2_race_cpp/share/nav2_race_cpp/package.ps1'
[5.511s] INFO:colcon.colcon_core.shell:Creating package descriptor '/home/yinyihao/ros2/install/nav2_race_cpp/share/nav2_race_cpp/package.dsv'
[5.512s] INFO:colcon.colcon_core.shell:Creating package script '/home/yinyihao/ros2/install/nav2_race_cpp/share/nav2_race_cpp/package.sh'
[5.512s] INFO:colcon.colcon_core.shell:Creating package script '/home/yinyihao/ros2/install/nav2_race_cpp/share/nav2_race_cpp/package.bash'
[5.513s] INFO:colcon.colcon_core.shell:Creating package script '/home/yinyihao/ros2/install/nav2_race_cpp/share/nav2_race_cpp/package.zsh'
[5.514s] Level 1:colcon.colcon_core.environment:create_file_with_runtime_dependencies(/home/yinyihao/ros2/install/nav2_race_cpp/share/colcon-core/packages/nav2_race_cpp)
[5.524s] DEBUG:colcon.colcon_parallel_executor.executor.parallel:closing loop
[5.525s] DEBUG:colcon.colcon_parallel_executor.executor.parallel:loop closed
[5.525s] DEBUG:colcon.colcon_parallel_executor.executor.parallel:run_until_complete finished with '2'
[5.525s] DEBUG:colcon.colcon_core.event_reactor:joining thread
[5.594s] INFO:colcon.colcon_core.plugin_system:Skipping extension 'colcon_notification.desktop_notification.notify_send': Could not find 'notify-send'
[5.594s] INFO:colcon.colcon_core.plugin_system:Skipping extension 'colcon_notification.desktop_notification.terminal_notifier': Not used on non-Darwin systems
[5.594s] INFO:colcon.colcon_core.plugin_system:Skipping extension 'colcon_notification.desktop_notification.win32': Not used on non-Windows systems
[5.594s] INFO:colcon.colcon_notification.desktop_notification:Sending desktop notification using 'notify2'
[5.594s] DEBUG:colcon.colcon_notification.desktop_notification.notify2:Failed to initialize notify2: org.freedesktop.DBus.Error.FileNotFound: Failed to connect to socket /run/user/1000/bus: No such file or directory
[5.595s] DEBUG:colcon.colcon_core.event_reactor:joined thread
[5.595s] INFO:colcon.colcon_core.shell:Creating prefix script '/home/yinyihao/ros2/install/local_setup.ps1'
[5.596s] INFO:colcon.colcon_core.shell:Creating prefix util module '/home/yinyihao/ros2/install/_local_setup_util_ps1.py'
[5.597s] INFO:colcon.colcon_core.shell:Creating prefix chain script '/home/yinyihao/ros2/install/setup.ps1'
[5.598s] INFO:colcon.colcon_core.shell:Creating prefix script '/home/yinyihao/ros2/install/local_setup.sh'
[5.599s] INFO:colcon.colcon_core.shell:Creating prefix util module '/home/yinyihao/ros2/install/_local_setup_util_sh.py'
[5.599s] INFO:colcon.colcon_core.shell:Creating prefix chain script '/home/yinyihao/ros2/install/setup.sh'
[5.600s] INFO:colcon.colcon_core.shell:Creating prefix script '/home/yinyihao/ros2/install/local_setup.bash'
[5.600s] INFO:colcon.colcon_core.shell:Creating prefix chain script '/home/yinyihao/ros2/install/setup.bash'
[5.600s] INFO:colcon.colcon_core.shell:Creating prefix script '/home/yinyihao/ros2/install/local_setup.zsh'
[5.601s] INFO:colcon.colcon_core.shell:Creating prefix chain script '/home/yinyihao/ros2/install/setup.zsh'
