[0.013s] Invoking command in '/home/yinyihao/ros2/build/generated_ros2_pkg': CMAKE_PREFIX_PATH=${CMAKE_PREFIX_PATH}:/home/yinyihao/ros2/install/nav2_race_min:/opt/ros/humble /usr/bin/cmake --build /home/yinyihao/ros2/build/generated_ros2_pkg -- -j20 -l20
[0.046s] -- Found ament_cmake: 1.3.12 (/opt/ros/humble/share/ament_cmake/cmake)
[0.152s] -- Found rclcpp: 16.0.16 (/opt/ros/humble/share/rclcpp/cmake)
[0.521s] -- Found rosidl_generator_c: 3.1.7 (/opt/ros/humble/share/rosidl_generator_c/cmake)
[0.523s] -- Found rosidl_adapter: 3.1.7 (/opt/ros/humble/share/rosidl_adapter/cmake)
[0.529s] -- Found rosidl_generator_cpp: 3.1.7 (/opt/ros/humble/share/rosidl_generator_cpp/cmake)
[0.535s] -- Using all available rosidl_typesupport_c: rosidl_typesupport_fastrtps_c;rosidl_typesupport_introspection_c
[0.544s] -- Using all available rosidl_typesupport_cpp: rosidl_typesupport_fastrtps_cpp;rosidl_typesupport_introspection_cpp
[0.565s] -- Found rmw_implementation_cmake: 6.1.2 (/opt/ros/humble/share/rmw_implementation_cmake/cmake)
[0.566s] -- Found rmw_fastrtps_cpp: 6.2.9 (/opt/ros/humble/share/rmw_fastrtps_cpp/cmake)
[17.915s] -- Using RMW implementation 'rmw_fastrtps_cpp' as default
[17.950s] -- Found std_srvs: 4.9.0 (/opt/ros/humble/share/std_srvs/cmake)
[18.012s] -- Configuring done
[18.062s] -- Generating done
[18.076s] -- Build files have been written to: /home/yinyihao/ros2/build/generated_ros2_pkg
[18.105s] [  3%] [32mBuilding CXX object CMakeFiles/rclcpp_timer.dir/src/rclcpp_timer.cpp.o[0m
[18.106s] [  7%] [32mBuilding CXX object CMakeFiles/rclcpp_callback_group.dir/src/rclcpp_callback_group.cpp.o[0m
[18.106s] [ 14%] [32mBuilding CXX object CMakeFiles/rclcpp_node.dir/src/rclcpp_node.cpp.o[0m
[18.106s] [ 14%] [32mBuilding CXX object CMakeFiles/rclcpp_action_server.dir/src/rclcpp_action_server.cpp.o[0m
[18.107s] [ 17%] [32mBuilding CXX object CMakeFiles/rclcpp_publisher.dir/src/rclcpp_publisher.cpp.o[0m
[18.107s] [ 21%] [32mBuilding CXX object CMakeFiles/rclcpp_parameter_service.dir/src/rclcpp_parameter_service.cpp.o[0m
[18.108s] [ 25%] [32mBuilding CXX object CMakeFiles/rclcpp_guard_condition.dir/src/rclcpp_guard_condition.cpp.o[0m
[18.108s] [ 28%] [32mBuilding CXX object CMakeFiles/rclcpp_subscription.dir/src/rclcpp_subscription.cpp.o[0m
[18.109s] [ 32%] [32mBuilding CXX object CMakeFiles/rclcpp_client.dir/src/rclcpp_client.cpp.o[0m
[18.109s] [ 35%] [32mBuilding CXX object CMakeFiles/rclcpp_lifecycle_node.dir/src/rclcpp_lifecycle_node.cpp.o[0m
[18.111s] [ 39%] [32mBuilding CXX object CMakeFiles/rclcpp_action_client.dir/src/rclcpp_action_client.cpp.o[0m
[18.112s] [ 46%] [32mBuilding CXX object CMakeFiles/rclcpp_service.dir/src/rclcpp_service.cpp.o[0m
[18.112s] [ 46%] [32mBuilding CXX object CMakeFiles/rclcpp_executor.dir/src/rclcpp_executor.cpp.o[0m
[18.115s] [ 50%] [32mBuilding CXX object CMakeFiles/rclcpp_wait_set.dir/src/rclcpp_wait_set.cpp.o[0m
[27.471s] [ 71%] [32m[1mLinking CXX executable rclcpp_service[0m
[27.474s] [ 71%] [32m[1mLinking CXX executable rclcpp_timer[0m
[27.475s] [ 71%] [32m[1mLinking CXX executable rclcpp_parameter_service[0m
[27.475s] [ 71%] [32m[1mLinking CXX executable rclcpp_executor[0m
[27.475s] [ 71%] [32m[1mLinking CXX executable rclcpp_subscription[0m
[27.475s] [ 71%] [32m[1mLinking CXX executable rclcpp_callback_group[0m
[27.475s] [ 75%] [32m[1mLinking CXX executable rclcpp_wait_set[0m
[27.552s] [ 78%] [32m[1mLinking CXX executable rclcpp_lifecycle_node[0m
[27.591s] [ 82%] [32m[1mLinking CXX executable rclcpp_guard_condition[0m
[27.946s] [ 82%] Built target rclcpp_wait_set
[27.947s] [ 82%] Built target rclcpp_service
[27.948s] [ 82%] Built target rclcpp_parameter_service
[27.949s] [ 82%] Built target rclcpp_timer
[27.950s] [ 82%] Built target rclcpp_lifecycle_node
[27.952s] [ 82%] Built target rclcpp_executor
[27.954s] [ 82%] Built target rclcpp_callback_group
[27.962s] [ 82%] Built target rclcpp_subscription
[27.986s] [ 82%] Built target rclcpp_guard_condition
[27.990s] [ 85%] [32m[1mLinking CXX executable rclcpp_client[0m
[28.065s] [ 89%] [32m[1mLinking CXX executable rclcpp_publisher[0m
[28.226s] [ 89%] Built target rclcpp_client
[28.288s] [ 89%] Built target rclcpp_publisher
[32.054s] [ 92%] [32m[1mLinking CXX executable rclcpp_node[0m
[32.327s] [ 96%] [32m[1mLinking CXX executable rclcpp_action_client[0m
[32.547s] [ 96%] Built target rclcpp_node
[32.557s] [100%] [32m[1mLinking CXX executable rclcpp_action_server[0m
[32.859s] [100%] Built target rclcpp_action_client
[33.138s] [100%] Built target rclcpp_action_server
[33.164s] Invoked command in '/home/yinyihao/ros2/build/generated_ros2_pkg' returned '0': CMAKE_PREFIX_PATH=${CMAKE_PREFIX_PATH}:/home/yinyihao/ros2/install/nav2_race_min:/opt/ros/humble /usr/bin/cmake --build /home/yinyihao/ros2/build/generated_ros2_pkg -- -j20 -l20
[33.190s] Invoking command in '/home/yinyihao/ros2/build/generated_ros2_pkg': CMAKE_PREFIX_PATH=${CMAKE_PREFIX_PATH}:/home/yinyihao/ros2/install/nav2_race_min:/opt/ros/humble /usr/bin/cmake --install /home/yinyihao/ros2/build/generated_ros2_pkg
[33.198s] -- Install configuration: ""
[33.199s] -- Installing: /home/yinyihao/ros2/install/generated_ros2_pkg/lib/generated_ros2_pkg/rclcpp_action_client
[33.203s] -- Set runtime path of "/home/yinyihao/ros2/install/generated_ros2_pkg/lib/generated_ros2_pkg/rclcpp_action_client" to ""
[33.203s] -- Installing: /home/yinyihao/ros2/install/generated_ros2_pkg/lib/generated_ros2_pkg/rclcpp_action_server
[33.207s] -- Set runtime path of "/home/yinyihao/ros2/install/generated_ros2_pkg/lib/generated_ros2_pkg/rclcpp_action_server" to ""
[33.207s] -- Installing: /home/yinyihao/ros2/install/generated_ros2_pkg/lib/generated_ros2_pkg/rclcpp_callback_group
[33.208s] -- Set runtime path of "/home/yinyihao/ros2/install/generated_ros2_pkg/lib/generated_ros2_pkg/rclcpp_callback_group" to ""
[33.208s] -- Installing: /home/yinyihao/ros2/install/generated_ros2_pkg/lib/generated_ros2_pkg/rclcpp_client
[33.209s] -- Set runtime path of "/home/yinyihao/ros2/install/generated_ros2_pkg/lib/generated_ros2_pkg/rclcpp_client" to ""
[33.209s] -- Installing: /home/yinyihao/ros2/install/generated_ros2_pkg/lib/generated_ros2_pkg/rclcpp_executor
[33.209s] -- Set runtime path of "/home/yinyihao/ros2/install/generated_ros2_pkg/lib/generated_ros2_pkg/rclcpp_executor" to ""
[33.210s] -- Installing: /home/yinyihao/ros2/install/generated_ros2_pkg/lib/generated_ros2_pkg/rclcpp_guard_condition
[33.210s] -- Set runtime path of "/home/yinyihao/ros2/install/generated_ros2_pkg/lib/generated_ros2_pkg/rclcpp_guard_condition" to ""
[33.210s] -- Installing: /home/yinyihao/ros2/install/generated_ros2_pkg/lib/generated_ros2_pkg/rclcpp_lifecycle_node
[33.210s] -- Set runtime path of "/home/yinyihao/ros2/install/generated_ros2_pkg/lib/generated_ros2_pkg/rclcpp_lifecycle_node" to ""
[33.210s] -- Installing: /home/yinyihao/ros2/install/generated_ros2_pkg/lib/generated_ros2_pkg/rclcpp_node
[33.215s] -- Set runtime path of "/home/yinyihao/ros2/install/generated_ros2_pkg/lib/generated_ros2_pkg/rclcpp_node" to ""
[33.216s] -- Installing: /home/yinyihao/ros2/install/generated_ros2_pkg/lib/generated_ros2_pkg/rclcpp_parameter_service
[33.216s] -- Set runtime path of "/home/yinyihao/ros2/install/generated_ros2_pkg/lib/generated_ros2_pkg/rclcpp_parameter_service" to ""
[33.216s] -- Installing: /home/yinyihao/ros2/install/generated_ros2_pkg/lib/generated_ros2_pkg/rclcpp_publisher
[33.217s] -- Set runtime path of "/home/yinyihao/ros2/install/generated_ros2_pkg/lib/generated_ros2_pkg/rclcpp_publisher" to ""
[33.217s] -- Installing: /home/yinyihao/ros2/install/generated_ros2_pkg/lib/generated_ros2_pkg/rclcpp_service
[33.218s] -- Set runtime path of "/home/yinyihao/ros2/install/generated_ros2_pkg/lib/generated_ros2_pkg/rclcpp_service" to ""
[33.218s] -- Installing: /home/yinyihao/ros2/install/generated_ros2_pkg/lib/generated_ros2_pkg/rclcpp_subscription
[33.218s] -- Set runtime path of "/home/yinyihao/ros2/install/generated_ros2_pkg/lib/generated_ros2_pkg/rclcpp_subscription" to ""
[33.218s] -- Installing: /home/yinyihao/ros2/install/generated_ros2_pkg/lib/generated_ros2_pkg/rclcpp_timer
[33.218s] -- Set runtime path of "/home/yinyihao/ros2/install/generated_ros2_pkg/lib/generated_ros2_pkg/rclcpp_timer" to ""
[33.218s] -- Installing: /home/yinyihao/ros2/install/generated_ros2_pkg/lib/generated_ros2_pkg/rclcpp_wait_set
[33.219s] -- Set runtime path of "/home/yinyihao/ros2/install/generated_ros2_pkg/lib/generated_ros2_pkg/rclcpp_wait_set" to ""
[33.221s] -- Up-to-date: /home/yinyihao/ros2/install/generated_ros2_pkg/share/generated_ros2_pkg/launch
[33.222s] -- Installing: /home/yinyihao/ros2/install/generated_ros2_pkg/share/generated_ros2_pkg/launch/generated_system.launch.py
[33.226s] -- Up-to-date: /home/yinyihao/ros2/install/generated_ros2_pkg/share/ament_index/resource_index/package_run_dependencies/generated_ros2_pkg
[33.227s] -- Up-to-date: /home/yinyihao/ros2/install/generated_ros2_pkg/share/ament_index/resource_index/parent_prefix_path/generated_ros2_pkg
[33.232s] -- Up-to-date: /home/yinyihao/ros2/install/generated_ros2_pkg/share/generated_ros2_pkg/environment/ament_prefix_path.sh
[33.233s] -- Installing: /home/yinyihao/ros2/install/generated_ros2_pkg/share/generated_ros2_pkg/environment/ament_prefix_path.dsv
[33.234s] -- Up-to-date: /home/yinyihao/ros2/install/generated_ros2_pkg/share/generated_ros2_pkg/environment/path.sh
[33.234s] -- Installing: /home/yinyihao/ros2/install/generated_ros2_pkg/share/generated_ros2_pkg/environment/path.dsv
[33.235s] -- Up-to-date: /home/yinyihao/ros2/install/generated_ros2_pkg/share/generated_ros2_pkg/local_setup.bash
[33.236s] -- Up-to-date: /home/yinyihao/ros2/install/generated_ros2_pkg/share/generated_ros2_pkg/local_setup.sh
[33.237s] -- Up-to-date: /home/yinyihao/ros2/install/generated_ros2_pkg/share/generated_ros2_pkg/local_setup.zsh
[33.237s] -- Installing: /home/yinyihao/ros2/install/generated_ros2_pkg/share/generated_ros2_pkg/local_setup.dsv
[33.238s] -- Installing: /home/yinyihao/ros2/install/generated_ros2_pkg/share/generated_ros2_pkg/package.dsv
[33.240s] -- Up-to-date: /home/yinyihao/ros2/install/generated_ros2_pkg/share/ament_index/resource_index/packages/generated_ros2_pkg
[33.241s] -- Up-to-date: /home/yinyihao/ros2/install/generated_ros2_pkg/share/generated_ros2_pkg/cmake/generated_ros2_pkgConfig.cmake
[33.241s] -- Up-to-date: /home/yinyihao/ros2/install/generated_ros2_pkg/share/generated_ros2_pkg/cmake/generated_ros2_pkgConfig-version.cmake
[33.242s] -- Installing: /home/yinyihao/ros2/install/generated_ros2_pkg/share/generated_ros2_pkg/package.xml
[33.252s] Invoked command in '/home/yinyihao/ros2/build/generated_ros2_pkg' returned '0': CMAKE_PREFIX_PATH=${CMAKE_PREFIX_PATH}:/home/yinyihao/ros2/install/nav2_race_min:/opt/ros/humble /usr/bin/cmake --install /home/yinyihao/ros2/build/generated_ros2_pkg
