[0.009s] Invoking command in '/home/yinyihao/ros2/build/nav2_race_cpp': CMAKE_PREFIX_PATH=/opt/ros/humble /usr/bin/cmake --build /home/yinyihao/ros2/build/nav2_race_cpp -- -j20 -l20
[0.063s] -- Found ament_cmake: 1.3.12 (/opt/ros/humble/share/ament_cmake/cmake)
[0.184s] -- Found rclcpp: 16.0.16 (/opt/ros/humble/share/rclcpp/cmake)
[0.509s] -- Found rosidl_generator_c: 3.1.7 (/opt/ros/humble/share/rosidl_generator_c/cmake)
[0.513s] -- Found rosidl_adapter: 3.1.7 (/opt/ros/humble/share/rosidl_adapter/cmake)
[0.522s] -- Found rosidl_generator_cpp: 3.1.7 (/opt/ros/humble/share/rosidl_generator_cpp/cmake)
[0.538s] -- Using all available rosidl_typesupport_c: rosidl_typesupport_fastrtps_c;rosidl_typesupport_introspection_c
[0.551s] -- Using all available rosidl_typesupport_cpp: rosidl_typesupport_fastrtps_cpp;rosidl_typesupport_introspection_cpp
[0.589s] -- Found rmw_implementation_cmake: 6.1.2 (/opt/ros/humble/share/rmw_implementation_cmake/cmake)
[0.592s] -- Found rmw_fastrtps_cpp: 6.2.9 (/opt/ros/humble/share/rmw_fastrtps_cpp/cmake)
[13.507s] -- Using RMW implementation 'rmw_fastrtps_cpp' as default
[13.596s] -- Found rclcpp_lifecycle: 16.0.16 (/opt/ros/humble/share/rclcpp_lifecycle/cmake)
[13.614s] -- Found rclcpp_action: 16.0.16 (/opt/ros/humble/share/rclcpp_action/cmake)
[13.644s] -- Found nav2_msgs: 1.1.20 (/opt/ros/humble/share/nav2_msgs/cmake)
[13.691s] -- Found std_srvs: 4.9.0 (/opt/ros/humble/share/std_srvs/cmake)
[13.755s] -- Configuring done
[13.794s] -- Generating done
[13.808s] -- Build files have been written to: /home/yinyihao/ros2/build/nav2_race_cpp
[13.836s] [35m[1mConsolidate compiler generated dependencies of target global_costmap_mini[0m
[13.836s] [35m[1mConsolidate compiler generated dependencies of target behavior_server_mini[0m
[13.836s] [35m[1mConsolidate compiler generated dependencies of target map_server_mini[0m
[13.836s] [35m[1mConsolidate compiler generated dependencies of target smoother_server_mini[0m
[13.837s] [35m[1mConsolidate compiler generated dependencies of target local_costmap_mini[0m
[13.838s] [35m[1mConsolidate compiler generated dependencies of target velocity_smoother_mini[0m
[13.839s] [35m[1mConsolidate compiler generated dependencies of target bt_navigator_mini[0m
[13.839s] [35m[1mConsolidate compiler generated dependencies of target planner_server_mini[0m
[13.839s] [35m[1mConsolidate compiler generated dependencies of target controller_server_mini[0m
[13.839s] [35m[1mConsolidate compiler generated dependencies of target collision_monitor_mini[0m
[13.842s] [35m[1mConsolidate compiler generated dependencies of target lifecycle_manager_navigation_mini[0m
[13.849s] [  4%] [32mBuilding CXX object CMakeFiles/waypoint_follower_mini.dir/src/waypoint_follower_mini.cpp.o[0m
[13.853s] [ 12%] [32mBuilding CXX object CMakeFiles/behavior_server_mini.dir/src/behavior_server_mini.cpp.o[0m
[13.854s] [ 12%] [32mBuilding CXX object CMakeFiles/global_costmap_mini.dir/src/global_costmap_mini.cpp.o[0m
[13.854s] [ 16%] [32mBuilding CXX object CMakeFiles/velocity_smoother_mini.dir/src/velocity_smoother_mini.cpp.o[0m
[13.855s] [ 20%] [32mBuilding CXX object CMakeFiles/local_costmap_mini.dir/src/local_costmap_mini.cpp.o[0m
[13.855s] [ 25%] [32mBuilding CXX object CMakeFiles/collision_monitor_mini.dir/src/collision_monitor_mini.cpp.o[0m
[13.856s] [ 29%] [32mBuilding CXX object CMakeFiles/smoother_server_mini.dir/src/smoother_server_mini.cpp.o[0m
[13.857s] [ 33%] [32mBuilding CXX object CMakeFiles/map_server_mini.dir/src/map_server_mini.cpp.o[0m
[13.857s] [ 37%] [32mBuilding CXX object CMakeFiles/controller_server_mini.dir/src/controller_server_mini.cpp.o[0m
[13.859s] [ 41%] [32mBuilding CXX object CMakeFiles/bt_navigator_mini.dir/src/bt_navigator_mini.cpp.o[0m
[13.859s] [ 45%] [32mBuilding CXX object CMakeFiles/planner_server_mini.dir/src/planner_server_mini.cpp.o[0m
[13.859s] [ 50%] [32mBuilding CXX object CMakeFiles/lifecycle_manager_navigation_mini.dir/src/lifecycle_manager_navigation_mini.cpp.o[0m
[23.186s] [ 54%] [32m[1mLinking CXX executable map_server_mini[0m
[23.356s] [ 58%] [32m[1mLinking CXX executable behavior_server_mini[0m
[23.835s] [ 62%] [32m[1mLinking CXX executable waypoint_follower_mini[0m
[23.954s] [ 62%] Built target map_server_mini
[24.011s] [ 62%] Built target behavior_server_mini
[24.330s] [ 62%] Built target waypoint_follower_mini
[26.816s] [ 66%] [32m[1mLinking CXX executable lifecycle_manager_navigation_mini[0m
[27.334s] [ 66%] Built target lifecycle_manager_navigation_mini
[28.182s] [ 70%] [32m[1mLinking CXX executable velocity_smoother_mini[0m
[28.782s] [ 70%] Built target velocity_smoother_mini
[28.798s] [ 75%] [32m[1mLinking CXX executable collision_monitor_mini[0m
[28.944s] [ 79%] [32m[1mLinking CXX executable global_costmap_mini[0m
[28.990s] [ 83%] [32m[1mLinking CXX executable local_costmap_mini[0m
[29.220s] [ 87%] [32m[1mLinking CXX executable smoother_server_mini[0m
[29.284s] [ 87%] Built target collision_monitor_mini
[29.486s] [ 87%] Built target global_costmap_mini
[29.499s] [ 87%] Built target local_costmap_mini
[29.743s] [ 87%] Built target smoother_server_mini
[29.770s] [ 91%] [32m[1mLinking CXX executable planner_server_mini[0m
[30.332s] [ 91%] Built target planner_server_mini
[32.222s] [ 95%] [32m[1mLinking CXX executable controller_server_mini[0m
[32.911s] [ 95%] Built target controller_server_mini
[35.035s] [100%] [32m[1mLinking CXX executable bt_navigator_mini[0m
[35.914s] [100%] Built target bt_navigator_mini
[35.934s] Invoked command in '/home/yinyihao/ros2/build/nav2_race_cpp' returned '0': CMAKE_PREFIX_PATH=/opt/ros/humble /usr/bin/cmake --build /home/yinyihao/ros2/build/nav2_race_cpp -- -j20 -l20
[35.948s] Invoking command in '/home/yinyihao/ros2/build/nav2_race_cpp': CMAKE_PREFIX_PATH=/opt/ros/humble /usr/bin/cmake --install /home/yinyihao/ros2/build/nav2_race_cpp
[35.952s] -- Install configuration: ""
[35.953s] -- Installing: /home/yinyihao/ros2/install/nav2_race_cpp/lib/nav2_race_cpp/bt_navigator_mini
[35.958s] -- Set runtime path of "/home/yinyihao/ros2/install/nav2_race_cpp/lib/nav2_race_cpp/bt_navigator_mini" to ""
[35.959s] -- Installing: /home/yinyihao/ros2/install/nav2_race_cpp/lib/nav2_race_cpp/planner_server_mini
[35.962s] -- Set runtime path of "/home/yinyihao/ros2/install/nav2_race_cpp/lib/nav2_race_cpp/planner_server_mini" to ""
[35.962s] -- Installing: /home/yinyihao/ros2/install/nav2_race_cpp/lib/nav2_race_cpp/controller_server_mini
[35.967s] -- Set runtime path of "/home/yinyihao/ros2/install/nav2_race_cpp/lib/nav2_race_cpp/controller_server_mini" to ""
[35.968s] -- Installing: /home/yinyihao/ros2/install/nav2_race_cpp/lib/nav2_race_cpp/smoother_server_mini
[35.971s] -- Set runtime path of "/home/yinyihao/ros2/install/nav2_race_cpp/lib/nav2_race_cpp/smoother_server_mini" to ""
[35.972s] -- Installing: /home/yinyihao/ros2/install/nav2_race_cpp/lib/nav2_race_cpp/behavior_server_mini
[35.974s] -- Set runtime path of "/home/yinyihao/ros2/install/nav2_race_cpp/lib/nav2_race_cpp/behavior_server_mini" to ""
[35.975s] -- Installing: /home/yinyihao/ros2/install/nav2_race_cpp/lib/nav2_race_cpp/map_server_mini
[35.976s] -- Set runtime path of "/home/yinyihao/ros2/install/nav2_race_cpp/lib/nav2_race_cpp/map_server_mini" to ""
[35.976s] -- Installing: /home/yinyihao/ros2/install/nav2_race_cpp/lib/nav2_race_cpp/global_costmap_mini
[35.979s] -- Set runtime path of "/home/yinyihao/ros2/install/nav2_race_cpp/lib/nav2_race_cpp/global_costmap_mini" to ""
[35.980s] -- Installing: /home/yinyihao/ros2/install/nav2_race_cpp/lib/nav2_race_cpp/local_costmap_mini
[35.983s] -- Set runtime path of "/home/yinyihao/ros2/install/nav2_race_cpp/lib/nav2_race_cpp/local_costmap_mini" to ""
[35.983s] -- Installing: /home/yinyihao/ros2/install/nav2_race_cpp/lib/nav2_race_cpp/velocity_smoother_mini
[35.986s] -- Set runtime path of "/home/yinyihao/ros2/install/nav2_race_cpp/lib/nav2_race_cpp/velocity_smoother_mini" to ""
[35.986s] -- Installing: /home/yinyihao/ros2/install/nav2_race_cpp/lib/nav2_race_cpp/waypoint_follower_mini
[35.987s] -- Set runtime path of "/home/yinyihao/ros2/install/nav2_race_cpp/lib/nav2_race_cpp/waypoint_follower_mini" to ""
[35.987s] -- Installing: /home/yinyihao/ros2/install/nav2_race_cpp/lib/nav2_race_cpp/collision_monitor_mini
[35.990s] -- Set runtime path of "/home/yinyihao/ros2/install/nav2_race_cpp/lib/nav2_race_cpp/collision_monitor_mini" to ""
[35.991s] -- Installing: /home/yinyihao/ros2/install/nav2_race_cpp/lib/nav2_race_cpp/lifecycle_manager_navigation_mini
[35.993s] -- Set runtime path of "/home/yinyihao/ros2/install/nav2_race_cpp/lib/nav2_race_cpp/lifecycle_manager_navigation_mini" to ""
[35.993s] -- Up-to-date: /home/yinyihao/ros2/install/nav2_race_cpp/share/nav2_race_cpp/launch
[35.994s] -- Installing: /home/yinyihao/ros2/install/nav2_race_cpp/share/nav2_race_cpp/launch/nav2_race_cpp.launch.py
[35.995s] -- Up-to-date: /home/yinyihao/ros2/install/nav2_race_cpp/share/ament_index/resource_index/package_run_dependencies/nav2_race_cpp
[35.995s] -- Up-to-date: /home/yinyihao/ros2/install/nav2_race_cpp/share/ament_index/resource_index/parent_prefix_path/nav2_race_cpp
[35.996s] -- Up-to-date: /home/yinyihao/ros2/install/nav2_race_cpp/share/nav2_race_cpp/environment/ament_prefix_path.sh
[35.996s] -- Installing: /home/yinyihao/ros2/install/nav2_race_cpp/share/nav2_race_cpp/environment/ament_prefix_path.dsv
[35.997s] -- Up-to-date: /home/yinyihao/ros2/install/nav2_race_cpp/share/nav2_race_cpp/environment/path.sh
[35.997s] -- Installing: /home/yinyihao/ros2/install/nav2_race_cpp/share/nav2_race_cpp/environment/path.dsv
[35.997s] -- Up-to-date: /home/yinyihao/ros2/install/nav2_race_cpp/share/nav2_race_cpp/local_setup.bash
[35.997s] -- Up-to-date: /home/yinyihao/ros2/install/nav2_race_cpp/share/nav2_race_cpp/local_setup.sh
[35.997s] -- Up-to-date: /home/yinyihao/ros2/install/nav2_race_cpp/share/nav2_race_cpp/local_setup.zsh
[35.997s] -- Installing: /home/yinyihao/ros2/install/nav2_race_cpp/share/nav2_race_cpp/local_setup.dsv
[35.998s] -- Installing: /home/yinyihao/ros2/install/nav2_race_cpp/share/nav2_race_cpp/package.dsv
[35.998s] -- Up-to-date: /home/yinyihao/ros2/install/nav2_race_cpp/share/ament_index/resource_index/packages/nav2_race_cpp
[35.998s] -- Up-to-date: /home/yinyihao/ros2/install/nav2_race_cpp/share/nav2_race_cpp/cmake/nav2_race_cppConfig.cmake
[35.998s] -- Up-to-date: /home/yinyihao/ros2/install/nav2_race_cpp/share/nav2_race_cpp/cmake/nav2_race_cppConfig-version.cmake
[35.999s] -- Installing: /home/yinyihao/ros2/install/nav2_race_cpp/share/nav2_race_cpp/package.xml
[36.004s] Invoked command in '/home/yinyihao/ros2/build/nav2_race_cpp' returned '0': CMAKE_PREFIX_PATH=/opt/ros/humble /usr/bin/cmake --install /home/yinyihao/ros2/build/nav2_race_cpp
