[0.016s] Invoking command in '/home/yinyihao/ros2/build/generated_ros2_pkg': CMAKE_PREFIX_PATH=${CMAKE_PREFIX_PATH}:/home/yinyihao/ros2/install/nav2_race_min:/opt/ros/humble /usr/bin/cmake --build /home/yinyihao/ros2/build/generated_ros2_pkg -- -j20 -l20
[0.040s] -- Found ament_cmake: 1.3.12 (/opt/ros/humble/share/ament_cmake/cmake)
[0.130s] -- Found rclcpp: 16.0.16 (/opt/ros/humble/share/rclcpp/cmake)
[0.459s] -- Found rosidl_generator_c: 3.1.7 (/opt/ros/humble/share/rosidl_generator_c/cmake)
[0.460s] -- Found rosidl_adapter: 3.1.7 (/opt/ros/humble/share/rosidl_adapter/cmake)
[0.464s] -- Found rosidl_generator_cpp: 3.1.7 (/opt/ros/humble/share/rosidl_generator_cpp/cmake)
[0.471s] -- Using all available rosidl_typesupport_c: rosidl_typesupport_fastrtps_c;rosidl_typesupport_introspection_c
[0.479s] -- Using all available rosidl_typesupport_cpp: rosidl_typesupport_fastrtps_cpp;rosidl_typesupport_introspection_cpp
[0.500s] -- Found rmw_implementation_cmake: 6.1.2 (/opt/ros/humble/share/rmw_implementation_cmake/cmake)
[0.501s] -- Found rmw_fastrtps_cpp: 6.2.9 (/opt/ros/humble/share/rmw_fastrtps_cpp/cmake)
[19.642s] -- Using RMW implementation 'rmw_fastrtps_cpp' as default
[19.737s] -- Found std_srvs: 4.9.0 (/opt/ros/humble/share/std_srvs/cmake)
[19.798s] -- Configuring done
[19.848s] -- Generating done
[19.868s] -- Build files have been written to: /home/yinyihao/ros2/build/generated_ros2_pkg
[19.902s] [  4%] Building CXX object CMakeFiles/localization_component.dir/src/localization_component.cpp.o
[19.903s] Consolidate compiler generated dependencies of target bt_navigator
[19.904s] Consolidate compiler generated dependencies of target global_costmap_global_costmap
[19.904s] Consolidate compiler generated dependencies of target amcl
[19.904s] Consolidate compiler generated dependencies of target behavior_server
[19.905s] Consolidate compiler generated dependencies of target lifecycle_manager_navigation
[19.906s] Consolidate compiler generated dependencies of target planner_server
[19.907s] Consolidate compiler generated dependencies of target recoveries_server
[19.908s] Consolidate compiler generated dependencies of target lifecycle_manager_localization
[19.909s] Consolidate compiler generated dependencies of target local_costmap_local_costmap
[19.909s] Consolidate compiler generated dependencies of target controller_server
[19.909s] Consolidate compiler generated dependencies of target waypoint_follower
[19.947s] [ 16%] Building CXX object CMakeFiles/controller_server.dir/src/controller_server.cpp.o
[19.947s] [ 16%] Building CXX object CMakeFiles/waypoint_follower.dir/src/waypoint_follower.cpp.o
[19.947s] [ 16%] Building CXX object CMakeFiles/recoveries_server.dir/src/recoveries_server.cpp.o
[19.947s] [ 20%] Building CXX object CMakeFiles/amcl.dir/src/amcl.cpp.o
[19.947s] [ 25%] Building CXX object CMakeFiles/lifecycle_manager_navigation.dir/src/lifecycle_manager_navigation.cpp.o
[19.947s] [ 29%] Building CXX object CMakeFiles/lifecycle_manager_localization.dir/src/lifecycle_manager_localization.cpp.o
[19.947s] [ 33%] Building CXX object CMakeFiles/global_costmap_global_costmap.dir/src/global_costmap_global_costmap.cpp.o
[19.948s] [ 37%] Building CXX object CMakeFiles/planner_server.dir/src/planner_server.cpp.o
[19.948s] [ 41%] Building CXX object CMakeFiles/local_costmap_local_costmap.dir/src/local_costmap_local_costmap.cpp.o
[19.949s] [ 45%] Building CXX object CMakeFiles/bt_navigator.dir/src/bt_navigator.cpp.o
[19.949s] [ 50%] Building CXX object CMakeFiles/behavior_server.dir/src/behavior_server.cpp.o
[23.831s] [ 58%] Linking CXX executable lifecycle_manager_localization
[23.831s] [ 58%] Linking CXX executable lifecycle_manager_navigation
[23.831s] [ 62%] Linking CXX executable waypoint_follower
[23.844s] [ 66%] Linking CXX executable localization_component
[24.097s] [ 66%] Built target lifecycle_manager_localization
[24.098s] [ 66%] Built target waypoint_follower
[24.102s] [ 66%] Built target lifecycle_manager_navigation
[24.130s] [ 66%] Built target localization_component
[25.436s] [ 70%] Linking CXX executable recoveries_server
[25.444s] [ 75%] Linking CXX executable behavior_server
[25.753s] [ 75%] Built target recoveries_server
[25.781s] [ 75%] Built target behavior_server
[29.011s] [ 83%] Linking CXX executable local_costmap_local_costmap
[29.011s] [ 83%] Linking CXX executable bt_navigator
[29.085s] [ 87%] Linking CXX executable controller_server
[29.087s] [ 91%] Linking CXX executable planner_server
[29.109s] [ 95%] Linking CXX executable global_costmap_global_costmap
[29.113s] [100%] Linking CXX executable amcl
[29.493s] [100%] Built target bt_navigator
[29.495s] [100%] Built target local_costmap_local_costmap
[29.555s] [100%] Built target planner_server
[29.572s] [100%] Built target amcl
[29.573s] [100%] Built target controller_server
[29.577s] [100%] Built target global_costmap_global_costmap
[29.586s] Invoked command in '/home/yinyihao/ros2/build/generated_ros2_pkg' returned '0': CMAKE_PREFIX_PATH=${CMAKE_PREFIX_PATH}:/home/yinyihao/ros2/install/nav2_race_min:/opt/ros/humble /usr/bin/cmake --build /home/yinyihao/ros2/build/generated_ros2_pkg -- -j20 -l20
[29.593s] Invoking command in '/home/yinyihao/ros2/build/generated_ros2_pkg': CMAKE_PREFIX_PATH=${CMAKE_PREFIX_PATH}:/home/yinyihao/ros2/install/nav2_race_min:/opt/ros/humble /usr/bin/cmake --install /home/yinyihao/ros2/build/generated_ros2_pkg
[29.597s] -- Install configuration: ""
[29.598s] -- Installing: /home/yinyihao/ros2/install/generated_ros2_pkg/lib/generated_ros2_pkg/amcl
[29.600s] -- Set runtime path of "/home/yinyihao/ros2/install/generated_ros2_pkg/lib/generated_ros2_pkg/amcl" to ""
[29.601s] -- Installing: /home/yinyihao/ros2/install/generated_ros2_pkg/lib/generated_ros2_pkg/behavior_server
[29.602s] -- Set runtime path of "/home/yinyihao/ros2/install/generated_ros2_pkg/lib/generated_ros2_pkg/behavior_server" to ""
[29.603s] -- Installing: /home/yinyihao/ros2/install/generated_ros2_pkg/lib/generated_ros2_pkg/bt_navigator
[29.605s] -- Set runtime path of "/home/yinyihao/ros2/install/generated_ros2_pkg/lib/generated_ros2_pkg/bt_navigator" to ""
[29.606s] -- Installing: /home/yinyihao/ros2/install/generated_ros2_pkg/lib/generated_ros2_pkg/controller_server
[29.608s] -- Set runtime path of "/home/yinyihao/ros2/install/generated_ros2_pkg/lib/generated_ros2_pkg/controller_server" to ""
[29.609s] -- Installing: /home/yinyihao/ros2/install/generated_ros2_pkg/lib/generated_ros2_pkg/global_costmap_global_costmap
[29.611s] -- Set runtime path of "/home/yinyihao/ros2/install/generated_ros2_pkg/lib/generated_ros2_pkg/global_costmap_global_costmap" to ""
[29.612s] -- Installing: /home/yinyihao/ros2/install/generated_ros2_pkg/lib/generated_ros2_pkg/lifecycle_manager_localization
[29.612s] -- Set runtime path of "/home/yinyihao/ros2/install/generated_ros2_pkg/lib/generated_ros2_pkg/lifecycle_manager_localization" to ""
[29.613s] -- Installing: /home/yinyihao/ros2/install/generated_ros2_pkg/lib/generated_ros2_pkg/lifecycle_manager_navigation
[29.613s] -- Set runtime path of "/home/yinyihao/ros2/install/generated_ros2_pkg/lib/generated_ros2_pkg/lifecycle_manager_navigation" to ""
[29.614s] -- Installing: /home/yinyihao/ros2/install/generated_ros2_pkg/lib/generated_ros2_pkg/local_costmap_local_costmap
[29.616s] -- Set runtime path of "/home/yinyihao/ros2/install/generated_ros2_pkg/lib/generated_ros2_pkg/local_costmap_local_costmap" to ""
[29.616s] -- Installing: /home/yinyihao/ros2/install/generated_ros2_pkg/lib/generated_ros2_pkg/localization_component
[29.616s] -- Set runtime path of "/home/yinyihao/ros2/install/generated_ros2_pkg/lib/generated_ros2_pkg/localization_component" to ""
[29.616s] -- Installing: /home/yinyihao/ros2/install/generated_ros2_pkg/lib/generated_ros2_pkg/planner_server
[29.618s] -- Set runtime path of "/home/yinyihao/ros2/install/generated_ros2_pkg/lib/generated_ros2_pkg/planner_server" to ""
[29.619s] -- Installing: /home/yinyihao/ros2/install/generated_ros2_pkg/lib/generated_ros2_pkg/recoveries_server
[29.620s] -- Set runtime path of "/home/yinyihao/ros2/install/generated_ros2_pkg/lib/generated_ros2_pkg/recoveries_server" to ""
[29.620s] -- Installing: /home/yinyihao/ros2/install/generated_ros2_pkg/lib/generated_ros2_pkg/waypoint_follower
[29.620s] -- Set runtime path of "/home/yinyihao/ros2/install/generated_ros2_pkg/lib/generated_ros2_pkg/waypoint_follower" to ""
[29.621s] -- Up-to-date: /home/yinyihao/ros2/install/generated_ros2_pkg/share/generated_ros2_pkg/launch
[29.621s] -- Installing: /home/yinyihao/ros2/install/generated_ros2_pkg/share/generated_ros2_pkg/launch/generated_system.launch.py
[29.621s] -- Up-to-date: /home/yinyihao/ros2/install/generated_ros2_pkg/share/ament_index/resource_index/package_run_dependencies/generated_ros2_pkg
[29.621s] -- Up-to-date: /home/yinyihao/ros2/install/generated_ros2_pkg/share/ament_index/resource_index/parent_prefix_path/generated_ros2_pkg
[29.621s] -- Up-to-date: /home/yinyihao/ros2/install/generated_ros2_pkg/share/generated_ros2_pkg/environment/ament_prefix_path.sh
[29.621s] -- Installing: /home/yinyihao/ros2/install/generated_ros2_pkg/share/generated_ros2_pkg/environment/ament_prefix_path.dsv
[29.621s] -- Up-to-date: /home/yinyihao/ros2/install/generated_ros2_pkg/share/generated_ros2_pkg/environment/path.sh
[29.621s] -- Installing: /home/yinyihao/ros2/install/generated_ros2_pkg/share/generated_ros2_pkg/environment/path.dsv
[29.621s] -- Up-to-date: /home/yinyihao/ros2/install/generated_ros2_pkg/share/generated_ros2_pkg/local_setup.bash
[29.621s] -- Up-to-date: /home/yinyihao/ros2/install/generated_ros2_pkg/share/generated_ros2_pkg/local_setup.sh
[29.622s] -- Up-to-date: /home/yinyihao/ros2/install/generated_ros2_pkg/share/generated_ros2_pkg/local_setup.zsh
[29.622s] -- Installing: /home/yinyihao/ros2/install/generated_ros2_pkg/share/generated_ros2_pkg/local_setup.dsv
[29.622s] -- Installing: /home/yinyihao/ros2/install/generated_ros2_pkg/share/generated_ros2_pkg/package.dsv
[29.622s] -- Up-to-date: /home/yinyihao/ros2/install/generated_ros2_pkg/share/ament_index/resource_index/packages/generated_ros2_pkg
[29.622s] -- Up-to-date: /home/yinyihao/ros2/install/generated_ros2_pkg/share/generated_ros2_pkg/cmake/generated_ros2_pkgConfig.cmake
[29.622s] -- Up-to-date: /home/yinyihao/ros2/install/generated_ros2_pkg/share/generated_ros2_pkg/cmake/generated_ros2_pkgConfig-version.cmake
[29.622s] -- Installing: /home/yinyihao/ros2/install/generated_ros2_pkg/share/generated_ros2_pkg/package.xml
[29.623s] Invoked command in '/home/yinyihao/ros2/build/generated_ros2_pkg' returned '0': CMAKE_PREFIX_PATH=${CMAKE_PREFIX_PATH}:/home/yinyihao/ros2/install/nav2_race_min:/opt/ros/humble /usr/bin/cmake --install /home/yinyihao/ros2/build/generated_ros2_pkg
