[0.254s] DEBUG:colcon:Command line arguments: ['/usr/bin/colcon', 'build', '--executor', 'sequential', '--parallel-workers', '1', '--packages-select', 'generated_ros2_pkg']
[0.254s] DEBUG:colcon:Parsed command line arguments: Namespace(log_base=None, log_level=None, verb_name='build', build_base='build', install_base='install', merge_install=False, symlink_install=False, test_result_base=None, continue_on_error=False, executor='sequential', parallel_workers=1, event_handlers=None, ignore_user_meta=False, metas=['./colcon.meta'], base_paths=['.'], packages_ignore=None, packages_ignore_regex=None, paths=None, packages_up_to=None, packages_up_to_regex=None, packages_above=None, packages_above_and_dependencies=None, packages_above_depth=None, packages_select_by_dep=None, packages_skip_by_dep=None, packages_skip_up_to=None, packages_select_build_failed=False, packages_skip_build_finished=False, packages_select_test_failures=False, packages_skip_test_passed=False, packages_select=['generated_ros2_pkg'], packages_skip=None, packages_select_regex=None, packages_skip_regex=None, packages_start=None, packages_end=None, allow_overriding=[], cmake_args=None, cmake_target=None, cmake_target_skip_unavailable=False, cmake_clean_cache=False, cmake_clean_first=False, cmake_force_configure=False, ament_cmake_args=None, catkin_cmake_args=None, catkin_skip_building_tests=False, verb_parser=<colcon_defaults.argument_parser.defaults.DefaultArgumentsDecorator object at 0x7f10a9ebfa60>, verb_extension=<colcon_core.verb.build.BuildVerb object at 0x7f10a9ebe9b0>, main=<bound method BuildVerb.main of <colcon_core.verb.build.BuildVerb object at 0x7f10a9ebe9b0>>)
[0.356s] Level 1:colcon.colcon_core.package_discovery:discover_packages(colcon_meta) check parameters
[0.356s] Level 1:colcon.colcon_core.package_discovery:discover_packages(recursive) check parameters
[0.356s] Level 1:colcon.colcon_core.package_discovery:discover_packages(ignore) check parameters
[0.356s] Level 1:colcon.colcon_core.package_discovery:discover_packages(path) check parameters
[0.357s] Level 1:colcon.colcon_core.package_discovery:discover_packages(colcon_meta) discover
[0.357s] Level 1:colcon.colcon_core.package_discovery:discover_packages(recursive) discover
[0.357s] INFO:colcon.colcon_core.package_discovery:Crawling recursively for packages in '/home/yinyihao/ros2'
[0.357s] Level 1:colcon.colcon_core.package_identification:_identify(.) by extensions ['ignore', 'ignore_ament_install']
[0.357s] Level 1:colcon.colcon_core.package_identification:_identify(.) by extension 'ignore'
[0.357s] Level 1:colcon.colcon_core.package_identification:_identify(.) by extension 'ignore_ament_install'
[0.357s] Level 1:colcon.colcon_core.package_identification:_identify(.) by extensions ['colcon_pkg']
[0.357s] Level 1:colcon.colcon_core.package_identification:_identify(.) by extension 'colcon_pkg'
[0.357s] INFO:colcon.colcon_metadata.metadata.colcon_pkg:Setting name 'ros2_ws' of package '.' from colcon.pkg
[0.357s] DEBUG:colcon.colcon_core.package_identification:Package '.' with type 'None' and name 'ros2_ws'
[0.357s] Level 1:colcon.colcon_core.package_identification:_identify(.) by extensions ['colcon_meta']
[0.357s] Level 1:colcon.colcon_core.package_identification:_identify(.) by extension 'colcon_meta'
[0.357s] Level 1:colcon.colcon_core.package_identification:_identify(.) by extensions ['ros']
[0.357s] Level 1:colcon.colcon_core.package_identification:_identify(.) by extension 'ros'
[0.366s] Level 1:colcon.colcon_core.package_identification:_identify(.) by extensions ['cmake', 'python']
[0.366s] Level 1:colcon.colcon_core.package_identification:_identify(.) by extension 'cmake'
[0.366s] Level 1:colcon.colcon_core.package_identification:_identify(.) by extension 'python'
[0.366s] Level 1:colcon.colcon_core.package_identification:_identify(.) by extensions ['python_setup_py']
[0.366s] Level 1:colcon.colcon_core.package_identification:_identify(.) by extension 'python_setup_py'
[0.366s] WARNING:colcon.colcon_core.package_identification:package '.' has type or name but is incomplete
[0.366s] Level 1:colcon.colcon_core.package_identification:_identify(build) by extensions ['ignore', 'ignore_ament_install']
[0.366s] Level 1:colcon.colcon_core.package_identification:_identify(build) by extension 'ignore'
[0.366s] Level 1:colcon.colcon_core.package_identification:_identify(build) ignored
[0.366s] Level 1:colcon.colcon_core.package_identification:_identify(graph) by extensions ['ignore', 'ignore_ament_install']
[0.366s] Level 1:colcon.colcon_core.package_identification:_identify(graph) by extension 'ignore'
[0.366s] Level 1:colcon.colcon_core.package_identification:_identify(graph) by extension 'ignore_ament_install'
[0.366s] Level 1:colcon.colcon_core.package_identification:_identify(graph) by extensions ['colcon_pkg']
[0.366s] Level 1:colcon.colcon_core.package_identification:_identify(graph) by extension 'colcon_pkg'
[0.366s] Level 1:colcon.colcon_core.package_identification:_identify(graph) by extensions ['colcon_meta']
[0.366s] Level 1:colcon.colcon_core.package_identification:_identify(graph) by extension 'colcon_meta'
[0.366s] Level 1:colcon.colcon_core.package_identification:_identify(graph) by extensions ['ros']
[0.367s] Level 1:colcon.colcon_core.package_identification:_identify(graph) by extension 'ros'
[0.367s] Level 1:colcon.colcon_core.package_identification:_identify(graph) by extensions ['cmake', 'python']
[0.367s] Level 1:colcon.colcon_core.package_identification:_identify(graph) by extension 'cmake'
[0.367s] Level 1:colcon.colcon_core.package_identification:_identify(graph) by extension 'python'
[0.367s] Level 1:colcon.colcon_core.package_identification:_identify(graph) by extensions ['python_setup_py']
[0.367s] Level 1:colcon.colcon_core.package_identification:_identify(graph) by extension 'python_setup_py'
[0.367s] Level 1:colcon.colcon_core.package_identification:_identify(graph/experiments) by extensions ['ignore', 'ignore_ament_install']
[0.367s] Level 1:colcon.colcon_core.package_identification:_identify(graph/experiments) by extension 'ignore'
[0.367s] Level 1:colcon.colcon_core.package_identification:_identify(graph/experiments) by extension 'ignore_ament_install'
[0.367s] Level 1:colcon.colcon_core.package_identification:_identify(graph/experiments) by extensions ['colcon_pkg']
[0.367s] Level 1:colcon.colcon_core.package_identification:_identify(graph/experiments) by extension 'colcon_pkg'
[0.367s] Level 1:colcon.colcon_core.package_identification:_identify(graph/experiments) by extensions ['colcon_meta']
[0.367s] Level 1:colcon.colcon_core.package_identification:_identify(graph/experiments) by extension 'colcon_meta'
[0.367s] Level 1:colcon.colcon_core.package_identification:_identify(graph/experiments) by extensions ['ros']
[0.367s] Level 1:colcon.colcon_core.package_identification:_identify(graph/experiments) by extension 'ros'
[0.367s] Level 1:colcon.colcon_core.package_identification:_identify(graph/experiments) by extensions ['cmake', 'python']
[0.367s] Level 1:colcon.colcon_core.package_identification:_identify(graph/experiments) by extension 'cmake'
[0.367s] Level 1:colcon.colcon_core.package_identification:_identify(graph/experiments) by extension 'python'
[0.367s] Level 1:colcon.colcon_core.package_identification:_identify(graph/experiments) by extensions ['python_setup_py']
[0.367s] Level 1:colcon.colcon_core.package_identification:_identify(graph/experiments) by extension 'python_setup_py'
[0.367s] Level 1:colcon.colcon_core.package_identification:_identify(graph/experiments/navigation2) by extensions ['ignore', 'ignore_ament_install']
[0.367s] Level 1:colcon.colcon_core.package_identification:_identify(graph/experiments/navigation2) by extension 'ignore'
[0.368s] Level 1:colcon.colcon_core.package_identification:_identify(graph/experiments/navigation2) by extension 'ignore_ament_install'
[0.368s] Level 1:colcon.colcon_core.package_identification:_identify(graph/experiments/navigation2) by extensions ['colcon_pkg']
[0.368s] Level 1:colcon.colcon_core.package_identification:_identify(graph/experiments/navigation2) by extension 'colcon_pkg'
[0.368s] Level 1:colcon.colcon_core.package_identification:_identify(graph/experiments/navigation2) by extensions ['colcon_meta']
[0.368s] Level 1:colcon.colcon_core.package_identification:_identify(graph/experiments/navigation2) by extension 'colcon_meta'
[0.368s] Level 1:colcon.colcon_core.package_identification:_identify(graph/experiments/navigation2) by extensions ['ros']
[0.368s] Level 1:colcon.colcon_core.package_identification:_identify(graph/experiments/navigation2) by extension 'ros'
[0.368s] Level 1:colcon.colcon_core.package_identification:_identify(graph/experiments/navigation2) by extensions ['cmake', 'python']
[0.368s] Level 1:colcon.colcon_core.package_identification:_identify(graph/experiments/navigation2) by extension 'cmake'
[0.368s] Level 1:colcon.colcon_core.package_identification:_identify(graph/experiments/navigation2) by extension 'python'
[0.368s] Level 1:colcon.colcon_core.package_identification:_identify(graph/experiments/navigation2) by extensions ['python_setup_py']
[0.368s] Level 1:colcon.colcon_core.package_identification:_identify(graph/experiments/navigation2) by extension 'python_setup_py'
[0.368s] Level 1:colcon.colcon_core.package_identification:_identify(graph/experiments/rclcpp) by extensions ['ignore', 'ignore_ament_install']
[0.368s] Level 1:colcon.colcon_core.package_identification:_identify(graph/experiments/rclcpp) by extension 'ignore'
[0.368s] Level 1:colcon.colcon_core.package_identification:_identify(graph/experiments/rclcpp) by extension 'ignore_ament_install'
[0.368s] Level 1:colcon.colcon_core.package_identification:_identify(graph/experiments/rclcpp) by extensions ['colcon_pkg']
[0.368s] Level 1:colcon.colcon_core.package_identification:_identify(graph/experiments/rclcpp) by extension 'colcon_pkg'
[0.368s] Level 1:colcon.colcon_core.package_identification:_identify(graph/experiments/rclcpp) by extensions ['colcon_meta']
[0.368s] Level 1:colcon.colcon_core.package_identification:_identify(graph/experiments/rclcpp) by extension 'colcon_meta'
[0.368s] Level 1:colcon.colcon_core.package_identification:_identify(graph/experiments/rclcpp) by extensions ['ros']
[0.368s] Level 1:colcon.colcon_core.package_identification:_identify(graph/experiments/rclcpp) by extension 'ros'
[0.368s] Level 1:colcon.colcon_core.package_identification:_identify(graph/experiments/rclcpp) by extensions ['cmake', 'python']
[0.368s] Level 1:colcon.colcon_core.package_identification:_identify(graph/experiments/rclcpp) by extension 'cmake'
[0.368s] Level 1:colcon.colcon_core.package_identification:_identify(graph/experiments/rclcpp) by extension 'python'
[0.369s] Level 1:colcon.colcon_core.package_identification:_identify(graph/experiments/rclcpp) by extensions ['python_setup_py']
[0.369s] Level 1:colcon.colcon_core.package_identification:_identify(graph/experiments/rclcpp) by extension 'python_setup_py'
[0.369s] Level 1:colcon.colcon_core.package_identification:_identify(graph/experiments/rmf_ros2) by extensions ['ignore', 'ignore_ament_install']
[0.369s] Level 1:colcon.colcon_core.package_identification:_identify(graph/experiments/rmf_ros2) by extension 'ignore'
[0.369s] Level 1:colcon.colcon_core.package_identification:_identify(graph/experiments/rmf_ros2) by extension 'ignore_ament_install'
[0.369s] Level 1:colcon.colcon_core.package_identification:_identify(graph/experiments/rmf_ros2) by extensions ['colcon_pkg']
[0.369s] Level 1:colcon.colcon_core.package_identification:_identify(graph/experiments/rmf_ros2) by extension 'colcon_pkg'
[0.369s] Level 1:colcon.colcon_core.package_identification:_identify(graph/experiments/rmf_ros2) by extensions ['colcon_meta']
[0.369s] Level 1:colcon.colcon_core.package_identification:_identify(graph/experiments/rmf_ros2) by extension 'colcon_meta'
[0.369s] Level 1:colcon.colcon_core.package_identification:_identify(graph/experiments/rmf_ros2) by extensions ['ros']
[0.369s] Level 1:colcon.colcon_core.package_identification:_identify(graph/experiments/rmf_ros2) by extension 'ros'
[0.369s] Level 1:colcon.colcon_core.package_identification:_identify(graph/experiments/rmf_ros2) by extensions ['cmake', 'python']
[0.369s] Level 1:colcon.colcon_core.package_identification:_identify(graph/experiments/rmf_ros2) by extension 'cmake'
[0.369s] Level 1:colcon.colcon_core.package_identification:_identify(graph/experiments/rmf_ros2) by extension 'python'
[0.369s] Level 1:colcon.colcon_core.package_identification:_identify(graph/experiments/rmf_ros2) by extensions ['python_setup_py']
[0.369s] Level 1:colcon.colcon_core.package_identification:_identify(graph/experiments/rmf_ros2) by extension 'python_setup_py'
[0.369s] Level 1:colcon.colcon_core.package_identification:_identify(install) by extensions ['ignore', 'ignore_ament_install']
[0.369s] Level 1:colcon.colcon_core.package_identification:_identify(install) by extension 'ignore'
[0.369s] Level 1:colcon.colcon_core.package_identification:_identify(install) ignored
[0.369s] Level 1:colcon.colcon_core.package_identification:_identify(log) by extensions ['ignore', 'ignore_ament_install']
[0.369s] Level 1:colcon.colcon_core.package_identification:_identify(log) by extension 'ignore'
[0.369s] Level 1:colcon.colcon_core.package_identification:_identify(log) ignored
[0.370s] Level 1:colcon.colcon_core.package_identification:_identify(src) by extensions ['ignore', 'ignore_ament_install']
[0.370s] Level 1:colcon.colcon_core.package_identification:_identify(src) by extension 'ignore'
[0.370s] Level 1:colcon.colcon_core.package_identification:_identify(src) by extension 'ignore_ament_install'
[0.370s] Level 1:colcon.colcon_core.package_identification:_identify(src) by extensions ['colcon_pkg']
[0.370s] Level 1:colcon.colcon_core.package_identification:_identify(src) by extension 'colcon_pkg'
[0.370s] Level 1:colcon.colcon_core.package_identification:_identify(src) by extensions ['colcon_meta']
[0.370s] Level 1:colcon.colcon_core.package_identification:_identify(src) by extension 'colcon_meta'
[0.370s] Level 1:colcon.colcon_core.package_identification:_identify(src) by extensions ['ros']
[0.370s] Level 1:colcon.colcon_core.package_identification:_identify(src) by extension 'ros'
[0.370s] Level 1:colcon.colcon_core.package_identification:_identify(src) by extensions ['cmake', 'python']
[0.370s] Level 1:colcon.colcon_core.package_identification:_identify(src) by extension 'cmake'
[0.370s] Level 1:colcon.colcon_core.package_identification:_identify(src) by extension 'python'
[0.370s] Level 1:colcon.colcon_core.package_identification:_identify(src) by extensions ['python_setup_py']
[0.370s] Level 1:colcon.colcon_core.package_identification:_identify(src) by extension 'python_setup_py'
[0.370s] Level 1:colcon.colcon_core.package_identification:_identify(src/generated_ros2_pkg) by extensions ['ignore', 'ignore_ament_install']
[0.370s] Level 1:colcon.colcon_core.package_identification:_identify(src/generated_ros2_pkg) by extension 'ignore'
[0.370s] Level 1:colcon.colcon_core.package_identification:_identify(src/generated_ros2_pkg) by extension 'ignore_ament_install'
[0.370s] Level 1:colcon.colcon_core.package_identification:_identify(src/generated_ros2_pkg) by extensions ['colcon_pkg']
[0.370s] Level 1:colcon.colcon_core.package_identification:_identify(src/generated_ros2_pkg) by extension 'colcon_pkg'
[0.370s] Level 1:colcon.colcon_core.package_identification:_identify(src/generated_ros2_pkg) by extensions ['colcon_meta']
[0.370s] Level 1:colcon.colcon_core.package_identification:_identify(src/generated_ros2_pkg) by extension 'colcon_meta'
[0.370s] Level 1:colcon.colcon_core.package_identification:_identify(src/generated_ros2_pkg) by extensions ['ros']
[0.370s] Level 1:colcon.colcon_core.package_identification:_identify(src/generated_ros2_pkg) by extension 'ros'
[0.372s] DEBUG:colcon.colcon_core.package_identification:Package 'src/generated_ros2_pkg' with type 'ros.ament_cmake' and name 'generated_ros2_pkg'
[0.372s] Level 1:colcon.colcon_core.package_identification:_identify(src/my_cpp_pkg) by extensions ['ignore', 'ignore_ament_install']
[0.372s] Level 1:colcon.colcon_core.package_identification:_identify(src/my_cpp_pkg) by extension 'ignore'
[0.372s] Level 1:colcon.colcon_core.package_identification:_identify(src/my_cpp_pkg) by extension 'ignore_ament_install'
[0.372s] Level 1:colcon.colcon_core.package_identification:_identify(src/my_cpp_pkg) by extensions ['colcon_pkg']
[0.372s] Level 1:colcon.colcon_core.package_identification:_identify(src/my_cpp_pkg) by extension 'colcon_pkg'
[0.372s] Level 1:colcon.colcon_core.package_identification:_identify(src/my_cpp_pkg) by extensions ['colcon_meta']
[0.372s] Level 1:colcon.colcon_core.package_identification:_identify(src/my_cpp_pkg) by extension 'colcon_meta'
[0.372s] Level 1:colcon.colcon_core.package_identification:_identify(src/my_cpp_pkg) by extensions ['ros']
[0.373s] Level 1:colcon.colcon_core.package_identification:_identify(src/my_cpp_pkg) by extension 'ros'
[0.373s] DEBUG:colcon.colcon_core.package_identification:Package 'src/my_cpp_pkg' with type 'ros.ament_cmake' and name 'my_cpp_pkg'
[0.373s] Level 1:colcon.colcon_core.package_identification:_identify(src/nav2_race_cpp) by extensions ['ignore', 'ignore_ament_install']
[0.373s] Level 1:colcon.colcon_core.package_identification:_identify(src/nav2_race_cpp) by extension 'ignore'
[0.373s] Level 1:colcon.colcon_core.package_identification:_identify(src/nav2_race_cpp) by extension 'ignore_ament_install'
[0.373s] Level 1:colcon.colcon_core.package_identification:_identify(src/nav2_race_cpp) by extensions ['colcon_pkg']
[0.373s] Level 1:colcon.colcon_core.package_identification:_identify(src/nav2_race_cpp) by extension 'colcon_pkg'
[0.373s] Level 1:colcon.colcon_core.package_identification:_identify(src/nav2_race_cpp) by extensions ['colcon_meta']
[0.373s] Level 1:colcon.colcon_core.package_identification:_identify(src/nav2_race_cpp) by extension 'colcon_meta'
[0.373s] Level 1:colcon.colcon_core.package_identification:_identify(src/nav2_race_cpp) by extensions ['ros']
[0.373s] Level 1:colcon.colcon_core.package_identification:_identify(src/nav2_race_cpp) by extension 'ros'
[0.374s] DEBUG:colcon.colcon_core.package_identification:Package 'src/nav2_race_cpp' with type 'ros.ament_cmake' and name 'nav2_race_cpp'
[0.374s] Level 1:colcon.colcon_core.package_identification:_identify(src/nav2_race_min) by extensions ['ignore', 'ignore_ament_install']
[0.374s] Level 1:colcon.colcon_core.package_identification:_identify(src/nav2_race_min) by extension 'ignore'
[0.374s] Level 1:colcon.colcon_core.package_identification:_identify(src/nav2_race_min) by extension 'ignore_ament_install'
[0.374s] Level 1:colcon.colcon_core.package_identification:_identify(src/nav2_race_min) by extensions ['colcon_pkg']
[0.374s] Level 1:colcon.colcon_core.package_identification:_identify(src/nav2_race_min) by extension 'colcon_pkg'
[0.374s] Level 1:colcon.colcon_core.package_identification:_identify(src/nav2_race_min) by extensions ['colcon_meta']
[0.374s] Level 1:colcon.colcon_core.package_identification:_identify(src/nav2_race_min) by extension 'colcon_meta'
[0.374s] Level 1:colcon.colcon_core.package_identification:_identify(src/nav2_race_min) by extensions ['ros']
[0.375s] Level 1:colcon.colcon_core.package_identification:_identify(src/nav2_race_min) by extension 'ros'
[0.375s] DEBUG:colcon.colcon_core.package_identification:Package 'src/nav2_race_min' with type 'ros.ament_python' and name 'nav2_race_min'
[0.375s] Level 1:colcon.colcon_core.package_identification:_identify(tools) by extensions ['ignore', 'ignore_ament_install']
[0.375s] Level 1:colcon.colcon_core.package_identification:_identify(tools) by extension 'ignore'
[0.375s] Level 1:colcon.colcon_core.package_identification:_identify(tools) by extension 'ignore_ament_install'
[0.375s] Level 1:colcon.colcon_core.package_identification:_identify(tools) by extensions ['colcon_pkg']
[0.375s] Level 1:colcon.colcon_core.package_identification:_identify(tools) by extension 'colcon_pkg'
[0.375s] Level 1:colcon.colcon_core.package_identification:_identify(tools) by extensions ['colcon_meta']
[0.375s] Level 1:colcon.colcon_core.package_identification:_identify(tools) by extension 'colcon_meta'
[0.375s] Level 1:colcon.colcon_core.package_identification:_identify(tools) by extensions ['ros']
[0.375s] Level 1:colcon.colcon_core.package_identification:_identify(tools) by extension 'ros'
[0.376s] Level 1:colcon.colcon_core.package_identification:_identify(tools) by extensions ['cmake', 'python']
[0.376s] Level 1:colcon.colcon_core.package_identification:_identify(tools) by extension 'cmake'
[0.376s] Level 1:colcon.colcon_core.package_identification:_identify(tools) by extension 'python'
[0.376s] Level 1:colcon.colcon_core.package_identification:_identify(tools) by extensions ['python_setup_py']
[0.376s] Level 1:colcon.colcon_core.package_identification:_identify(tools) by extension 'python_setup_py'
[0.376s] Level 1:colcon.colcon_core.package_identification:_identify(tools/__pycache__) by extensions ['ignore', 'ignore_ament_install']
[0.376s] Level 1:colcon.colcon_core.package_identification:_identify(tools/__pycache__) by extension 'ignore'
[0.376s] Level 1:colcon.colcon_core.package_identification:_identify(tools/__pycache__) by extension 'ignore_ament_install'
[0.376s] Level 1:colcon.colcon_core.package_identification:_identify(tools/__pycache__) by extensions ['colcon_pkg']
[0.376s] Level 1:colcon.colcon_core.package_identification:_identify(tools/__pycache__) by extension 'colcon_pkg'
[0.376s] Level 1:colcon.colcon_core.package_identification:_identify(tools/__pycache__) by extensions ['colcon_meta']
[0.376s] Level 1:colcon.colcon_core.package_identification:_identify(tools/__pycache__) by extension 'colcon_meta'
[0.376s] Level 1:colcon.colcon_core.package_identification:_identify(tools/__pycache__) by extensions ['ros']
[0.376s] Level 1:colcon.colcon_core.package_identification:_identify(tools/__pycache__) by extension 'ros'
[0.376s] Level 1:colcon.colcon_core.package_identification:_identify(tools/__pycache__) by extensions ['cmake', 'python']
[0.376s] Level 1:colcon.colcon_core.package_identification:_identify(tools/__pycache__) by extension 'cmake'
[0.376s] Level 1:colcon.colcon_core.package_identification:_identify(tools/__pycache__) by extension 'python'
[0.376s] Level 1:colcon.colcon_core.package_identification:_identify(tools/__pycache__) by extensions ['python_setup_py']
[0.376s] Level 1:colcon.colcon_core.package_identification:_identify(tools/__pycache__) by extension 'python_setup_py'
[0.376s] Level 1:colcon.colcon_core.package_discovery:discover_packages(recursive) using defaults
[0.376s] Level 1:colcon.colcon_core.package_discovery:discover_packages(ignore) discover
[0.376s] Level 1:colcon.colcon_core.package_discovery:discover_packages(ignore) using defaults
[0.376s] Level 1:colcon.colcon_core.package_discovery:discover_packages(path) discover
[0.376s] Level 1:colcon.colcon_core.package_discovery:discover_packages(path) using defaults
[0.397s] INFO:colcon.colcon_core.package_selection:Skipping not selected package 'my_cpp_pkg' in 'src/my_cpp_pkg'
[0.397s] INFO:colcon.colcon_core.package_selection:Skipping not selected package 'nav2_race_cpp' in 'src/nav2_race_cpp'
[0.398s] INFO:colcon.colcon_core.package_selection:Skipping not selected package 'nav2_race_min' in 'src/nav2_race_min'
[0.398s] Level 1:colcon.colcon_core.package_discovery:discover_packages(prefix_path) check parameters
[0.398s] Level 1:colcon.colcon_core.package_discovery:discover_packages(prefix_path) discover
[0.399s] DEBUG:colcon.colcon_installed_package_information.package_discovery:Found 4 installed packages in /home/yinyihao/ros2/install
[0.400s] DEBUG:colcon.colcon_installed_package_information.package_discovery:Found 342 installed packages in /opt/ros/humble
[0.401s] Level 1:colcon.colcon_core.package_discovery:discover_packages(prefix_path) using defaults
[0.425s] Level 5:colcon.colcon_core.verb:set package 'generated_ros2_pkg' build argument 'cmake_args' from command line to 'None'
[0.425s] Level 5:colcon.colcon_core.verb:set package 'generated_ros2_pkg' build argument 'cmake_target' from command line to 'None'
[0.425s] Level 5:colcon.colcon_core.verb:set package 'generated_ros2_pkg' build argument 'cmake_target_skip_unavailable' from command line to 'False'
[0.425s] Level 5:colcon.colcon_core.verb:set package 'generated_ros2_pkg' build argument 'cmake_clean_cache' from command line to 'False'
[0.425s] Level 5:colcon.colcon_core.verb:set package 'generated_ros2_pkg' build argument 'cmake_clean_first' from command line to 'False'
[0.425s] Level 5:colcon.colcon_core.verb:set package 'generated_ros2_pkg' build argument 'cmake_force_configure' from command line to 'False'
[0.426s] Level 5:colcon.colcon_core.verb:set package 'generated_ros2_pkg' build argument 'ament_cmake_args' from command line to 'None'
[0.426s] Level 5:colcon.colcon_core.verb:set package 'generated_ros2_pkg' build argument 'catkin_cmake_args' from command line to 'None'
[0.426s] Level 5:colcon.colcon_core.verb:set package 'generated_ros2_pkg' build argument 'catkin_skip_building_tests' from command line to 'False'
[0.426s] DEBUG:colcon.colcon_core.verb:Building package 'generated_ros2_pkg' with the following arguments: {'ament_cmake_args': None, 'build_base': '/home/yinyihao/ros2/build/generated_ros2_pkg', 'catkin_cmake_args': None, 'catkin_skip_building_tests': False, 'cmake_args': None, 'cmake_clean_cache': False, 'cmake_clean_first': False, 'cmake_force_configure': False, 'cmake_target': None, 'cmake_target_skip_unavailable': False, 'install_base': '/home/yinyihao/ros2/install/generated_ros2_pkg', 'merge_install': False, 'path': '/home/yinyihao/ros2/src/generated_ros2_pkg', 'symlink_install': False, 'test_result_base': None}
[0.426s] INFO:colcon.colcon_core.executor:Executing jobs using 'sequential' executor
[0.427s] DEBUG:colcon.colcon_core.executor.sequential:run_until_complete 'generated_ros2_pkg'
[0.427s] INFO:colcon.colcon_ros.task.ament_cmake.build:Building ROS package in '/home/yinyihao/ros2/src/generated_ros2_pkg' with build type 'ament_cmake'
[0.427s] INFO:colcon.colcon_cmake.task.cmake.build:Building CMake package in '/home/yinyihao/ros2/src/generated_ros2_pkg'
[0.428s] INFO:colcon.colcon_core.plugin_system:Skipping extension 'colcon_core.shell.bat': Not used on non-Windows systems
[0.429s] INFO:colcon.colcon_core.shell:Skip shell extension 'powershell' for command environment: Not usable outside of PowerShell
[0.429s] DEBUG:colcon.colcon_core.shell:Skip shell extension 'dsv' for command environment
[0.437s] DEBUG:colcon.colcon_core.event_handler.log_command:Invoking command in '/home/yinyihao/ros2/build/generated_ros2_pkg': CMAKE_PREFIX_PATH=${CMAKE_PREFIX_PATH}:/home/yinyihao/ros2/install/nav2_race_min:/opt/ros/humble /usr/bin/cmake --build /home/yinyihao/ros2/build/generated_ros2_pkg
[115.218s] DEBUG:colcon.colcon_core.event_handler.log_command:Invoked command in '/home/yinyihao/ros2/build/generated_ros2_pkg' returned '0': CMAKE_PREFIX_PATH=${CMAKE_PREFIX_PATH}:/home/yinyihao/ros2/install/nav2_race_min:/opt/ros/humble /usr/bin/cmake --build /home/yinyihao/ros2/build/generated_ros2_pkg
[115.225s] DEBUG:colcon.colcon_core.event_handler.log_command:Invoking command in '/home/yinyihao/ros2/build/generated_ros2_pkg': CMAKE_PREFIX_PATH=${CMAKE_PREFIX_PATH}:/home/yinyihao/ros2/install/nav2_race_min:/opt/ros/humble /usr/bin/cmake --install /home/yinyihao/ros2/build/generated_ros2_pkg
[115.284s] Level 1:colcon.colcon_core.environment:create_environment_scripts_only(generated_ros2_pkg)
[115.284s] DEBUG:colcon.colcon_core.event_handler.log_command:Invoked command in '/home/yinyihao/ros2/build/generated_ros2_pkg' returned '0': CMAKE_PREFIX_PATH=${CMAKE_PREFIX_PATH}:/home/yinyihao/ros2/install/nav2_race_min:/opt/ros/humble /usr/bin/cmake --install /home/yinyihao/ros2/build/generated_ros2_pkg
[115.286s] Level 1:colcon.colcon_core.environment:checking '/home/yinyihao/ros2/install/generated_ros2_pkg' for CMake module files
[115.287s] Level 1:colcon.colcon_core.environment:checking '/home/yinyihao/ros2/install/generated_ros2_pkg' for CMake config files
[115.287s] Level 1:colcon.colcon_core.shell:create_environment_hook('generated_ros2_pkg', 'cmake_prefix_path')
[115.287s] INFO:colcon.colcon_core.shell:Creating environment hook '/home/yinyihao/ros2/install/generated_ros2_pkg/share/generated_ros2_pkg/hook/cmake_prefix_path.ps1'
[115.288s] INFO:colcon.colcon_core.shell:Creating environment descriptor '/home/yinyihao/ros2/install/generated_ros2_pkg/share/generated_ros2_pkg/hook/cmake_prefix_path.dsv'
[115.288s] INFO:colcon.colcon_core.shell:Creating environment hook '/home/yinyihao/ros2/install/generated_ros2_pkg/share/generated_ros2_pkg/hook/cmake_prefix_path.sh'
[115.288s] Level 1:colcon.colcon_core.environment:checking '/home/yinyihao/ros2/install/generated_ros2_pkg/lib'
[115.288s] Level 1:colcon.colcon_core.environment:checking '/home/yinyihao/ros2/install/generated_ros2_pkg/bin'
[115.289s] Level 1:colcon.colcon_core.environment:checking '/home/yinyihao/ros2/install/generated_ros2_pkg/lib/pkgconfig/generated_ros2_pkg.pc'
[115.289s] Level 1:colcon.colcon_core.environment:checking '/home/yinyihao/ros2/install/generated_ros2_pkg/lib/python3.10/site-packages'
[115.289s] Level 1:colcon.colcon_core.environment:checking '/home/yinyihao/ros2/install/generated_ros2_pkg/bin'
[115.289s] INFO:colcon.colcon_core.shell:Creating package script '/home/yinyihao/ros2/install/generated_ros2_pkg/share/generated_ros2_pkg/package.ps1'
[115.290s] INFO:colcon.colcon_core.shell:Creating package descriptor '/home/yinyihao/ros2/install/generated_ros2_pkg/share/generated_ros2_pkg/package.dsv'
[115.290s] INFO:colcon.colcon_core.shell:Creating package script '/home/yinyihao/ros2/install/generated_ros2_pkg/share/generated_ros2_pkg/package.sh'
[115.290s] INFO:colcon.colcon_core.shell:Creating package script '/home/yinyihao/ros2/install/generated_ros2_pkg/share/generated_ros2_pkg/package.bash'
[115.291s] INFO:colcon.colcon_core.shell:Creating package script '/home/yinyihao/ros2/install/generated_ros2_pkg/share/generated_ros2_pkg/package.zsh'
[115.291s] Level 1:colcon.colcon_core.environment:create_file_with_runtime_dependencies(/home/yinyihao/ros2/install/generated_ros2_pkg/share/colcon-core/packages/generated_ros2_pkg)
[115.292s] Level 1:colcon.colcon_core.environment:create_environment_scripts_only(generated_ros2_pkg)
[115.292s] Level 1:colcon.colcon_core.environment:checking '/home/yinyihao/ros2/install/generated_ros2_pkg' for CMake module files
[115.293s] Level 1:colcon.colcon_core.environment:checking '/home/yinyihao/ros2/install/generated_ros2_pkg' for CMake config files
[115.293s] Level 1:colcon.colcon_core.shell:create_environment_hook('generated_ros2_pkg', 'cmake_prefix_path')
[115.293s] INFO:colcon.colcon_core.shell:Creating environment hook '/home/yinyihao/ros2/install/generated_ros2_pkg/share/generated_ros2_pkg/hook/cmake_prefix_path.ps1'
[115.293s] INFO:colcon.colcon_core.shell:Creating environment descriptor '/home/yinyihao/ros2/install/generated_ros2_pkg/share/generated_ros2_pkg/hook/cmake_prefix_path.dsv'
[115.293s] INFO:colcon.colcon_core.shell:Creating environment hook '/home/yinyihao/ros2/install/generated_ros2_pkg/share/generated_ros2_pkg/hook/cmake_prefix_path.sh'
[115.294s] Level 1:colcon.colcon_core.environment:checking '/home/yinyihao/ros2/install/generated_ros2_pkg/lib'
[115.294s] Level 1:colcon.colcon_core.environment:checking '/home/yinyihao/ros2/install/generated_ros2_pkg/bin'
[115.294s] Level 1:colcon.colcon_core.environment:checking '/home/yinyihao/ros2/install/generated_ros2_pkg/lib/pkgconfig/generated_ros2_pkg.pc'
[115.294s] Level 1:colcon.colcon_core.environment:checking '/home/yinyihao/ros2/install/generated_ros2_pkg/lib/python3.10/site-packages'
[115.294s] Level 1:colcon.colcon_core.environment:checking '/home/yinyihao/ros2/install/generated_ros2_pkg/bin'
[115.294s] INFO:colcon.colcon_core.shell:Creating package script '/home/yinyihao/ros2/install/generated_ros2_pkg/share/generated_ros2_pkg/package.ps1'
[115.294s] INFO:colcon.colcon_core.shell:Creating package descriptor '/home/yinyihao/ros2/install/generated_ros2_pkg/share/generated_ros2_pkg/package.dsv'
[115.295s] INFO:colcon.colcon_core.shell:Creating package script '/home/yinyihao/ros2/install/generated_ros2_pkg/share/generated_ros2_pkg/package.sh'
[115.295s] INFO:colcon.colcon_core.shell:Creating package script '/home/yinyihao/ros2/install/generated_ros2_pkg/share/generated_ros2_pkg/package.bash'
[115.295s] INFO:colcon.colcon_core.shell:Creating package script '/home/yinyihao/ros2/install/generated_ros2_pkg/share/generated_ros2_pkg/package.zsh'
[115.296s] Level 1:colcon.colcon_core.environment:create_file_with_runtime_dependencies(/home/yinyihao/ros2/install/generated_ros2_pkg/share/colcon-core/packages/generated_ros2_pkg)
[115.296s] DEBUG:colcon.colcon_core.executor.sequential:run_until_complete 'generated_ros2_pkg' finished with '0'
[115.296s] DEBUG:colcon.colcon_core.executor.sequential:closing loop
[115.296s] DEBUG:colcon.colcon_core.executor.sequential:loop closed
[115.296s] DEBUG:colcon.colcon_core.event_reactor:joining thread
[115.432s] INFO:colcon.colcon_core.plugin_system:Skipping extension 'colcon_notification.desktop_notification.notify_send': Could not find 'notify-send'
[115.432s] INFO:colcon.colcon_core.plugin_system:Skipping extension 'colcon_notification.desktop_notification.terminal_notifier': Not used on non-Darwin systems
[115.432s] INFO:colcon.colcon_core.plugin_system:Skipping extension 'colcon_notification.desktop_notification.win32': Not used on non-Windows systems
[115.432s] INFO:colcon.colcon_notification.desktop_notification:Sending desktop notification using 'notify2'
[115.433s] DEBUG:colcon.colcon_notification.desktop_notification.notify2:Failed to initialize notify2: org.freedesktop.DBus.Error.FileNotFound: Failed to connect to socket /run/user/1000/bus: No such file or directory
[115.433s] DEBUG:colcon.colcon_core.event_reactor:joined thread
[115.433s] INFO:colcon.colcon_core.shell:Creating prefix script '/home/yinyihao/ros2/install/local_setup.ps1'
[115.437s] INFO:colcon.colcon_core.shell:Creating prefix util module '/home/yinyihao/ros2/install/_local_setup_util_ps1.py'
[115.440s] INFO:colcon.colcon_core.shell:Creating prefix chain script '/home/yinyihao/ros2/install/setup.ps1'
[115.444s] INFO:colcon.colcon_core.shell:Creating prefix script '/home/yinyihao/ros2/install/local_setup.sh'
[115.447s] INFO:colcon.colcon_core.shell:Creating prefix util module '/home/yinyihao/ros2/install/_local_setup_util_sh.py'
[115.449s] INFO:colcon.colcon_core.shell:Creating prefix chain script '/home/yinyihao/ros2/install/setup.sh'
[115.452s] INFO:colcon.colcon_core.shell:Creating prefix script '/home/yinyihao/ros2/install/local_setup.bash'
[115.454s] INFO:colcon.colcon_core.shell:Creating prefix chain script '/home/yinyihao/ros2/install/setup.bash'
[115.456s] INFO:colcon.colcon_core.shell:Creating prefix script '/home/yinyihao/ros2/install/local_setup.zsh'
[115.458s] INFO:colcon.colcon_core.shell:Creating prefix chain script '/home/yinyihao/ros2/install/setup.zsh'
