[0.011s] Invoking command in '/home/yinyihao/ros2/build/generated_ros2_pkg': CMAKE_PREFIX_PATH=${CMAKE_PREFIX_PATH}:/home/yinyihao/ros2/install/nav2_race_min:/opt/ros/humble /usr/bin/cmake --build /home/yinyihao/ros2/build/generated_ros2_pkg -- -j20 -l20
[0.030s] -- Found ament_cmake: 1.3.12 (/opt/ros/humble/share/ament_cmake/cmake)
[0.113s] -- Found rclcpp: 16.0.16 (/opt/ros/humble/share/rclcpp/cmake)
[0.450s] -- Found rosidl_generator_c: 3.1.7 (/opt/ros/humble/share/rosidl_generator_c/cmake)
[0.451s] -- Found rosidl_adapter: 3.1.7 (/opt/ros/humble/share/rosidl_adapter/cmake)
[0.455s] -- Found rosidl_generator_cpp: 3.1.7 (/opt/ros/humble/share/rosidl_generator_cpp/cmake)
[0.462s] -- Using all available rosidl_typesupport_c: rosidl_typesupport_fastrtps_c;rosidl_typesupport_introspection_c
[0.473s] -- Using all available rosidl_typesupport_cpp: rosidl_typesupport_fastrtps_cpp;rosidl_typesupport_introspection_cpp
[0.501s] -- Found rmw_implementation_cmake: 6.1.2 (/opt/ros/humble/share/rmw_implementation_cmake/cmake)
[0.503s] -- Found rmw_fastrtps_cpp: 6.2.9 (/opt/ros/humble/share/rmw_fastrtps_cpp/cmake)
[13.943s] -- Using RMW implementation 'rmw_fastrtps_cpp' as default
[13.977s] -- Found std_srvs: 4.9.0 (/opt/ros/humble/share/std_srvs/cmake)
[14.044s] -- Configuring done
[14.113s] -- Generating done
[14.144s] -- Build files have been written to: /home/yinyihao/ros2/build/generated_ros2_pkg
[14.221s] [  5%] [32mBuilding CXX object CMakeFiles/rmf_dispenser_supervisor.dir/src/rmf_dispenser_supervisor.cpp.o[0m
[14.221s] [  5%] [32mBuilding CXX object CMakeFiles/rmf_door_supervisor.dir/src/rmf_door_supervisor.cpp.o[0m
[14.221s] [  7%] [32mBuilding CXX object CMakeFiles/rmf_building_map.dir/src/rmf_building_map.cpp.o[0m
[14.224s] [ 13%] [32mBuilding CXX object CMakeFiles/rmf_path_blocker.dir/src/rmf_path_blocker.cpp.o[0m
[14.224s] [ 15%] [32mBuilding CXX object CMakeFiles/rmf_ingestor_supervisor.dir/src/rmf_ingestor_supervisor.cpp.o[0m
[14.224s] [ 15%] [32mBuilding CXX object CMakeFiles/rmf_fleet_adapter_node.dir/src/rmf_fleet_adapter_node.cpp.o[0m
[14.225s] [ 18%] [32mBuilding CXX object CMakeFiles/rmf_coordinator.dir/src/rmf_coordinator.cpp.o[0m
[14.226s] [ 21%] [32mBuilding CXX object CMakeFiles/rmf_fleet_adapter.dir/src/rmf_fleet_adapter.cpp.o[0m
[14.226s] [ 23%] [32mBuilding CXX object CMakeFiles/rmf_lift_supervisor.dir/src/rmf_lift_supervisor.cpp.o[0m
[14.228s] [ 28%] [32mBuilding CXX object CMakeFiles/rmf_task_manager.dir/src/rmf_task_manager.cpp.o[0m
[14.228s] [ 28%] [32mBuilding CXX object CMakeFiles/rmf_site_map.dir/src/rmf_site_map.cpp.o[0m
[14.228s] [ 31%] [32mBuilding CXX object CMakeFiles/rmf_obstacle.dir/src/rmf_obstacle.cpp.o[0m
[14.228s] [ 34%] [32mBuilding CXX object CMakeFiles/rmf_task.dir/src/rmf_task.cpp.o[0m
[14.229s] [ 39%] [32mBuilding CXX object CMakeFiles/rmf_traffic_blockade_schedule.dir/src/rmf_traffic_blockade_schedule.cpp.o[0m
[14.229s] [ 39%] [32mBuilding CXX object CMakeFiles/rmf_task_sequence.dir/src/rmf_task_sequence.cpp.o[0m
[14.229s] [ 42%] [32mBuilding CXX object CMakeFiles/rmf_traffic_light.dir/src/rmf_traffic_light.cpp.o[0m
[14.231s] [ 47%] [32mBuilding CXX object CMakeFiles/rmf_traffic_schedule.dir/src/rmf_traffic_schedule.cpp.o[0m
[14.231s] [ 47%] [32mBuilding CXX object CMakeFiles/rmf_traffic_schedule_node.dir/src/rmf_traffic_schedule_node.cpp.o[0m
[14.236s] [ 50%] [32mBuilding CXX object CMakeFiles/rmf_task_dispatcher.dir/src/rmf_task_dispatcher.cpp.o[0m
