-- Found ament_cmake: 1.3.12 (/opt/ros/humble/share/ament_cmake/cmake)
-- Found rclcpp: 16.0.16 (/opt/ros/humble/share/rclcpp/cmake)
-- Found rosidl_generator_c: 3.1.7 (/opt/ros/humble/share/rosidl_generator_c/cmake)
-- Found rosidl_adapter: 3.1.7 (/opt/ros/humble/share/rosidl_adapter/cmake)
-- Found rosidl_generator_cpp: 3.1.7 (/opt/ros/humble/share/rosidl_generator_cpp/cmake)
-- Using all available rosidl_typesupport_c: rosidl_typesupport_fastrtps_c;rosidl_typesupport_introspection_c
-- Using all available rosidl_typesupport_cpp: rosidl_typesupport_fastrtps_cpp;rosidl_typesupport_introspection_cpp
-- Found rmw_implementation_cmake: 6.1.2 (/opt/ros/humble/share/rmw_implementation_cmake/cmake)
-- Found rmw_fastrtps_cpp: 6.2.9 (/opt/ros/humble/share/rmw_fastrtps_cpp/cmake)
-- Using RMW implementation 'rmw_fastrtps_cpp' as default
-- Found std_srvs: 4.9.0 (/opt/ros/humble/share/std_srvs/cmake)
-- Configuring done
-- Generating done
-- Build files have been written to: /home/yinyihao/ros2/build/generated_ros2_pkg
[  0%] [32mBuilding CXX object CMakeFiles/amcl_pose.dir/src/amcl_pose.cpp.o[0m
[  1%] [32m[1mLinking CXX executable amcl_pose[0m
[  1%] Built target amcl_pose
[  2%] [32mBuilding CXX object CMakeFiles/backup__action_cancel_goal.dir/src/backup__action_cancel_goal.cpp.o[0m
[  3%] [32m[1mLinking CXX executable backup__action_cancel_goal[0m
[  3%] Built target backup__action_cancel_goal
[  4%] [32mBuilding CXX object CMakeFiles/backup__action_feedback.dir/src/backup__action_feedback.cpp.o[0m
[  5%] [32m[1mLinking CXX executable backup__action_feedback[0m
[  5%] Built target backup__action_feedback
[  6%] [32mBuilding CXX object CMakeFiles/backup__action_result.dir/src/backup__action_result.cpp.o[0m
[  7%] [32m[1mLinking CXX executable backup__action_result[0m
[  7%] Built target backup__action_result
[  8%] [32mBuilding CXX object CMakeFiles/backup__action_status.dir/src/backup__action_status.cpp.o[0m
[  9%] [32m[1mLinking CXX executable backup__action_status[0m
[  9%] Built target backup__action_status
[ 10%] [32mBuilding CXX object CMakeFiles/behavior_tree_log.dir/src/behavior_tree_log.cpp.o[0m
[ 11%] [32m[1mLinking CXX executable behavior_tree_log[0m
[ 11%] Built target behavior_tree_log
[ 12%] [32mBuilding CXX object CMakeFiles/cmd_vel.dir/src/cmd_vel.cpp.o[0m
[ 13%] [32m[1mLinking CXX executable cmd_vel[0m
[ 13%] Built target cmd_vel
[ 14%] [32mBuilding CXX object CMakeFiles/compute_path_through_poses__action_cancel_goal.dir/src/compute_path_through_poses__action_cancel_goal.cpp.o[0m
[ 15%] [32m[1mLinking CXX executable compute_path_through_poses__action_cancel_goal[0m
[ 15%] Built target compute_path_through_poses__action_cancel_goal
[ 16%] [32mBuilding CXX object CMakeFiles/compute_path_through_poses__action_feedback.dir/src/compute_path_through_poses__action_feedback.cpp.o[0m
[ 16%] [32m[1mLinking CXX executable compute_path_through_poses__action_feedback[0m
[ 16%] Built target compute_path_through_poses__action_feedback
[ 17%] [32mBuilding CXX object CMakeFiles/compute_path_through_poses__action_result.dir/src/compute_path_through_poses__action_result.cpp.o[0m
[ 18%] [32m[1mLinking CXX executable compute_path_through_poses__action_result[0m
[ 18%] Built target compute_path_through_poses__action_result
[ 19%] [32mBuilding CXX object CMakeFiles/compute_path_through_poses__action_status.dir/src/compute_path_through_poses__action_status.cpp.o[0m
[ 20%] [32m[1mLinking CXX executable compute_path_through_poses__action_status[0m
[ 20%] Built target compute_path_through_poses__action_status
[ 21%] [32mBuilding CXX object CMakeFiles/compute_path_to_pose__action_cancel_goal.dir/src/compute_path_to_pose__action_cancel_goal.cpp.o[0m
[ 22%] [32m[1mLinking CXX executable compute_path_to_pose__action_cancel_goal[0m
[ 22%] Built target compute_path_to_pose__action_cancel_goal
[ 23%] [32mBuilding CXX object CMakeFiles/compute_path_to_pose__action_feedback.dir/src/compute_path_to_pose__action_feedback.cpp.o[0m
[ 24%] [32m[1mLinking CXX executable compute_path_to_pose__action_feedback[0m
[ 24%] Built target compute_path_to_pose__action_feedback
[ 25%] [32mBuilding CXX object CMakeFiles/compute_path_to_pose__action_result.dir/src/compute_path_to_pose__action_result.cpp.o[0m
[ 26%] [32m[1mLinking CXX executable compute_path_to_pose__action_result[0m
[ 26%] Built target compute_path_to_pose__action_result
[ 27%] [32mBuilding CXX object CMakeFiles/compute_path_to_pose__action_status.dir/src/compute_path_to_pose__action_status.cpp.o[0m
[ 28%] [32m[1mLinking CXX executable compute_path_to_pose__action_status[0m
[ 28%] Built target compute_path_to_pose__action_status
[ 29%] [32mBuilding CXX object CMakeFiles/follow_path__action_cancel_goal.dir/src/follow_path__action_cancel_goal.cpp.o[0m
[ 30%] [32m[1mLinking CXX executable follow_path__action_cancel_goal[0m
[ 30%] Built target follow_path__action_cancel_goal
[ 31%] [32mBuilding CXX object CMakeFiles/follow_path__action_feedback.dir/src/follow_path__action_feedback.cpp.o[0m
[ 32%] [32m[1mLinking CXX executable follow_path__action_feedback[0m
[ 32%] Built target follow_path__action_feedback
[ 33%] [32mBuilding CXX object CMakeFiles/follow_path__action_result.dir/src/follow_path__action_result.cpp.o[0m
[ 33%] [32m[1mLinking CXX executable follow_path__action_result[0m
[ 33%] Built target follow_path__action_result
[ 34%] [32mBuilding CXX object CMakeFiles/follow_path__action_status.dir/src/follow_path__action_status.cpp.o[0m
[ 35%] [32m[1mLinking CXX executable follow_path__action_status[0m
[ 35%] Built target follow_path__action_status
[ 36%] [32mBuilding CXX object CMakeFiles/global_costmap_costmap.dir/src/global_costmap_costmap.cpp.o[0m
[ 37%] [32m[1mLinking CXX executable global_costmap_costmap[0m
[ 37%] Built target global_costmap_costmap
[35m[1mConsolidate compiler generated dependencies of target goal_pose[0m
[ 38%] [32mBuilding CXX object CMakeFiles/goal_pose.dir/src/goal_pose.cpp.o[0m
[ 39%] [32m[1mLinking CXX executable goal_pose[0m
[ 39%] Built target goal_pose
[ 40%] [32mBuilding CXX object CMakeFiles/initialpose.dir/src/initialpose.cpp.o[0m
[ 41%] [32m[1mLinking CXX executable initialpose[0m
[ 41%] Built target initialpose
[ 42%] [32mBuilding CXX object CMakeFiles/local_costmap_costmap.dir/src/local_costmap_costmap.cpp.o[0m
[ 43%] [32m[1mLinking CXX executable local_costmap_costmap[0m
[ 43%] Built target local_costmap_costmap
[ 44%] [32mBuilding CXX object CMakeFiles/map.dir/src/map.cpp.o[0m
[ 45%] [32m[1mLinking CXX executable map[0m
[ 45%] Built target map
[ 46%] [32mBuilding CXX object CMakeFiles/nav2_amcl.dir/src/nav2_amcl.cpp.o[0m
[ 47%] [32m[1mLinking CXX executable nav2_amcl[0m
[ 47%] Built target nav2_amcl
[ 48%] [32mBuilding CXX object CMakeFiles/nav2_behavior_tree.dir/src/nav2_behavior_tree.cpp.o[0m
[ 49%] [32m[1mLinking CXX executable nav2_behavior_tree[0m
[ 49%] Built target nav2_behavior_tree
[ 50%] [32mBuilding CXX object CMakeFiles/nav2_bt_navigator.dir/src/nav2_bt_navigator.cpp.o[0m
[ 50%] [32m[1mLinking CXX executable nav2_bt_navigator[0m
[ 50%] Built target nav2_bt_navigator
[ 51%] [32mBuilding CXX object CMakeFiles/nav2_controller.dir/src/nav2_controller.cpp.o[0m
[ 52%] [32m[1mLinking CXX executable nav2_controller[0m
[ 52%] Built target nav2_controller
[ 53%] [32mBuilding CXX object CMakeFiles/nav2_core.dir/src/nav2_core.cpp.o[0m
[ 54%] [32m[1mLinking CXX executable nav2_core[0m
[ 54%] Built target nav2_core
[ 55%] [32mBuilding CXX object CMakeFiles/nav2_costmap_2d.dir/src/nav2_costmap_2d.cpp.o[0m
[ 56%] [32m[1mLinking CXX executable nav2_costmap_2d[0m
[ 56%] Built target nav2_costmap_2d
[ 57%] [32mBuilding CXX object CMakeFiles/nav2_lifecycle_manager.dir/src/nav2_lifecycle_manager.cpp.o[0m
[ 58%] [32m[1mLinking CXX executable nav2_lifecycle_manager[0m
[ 58%] Built target nav2_lifecycle_manager
[ 59%] [32mBuilding CXX object CMakeFiles/nav2_map_server.dir/src/nav2_map_server.cpp.o[0m
[ 60%] [32m[1mLinking CXX executable nav2_map_server[0m
[ 60%] Built target nav2_map_server
[ 61%] [32mBuilding CXX object CMakeFiles/nav2_planner.dir/src/nav2_planner.cpp.o[0m
[ 62%] [32m[1mLinking CXX executable nav2_planner[0m
[ 62%] Built target nav2_planner
[ 63%] [32mBuilding CXX object CMakeFiles/nav2_recoveries.dir/src/nav2_recoveries.cpp.o[0m
[ 64%] [32m[1mLinking CXX executable nav2_recoveries[0m
[ 64%] Built target nav2_recoveries
[ 65%] [32mBuilding CXX object CMakeFiles/nav2_waypoint_follower.dir/src/nav2_waypoint_follower.cpp.o[0m
[ 66%] [32m[1mLinking CXX executable nav2_waypoint_follower[0m
[ 66%] Built target nav2_waypoint_follower
[ 66%] [32mBuilding CXX object CMakeFiles/navigate_through_poses__action_cancel_goal.dir/src/navigate_through_poses__action_cancel_goal.cpp.o[0m
[ 67%] [32m[1mLinking CXX executable navigate_through_poses__action_cancel_goal[0m
[ 67%] Built target navigate_through_poses__action_cancel_goal
[ 68%] [32mBuilding CXX object CMakeFiles/navigate_to_pose__action_cancel_goal.dir/src/navigate_to_pose__action_cancel_goal.cpp.o[0m
[ 69%] [32m[1mLinking CXX executable navigate_to_pose__action_cancel_goal[0m
[ 69%] Built target navigate_to_pose__action_cancel_goal
[ 70%] [32mBuilding CXX object CMakeFiles/navigate_to_pose__action_feedback.dir/src/navigate_to_pose__action_feedback.cpp.o[0m
[ 71%] [32m[1mLinking CXX executable navigate_to_pose__action_feedback[0m
[ 71%] Built target navigate_to_pose__action_feedback
[ 72%] [32mBuilding CXX object CMakeFiles/navigate_to_pose__action_result.dir/src/navigate_to_pose__action_result.cpp.o[0m
[ 73%] [32m[1mLinking CXX executable navigate_to_pose__action_result[0m
[ 73%] Built target navigate_to_pose__action_result
[ 74%] [32mBuilding CXX object CMakeFiles/navigate_to_pose__action_status.dir/src/navigate_to_pose__action_status.cpp.o[0m
[ 75%] [32m[1mLinking CXX executable navigate_to_pose__action_status[0m
[ 75%] Built target navigate_to_pose__action_status
[ 76%] [32mBuilding CXX object CMakeFiles/odom.dir/src/odom.cpp.o[0m
[ 77%] [32m[1mLinking CXX executable odom[0m
[ 77%] Built target odom
[ 78%] [32mBuilding CXX object CMakeFiles/path.dir/src/path.cpp.o[0m
[ 79%] [32m[1mLinking CXX executable path[0m
[ 79%] Built target path
[ 80%] [32mBuilding CXX object CMakeFiles/scan.dir/src/scan.cpp.o[0m
[ 81%] [32m[1mLinking CXX executable scan[0m
[ 81%] Built target scan
[ 82%] [32mBuilding CXX object CMakeFiles/spin__action_cancel_goal.dir/src/spin__action_cancel_goal.cpp.o[0m
[ 83%] [32m[1mLinking CXX executable spin__action_cancel_goal[0m
[ 83%] Built target spin__action_cancel_goal
[ 83%] [32mBuilding CXX object CMakeFiles/spin__action_feedback.dir/src/spin__action_feedback.cpp.o[0m
[ 84%] [32m[1mLinking CXX executable spin__action_feedback[0m
[ 84%] Built target spin__action_feedback
[ 85%] [32mBuilding CXX object CMakeFiles/spin__action_result.dir/src/spin__action_result.cpp.o[0m
[ 86%] [32m[1mLinking CXX executable spin__action_result[0m
[ 86%] Built target spin__action_result
[ 87%] [32mBuilding CXX object CMakeFiles/spin__action_status.dir/src/spin__action_status.cpp.o[0m
[ 88%] [32m[1mLinking CXX executable spin__action_status[0m
[ 88%] Built target spin__action_status
[35m[1mConsolidate compiler generated dependencies of target tf[0m
[ 89%] [32mBuilding CXX object CMakeFiles/tf.dir/src/tf.cpp.o[0m
[ 90%] [32m[1mLinking CXX executable tf[0m
[ 90%] Built target tf
[ 91%] [32mBuilding CXX object CMakeFiles/tf_static.dir/src/tf_static.cpp.o[0m
[ 92%] [32m[1mLinking CXX executable tf_static[0m
[ 92%] Built target tf_static
[ 93%] [32mBuilding CXX object CMakeFiles/wait__action_cancel_goal.dir/src/wait__action_cancel_goal.cpp.o[0m
[ 94%] [32m[1mLinking CXX executable wait__action_cancel_goal[0m
[ 94%] Built target wait__action_cancel_goal
[ 95%] [32mBuilding CXX object CMakeFiles/wait__action_feedback.dir/src/wait__action_feedback.cpp.o[0m
[ 96%] [32m[1mLinking CXX executable wait__action_feedback[0m
[ 96%] Built target wait__action_feedback
[ 97%] [32mBuilding CXX object CMakeFiles/wait__action_result.dir/src/wait__action_result.cpp.o[0m
[ 98%] [32m[1mLinking CXX executable wait__action_result[0m
[ 98%] Built target wait__action_result
[ 99%] [32mBuilding CXX object CMakeFiles/wait__action_status.dir/src/wait__action_status.cpp.o[0m
[100%] [32m[1mLinking CXX executable wait__action_status[0m
[100%] Built target wait__action_status
-- Install configuration: ""
-- Installing: /home/yinyihao/ros2/install/generated_ros2_pkg/lib/generated_ros2_pkg/amcl_pose
-- Set runtime path of "/home/yinyihao/ros2/install/generated_ros2_pkg/lib/generated_ros2_pkg/amcl_pose" to ""
-- Installing: /home/yinyihao/ros2/install/generated_ros2_pkg/lib/generated_ros2_pkg/backup__action_cancel_goal
-- Set runtime path of "/home/yinyihao/ros2/install/generated_ros2_pkg/lib/generated_ros2_pkg/backup__action_cancel_goal" to ""
-- Installing: /home/yinyihao/ros2/install/generated_ros2_pkg/lib/generated_ros2_pkg/backup__action_feedback
-- Set runtime path of "/home/yinyihao/ros2/install/generated_ros2_pkg/lib/generated_ros2_pkg/backup__action_feedback" to ""
-- Installing: /home/yinyihao/ros2/install/generated_ros2_pkg/lib/generated_ros2_pkg/backup__action_result
-- Set runtime path of "/home/yinyihao/ros2/install/generated_ros2_pkg/lib/generated_ros2_pkg/backup__action_result" to ""
-- Installing: /home/yinyihao/ros2/install/generated_ros2_pkg/lib/generated_ros2_pkg/backup__action_status
-- Set runtime path of "/home/yinyihao/ros2/install/generated_ros2_pkg/lib/generated_ros2_pkg/backup__action_status" to ""
-- Installing: /home/yinyihao/ros2/install/generated_ros2_pkg/lib/generated_ros2_pkg/behavior_tree_log
-- Set runtime path of "/home/yinyihao/ros2/install/generated_ros2_pkg/lib/generated_ros2_pkg/behavior_tree_log" to ""
-- Installing: /home/yinyihao/ros2/install/generated_ros2_pkg/lib/generated_ros2_pkg/cmd_vel
-- Set runtime path of "/home/yinyihao/ros2/install/generated_ros2_pkg/lib/generated_ros2_pkg/cmd_vel" to ""
-- Installing: /home/yinyihao/ros2/install/generated_ros2_pkg/lib/generated_ros2_pkg/compute_path_through_poses__action_cancel_goal
-- Set runtime path of "/home/yinyihao/ros2/install/generated_ros2_pkg/lib/generated_ros2_pkg/compute_path_through_poses__action_cancel_goal" to ""
-- Installing: /home/yinyihao/ros2/install/generated_ros2_pkg/lib/generated_ros2_pkg/compute_path_through_poses__action_feedback
-- Set runtime path of "/home/yinyihao/ros2/install/generated_ros2_pkg/lib/generated_ros2_pkg/compute_path_through_poses__action_feedback" to ""
-- Installing: /home/yinyihao/ros2/install/generated_ros2_pkg/lib/generated_ros2_pkg/compute_path_through_poses__action_result
-- Set runtime path of "/home/yinyihao/ros2/install/generated_ros2_pkg/lib/generated_ros2_pkg/compute_path_through_poses__action_result" to ""
-- Installing: /home/yinyihao/ros2/install/generated_ros2_pkg/lib/generated_ros2_pkg/compute_path_through_poses__action_status
-- Set runtime path of "/home/yinyihao/ros2/install/generated_ros2_pkg/lib/generated_ros2_pkg/compute_path_through_poses__action_status" to ""
-- Installing: /home/yinyihao/ros2/install/generated_ros2_pkg/lib/generated_ros2_pkg/compute_path_to_pose__action_cancel_goal
-- Set runtime path of "/home/yinyihao/ros2/install/generated_ros2_pkg/lib/generated_ros2_pkg/compute_path_to_pose__action_cancel_goal" to ""
-- Installing: /home/yinyihao/ros2/install/generated_ros2_pkg/lib/generated_ros2_pkg/compute_path_to_pose__action_feedback
-- Set runtime path of "/home/yinyihao/ros2/install/generated_ros2_pkg/lib/generated_ros2_pkg/compute_path_to_pose__action_feedback" to ""
-- Installing: /home/yinyihao/ros2/install/generated_ros2_pkg/lib/generated_ros2_pkg/compute_path_to_pose__action_result
-- Set runtime path of "/home/yinyihao/ros2/install/generated_ros2_pkg/lib/generated_ros2_pkg/compute_path_to_pose__action_result" to ""
-- Installing: /home/yinyihao/ros2/install/generated_ros2_pkg/lib/generated_ros2_pkg/compute_path_to_pose__action_status
-- Set runtime path of "/home/yinyihao/ros2/install/generated_ros2_pkg/lib/generated_ros2_pkg/compute_path_to_pose__action_status" to ""
-- Installing: /home/yinyihao/ros2/install/generated_ros2_pkg/lib/generated_ros2_pkg/follow_path__action_cancel_goal
-- Set runtime path of "/home/yinyihao/ros2/install/generated_ros2_pkg/lib/generated_ros2_pkg/follow_path__action_cancel_goal" to ""
-- Installing: /home/yinyihao/ros2/install/generated_ros2_pkg/lib/generated_ros2_pkg/follow_path__action_feedback
-- Set runtime path of "/home/yinyihao/ros2/install/generated_ros2_pkg/lib/generated_ros2_pkg/follow_path__action_feedback" to ""
-- Installing: /home/yinyihao/ros2/install/generated_ros2_pkg/lib/generated_ros2_pkg/follow_path__action_result
-- Set runtime path of "/home/yinyihao/ros2/install/generated_ros2_pkg/lib/generated_ros2_pkg/follow_path__action_result" to ""
-- Installing: /home/yinyihao/ros2/install/generated_ros2_pkg/lib/generated_ros2_pkg/follow_path__action_status
-- Set runtime path of "/home/yinyihao/ros2/install/generated_ros2_pkg/lib/generated_ros2_pkg/follow_path__action_status" to ""
-- Installing: /home/yinyihao/ros2/install/generated_ros2_pkg/lib/generated_ros2_pkg/global_costmap_costmap
-- Set runtime path of "/home/yinyihao/ros2/install/generated_ros2_pkg/lib/generated_ros2_pkg/global_costmap_costmap" to ""
-- Installing: /home/yinyihao/ros2/install/generated_ros2_pkg/lib/generated_ros2_pkg/goal_pose
-- Set runtime path of "/home/yinyihao/ros2/install/generated_ros2_pkg/lib/generated_ros2_pkg/goal_pose" to ""
-- Installing: /home/yinyihao/ros2/install/generated_ros2_pkg/lib/generated_ros2_pkg/initialpose
-- Set runtime path of "/home/yinyihao/ros2/install/generated_ros2_pkg/lib/generated_ros2_pkg/initialpose" to ""
-- Installing: /home/yinyihao/ros2/install/generated_ros2_pkg/lib/generated_ros2_pkg/local_costmap_costmap
-- Set runtime path of "/home/yinyihao/ros2/install/generated_ros2_pkg/lib/generated_ros2_pkg/local_costmap_costmap" to ""
-- Installing: /home/yinyihao/ros2/install/generated_ros2_pkg/lib/generated_ros2_pkg/map
-- Set runtime path of "/home/yinyihao/ros2/install/generated_ros2_pkg/lib/generated_ros2_pkg/map" to ""
-- Installing: /home/yinyihao/ros2/install/generated_ros2_pkg/lib/generated_ros2_pkg/nav2_amcl
-- Set runtime path of "/home/yinyihao/ros2/install/generated_ros2_pkg/lib/generated_ros2_pkg/nav2_amcl" to ""
-- Installing: /home/yinyihao/ros2/install/generated_ros2_pkg/lib/generated_ros2_pkg/nav2_behavior_tree
-- Set runtime path of "/home/yinyihao/ros2/install/generated_ros2_pkg/lib/generated_ros2_pkg/nav2_behavior_tree" to ""
-- Installing: /home/yinyihao/ros2/install/generated_ros2_pkg/lib/generated_ros2_pkg/nav2_bt_navigator
-- Set runtime path of "/home/yinyihao/ros2/install/generated_ros2_pkg/lib/generated_ros2_pkg/nav2_bt_navigator" to ""
-- Installing: /home/yinyihao/ros2/install/generated_ros2_pkg/lib/generated_ros2_pkg/nav2_controller
-- Set runtime path of "/home/yinyihao/ros2/install/generated_ros2_pkg/lib/generated_ros2_pkg/nav2_controller" to ""
-- Installing: /home/yinyihao/ros2/install/generated_ros2_pkg/lib/generated_ros2_pkg/nav2_core
-- Set runtime path of "/home/yinyihao/ros2/install/generated_ros2_pkg/lib/generated_ros2_pkg/nav2_core" to ""
-- Installing: /home/yinyihao/ros2/install/generated_ros2_pkg/lib/generated_ros2_pkg/nav2_costmap_2d
-- Set runtime path of "/home/yinyihao/ros2/install/generated_ros2_pkg/lib/generated_ros2_pkg/nav2_costmap_2d" to ""
-- Installing: /home/yinyihao/ros2/install/generated_ros2_pkg/lib/generated_ros2_pkg/nav2_lifecycle_manager
-- Set runtime path of "/home/yinyihao/ros2/install/generated_ros2_pkg/lib/generated_ros2_pkg/nav2_lifecycle_manager" to ""
-- Installing: /home/yinyihao/ros2/install/generated_ros2_pkg/lib/generated_ros2_pkg/nav2_map_server
-- Set runtime path of "/home/yinyihao/ros2/install/generated_ros2_pkg/lib/generated_ros2_pkg/nav2_map_server" to ""
-- Installing: /home/yinyihao/ros2/install/generated_ros2_pkg/lib/generated_ros2_pkg/nav2_planner
-- Set runtime path of "/home/yinyihao/ros2/install/generated_ros2_pkg/lib/generated_ros2_pkg/nav2_planner" to ""
-- Installing: /home/yinyihao/ros2/install/generated_ros2_pkg/lib/generated_ros2_pkg/nav2_recoveries
-- Set runtime path of "/home/yinyihao/ros2/install/generated_ros2_pkg/lib/generated_ros2_pkg/nav2_recoveries" to ""
-- Installing: /home/yinyihao/ros2/install/generated_ros2_pkg/lib/generated_ros2_pkg/nav2_waypoint_follower
-- Set runtime path of "/home/yinyihao/ros2/install/generated_ros2_pkg/lib/generated_ros2_pkg/nav2_waypoint_follower" to ""
-- Installing: /home/yinyihao/ros2/install/generated_ros2_pkg/lib/generated_ros2_pkg/navigate_through_poses__action_cancel_goal
-- Set runtime path of "/home/yinyihao/ros2/install/generated_ros2_pkg/lib/generated_ros2_pkg/navigate_through_poses__action_cancel_goal" to ""
-- Installing: /home/yinyihao/ros2/install/generated_ros2_pkg/lib/generated_ros2_pkg/navigate_to_pose__action_cancel_goal
-- Set runtime path of "/home/yinyihao/ros2/install/generated_ros2_pkg/lib/generated_ros2_pkg/navigate_to_pose__action_cancel_goal" to ""
-- Installing: /home/yinyihao/ros2/install/generated_ros2_pkg/lib/generated_ros2_pkg/navigate_to_pose__action_feedback
-- Set runtime path of "/home/yinyihao/ros2/install/generated_ros2_pkg/lib/generated_ros2_pkg/navigate_to_pose__action_feedback" to ""
-- Installing: /home/yinyihao/ros2/install/generated_ros2_pkg/lib/generated_ros2_pkg/navigate_to_pose__action_result
-- Set runtime path of "/home/yinyihao/ros2/install/generated_ros2_pkg/lib/generated_ros2_pkg/navigate_to_pose__action_result" to ""
-- Installing: /home/yinyihao/ros2/install/generated_ros2_pkg/lib/generated_ros2_pkg/navigate_to_pose__action_status
-- Set runtime path of "/home/yinyihao/ros2/install/generated_ros2_pkg/lib/generated_ros2_pkg/navigate_to_pose__action_status" to ""
-- Installing: /home/yinyihao/ros2/install/generated_ros2_pkg/lib/generated_ros2_pkg/odom
-- Set runtime path of "/home/yinyihao/ros2/install/generated_ros2_pkg/lib/generated_ros2_pkg/odom" to ""
-- Installing: /home/yinyihao/ros2/install/generated_ros2_pkg/lib/generated_ros2_pkg/path
-- Set runtime path of "/home/yinyihao/ros2/install/generated_ros2_pkg/lib/generated_ros2_pkg/path" to ""
-- Installing: /home/yinyihao/ros2/install/generated_ros2_pkg/lib/generated_ros2_pkg/scan
-- Set runtime path of "/home/yinyihao/ros2/install/generated_ros2_pkg/lib/generated_ros2_pkg/scan" to ""
-- Installing: /home/yinyihao/ros2/install/generated_ros2_pkg/lib/generated_ros2_pkg/spin__action_cancel_goal
-- Set runtime path of "/home/yinyihao/ros2/install/generated_ros2_pkg/lib/generated_ros2_pkg/spin__action_cancel_goal" to ""
-- Installing: /home/yinyihao/ros2/install/generated_ros2_pkg/lib/generated_ros2_pkg/spin__action_feedback
-- Set runtime path of "/home/yinyihao/ros2/install/generated_ros2_pkg/lib/generated_ros2_pkg/spin__action_feedback" to ""
-- Installing: /home/yinyihao/ros2/install/generated_ros2_pkg/lib/generated_ros2_pkg/spin__action_result
-- Set runtime path of "/home/yinyihao/ros2/install/generated_ros2_pkg/lib/generated_ros2_pkg/spin__action_result" to ""
-- Installing: /home/yinyihao/ros2/install/generated_ros2_pkg/lib/generated_ros2_pkg/spin__action_status
-- Set runtime path of "/home/yinyihao/ros2/install/generated_ros2_pkg/lib/generated_ros2_pkg/spin__action_status" to ""
-- Installing: /home/yinyihao/ros2/install/generated_ros2_pkg/lib/generated_ros2_pkg/tf
-- Set runtime path of "/home/yinyihao/ros2/install/generated_ros2_pkg/lib/generated_ros2_pkg/tf" to ""
-- Installing: /home/yinyihao/ros2/install/generated_ros2_pkg/lib/generated_ros2_pkg/tf_static
-- Set runtime path of "/home/yinyihao/ros2/install/generated_ros2_pkg/lib/generated_ros2_pkg/tf_static" to ""
-- Installing: /home/yinyihao/ros2/install/generated_ros2_pkg/lib/generated_ros2_pkg/wait__action_cancel_goal
-- Set runtime path of "/home/yinyihao/ros2/install/generated_ros2_pkg/lib/generated_ros2_pkg/wait__action_cancel_goal" to ""
-- Installing: /home/yinyihao/ros2/install/generated_ros2_pkg/lib/generated_ros2_pkg/wait__action_feedback
-- Set runtime path of "/home/yinyihao/ros2/install/generated_ros2_pkg/lib/generated_ros2_pkg/wait__action_feedback" to ""
-- Installing: /home/yinyihao/ros2/install/generated_ros2_pkg/lib/generated_ros2_pkg/wait__action_result
-- Set runtime path of "/home/yinyihao/ros2/install/generated_ros2_pkg/lib/generated_ros2_pkg/wait__action_result" to ""
-- Installing: /home/yinyihao/ros2/install/generated_ros2_pkg/lib/generated_ros2_pkg/wait__action_status
-- Set runtime path of "/home/yinyihao/ros2/install/generated_ros2_pkg/lib/generated_ros2_pkg/wait__action_status" to ""
-- Up-to-date: /home/yinyihao/ros2/install/generated_ros2_pkg/share/generated_ros2_pkg/launch
-- Installing: /home/yinyihao/ros2/install/generated_ros2_pkg/share/generated_ros2_pkg/launch/generated_system.launch.py
-- Up-to-date: /home/yinyihao/ros2/install/generated_ros2_pkg/share/ament_index/resource_index/package_run_dependencies/generated_ros2_pkg
-- Up-to-date: /home/yinyihao/ros2/install/generated_ros2_pkg/share/ament_index/resource_index/parent_prefix_path/generated_ros2_pkg
-- Up-to-date: /home/yinyihao/ros2/install/generated_ros2_pkg/share/generated_ros2_pkg/environment/ament_prefix_path.sh
-- Installing: /home/yinyihao/ros2/install/generated_ros2_pkg/share/generated_ros2_pkg/environment/ament_prefix_path.dsv
-- Up-to-date: /home/yinyihao/ros2/install/generated_ros2_pkg/share/generated_ros2_pkg/environment/path.sh
-- Installing: /home/yinyihao/ros2/install/generated_ros2_pkg/share/generated_ros2_pkg/environment/path.dsv
-- Up-to-date: /home/yinyihao/ros2/install/generated_ros2_pkg/share/generated_ros2_pkg/local_setup.bash
-- Up-to-date: /home/yinyihao/ros2/install/generated_ros2_pkg/share/generated_ros2_pkg/local_setup.sh
-- Up-to-date: /home/yinyihao/ros2/install/generated_ros2_pkg/share/generated_ros2_pkg/local_setup.zsh
-- Installing: /home/yinyihao/ros2/install/generated_ros2_pkg/share/generated_ros2_pkg/local_setup.dsv
-- Installing: /home/yinyihao/ros2/install/generated_ros2_pkg/share/generated_ros2_pkg/package.dsv
-- Up-to-date: /home/yinyihao/ros2/install/generated_ros2_pkg/share/ament_index/resource_index/packages/generated_ros2_pkg
-- Up-to-date: /home/yinyihao/ros2/install/generated_ros2_pkg/share/generated_ros2_pkg/cmake/generated_ros2_pkgConfig.cmake
-- Up-to-date: /home/yinyihao/ros2/install/generated_ros2_pkg/share/generated_ros2_pkg/cmake/generated_ros2_pkgConfig-version.cmake
-- Installing: /home/yinyihao/ros2/install/generated_ros2_pkg/share/generated_ros2_pkg/package.xml
