[0.010s] Invoking command in '/home/yinyihao/ros2/build/generated_ros2_pkg': CMAKE_PREFIX_PATH=${CMAKE_PREFIX_PATH}:/home/yinyihao/ros2/install/nav2_race_min:/opt/ros/humble /usr/bin/cmake --build /home/yinyihao/ros2/build/generated_ros2_pkg
[0.037s] -- Found ament_cmake: 1.3.12 (/opt/ros/humble/share/ament_cmake/cmake)
[0.128s] -- Found rclcpp: 16.0.16 (/opt/ros/humble/share/rclcpp/cmake)
[0.518s] -- Found rosidl_generator_c: 3.1.7 (/opt/ros/humble/share/rosidl_generator_c/cmake)
[0.519s] -- Found rosidl_adapter: 3.1.7 (/opt/ros/humble/share/rosidl_adapter/cmake)
[0.523s] -- Found rosidl_generator_cpp: 3.1.7 (/opt/ros/humble/share/rosidl_generator_cpp/cmake)
[0.529s] -- Using all available rosidl_typesupport_c: rosidl_typesupport_fastrtps_c;rosidl_typesupport_introspection_c
[0.536s] -- Using all available rosidl_typesupport_cpp: rosidl_typesupport_fastrtps_cpp;rosidl_typesupport_introspection_cpp
[0.556s] -- Found rmw_implementation_cmake: 6.1.2 (/opt/ros/humble/share/rmw_implementation_cmake/cmake)
[0.557s] -- Found rmw_fastrtps_cpp: 6.2.9 (/opt/ros/humble/share/rmw_fastrtps_cpp/cmake)
[13.533s] -- Using RMW implementation 'rmw_fastrtps_cpp' as default
[13.575s] -- Found std_srvs: 4.9.0 (/opt/ros/humble/share/std_srvs/cmake)
[13.677s] -- Configuring done
[13.823s] -- Generating done
[13.869s] -- Build files have been written to: /home/yinyihao/ros2/build/generated_ros2_pkg
[13.894s] [  0%] [32mBuilding CXX object CMakeFiles/amcl_pose.dir/src/amcl_pose.cpp.o[0m
[17.486s] [  1%] [32m[1mLinking CXX executable amcl_pose[0m
[17.795s] [  1%] Built target amcl_pose
[17.806s] [  2%] [32mBuilding CXX object CMakeFiles/backup__action_cancel_goal.dir/src/backup__action_cancel_goal.cpp.o[0m
[23.437s] [  3%] [32m[1mLinking CXX executable backup__action_cancel_goal[0m
[23.833s] [  3%] Built target backup__action_cancel_goal
[23.845s] [  4%] [32mBuilding CXX object CMakeFiles/backup__action_feedback.dir/src/backup__action_feedback.cpp.o[0m
[29.299s] [  5%] [32m[1mLinking CXX executable backup__action_feedback[0m
[29.766s] [  5%] Built target backup__action_feedback
[29.778s] [  6%] [32mBuilding CXX object CMakeFiles/backup__action_result.dir/src/backup__action_result.cpp.o[0m
[35.616s] [  7%] [32m[1mLinking CXX executable backup__action_result[0m
[36.327s] [  7%] Built target backup__action_result
[36.341s] [  8%] [32mBuilding CXX object CMakeFiles/backup__action_status.dir/src/backup__action_status.cpp.o[0m
[41.992s] [  9%] [32m[1mLinking CXX executable backup__action_status[0m
[42.679s] [  9%] Built target backup__action_status
[42.695s] [ 10%] [32mBuilding CXX object CMakeFiles/behavior_tree_log.dir/src/behavior_tree_log.cpp.o[0m
[45.760s] [ 11%] [32m[1mLinking CXX executable behavior_tree_log[0m
[46.150s] [ 11%] Built target behavior_tree_log
[46.160s] [ 12%] [32mBuilding CXX object CMakeFiles/cmd_vel.dir/src/cmd_vel.cpp.o[0m
[49.014s] [ 13%] [32m[1mLinking CXX executable cmd_vel[0m
[49.424s] [ 13%] Built target cmd_vel
[49.437s] [ 14%] [32mBuilding CXX object CMakeFiles/compute_path_through_poses__action_cancel_goal.dir/src/compute_path_through_poses__action_cancel_goal.cpp.o[0m
[55.450s] [ 15%] [32m[1mLinking CXX executable compute_path_through_poses__action_cancel_goal[0m
[56.274s] [ 15%] Built target compute_path_through_poses__action_cancel_goal
[56.285s] [ 16%] [32mBuilding CXX object CMakeFiles/compute_path_through_poses__action_feedback.dir/src/compute_path_through_poses__action_feedback.cpp.o[0m
[62.341s] [ 16%] [32m[1mLinking CXX executable compute_path_through_poses__action_feedback[0m
[63.078s] [ 16%] Built target compute_path_through_poses__action_feedback
[63.112s] [ 17%] [32mBuilding CXX object CMakeFiles/compute_path_through_poses__action_result.dir/src/compute_path_through_poses__action_result.cpp.o[0m
[68.958s] [ 18%] [32m[1mLinking CXX executable compute_path_through_poses__action_result[0m
[69.585s] [ 18%] Built target compute_path_through_poses__action_result
[69.596s] [ 19%] [32mBuilding CXX object CMakeFiles/compute_path_through_poses__action_status.dir/src/compute_path_through_poses__action_status.cpp.o[0m
[75.161s] [ 20%] [32m[1mLinking CXX executable compute_path_through_poses__action_status[0m
[75.816s] [ 20%] Built target compute_path_through_poses__action_status
[75.828s] [ 21%] [32mBuilding CXX object CMakeFiles/compute_path_to_pose__action_cancel_goal.dir/src/compute_path_to_pose__action_cancel_goal.cpp.o[0m
[81.760s] [ 22%] [32m[1mLinking CXX executable compute_path_to_pose__action_cancel_goal[0m
[82.565s] [ 22%] Built target compute_path_to_pose__action_cancel_goal
[82.583s] [ 23%] [32mBuilding CXX object CMakeFiles/compute_path_to_pose__action_feedback.dir/src/compute_path_to_pose__action_feedback.cpp.o[0m
[88.498s] [ 24%] [32m[1mLinking CXX executable compute_path_to_pose__action_feedback[0m
[88.883s] [ 24%] Built target compute_path_to_pose__action_feedback
[88.895s] [ 25%] [32mBuilding CXX object CMakeFiles/compute_path_to_pose__action_result.dir/src/compute_path_to_pose__action_result.cpp.o[0m
[94.994s] [ 26%] [32m[1mLinking CXX executable compute_path_to_pose__action_result[0m
[95.733s] [ 26%] Built target compute_path_to_pose__action_result
[95.749s] [ 27%] [32mBuilding CXX object CMakeFiles/compute_path_to_pose__action_status.dir/src/compute_path_to_pose__action_status.cpp.o[0m
[101.477s] [ 28%] [32m[1mLinking CXX executable compute_path_to_pose__action_status[0m
[102.258s] [ 28%] Built target compute_path_to_pose__action_status
[102.273s] [ 29%] [32mBuilding CXX object CMakeFiles/follow_path__action_cancel_goal.dir/src/follow_path__action_cancel_goal.cpp.o[0m
[108.116s] [ 30%] [32m[1mLinking CXX executable follow_path__action_cancel_goal[0m
[108.833s] [ 30%] Built target follow_path__action_cancel_goal
[108.850s] [ 31%] [32mBuilding CXX object CMakeFiles/follow_path__action_feedback.dir/src/follow_path__action_feedback.cpp.o[0m
[114.741s] [ 32%] [32m[1mLinking CXX executable follow_path__action_feedback[0m
[115.389s] [ 32%] Built target follow_path__action_feedback
[115.400s] [ 33%] [32mBuilding CXX object CMakeFiles/follow_path__action_result.dir/src/follow_path__action_result.cpp.o[0m
[121.374s] [ 33%] [32m[1mLinking CXX executable follow_path__action_result[0m
[122.031s] [ 33%] Built target follow_path__action_result
[122.042s] [ 34%] [32mBuilding CXX object CMakeFiles/follow_path__action_status.dir/src/follow_path__action_status.cpp.o[0m
[128.106s] [ 35%] [32m[1mLinking CXX executable follow_path__action_status[0m
[128.925s] [ 35%] Built target follow_path__action_status
[128.938s] [ 36%] [32mBuilding CXX object CMakeFiles/global_costmap_costmap.dir/src/global_costmap_costmap.cpp.o[0m
[134.544s] [ 37%] [32m[1mLinking CXX executable global_costmap_costmap[0m
[135.297s] [ 37%] Built target global_costmap_costmap
[135.308s] [35m[1mConsolidate compiler generated dependencies of target goal_pose[0m
[135.319s] [ 38%] [32mBuilding CXX object CMakeFiles/goal_pose.dir/src/goal_pose.cpp.o[0m
[141.234s] [ 39%] [32m[1mLinking CXX executable goal_pose[0m
[142.030s] [ 39%] Built target goal_pose
[142.044s] [ 40%] [32mBuilding CXX object CMakeFiles/initialpose.dir/src/initialpose.cpp.o[0m
[147.994s] [ 41%] [32m[1mLinking CXX executable initialpose[0m
[148.679s] [ 41%] Built target initialpose
[148.692s] [ 42%] [32mBuilding CXX object CMakeFiles/local_costmap_costmap.dir/src/local_costmap_costmap.cpp.o[0m
[154.638s] [ 43%] [32m[1mLinking CXX executable local_costmap_costmap[0m
[155.402s] [ 43%] Built target local_costmap_costmap
[155.416s] [ 44%] [32mBuilding CXX object CMakeFiles/map.dir/src/map.cpp.o[0m
[161.900s] [ 45%] [32m[1mLinking CXX executable map[0m
[162.383s] [ 45%] Built target map
[162.395s] [ 46%] [32mBuilding CXX object CMakeFiles/nav2_amcl.dir/src/nav2_amcl.cpp.o[0m
[168.380s] [ 47%] [32m[1mLinking CXX executable nav2_amcl[0m
[168.846s] [ 47%] Built target nav2_amcl
[168.860s] [ 48%] [32mBuilding CXX object CMakeFiles/nav2_behavior_tree.dir/src/nav2_behavior_tree.cpp.o[0m
[171.124s] [ 49%] [32m[1mLinking CXX executable nav2_behavior_tree[0m
[171.692s] [ 49%] Built target nav2_behavior_tree
[171.706s] [ 50%] [32mBuilding CXX object CMakeFiles/nav2_bt_navigator.dir/src/nav2_bt_navigator.cpp.o[0m
[178.222s] [ 50%] [32m[1mLinking CXX executable nav2_bt_navigator[0m
[178.950s] [ 50%] Built target nav2_bt_navigator
[178.962s] [ 51%] [32mBuilding CXX object CMakeFiles/nav2_controller.dir/src/nav2_controller.cpp.o[0m
[185.472s] [ 52%] [32m[1mLinking CXX executable nav2_controller[0m
[186.222s] [ 52%] Built target nav2_controller
[186.261s] [ 53%] [32mBuilding CXX object CMakeFiles/nav2_core.dir/src/nav2_core.cpp.o[0m
[188.524s] [ 54%] [32m[1mLinking CXX executable nav2_core[0m
[189.047s] [ 54%] Built target nav2_core
[189.058s] [ 55%] [32mBuilding CXX object CMakeFiles/nav2_costmap_2d.dir/src/nav2_costmap_2d.cpp.o[0m
[191.265s] [ 56%] [32m[1mLinking CXX executable nav2_costmap_2d[0m
[191.887s] [ 56%] Built target nav2_costmap_2d
[191.902s] [ 57%] [32mBuilding CXX object CMakeFiles/nav2_lifecycle_manager.dir/src/nav2_lifecycle_manager.cpp.o[0m
[193.963s] [ 58%] [32m[1mLinking CXX executable nav2_lifecycle_manager[0m
[194.395s] [ 58%] Built target nav2_lifecycle_manager
[194.408s] [ 59%] [32mBuilding CXX object CMakeFiles/nav2_map_server.dir/src/nav2_map_server.cpp.o[0m
[197.345s] [ 60%] [32m[1mLinking CXX executable nav2_map_server[0m
[197.754s] [ 60%] Built target nav2_map_server
[197.768s] [ 61%] [32mBuilding CXX object CMakeFiles/nav2_planner.dir/src/nav2_planner.cpp.o[0m
[203.772s] [ 62%] [32m[1mLinking CXX executable nav2_planner[0m
[204.202s] [ 62%] Built target nav2_planner
[204.216s] [ 63%] [32mBuilding CXX object CMakeFiles/nav2_recoveries.dir/src/nav2_recoveries.cpp.o[0m
[210.514s] [ 64%] [32m[1mLinking CXX executable nav2_recoveries[0m
[211.328s] [ 64%] Built target nav2_recoveries
[211.347s] [ 65%] [32mBuilding CXX object CMakeFiles/nav2_waypoint_follower.dir/src/nav2_waypoint_follower.cpp.o[0m
[217.353s] [ 66%] [32m[1mLinking CXX executable nav2_waypoint_follower[0m
[217.997s] [ 66%] Built target nav2_waypoint_follower
[218.009s] [ 66%] [32mBuilding CXX object CMakeFiles/navigate_through_poses__action_cancel_goal.dir/src/navigate_through_poses__action_cancel_goal.cpp.o[0m
[224.294s] [ 67%] [32m[1mLinking CXX executable navigate_through_poses__action_cancel_goal[0m
[224.978s] [ 67%] Built target navigate_through_poses__action_cancel_goal
[224.989s] [ 68%] [32mBuilding CXX object CMakeFiles/navigate_to_pose__action_cancel_goal.dir/src/navigate_to_pose__action_cancel_goal.cpp.o[0m
[230.794s] [ 69%] [32m[1mLinking CXX executable navigate_to_pose__action_cancel_goal[0m
[231.413s] [ 69%] Built target navigate_to_pose__action_cancel_goal
[231.425s] [ 70%] [32mBuilding CXX object CMakeFiles/navigate_to_pose__action_feedback.dir/src/navigate_to_pose__action_feedback.cpp.o[0m
[237.029s] [ 71%] [32m[1mLinking CXX executable navigate_to_pose__action_feedback[0m
[237.585s] [ 71%] Built target navigate_to_pose__action_feedback
[237.597s] [ 72%] [32mBuilding CXX object CMakeFiles/navigate_to_pose__action_result.dir/src/navigate_to_pose__action_result.cpp.o[0m
[243.519s] [ 73%] [32m[1mLinking CXX executable navigate_to_pose__action_result[0m
[244.385s] [ 73%] Built target navigate_to_pose__action_result
[244.396s] [ 74%] [32mBuilding CXX object CMakeFiles/navigate_to_pose__action_status.dir/src/navigate_to_pose__action_status.cpp.o[0m
[250.372s] [ 75%] [32m[1mLinking CXX executable navigate_to_pose__action_status[0m
[251.134s] [ 75%] Built target navigate_to_pose__action_status
[251.145s] [ 76%] [32mBuilding CXX object CMakeFiles/odom.dir/src/odom.cpp.o[0m
[257.330s] [ 77%] [32m[1mLinking CXX executable odom[0m
[257.839s] [ 77%] Built target odom
[257.850s] [ 78%] [32mBuilding CXX object CMakeFiles/path.dir/src/path.cpp.o[0m
[263.636s] [ 79%] [32m[1mLinking CXX executable path[0m
[264.216s] [ 79%] Built target path
[264.234s] [ 80%] [32mBuilding CXX object CMakeFiles/scan.dir/src/scan.cpp.o[0m
[269.893s] [ 81%] [32m[1mLinking CXX executable scan[0m
[270.617s] [ 81%] Built target scan
[270.632s] [ 82%] [32mBuilding CXX object CMakeFiles/spin__action_cancel_goal.dir/src/spin__action_cancel_goal.cpp.o[0m
[276.428s] [ 83%] [32m[1mLinking CXX executable spin__action_cancel_goal[0m
[277.160s] [ 83%] Built target spin__action_cancel_goal
[277.172s] [ 83%] [32mBuilding CXX object CMakeFiles/spin__action_feedback.dir/src/spin__action_feedback.cpp.o[0m
[283.381s] [ 84%] [32m[1mLinking CXX executable spin__action_feedback[0m
[284.105s] [ 84%] Built target spin__action_feedback
[284.118s] [ 85%] [32mBuilding CXX object CMakeFiles/spin__action_result.dir/src/spin__action_result.cpp.o[0m
[290.047s] [ 86%] [32m[1mLinking CXX executable spin__action_result[0m
[290.772s] [ 86%] Built target spin__action_result
[290.807s] [ 87%] [32mBuilding CXX object CMakeFiles/spin__action_status.dir/src/spin__action_status.cpp.o[0m
[296.249s] [ 88%] [32m[1mLinking CXX executable spin__action_status[0m
[296.824s] [ 88%] Built target spin__action_status
[296.834s] [35m[1mConsolidate compiler generated dependencies of target tf[0m
[296.844s] [ 89%] [32mBuilding CXX object CMakeFiles/tf.dir/src/tf.cpp.o[0m
[302.868s] [ 90%] [32m[1mLinking CXX executable tf[0m
[303.378s] [ 90%] Built target tf
[303.390s] [ 91%] [32mBuilding CXX object CMakeFiles/tf_static.dir/src/tf_static.cpp.o[0m
[309.281s] [ 92%] [32m[1mLinking CXX executable tf_static[0m
[310.086s] [ 92%] Built target tf_static
[310.108s] [ 93%] [32mBuilding CXX object CMakeFiles/wait__action_cancel_goal.dir/src/wait__action_cancel_goal.cpp.o[0m
[316.090s] [ 94%] [32m[1mLinking CXX executable wait__action_cancel_goal[0m
[316.629s] [ 94%] Built target wait__action_cancel_goal
[316.652s] [ 95%] [32mBuilding CXX object CMakeFiles/wait__action_feedback.dir/src/wait__action_feedback.cpp.o[0m
[322.514s] [ 96%] [32m[1mLinking CXX executable wait__action_feedback[0m
[323.102s] [ 96%] Built target wait__action_feedback
[323.113s] [ 97%] [32mBuilding CXX object CMakeFiles/wait__action_result.dir/src/wait__action_result.cpp.o[0m
[328.587s] [ 98%] [32m[1mLinking CXX executable wait__action_result[0m
[329.201s] [ 98%] Built target wait__action_result
[329.224s] [ 99%] [32mBuilding CXX object CMakeFiles/wait__action_status.dir/src/wait__action_status.cpp.o[0m
[334.983s] [100%] [32m[1mLinking CXX executable wait__action_status[0m
[335.561s] [100%] Built target wait__action_status
[335.575s] Invoked command in '/home/yinyihao/ros2/build/generated_ros2_pkg' returned '0': CMAKE_PREFIX_PATH=${CMAKE_PREFIX_PATH}:/home/yinyihao/ros2/install/nav2_race_min:/opt/ros/humble /usr/bin/cmake --build /home/yinyihao/ros2/build/generated_ros2_pkg
[335.582s] Invoking command in '/home/yinyihao/ros2/build/generated_ros2_pkg': CMAKE_PREFIX_PATH=${CMAKE_PREFIX_PATH}:/home/yinyihao/ros2/install/nav2_race_min:/opt/ros/humble /usr/bin/cmake --install /home/yinyihao/ros2/build/generated_ros2_pkg
[335.586s] -- Install configuration: ""
[335.586s] -- Installing: /home/yinyihao/ros2/install/generated_ros2_pkg/lib/generated_ros2_pkg/amcl_pose
[335.587s] -- Set runtime path of "/home/yinyihao/ros2/install/generated_ros2_pkg/lib/generated_ros2_pkg/amcl_pose" to ""
[335.587s] -- Installing: /home/yinyihao/ros2/install/generated_ros2_pkg/lib/generated_ros2_pkg/backup__action_cancel_goal
[335.589s] -- Set runtime path of "/home/yinyihao/ros2/install/generated_ros2_pkg/lib/generated_ros2_pkg/backup__action_cancel_goal" to ""
[335.589s] -- Installing: /home/yinyihao/ros2/install/generated_ros2_pkg/lib/generated_ros2_pkg/backup__action_feedback
[335.591s] -- Set runtime path of "/home/yinyihao/ros2/install/generated_ros2_pkg/lib/generated_ros2_pkg/backup__action_feedback" to ""
[335.591s] -- Installing: /home/yinyihao/ros2/install/generated_ros2_pkg/lib/generated_ros2_pkg/backup__action_result
[335.594s] -- Set runtime path of "/home/yinyihao/ros2/install/generated_ros2_pkg/lib/generated_ros2_pkg/backup__action_result" to ""
[335.594s] -- Installing: /home/yinyihao/ros2/install/generated_ros2_pkg/lib/generated_ros2_pkg/backup__action_status
[335.596s] -- Set runtime path of "/home/yinyihao/ros2/install/generated_ros2_pkg/lib/generated_ros2_pkg/backup__action_status" to ""
[335.596s] -- Installing: /home/yinyihao/ros2/install/generated_ros2_pkg/lib/generated_ros2_pkg/behavior_tree_log
[335.597s] -- Set runtime path of "/home/yinyihao/ros2/install/generated_ros2_pkg/lib/generated_ros2_pkg/behavior_tree_log" to ""
[335.597s] -- Installing: /home/yinyihao/ros2/install/generated_ros2_pkg/lib/generated_ros2_pkg/cmd_vel
[335.598s] -- Set runtime path of "/home/yinyihao/ros2/install/generated_ros2_pkg/lib/generated_ros2_pkg/cmd_vel" to ""
[335.598s] -- Installing: /home/yinyihao/ros2/install/generated_ros2_pkg/lib/generated_ros2_pkg/compute_path_through_poses__action_cancel_goal
[335.600s] -- Set runtime path of "/home/yinyihao/ros2/install/generated_ros2_pkg/lib/generated_ros2_pkg/compute_path_through_poses__action_cancel_goal" to ""
[335.600s] -- Installing: /home/yinyihao/ros2/install/generated_ros2_pkg/lib/generated_ros2_pkg/compute_path_through_poses__action_feedback
[335.602s] -- Set runtime path of "/home/yinyihao/ros2/install/generated_ros2_pkg/lib/generated_ros2_pkg/compute_path_through_poses__action_feedback" to ""
[335.602s] -- Installing: /home/yinyihao/ros2/install/generated_ros2_pkg/lib/generated_ros2_pkg/compute_path_through_poses__action_result
[335.605s] -- Set runtime path of "/home/yinyihao/ros2/install/generated_ros2_pkg/lib/generated_ros2_pkg/compute_path_through_poses__action_result" to ""
[335.605s] -- Installing: /home/yinyihao/ros2/install/generated_ros2_pkg/lib/generated_ros2_pkg/compute_path_through_poses__action_status
[335.607s] -- Set runtime path of "/home/yinyihao/ros2/install/generated_ros2_pkg/lib/generated_ros2_pkg/compute_path_through_poses__action_status" to ""
[335.607s] -- Installing: /home/yinyihao/ros2/install/generated_ros2_pkg/lib/generated_ros2_pkg/compute_path_to_pose__action_cancel_goal
[335.610s] -- Set runtime path of "/home/yinyihao/ros2/install/generated_ros2_pkg/lib/generated_ros2_pkg/compute_path_to_pose__action_cancel_goal" to ""
[335.610s] -- Installing: /home/yinyihao/ros2/install/generated_ros2_pkg/lib/generated_ros2_pkg/compute_path_to_pose__action_feedback
[335.617s] -- Set runtime path of "/home/yinyihao/ros2/install/generated_ros2_pkg/lib/generated_ros2_pkg/compute_path_to_pose__action_feedback" to ""
[335.617s] -- Installing: /home/yinyihao/ros2/install/generated_ros2_pkg/lib/generated_ros2_pkg/compute_path_to_pose__action_result
[335.620s] -- Set runtime path of "/home/yinyihao/ros2/install/generated_ros2_pkg/lib/generated_ros2_pkg/compute_path_to_pose__action_result" to ""
[335.620s] -- Installing: /home/yinyihao/ros2/install/generated_ros2_pkg/lib/generated_ros2_pkg/compute_path_to_pose__action_status
[335.623s] -- Set runtime path of "/home/yinyihao/ros2/install/generated_ros2_pkg/lib/generated_ros2_pkg/compute_path_to_pose__action_status" to ""
[335.623s] -- Installing: /home/yinyihao/ros2/install/generated_ros2_pkg/lib/generated_ros2_pkg/follow_path__action_cancel_goal
[335.626s] -- Set runtime path of "/home/yinyihao/ros2/install/generated_ros2_pkg/lib/generated_ros2_pkg/follow_path__action_cancel_goal" to ""
[335.627s] -- Installing: /home/yinyihao/ros2/install/generated_ros2_pkg/lib/generated_ros2_pkg/follow_path__action_feedback
[335.633s] -- Set runtime path of "/home/yinyihao/ros2/install/generated_ros2_pkg/lib/generated_ros2_pkg/follow_path__action_feedback" to ""
[335.633s] -- Installing: /home/yinyihao/ros2/install/generated_ros2_pkg/lib/generated_ros2_pkg/follow_path__action_result
[335.639s] -- Set runtime path of "/home/yinyihao/ros2/install/generated_ros2_pkg/lib/generated_ros2_pkg/follow_path__action_result" to ""
[335.640s] -- Installing: /home/yinyihao/ros2/install/generated_ros2_pkg/lib/generated_ros2_pkg/follow_path__action_status
[335.643s] -- Set runtime path of "/home/yinyihao/ros2/install/generated_ros2_pkg/lib/generated_ros2_pkg/follow_path__action_status" to ""
[335.644s] -- Installing: /home/yinyihao/ros2/install/generated_ros2_pkg/lib/generated_ros2_pkg/global_costmap_costmap
[335.646s] -- Set runtime path of "/home/yinyihao/ros2/install/generated_ros2_pkg/lib/generated_ros2_pkg/global_costmap_costmap" to ""
[335.647s] -- Installing: /home/yinyihao/ros2/install/generated_ros2_pkg/lib/generated_ros2_pkg/goal_pose
[335.650s] -- Set runtime path of "/home/yinyihao/ros2/install/generated_ros2_pkg/lib/generated_ros2_pkg/goal_pose" to ""
[335.650s] -- Installing: /home/yinyihao/ros2/install/generated_ros2_pkg/lib/generated_ros2_pkg/initialpose
[335.652s] -- Set runtime path of "/home/yinyihao/ros2/install/generated_ros2_pkg/lib/generated_ros2_pkg/initialpose" to ""
[335.652s] -- Installing: /home/yinyihao/ros2/install/generated_ros2_pkg/lib/generated_ros2_pkg/local_costmap_costmap
[335.654s] -- Set runtime path of "/home/yinyihao/ros2/install/generated_ros2_pkg/lib/generated_ros2_pkg/local_costmap_costmap" to ""
[335.654s] -- Installing: /home/yinyihao/ros2/install/generated_ros2_pkg/lib/generated_ros2_pkg/map
[335.657s] -- Set runtime path of "/home/yinyihao/ros2/install/generated_ros2_pkg/lib/generated_ros2_pkg/map" to ""
[335.657s] -- Installing: /home/yinyihao/ros2/install/generated_ros2_pkg/lib/generated_ros2_pkg/nav2_amcl
[335.660s] -- Set runtime path of "/home/yinyihao/ros2/install/generated_ros2_pkg/lib/generated_ros2_pkg/nav2_amcl" to ""
[335.660s] -- Installing: /home/yinyihao/ros2/install/generated_ros2_pkg/lib/generated_ros2_pkg/nav2_behavior_tree
[335.660s] -- Set runtime path of "/home/yinyihao/ros2/install/generated_ros2_pkg/lib/generated_ros2_pkg/nav2_behavior_tree" to ""
[335.660s] -- Installing: /home/yinyihao/ros2/install/generated_ros2_pkg/lib/generated_ros2_pkg/nav2_bt_navigator
[335.665s] -- Set runtime path of "/home/yinyihao/ros2/install/generated_ros2_pkg/lib/generated_ros2_pkg/nav2_bt_navigator" to ""
[335.665s] -- Installing: /home/yinyihao/ros2/install/generated_ros2_pkg/lib/generated_ros2_pkg/nav2_controller
[335.667s] -- Set runtime path of "/home/yinyihao/ros2/install/generated_ros2_pkg/lib/generated_ros2_pkg/nav2_controller" to ""
[335.667s] -- Installing: /home/yinyihao/ros2/install/generated_ros2_pkg/lib/generated_ros2_pkg/nav2_core
[335.668s] -- Set runtime path of "/home/yinyihao/ros2/install/generated_ros2_pkg/lib/generated_ros2_pkg/nav2_core" to ""
[335.668s] -- Installing: /home/yinyihao/ros2/install/generated_ros2_pkg/lib/generated_ros2_pkg/nav2_costmap_2d
[335.668s] -- Set runtime path of "/home/yinyihao/ros2/install/generated_ros2_pkg/lib/generated_ros2_pkg/nav2_costmap_2d" to ""
[335.668s] -- Installing: /home/yinyihao/ros2/install/generated_ros2_pkg/lib/generated_ros2_pkg/nav2_lifecycle_manager
[335.668s] -- Set runtime path of "/home/yinyihao/ros2/install/generated_ros2_pkg/lib/generated_ros2_pkg/nav2_lifecycle_manager" to ""
[335.668s] -- Installing: /home/yinyihao/ros2/install/generated_ros2_pkg/lib/generated_ros2_pkg/nav2_map_server
[335.669s] -- Set runtime path of "/home/yinyihao/ros2/install/generated_ros2_pkg/lib/generated_ros2_pkg/nav2_map_server" to ""
[335.669s] -- Installing: /home/yinyihao/ros2/install/generated_ros2_pkg/lib/generated_ros2_pkg/nav2_planner
[335.672s] -- Set runtime path of "/home/yinyihao/ros2/install/generated_ros2_pkg/lib/generated_ros2_pkg/nav2_planner" to ""
[335.672s] -- Installing: /home/yinyihao/ros2/install/generated_ros2_pkg/lib/generated_ros2_pkg/nav2_recoveries
[335.674s] -- Set runtime path of "/home/yinyihao/ros2/install/generated_ros2_pkg/lib/generated_ros2_pkg/nav2_recoveries" to ""
[335.674s] -- Installing: /home/yinyihao/ros2/install/generated_ros2_pkg/lib/generated_ros2_pkg/nav2_waypoint_follower
[335.676s] -- Set runtime path of "/home/yinyihao/ros2/install/generated_ros2_pkg/lib/generated_ros2_pkg/nav2_waypoint_follower" to ""
[335.676s] -- Installing: /home/yinyihao/ros2/install/generated_ros2_pkg/lib/generated_ros2_pkg/navigate_through_poses__action_cancel_goal
[335.679s] -- Set runtime path of "/home/yinyihao/ros2/install/generated_ros2_pkg/lib/generated_ros2_pkg/navigate_through_poses__action_cancel_goal" to ""
[335.679s] -- Installing: /home/yinyihao/ros2/install/generated_ros2_pkg/lib/generated_ros2_pkg/navigate_to_pose__action_cancel_goal
[335.680s] -- Set runtime path of "/home/yinyihao/ros2/install/generated_ros2_pkg/lib/generated_ros2_pkg/navigate_to_pose__action_cancel_goal" to ""
[335.680s] -- Installing: /home/yinyihao/ros2/install/generated_ros2_pkg/lib/generated_ros2_pkg/navigate_to_pose__action_feedback
[335.683s] -- Set runtime path of "/home/yinyihao/ros2/install/generated_ros2_pkg/lib/generated_ros2_pkg/navigate_to_pose__action_feedback" to ""
[335.683s] -- Installing: /home/yinyihao/ros2/install/generated_ros2_pkg/lib/generated_ros2_pkg/navigate_to_pose__action_result
[335.685s] -- Set runtime path of "/home/yinyihao/ros2/install/generated_ros2_pkg/lib/generated_ros2_pkg/navigate_to_pose__action_result" to ""
[335.685s] -- Installing: /home/yinyihao/ros2/install/generated_ros2_pkg/lib/generated_ros2_pkg/navigate_to_pose__action_status
[335.687s] -- Set runtime path of "/home/yinyihao/ros2/install/generated_ros2_pkg/lib/generated_ros2_pkg/navigate_to_pose__action_status" to ""
[335.687s] -- Installing: /home/yinyihao/ros2/install/generated_ros2_pkg/lib/generated_ros2_pkg/odom
[335.689s] -- Set runtime path of "/home/yinyihao/ros2/install/generated_ros2_pkg/lib/generated_ros2_pkg/odom" to ""
[335.690s] -- Installing: /home/yinyihao/ros2/install/generated_ros2_pkg/lib/generated_ros2_pkg/path
[335.692s] -- Set runtime path of "/home/yinyihao/ros2/install/generated_ros2_pkg/lib/generated_ros2_pkg/path" to ""
[335.692s] -- Installing: /home/yinyihao/ros2/install/generated_ros2_pkg/lib/generated_ros2_pkg/scan
[335.694s] -- Set runtime path of "/home/yinyihao/ros2/install/generated_ros2_pkg/lib/generated_ros2_pkg/scan" to ""
[335.694s] -- Installing: /home/yinyihao/ros2/install/generated_ros2_pkg/lib/generated_ros2_pkg/spin__action_cancel_goal
[335.697s] -- Set runtime path of "/home/yinyihao/ros2/install/generated_ros2_pkg/lib/generated_ros2_pkg/spin__action_cancel_goal" to ""
[335.697s] -- Installing: /home/yinyihao/ros2/install/generated_ros2_pkg/lib/generated_ros2_pkg/spin__action_feedback
[335.699s] -- Set runtime path of "/home/yinyihao/ros2/install/generated_ros2_pkg/lib/generated_ros2_pkg/spin__action_feedback" to ""
[335.699s] -- Installing: /home/yinyihao/ros2/install/generated_ros2_pkg/lib/generated_ros2_pkg/spin__action_result
[335.701s] -- Set runtime path of "/home/yinyihao/ros2/install/generated_ros2_pkg/lib/generated_ros2_pkg/spin__action_result" to ""
[335.701s] -- Installing: /home/yinyihao/ros2/install/generated_ros2_pkg/lib/generated_ros2_pkg/spin__action_status
[335.703s] -- Set runtime path of "/home/yinyihao/ros2/install/generated_ros2_pkg/lib/generated_ros2_pkg/spin__action_status" to ""
[335.704s] -- Installing: /home/yinyihao/ros2/install/generated_ros2_pkg/lib/generated_ros2_pkg/tf
[335.707s] -- Set runtime path of "/home/yinyihao/ros2/install/generated_ros2_pkg/lib/generated_ros2_pkg/tf" to ""
[335.707s] -- Installing: /home/yinyihao/ros2/install/generated_ros2_pkg/lib/generated_ros2_pkg/tf_static
[335.709s] -- Set runtime path of "/home/yinyihao/ros2/install/generated_ros2_pkg/lib/generated_ros2_pkg/tf_static" to ""
[335.709s] -- Installing: /home/yinyihao/ros2/install/generated_ros2_pkg/lib/generated_ros2_pkg/wait__action_cancel_goal
[335.710s] -- Set runtime path of "/home/yinyihao/ros2/install/generated_ros2_pkg/lib/generated_ros2_pkg/wait__action_cancel_goal" to ""
[335.710s] -- Installing: /home/yinyihao/ros2/install/generated_ros2_pkg/lib/generated_ros2_pkg/wait__action_feedback
[335.713s] -- Set runtime path of "/home/yinyihao/ros2/install/generated_ros2_pkg/lib/generated_ros2_pkg/wait__action_feedback" to ""
[335.713s] -- Installing: /home/yinyihao/ros2/install/generated_ros2_pkg/lib/generated_ros2_pkg/wait__action_result
[335.714s] -- Set runtime path of "/home/yinyihao/ros2/install/generated_ros2_pkg/lib/generated_ros2_pkg/wait__action_result" to ""
[335.714s] -- Installing: /home/yinyihao/ros2/install/generated_ros2_pkg/lib/generated_ros2_pkg/wait__action_status
[335.716s] -- Set runtime path of "/home/yinyihao/ros2/install/generated_ros2_pkg/lib/generated_ros2_pkg/wait__action_status" to ""
[335.716s] -- Up-to-date: /home/yinyihao/ros2/install/generated_ros2_pkg/share/generated_ros2_pkg/launch
[335.716s] -- Installing: /home/yinyihao/ros2/install/generated_ros2_pkg/share/generated_ros2_pkg/launch/generated_system.launch.py
[335.717s] -- Up-to-date: /home/yinyihao/ros2/install/generated_ros2_pkg/share/ament_index/resource_index/package_run_dependencies/generated_ros2_pkg
[335.717s] -- Up-to-date: /home/yinyihao/ros2/install/generated_ros2_pkg/share/ament_index/resource_index/parent_prefix_path/generated_ros2_pkg
[335.717s] -- Up-to-date: /home/yinyihao/ros2/install/generated_ros2_pkg/share/generated_ros2_pkg/environment/ament_prefix_path.sh
[335.717s] -- Installing: /home/yinyihao/ros2/install/generated_ros2_pkg/share/generated_ros2_pkg/environment/ament_prefix_path.dsv
[335.717s] -- Up-to-date: /home/yinyihao/ros2/install/generated_ros2_pkg/share/generated_ros2_pkg/environment/path.sh
[335.717s] -- Installing: /home/yinyihao/ros2/install/generated_ros2_pkg/share/generated_ros2_pkg/environment/path.dsv
[335.717s] -- Up-to-date: /home/yinyihao/ros2/install/generated_ros2_pkg/share/generated_ros2_pkg/local_setup.bash
[335.717s] -- Up-to-date: /home/yinyihao/ros2/install/generated_ros2_pkg/share/generated_ros2_pkg/local_setup.sh
[335.717s] -- Up-to-date: /home/yinyihao/ros2/install/generated_ros2_pkg/share/generated_ros2_pkg/local_setup.zsh
[335.717s] -- Installing: /home/yinyihao/ros2/install/generated_ros2_pkg/share/generated_ros2_pkg/local_setup.dsv
[335.717s] -- Installing: /home/yinyihao/ros2/install/generated_ros2_pkg/share/generated_ros2_pkg/package.dsv
[335.717s] -- Up-to-date: /home/yinyihao/ros2/install/generated_ros2_pkg/share/ament_index/resource_index/packages/generated_ros2_pkg
[335.717s] -- Up-to-date: /home/yinyihao/ros2/install/generated_ros2_pkg/share/generated_ros2_pkg/cmake/generated_ros2_pkgConfig.cmake
[335.717s] -- Up-to-date: /home/yinyihao/ros2/install/generated_ros2_pkg/share/generated_ros2_pkg/cmake/generated_ros2_pkgConfig-version.cmake
[335.717s] -- Installing: /home/yinyihao/ros2/install/generated_ros2_pkg/share/generated_ros2_pkg/package.xml
[335.719s] Invoked command in '/home/yinyihao/ros2/build/generated_ros2_pkg' returned '0': CMAKE_PREFIX_PATH=${CMAKE_PREFIX_PATH}:/home/yinyihao/ros2/install/nav2_race_min:/opt/ros/humble /usr/bin/cmake --install /home/yinyihao/ros2/build/generated_ros2_pkg
