-- Found ament_cmake: 1.3.12 (/opt/ros/humble/share/ament_cmake/cmake)
-- Found rclcpp: 16.0.16 (/opt/ros/humble/share/rclcpp/cmake)
-- Found rosidl_generator_c: 3.1.7 (/opt/ros/humble/share/rosidl_generator_c/cmake)
-- Found rosidl_adapter: 3.1.7 (/opt/ros/humble/share/rosidl_adapter/cmake)
-- Found rosidl_generator_cpp: 3.1.7 (/opt/ros/humble/share/rosidl_generator_cpp/cmake)
-- Using all available rosidl_typesupport_c: rosidl_typesupport_fastrtps_c;rosidl_typesupport_introspection_c
-- Using all available rosidl_typesupport_cpp: rosidl_typesupport_fastrtps_cpp;rosidl_typesupport_introspection_cpp
-- Found rmw_implementation_cmake: 6.1.2 (/opt/ros/humble/share/rmw_implementation_cmake/cmake)
-- Found rmw_fastrtps_cpp: 6.2.9 (/opt/ros/humble/share/rmw_fastrtps_cpp/cmake)
-- Using RMW implementation 'rmw_fastrtps_cpp' as default
-- Found std_srvs: 4.9.0 (/opt/ros/humble/share/std_srvs/cmake)
-- Configuring done
-- Generating done
-- Build files have been written to: /home/yinyihao/ros2/build/generated_ros2_pkg
[35m[1mConsolidate compiler generated dependencies of target rclcpp_action_server[0m
[35m[1mConsolidate compiler generated dependencies of target rclcpp_action_client[0m
[35m[1mConsolidate compiler generated dependencies of target rclcpp_executor[0m
[35m[1mConsolidate compiler generated dependencies of target rclcpp_publisher[0m
[35m[1mConsolidate compiler generated dependencies of target rclcpp_timer[0m
[35m[1mConsolidate compiler generated dependencies of target rclcpp_lifecycle_node[0m
[  5%] [32mBuilding CXX object CMakeFiles/rclcpp_subscription_callback.dir/src/rclcpp_subscription_callback.cpp.o[0m
[ 11%] [32mBuilding CXX object CMakeFiles/rclcpp_service_client.dir/src/rclcpp_service_client.cpp.o[0m
[ 16%] [32mBuilding CXX object CMakeFiles/rclcpp_service_server.dir/src/rclcpp_service_server.cpp.o[0m
[ 22%] [32mBuilding CXX object CMakeFiles/rclcpp_publisher.dir/src/rclcpp_publisher.cpp.o[0m
[ 27%] [32mBuilding CXX object CMakeFiles/rclcpp_timer.dir/src/rclcpp_timer.cpp.o[0m
[ 33%] [32mBuilding CXX object CMakeFiles/rclcpp_executor.dir/src/rclcpp_executor.cpp.o[0m
[ 38%] [32mBuilding CXX object CMakeFiles/rclcpp_action_client.dir/src/rclcpp_action_client.cpp.o[0m
[ 44%] [32mBuilding CXX object CMakeFiles/rclcpp_action_server.dir/src/rclcpp_action_server.cpp.o[0m
[ 50%] [32mBuilding CXX object CMakeFiles/rclcpp_lifecycle_node.dir/src/rclcpp_lifecycle_node.cpp.o[0m
[ 61%] [32m[1mLinking CXX executable rclcpp_publisher[0m
[ 61%] [32m[1mLinking CXX executable rclcpp_timer[0m
[ 61%] Built target rclcpp_publisher
[ 61%] Built target rclcpp_timer
[ 72%] [32m[1mLinking CXX executable rclcpp_service_client[0m
[ 72%] [32m[1mLinking CXX executable rclcpp_service_server[0m
[ 77%] [32m[1mLinking CXX executable rclcpp_action_client[0m
[ 83%] [32m[1mLinking CXX executable rclcpp_executor[0m
[ 88%] [32m[1mLinking CXX executable rclcpp_action_server[0m
[ 94%] [32m[1mLinking CXX executable rclcpp_lifecycle_node[0m
[100%] [32m[1mLinking CXX executable rclcpp_subscription_callback[0m
[100%] Built target rclcpp_service_server
[100%] Built target rclcpp_service_client
[100%] Built target rclcpp_executor
[100%] Built target rclcpp_action_client
[100%] Built target rclcpp_action_server
[100%] Built target rclcpp_subscription_callback
[100%] Built target rclcpp_lifecycle_node
-- Install configuration: ""
-- Installing: /home/yinyihao/ros2/install/generated_ros2_pkg/lib/generated_ros2_pkg/rclcpp_action_client
-- Set runtime path of "/home/yinyihao/ros2/install/generated_ros2_pkg/lib/generated_ros2_pkg/rclcpp_action_client" to ""
-- Installing: /home/yinyihao/ros2/install/generated_ros2_pkg/lib/generated_ros2_pkg/rclcpp_action_server
-- Set runtime path of "/home/yinyihao/ros2/install/generated_ros2_pkg/lib/generated_ros2_pkg/rclcpp_action_server" to ""
-- Installing: /home/yinyihao/ros2/install/generated_ros2_pkg/lib/generated_ros2_pkg/rclcpp_executor
-- Set runtime path of "/home/yinyihao/ros2/install/generated_ros2_pkg/lib/generated_ros2_pkg/rclcpp_executor" to ""
-- Installing: /home/yinyihao/ros2/install/generated_ros2_pkg/lib/generated_ros2_pkg/rclcpp_lifecycle_node
-- Set runtime path of "/home/yinyihao/ros2/install/generated_ros2_pkg/lib/generated_ros2_pkg/rclcpp_lifecycle_node" to ""
-- Installing: /home/yinyihao/ros2/install/generated_ros2_pkg/lib/generated_ros2_pkg/rclcpp_publisher
-- Set runtime path of "/home/yinyihao/ros2/install/generated_ros2_pkg/lib/generated_ros2_pkg/rclcpp_publisher" to ""
-- Installing: /home/yinyihao/ros2/install/generated_ros2_pkg/lib/generated_ros2_pkg/rclcpp_service_client
-- Set runtime path of "/home/yinyihao/ros2/install/generated_ros2_pkg/lib/generated_ros2_pkg/rclcpp_service_client" to ""
-- Installing: /home/yinyihao/ros2/install/generated_ros2_pkg/lib/generated_ros2_pkg/rclcpp_service_server
-- Set runtime path of "/home/yinyihao/ros2/install/generated_ros2_pkg/lib/generated_ros2_pkg/rclcpp_service_server" to ""
-- Installing: /home/yinyihao/ros2/install/generated_ros2_pkg/lib/generated_ros2_pkg/rclcpp_subscription_callback
-- Set runtime path of "/home/yinyihao/ros2/install/generated_ros2_pkg/lib/generated_ros2_pkg/rclcpp_subscription_callback" to ""
-- Installing: /home/yinyihao/ros2/install/generated_ros2_pkg/lib/generated_ros2_pkg/rclcpp_timer
-- Set runtime path of "/home/yinyihao/ros2/install/generated_ros2_pkg/lib/generated_ros2_pkg/rclcpp_timer" to ""
-- Up-to-date: /home/yinyihao/ros2/install/generated_ros2_pkg/share/generated_ros2_pkg/launch
-- Installing: /home/yinyihao/ros2/install/generated_ros2_pkg/share/generated_ros2_pkg/launch/generated_system.launch.py
-- Up-to-date: /home/yinyihao/ros2/install/generated_ros2_pkg/share/ament_index/resource_index/package_run_dependencies/generated_ros2_pkg
-- Up-to-date: /home/yinyihao/ros2/install/generated_ros2_pkg/share/ament_index/resource_index/parent_prefix_path/generated_ros2_pkg
-- Up-to-date: /home/yinyihao/ros2/install/generated_ros2_pkg/share/generated_ros2_pkg/environment/ament_prefix_path.sh
-- Installing: /home/yinyihao/ros2/install/generated_ros2_pkg/share/generated_ros2_pkg/environment/ament_prefix_path.dsv
-- Up-to-date: /home/yinyihao/ros2/install/generated_ros2_pkg/share/generated_ros2_pkg/environment/path.sh
-- Installing: /home/yinyihao/ros2/install/generated_ros2_pkg/share/generated_ros2_pkg/environment/path.dsv
-- Up-to-date: /home/yinyihao/ros2/install/generated_ros2_pkg/share/generated_ros2_pkg/local_setup.bash
-- Up-to-date: /home/yinyihao/ros2/install/generated_ros2_pkg/share/generated_ros2_pkg/local_setup.sh
-- Up-to-date: /home/yinyihao/ros2/install/generated_ros2_pkg/share/generated_ros2_pkg/local_setup.zsh
-- Installing: /home/yinyihao/ros2/install/generated_ros2_pkg/share/generated_ros2_pkg/local_setup.dsv
-- Installing: /home/yinyihao/ros2/install/generated_ros2_pkg/share/generated_ros2_pkg/package.dsv
-- Up-to-date: /home/yinyihao/ros2/install/generated_ros2_pkg/share/ament_index/resource_index/packages/generated_ros2_pkg
-- Up-to-date: /home/yinyihao/ros2/install/generated_ros2_pkg/share/generated_ros2_pkg/cmake/generated_ros2_pkgConfig.cmake
-- Up-to-date: /home/yinyihao/ros2/install/generated_ros2_pkg/share/generated_ros2_pkg/cmake/generated_ros2_pkgConfig-version.cmake
-- Installing: /home/yinyihao/ros2/install/generated_ros2_pkg/share/generated_ros2_pkg/package.xml
