[0.013s] Invoking command in '/home/yinyihao/ros2/build/generated_ros2_pkg': CMAKE_PREFIX_PATH=${CMAKE_PREFIX_PATH}:/home/yinyihao/ros2/install/nav2_race_min:/opt/ros/humble /usr/bin/cmake --build /home/yinyihao/ros2/build/generated_ros2_pkg -- -j20 -l20
[0.049s] -- Found ament_cmake: 1.3.12 (/opt/ros/humble/share/ament_cmake/cmake)
[0.152s] -- Found rclcpp: 16.0.16 (/opt/ros/humble/share/rclcpp/cmake)
[0.540s] -- Found rosidl_generator_c: 3.1.7 (/opt/ros/humble/share/rosidl_generator_c/cmake)
[0.542s] -- Found rosidl_adapter: 3.1.7 (/opt/ros/humble/share/rosidl_adapter/cmake)
[0.551s] -- Found rosidl_generator_cpp: 3.1.7 (/opt/ros/humble/share/rosidl_generator_cpp/cmake)
[0.562s] -- Using all available rosidl_typesupport_c: rosidl_typesupport_fastrtps_c;rosidl_typesupport_introspection_c
[0.584s] -- Using all available rosidl_typesupport_cpp: rosidl_typesupport_fastrtps_cpp;rosidl_typesupport_introspection_cpp
[0.625s] -- Found rmw_implementation_cmake: 6.1.2 (/opt/ros/humble/share/rmw_implementation_cmake/cmake)
[0.627s] -- Found rmw_fastrtps_cpp: 6.2.9 (/opt/ros/humble/share/rmw_fastrtps_cpp/cmake)
[19.037s] -- Using RMW implementation 'rmw_fastrtps_cpp' as default
[19.100s] -- Found std_srvs: 4.9.0 (/opt/ros/humble/share/std_srvs/cmake)
[19.169s] -- Configuring done
[19.205s] -- Generating done
[19.218s] -- Build files have been written to: /home/yinyihao/ros2/build/generated_ros2_pkg
[19.239s] [35m[1mConsolidate compiler generated dependencies of target rclcpp_action_server[0m
[19.239s] [35m[1mConsolidate compiler generated dependencies of target rclcpp_action_client[0m
[19.243s] [35m[1mConsolidate compiler generated dependencies of target rclcpp_executor[0m
[19.243s] [35m[1mConsolidate compiler generated dependencies of target rclcpp_publisher[0m
[19.244s] [35m[1mConsolidate compiler generated dependencies of target rclcpp_timer[0m
[19.244s] [35m[1mConsolidate compiler generated dependencies of target rclcpp_lifecycle_node[0m
[19.251s] [  5%] [32mBuilding CXX object CMakeFiles/rclcpp_subscription_callback.dir/src/rclcpp_subscription_callback.cpp.o[0m
[19.252s] [ 11%] [32mBuilding CXX object CMakeFiles/rclcpp_service_client.dir/src/rclcpp_service_client.cpp.o[0m
[19.254s] [ 16%] [32mBuilding CXX object CMakeFiles/rclcpp_service_server.dir/src/rclcpp_service_server.cpp.o[0m
[19.286s] [ 22%] [32mBuilding CXX object CMakeFiles/rclcpp_publisher.dir/src/rclcpp_publisher.cpp.o[0m
[19.286s] [ 27%] [32mBuilding CXX object CMakeFiles/rclcpp_timer.dir/src/rclcpp_timer.cpp.o[0m
[19.286s] [ 33%] [32mBuilding CXX object CMakeFiles/rclcpp_executor.dir/src/rclcpp_executor.cpp.o[0m
[19.286s] [ 38%] [32mBuilding CXX object CMakeFiles/rclcpp_action_client.dir/src/rclcpp_action_client.cpp.o[0m
[19.287s] [ 44%] [32mBuilding CXX object CMakeFiles/rclcpp_action_server.dir/src/rclcpp_action_server.cpp.o[0m
[19.287s] [ 50%] [32mBuilding CXX object CMakeFiles/rclcpp_lifecycle_node.dir/src/rclcpp_lifecycle_node.cpp.o[0m
[24.735s] [ 61%] [32m[1mLinking CXX executable rclcpp_publisher[0m
[24.735s] [ 61%] [32m[1mLinking CXX executable rclcpp_timer[0m
[25.114s] [ 61%] Built target rclcpp_publisher
[25.122s] [ 61%] Built target rclcpp_timer
[28.643s] [ 72%] [32m[1mLinking CXX executable rclcpp_service_client[0m
[28.644s] [ 72%] [32m[1mLinking CXX executable rclcpp_service_server[0m
[28.691s] [ 77%] [32m[1mLinking CXX executable rclcpp_action_client[0m
[28.693s] [ 83%] [32m[1mLinking CXX executable rclcpp_executor[0m
[28.730s] [ 88%] [32m[1mLinking CXX executable rclcpp_action_server[0m
[28.768s] [ 94%] [32m[1mLinking CXX executable rclcpp_lifecycle_node[0m
[28.794s] [100%] [32m[1mLinking CXX executable rclcpp_subscription_callback[0m
[29.167s] [100%] Built target rclcpp_service_server
[29.177s] [100%] Built target rclcpp_service_client
[29.187s] [100%] Built target rclcpp_executor
[29.193s] [100%] Built target rclcpp_action_client
[29.230s] [100%] Built target rclcpp_action_server
[29.248s] [100%] Built target rclcpp_subscription_callback
[29.252s] [100%] Built target rclcpp_lifecycle_node
[29.262s] Invoked command in '/home/yinyihao/ros2/build/generated_ros2_pkg' returned '0': CMAKE_PREFIX_PATH=${CMAKE_PREFIX_PATH}:/home/yinyihao/ros2/install/nav2_race_min:/opt/ros/humble /usr/bin/cmake --build /home/yinyihao/ros2/build/generated_ros2_pkg -- -j20 -l20
[29.272s] Invoking command in '/home/yinyihao/ros2/build/generated_ros2_pkg': CMAKE_PREFIX_PATH=${CMAKE_PREFIX_PATH}:/home/yinyihao/ros2/install/nav2_race_min:/opt/ros/humble /usr/bin/cmake --install /home/yinyihao/ros2/build/generated_ros2_pkg
[29.281s] -- Install configuration: ""
[29.283s] -- Installing: /home/yinyihao/ros2/install/generated_ros2_pkg/lib/generated_ros2_pkg/rclcpp_action_client
[29.286s] -- Set runtime path of "/home/yinyihao/ros2/install/generated_ros2_pkg/lib/generated_ros2_pkg/rclcpp_action_client" to ""
[29.287s] -- Installing: /home/yinyihao/ros2/install/generated_ros2_pkg/lib/generated_ros2_pkg/rclcpp_action_server
[29.289s] -- Set runtime path of "/home/yinyihao/ros2/install/generated_ros2_pkg/lib/generated_ros2_pkg/rclcpp_action_server" to ""
[29.290s] -- Installing: /home/yinyihao/ros2/install/generated_ros2_pkg/lib/generated_ros2_pkg/rclcpp_executor
[29.292s] -- Set runtime path of "/home/yinyihao/ros2/install/generated_ros2_pkg/lib/generated_ros2_pkg/rclcpp_executor" to ""
[29.292s] -- Installing: /home/yinyihao/ros2/install/generated_ros2_pkg/lib/generated_ros2_pkg/rclcpp_lifecycle_node
[29.295s] -- Set runtime path of "/home/yinyihao/ros2/install/generated_ros2_pkg/lib/generated_ros2_pkg/rclcpp_lifecycle_node" to ""
[29.296s] -- Installing: /home/yinyihao/ros2/install/generated_ros2_pkg/lib/generated_ros2_pkg/rclcpp_publisher
[29.297s] -- Set runtime path of "/home/yinyihao/ros2/install/generated_ros2_pkg/lib/generated_ros2_pkg/rclcpp_publisher" to ""
[29.297s] -- Installing: /home/yinyihao/ros2/install/generated_ros2_pkg/lib/generated_ros2_pkg/rclcpp_service_client
[29.299s] -- Set runtime path of "/home/yinyihao/ros2/install/generated_ros2_pkg/lib/generated_ros2_pkg/rclcpp_service_client" to ""
[29.300s] -- Installing: /home/yinyihao/ros2/install/generated_ros2_pkg/lib/generated_ros2_pkg/rclcpp_service_server
[29.302s] -- Set runtime path of "/home/yinyihao/ros2/install/generated_ros2_pkg/lib/generated_ros2_pkg/rclcpp_service_server" to ""
[29.302s] -- Installing: /home/yinyihao/ros2/install/generated_ros2_pkg/lib/generated_ros2_pkg/rclcpp_subscription_callback
[29.304s] -- Set runtime path of "/home/yinyihao/ros2/install/generated_ros2_pkg/lib/generated_ros2_pkg/rclcpp_subscription_callback" to ""
[29.305s] -- Installing: /home/yinyihao/ros2/install/generated_ros2_pkg/lib/generated_ros2_pkg/rclcpp_timer
[29.306s] -- Set runtime path of "/home/yinyihao/ros2/install/generated_ros2_pkg/lib/generated_ros2_pkg/rclcpp_timer" to ""
[29.307s] -- Up-to-date: /home/yinyihao/ros2/install/generated_ros2_pkg/share/generated_ros2_pkg/launch
[29.307s] -- Installing: /home/yinyihao/ros2/install/generated_ros2_pkg/share/generated_ros2_pkg/launch/generated_system.launch.py
[29.308s] -- Up-to-date: /home/yinyihao/ros2/install/generated_ros2_pkg/share/ament_index/resource_index/package_run_dependencies/generated_ros2_pkg
[29.309s] -- Up-to-date: /home/yinyihao/ros2/install/generated_ros2_pkg/share/ament_index/resource_index/parent_prefix_path/generated_ros2_pkg
[29.309s] -- Up-to-date: /home/yinyihao/ros2/install/generated_ros2_pkg/share/generated_ros2_pkg/environment/ament_prefix_path.sh
[29.309s] -- Installing: /home/yinyihao/ros2/install/generated_ros2_pkg/share/generated_ros2_pkg/environment/ament_prefix_path.dsv
[29.310s] -- Up-to-date: /home/yinyihao/ros2/install/generated_ros2_pkg/share/generated_ros2_pkg/environment/path.sh
[29.310s] -- Installing: /home/yinyihao/ros2/install/generated_ros2_pkg/share/generated_ros2_pkg/environment/path.dsv
[29.310s] -- Up-to-date: /home/yinyihao/ros2/install/generated_ros2_pkg/share/generated_ros2_pkg/local_setup.bash
[29.310s] -- Up-to-date: /home/yinyihao/ros2/install/generated_ros2_pkg/share/generated_ros2_pkg/local_setup.sh
[29.310s] -- Up-to-date: /home/yinyihao/ros2/install/generated_ros2_pkg/share/generated_ros2_pkg/local_setup.zsh
[29.310s] -- Installing: /home/yinyihao/ros2/install/generated_ros2_pkg/share/generated_ros2_pkg/local_setup.dsv
[29.310s] -- Installing: /home/yinyihao/ros2/install/generated_ros2_pkg/share/generated_ros2_pkg/package.dsv
[29.311s] -- Up-to-date: /home/yinyihao/ros2/install/generated_ros2_pkg/share/ament_index/resource_index/packages/generated_ros2_pkg
[29.312s] -- Up-to-date: /home/yinyihao/ros2/install/generated_ros2_pkg/share/generated_ros2_pkg/cmake/generated_ros2_pkgConfig.cmake
[29.312s] -- Up-to-date: /home/yinyihao/ros2/install/generated_ros2_pkg/share/generated_ros2_pkg/cmake/generated_ros2_pkgConfig-version.cmake
[29.312s] -- Installing: /home/yinyihao/ros2/install/generated_ros2_pkg/share/generated_ros2_pkg/package.xml
[29.314s] Invoked command in '/home/yinyihao/ros2/build/generated_ros2_pkg' returned '0': CMAKE_PREFIX_PATH=${CMAKE_PREFIX_PATH}:/home/yinyihao/ros2/install/nav2_race_min:/opt/ros/humble /usr/bin/cmake --install /home/yinyihao/ros2/build/generated_ros2_pkg
