[0.014s] Invoking command in '/home/yinyihao/ros2/build/my_cpp_pkg': CMAKE_PREFIX_PATH=/home/yinyihao/ros2/install/my_py_pkg:/opt/ros/humble /usr/bin/cmake /home/yinyihao/ros2/src/my_cpp_pkg -DCMAKE_INSTALL_PREFIX=/home/yinyihao/ros2/install/my_cpp_pkg
[0.368s] -- The C compiler identification is GNU 11.4.0
[1.484s] -- The CXX compiler identification is GNU 11.4.0
[2.045s] -- Detecting C compiler ABI info
[2.261s] -- Detecting C compiler ABI info - done
[2.266s] -- Check for working C compiler: /usr/bin/cc - skipped
[2.266s] -- Detecting C compile features
[2.267s] -- Detecting C compile features - done
[2.270s] -- Detecting CXX compiler ABI info
[2.509s] -- Detecting CXX compiler ABI info - done
[2.513s] -- Check for working CXX compiler: /usr/bin/c++ - skipped
[2.513s] -- Detecting CXX compile features
[2.513s] -- Detecting CXX compile features - done
[2.523s] -- Found ament_cmake: 1.3.12 (/opt/ros/humble/share/ament_cmake/cmake)
[2.625s] -- Found Python3: /usr/bin/python3 (found version "3.10.12") found components: Interpreter 
[2.708s] -- Found rclcpp: 16.0.16 (/opt/ros/humble/share/rclcpp/cmake)
[3.052s] -- Found rosidl_generator_c: 3.1.7 (/opt/ros/humble/share/rosidl_generator_c/cmake)
[3.058s] -- Found rosidl_adapter: 3.1.7 (/opt/ros/humble/share/rosidl_adapter/cmake)
[3.069s] -- Found rosidl_generator_cpp: 3.1.7 (/opt/ros/humble/share/rosidl_generator_cpp/cmake)
[3.087s] -- Using all available rosidl_typesupport_c: rosidl_typesupport_fastrtps_c;rosidl_typesupport_introspection_c
[3.103s] -- Using all available rosidl_typesupport_cpp: rosidl_typesupport_fastrtps_cpp;rosidl_typesupport_introspection_cpp
[3.150s] -- Found rmw_implementation_cmake: 6.1.2 (/opt/ros/humble/share/rmw_implementation_cmake/cmake)
[3.153s] -- Found rmw_fastrtps_cpp: 6.2.9 (/opt/ros/humble/share/rmw_fastrtps_cpp/cmake)
[6.143s] -- Found OpenSSL: /usr/lib/x86_64-linux-gnu/libcrypto.so (found version "3.0.2")  
[9.670s] -- Found FastRTPS: /opt/ros/humble/include  
[17.148s] -- Using RMW implementation 'rmw_fastrtps_cpp' as default
[17.158s] -- Looking for pthread.h
[17.328s] -- Looking for pthread.h - found
[17.328s] -- Performing Test CMAKE_HAVE_LIBC_PTHREAD
[17.557s] -- Performing Test CMAKE_HAVE_LIBC_PTHREAD - Success
[17.558s] -- Found Threads: TRUE  
[17.666s] -- Configuring done
[17.684s] -- Generating done
[17.694s] -- Build files have been written to: /home/yinyihao/ros2/build/my_cpp_pkg
[17.704s] Invoked command in '/home/yinyihao/ros2/build/my_cpp_pkg' returned '0': CMAKE_PREFIX_PATH=/home/yinyihao/ros2/install/my_py_pkg:/opt/ros/humble /usr/bin/cmake /home/yinyihao/ros2/src/my_cpp_pkg -DCMAKE_INSTALL_PREFIX=/home/yinyihao/ros2/install/my_cpp_pkg
[17.706s] Invoking command in '/home/yinyihao/ros2/build/my_cpp_pkg': CMAKE_PREFIX_PATH=/home/yinyihao/ros2/install/my_py_pkg:/opt/ros/humble /usr/bin/cmake --build /home/yinyihao/ros2/build/my_cpp_pkg -- -j20 -l20
[17.739s] [ 50%] [32mBuilding CXX object CMakeFiles/listener.dir/src/listener.cpp.o[0m
[17.739s] [ 50%] [32mBuilding CXX object CMakeFiles/talker.dir/src/talker.cpp.o[0m
[21.276s] [ 75%] [32m[1mLinking CXX executable talker[0m
[21.673s] [ 75%] Built target talker
[24.082s] [100%] [32m[1mLinking CXX executable listener[0m
[24.608s] [100%] Built target listener
[24.615s] Invoked command in '/home/yinyihao/ros2/build/my_cpp_pkg' returned '0': CMAKE_PREFIX_PATH=/home/yinyihao/ros2/install/my_py_pkg:/opt/ros/humble /usr/bin/cmake --build /home/yinyihao/ros2/build/my_cpp_pkg -- -j20 -l20
[24.622s] Invoking command in '/home/yinyihao/ros2/build/my_cpp_pkg': CMAKE_PREFIX_PATH=/home/yinyihao/ros2/install/my_py_pkg:/opt/ros/humble /usr/bin/cmake --install /home/yinyihao/ros2/build/my_cpp_pkg
[24.625s] -- Install configuration: ""
[24.625s] -- Installing: /home/yinyihao/ros2/install/my_cpp_pkg/lib/my_cpp_pkg/talker
[24.627s] -- Set runtime path of "/home/yinyihao/ros2/install/my_cpp_pkg/lib/my_cpp_pkg/talker" to ""
[24.627s] -- Installing: /home/yinyihao/ros2/install/my_cpp_pkg/lib/my_cpp_pkg/listener
[24.629s] -- Set runtime path of "/home/yinyihao/ros2/install/my_cpp_pkg/lib/my_cpp_pkg/listener" to ""
[24.630s] -- Installing: /home/yinyihao/ros2/install/my_cpp_pkg/share/ament_index/resource_index/package_run_dependencies/my_cpp_pkg
[24.630s] -- Installing: /home/yinyihao/ros2/install/my_cpp_pkg/share/ament_index/resource_index/parent_prefix_path/my_cpp_pkg
[24.630s] -- Installing: /home/yinyihao/ros2/install/my_cpp_pkg/share/my_cpp_pkg/environment/ament_prefix_path.sh
[24.631s] -- Installing: /home/yinyihao/ros2/install/my_cpp_pkg/share/my_cpp_pkg/environment/ament_prefix_path.dsv
[24.631s] -- Installing: /home/yinyihao/ros2/install/my_cpp_pkg/share/my_cpp_pkg/environment/path.sh
[24.631s] -- Installing: /home/yinyihao/ros2/install/my_cpp_pkg/share/my_cpp_pkg/environment/path.dsv
[24.631s] -- Installing: /home/yinyihao/ros2/install/my_cpp_pkg/share/my_cpp_pkg/local_setup.bash
[24.631s] -- Installing: /home/yinyihao/ros2/install/my_cpp_pkg/share/my_cpp_pkg/local_setup.sh
[24.632s] -- Installing: /home/yinyihao/ros2/install/my_cpp_pkg/share/my_cpp_pkg/local_setup.zsh
[24.632s] -- Installing: /home/yinyihao/ros2/install/my_cpp_pkg/share/my_cpp_pkg/local_setup.dsv
[24.632s] -- Installing: /home/yinyihao/ros2/install/my_cpp_pkg/share/my_cpp_pkg/package.dsv
[24.633s] -- Installing: /home/yinyihao/ros2/install/my_cpp_pkg/share/ament_index/resource_index/packages/my_cpp_pkg
[24.633s] -- Installing: /home/yinyihao/ros2/install/my_cpp_pkg/share/my_cpp_pkg/cmake/my_cpp_pkgConfig.cmake
[24.634s] -- Installing: /home/yinyihao/ros2/install/my_cpp_pkg/share/my_cpp_pkg/cmake/my_cpp_pkgConfig-version.cmake
[24.634s] -- Installing: /home/yinyihao/ros2/install/my_cpp_pkg/share/my_cpp_pkg/package.xml
[24.635s] Invoked command in '/home/yinyihao/ros2/build/my_cpp_pkg' returned '0': CMAKE_PREFIX_PATH=/home/yinyihao/ros2/install/my_py_pkg:/opt/ros/humble /usr/bin/cmake --install /home/yinyihao/ros2/build/my_cpp_pkg
