[0.015s] Invoking command in '/home/yinyihao/ros2/build/generated_ros2_pkg': CMAKE_PREFIX_PATH=${CMAKE_PREFIX_PATH}:/home/yinyihao/ros2/install/nav2_race_min:/opt/ros/humble /usr/bin/cmake --build /home/yinyihao/ros2/build/generated_ros2_pkg -- -j20 -l20
[0.075s] -- Found ament_cmake: 1.3.12 (/opt/ros/humble/share/ament_cmake/cmake)
[0.223s] -- Found rclcpp: 16.0.16 (/opt/ros/humble/share/rclcpp/cmake)
[0.748s] -- Found rosidl_generator_c: 3.1.7 (/opt/ros/humble/share/rosidl_generator_c/cmake)
[0.753s] -- Found rosidl_adapter: 3.1.7 (/opt/ros/humble/share/rosidl_adapter/cmake)
[0.760s] -- Found rosidl_generator_cpp: 3.1.7 (/opt/ros/humble/share/rosidl_generator_cpp/cmake)
[0.770s] -- Using all available rosidl_typesupport_c: rosidl_typesupport_fastrtps_c;rosidl_typesupport_introspection_c
[0.791s] -- Using all available rosidl_typesupport_cpp: rosidl_typesupport_fastrtps_cpp;rosidl_typesupport_introspection_cpp
[0.847s] -- Found rmw_implementation_cmake: 6.1.2 (/opt/ros/humble/share/rmw_implementation_cmake/cmake)
[0.852s] -- Found rmw_fastrtps_cpp: 6.2.9 (/opt/ros/humble/share/rmw_fastrtps_cpp/cmake)
[22.812s] -- Using RMW implementation 'rmw_fastrtps_cpp' as default
[22.874s] -- Found std_srvs: 4.9.0 (/opt/ros/humble/share/std_srvs/cmake)
[22.952s] -- Configuring done
[22.992s] -- Generating done
[23.006s] -- Build files have been written to: /home/yinyihao/ros2/build/generated_ros2_pkg
[23.028s] [35m[1mConsolidate compiler generated dependencies of target action_client_node[0m
[23.029s] [35m[1mConsolidate compiler generated dependencies of target action_server_node[0m
[23.030s] [35m[1mConsolidate compiler generated dependencies of target intra_process_node[0m
[23.030s] [35m[1mConsolidate compiler generated dependencies of target subscription_node[0m
[23.032s] [35m[1mConsolidate compiler generated dependencies of target publisher_node[0m
[23.034s] [35m[1mConsolidate compiler generated dependencies of target timer_node[0m
[23.034s] [  3%] [32mBuilding CXX object CMakeFiles/executor_node.dir/src/executor_node.cpp.o[0m
[23.037s] [  7%] [32mBuilding CXX object CMakeFiles/lifecycle_node_manager.dir/src/lifecycle_node_manager.cpp.o[0m
[23.038s] [ 11%] [32mBuilding CXX object CMakeFiles/node_with_parameters.dir/src/node_with_parameters.cpp.o[0m
[23.038s] [ 15%] [32mBuilding CXX object CMakeFiles/client_node.dir/src/client_node.cpp.o[0m
[23.040s] [ 19%] [32mBuilding CXX object CMakeFiles/waitable_node.dir/src/waitable_node.cpp.o[0m
[23.042s] [ 23%] [32mBuilding CXX object CMakeFiles/service_node.dir/src/service_node.cpp.o[0m
[23.042s] [ 26%] [32mBuilding CXX object CMakeFiles/parameter_event_publisher.dir/src/parameter_event_publisher.cpp.o[0m
[23.068s] [ 38%] [32mBuilding CXX object CMakeFiles/timer_node.dir/src/timer_node.cpp.o[0m
[23.069s] [ 38%] [32mBuilding CXX object CMakeFiles/action_server_node.dir/src/action_server_node.cpp.o[0m
[23.069s] [ 38%] [32mBuilding CXX object CMakeFiles/publisher_node.dir/src/publisher_node.cpp.o[0m
[23.069s] [ 42%] [32mBuilding CXX object CMakeFiles/subscription_node.dir/src/subscription_node.cpp.o[0m
[23.070s] [ 46%] [32mBuilding CXX object CMakeFiles/action_client_node.dir/src/action_client_node.cpp.o[0m
[23.070s] [ 50%] [32mBuilding CXX object CMakeFiles/intra_process_node.dir/src/intra_process_node.cpp.o[0m
[27.575s] [ 73%] [32m[1mLinking CXX executable node_with_parameters[0m
[27.576s] [ 73%] [32m[1mLinking CXX executable parameter_event_publisher[0m
[27.576s] [ 73%] [32m[1mLinking CXX executable publisher_node[0m
[27.577s] [ 73%] [32m[1mLinking CXX executable subscription_node[0m
[27.577s] [ 73%] [32m[1mLinking CXX executable lifecycle_node_manager[0m
[27.577s] [ 73%] [32m[1mLinking CXX executable executor_node[0m
[27.950s] [ 73%] Built target parameter_event_publisher
[27.953s] [ 73%] Built target lifecycle_node_manager
[27.953s] [ 73%] Built target publisher_node
[27.954s] [ 73%] Built target subscription_node
[27.955s] [ 73%] Built target executor_node
[27.958s] [ 73%] Built target node_with_parameters
[32.436s] [ 76%] [32m[1mLinking CXX executable waitable_node[0m
[32.684s] [ 80%] [32m[1mLinking CXX executable intra_process_node[0m
[32.702s] [ 84%] [32m[1mLinking CXX executable timer_node[0m
[32.720s] [ 88%] [32m[1mLinking CXX executable client_node[0m
[32.760s] [ 92%] [32m[1mLinking CXX executable action_client_node[0m
[32.807s] [ 96%] [32m[1mLinking CXX executable service_node[0m
[32.827s] [100%] [32m[1mLinking CXX executable action_server_node[0m
[32.896s] [100%] Built target waitable_node
[33.133s] [100%] Built target intra_process_node
[33.205s] [100%] Built target timer_node
[33.238s] [100%] Built target client_node
[33.250s] [100%] Built target action_client_node
[33.322s] [100%] Built target service_node
[33.333s] [100%] Built target action_server_node
[33.345s] Invoked command in '/home/yinyihao/ros2/build/generated_ros2_pkg' returned '0': CMAKE_PREFIX_PATH=${CMAKE_PREFIX_PATH}:/home/yinyihao/ros2/install/nav2_race_min:/opt/ros/humble /usr/bin/cmake --build /home/yinyihao/ros2/build/generated_ros2_pkg -- -j20 -l20
[33.354s] Invoking command in '/home/yinyihao/ros2/build/generated_ros2_pkg': CMAKE_PREFIX_PATH=${CMAKE_PREFIX_PATH}:/home/yinyihao/ros2/install/nav2_race_min:/opt/ros/humble /usr/bin/cmake --install /home/yinyihao/ros2/build/generated_ros2_pkg
[33.359s] -- Install configuration: ""
[33.360s] -- Installing: /home/yinyihao/ros2/install/generated_ros2_pkg/lib/generated_ros2_pkg/action_client_node
[33.366s] -- Set runtime path of "/home/yinyihao/ros2/install/generated_ros2_pkg/lib/generated_ros2_pkg/action_client_node" to ""
[33.366s] -- Installing: /home/yinyihao/ros2/install/generated_ros2_pkg/lib/generated_ros2_pkg/action_server_node
[33.369s] -- Set runtime path of "/home/yinyihao/ros2/install/generated_ros2_pkg/lib/generated_ros2_pkg/action_server_node" to ""
[33.369s] -- Installing: /home/yinyihao/ros2/install/generated_ros2_pkg/lib/generated_ros2_pkg/client_node
[33.371s] -- Set runtime path of "/home/yinyihao/ros2/install/generated_ros2_pkg/lib/generated_ros2_pkg/client_node" to ""
[33.371s] -- Installing: /home/yinyihao/ros2/install/generated_ros2_pkg/lib/generated_ros2_pkg/executor_node
[33.371s] -- Set runtime path of "/home/yinyihao/ros2/install/generated_ros2_pkg/lib/generated_ros2_pkg/executor_node" to ""
[33.372s] -- Installing: /home/yinyihao/ros2/install/generated_ros2_pkg/lib/generated_ros2_pkg/intra_process_node
[33.375s] -- Set runtime path of "/home/yinyihao/ros2/install/generated_ros2_pkg/lib/generated_ros2_pkg/intra_process_node" to ""
[33.375s] -- Installing: /home/yinyihao/ros2/install/generated_ros2_pkg/lib/generated_ros2_pkg/lifecycle_node_manager
[33.376s] -- Set runtime path of "/home/yinyihao/ros2/install/generated_ros2_pkg/lib/generated_ros2_pkg/lifecycle_node_manager" to ""
[33.376s] -- Installing: /home/yinyihao/ros2/install/generated_ros2_pkg/lib/generated_ros2_pkg/node_with_parameters
[33.376s] -- Set runtime path of "/home/yinyihao/ros2/install/generated_ros2_pkg/lib/generated_ros2_pkg/node_with_parameters" to ""
[33.376s] -- Installing: /home/yinyihao/ros2/install/generated_ros2_pkg/lib/generated_ros2_pkg/parameter_event_publisher
[33.376s] -- Set runtime path of "/home/yinyihao/ros2/install/generated_ros2_pkg/lib/generated_ros2_pkg/parameter_event_publisher" to ""
[33.377s] -- Installing: /home/yinyihao/ros2/install/generated_ros2_pkg/lib/generated_ros2_pkg/publisher_node
[33.378s] -- Set runtime path of "/home/yinyihao/ros2/install/generated_ros2_pkg/lib/generated_ros2_pkg/publisher_node" to ""
[33.378s] -- Installing: /home/yinyihao/ros2/install/generated_ros2_pkg/lib/generated_ros2_pkg/service_node
[33.381s] -- Set runtime path of "/home/yinyihao/ros2/install/generated_ros2_pkg/lib/generated_ros2_pkg/service_node" to ""
[33.382s] -- Installing: /home/yinyihao/ros2/install/generated_ros2_pkg/lib/generated_ros2_pkg/subscription_node
[33.382s] -- Set runtime path of "/home/yinyihao/ros2/install/generated_ros2_pkg/lib/generated_ros2_pkg/subscription_node" to ""
[33.383s] -- Installing: /home/yinyihao/ros2/install/generated_ros2_pkg/lib/generated_ros2_pkg/timer_node
[33.386s] -- Set runtime path of "/home/yinyihao/ros2/install/generated_ros2_pkg/lib/generated_ros2_pkg/timer_node" to ""
[33.386s] -- Installing: /home/yinyihao/ros2/install/generated_ros2_pkg/lib/generated_ros2_pkg/waitable_node
[33.388s] -- Set runtime path of "/home/yinyihao/ros2/install/generated_ros2_pkg/lib/generated_ros2_pkg/waitable_node" to ""
[33.389s] -- Up-to-date: /home/yinyihao/ros2/install/generated_ros2_pkg/share/generated_ros2_pkg/launch
[33.390s] -- Installing: /home/yinyihao/ros2/install/generated_ros2_pkg/share/generated_ros2_pkg/launch/generated_system.launch.py
[33.390s] -- Up-to-date: /home/yinyihao/ros2/install/generated_ros2_pkg/share/ament_index/resource_index/package_run_dependencies/generated_ros2_pkg
[33.391s] -- Up-to-date: /home/yinyihao/ros2/install/generated_ros2_pkg/share/ament_index/resource_index/parent_prefix_path/generated_ros2_pkg
[33.391s] -- Up-to-date: /home/yinyihao/ros2/install/generated_ros2_pkg/share/generated_ros2_pkg/environment/ament_prefix_path.sh
[33.391s] -- Installing: /home/yinyihao/ros2/install/generated_ros2_pkg/share/generated_ros2_pkg/environment/ament_prefix_path.dsv
[33.391s] -- Up-to-date: /home/yinyihao/ros2/install/generated_ros2_pkg/share/generated_ros2_pkg/environment/path.sh
[33.391s] -- Installing: /home/yinyihao/ros2/install/generated_ros2_pkg/share/generated_ros2_pkg/environment/path.dsv
[33.392s] -- Up-to-date: /home/yinyihao/ros2/install/generated_ros2_pkg/share/generated_ros2_pkg/local_setup.bash
[33.392s] -- Up-to-date: /home/yinyihao/ros2/install/generated_ros2_pkg/share/generated_ros2_pkg/local_setup.sh
[33.392s] -- Up-to-date: /home/yinyihao/ros2/install/generated_ros2_pkg/share/generated_ros2_pkg/local_setup.zsh
[33.392s] -- Installing: /home/yinyihao/ros2/install/generated_ros2_pkg/share/generated_ros2_pkg/local_setup.dsv
[33.392s] -- Installing: /home/yinyihao/ros2/install/generated_ros2_pkg/share/generated_ros2_pkg/package.dsv
[33.392s] -- Up-to-date: /home/yinyihao/ros2/install/generated_ros2_pkg/share/ament_index/resource_index/packages/generated_ros2_pkg
[33.393s] -- Up-to-date: /home/yinyihao/ros2/install/generated_ros2_pkg/share/generated_ros2_pkg/cmake/generated_ros2_pkgConfig.cmake
[33.393s] -- Up-to-date: /home/yinyihao/ros2/install/generated_ros2_pkg/share/generated_ros2_pkg/cmake/generated_ros2_pkgConfig-version.cmake
[33.393s] -- Installing: /home/yinyihao/ros2/install/generated_ros2_pkg/share/generated_ros2_pkg/package.xml
[33.396s] Invoked command in '/home/yinyihao/ros2/build/generated_ros2_pkg' returned '0': CMAKE_PREFIX_PATH=${CMAKE_PREFIX_PATH}:/home/yinyihao/ros2/install/nav2_race_min:/opt/ros/humble /usr/bin/cmake --install /home/yinyihao/ros2/build/generated_ros2_pkg
