[0.012s] Invoking command in '/home/yinyihao/ros2/build/nav2_race_cpp': CMAKE_PREFIX_PATH=/opt/ros/humble /usr/bin/cmake --build /home/yinyihao/ros2/build/nav2_race_cpp -- -j20 -l20
[0.055s] [35m[1mConsolidate compiler generated dependencies of target bt_navigator_mini[0m
[0.055s] [35m[1mConsolidate compiler generated dependencies of target planner_server_mini[0m
[0.066s] [ 12%] [32mBuilding CXX object CMakeFiles/lifecycle_manager_navigation_mini.dir/src/lifecycle_manager_navigation_mini.cpp.o[0m
[0.067s] [ 37%] Built target controller_server_mini
[0.075s] [ 62%] Built target bt_navigator_mini
[0.079s] [ 87%] Built target planner_server_mini
[4.266s] [100%] [32m[1mLinking CXX executable lifecycle_manager_navigation_mini[0m
[4.842s] [100%] Built target lifecycle_manager_navigation_mini
[4.857s] Invoked command in '/home/yinyihao/ros2/build/nav2_race_cpp' returned '0': CMAKE_PREFIX_PATH=/opt/ros/humble /usr/bin/cmake --build /home/yinyihao/ros2/build/nav2_race_cpp -- -j20 -l20
[4.868s] Invoking command in '/home/yinyihao/ros2/build/nav2_race_cpp': CMAKE_PREFIX_PATH=/opt/ros/humble /usr/bin/cmake --install /home/yinyihao/ros2/build/nav2_race_cpp
[4.874s] -- Install configuration: ""
[4.874s] -- Up-to-date: /home/yinyihao/ros2/install/nav2_race_cpp/lib/nav2_race_cpp/bt_navigator_mini
[4.875s] -- Up-to-date: /home/yinyihao/ros2/install/nav2_race_cpp/lib/nav2_race_cpp/planner_server_mini
[4.875s] -- Up-to-date: /home/yinyihao/ros2/install/nav2_race_cpp/lib/nav2_race_cpp/controller_server_mini
[4.875s] -- Installing: /home/yinyihao/ros2/install/nav2_race_cpp/lib/nav2_race_cpp/lifecycle_manager_navigation_mini
[4.878s] -- Set runtime path of "/home/yinyihao/ros2/install/nav2_race_cpp/lib/nav2_race_cpp/lifecycle_manager_navigation_mini" to ""
[4.878s] -- Up-to-date: /home/yinyihao/ros2/install/nav2_race_cpp/share/nav2_race_cpp/launch
[4.878s] -- Up-to-date: /home/yinyihao/ros2/install/nav2_race_cpp/share/nav2_race_cpp/launch/nav2_race_cpp.launch.py
[4.878s] -- Up-to-date: /home/yinyihao/ros2/install/nav2_race_cpp/share/ament_index/resource_index/package_run_dependencies/nav2_race_cpp
[4.878s] -- Up-to-date: /home/yinyihao/ros2/install/nav2_race_cpp/share/ament_index/resource_index/parent_prefix_path/nav2_race_cpp
[4.878s] -- Up-to-date: /home/yinyihao/ros2/install/nav2_race_cpp/share/nav2_race_cpp/environment/ament_prefix_path.sh
[4.878s] -- Up-to-date: /home/yinyihao/ros2/install/nav2_race_cpp/share/nav2_race_cpp/environment/ament_prefix_path.dsv
[4.878s] -- Up-to-date: /home/yinyihao/ros2/install/nav2_race_cpp/share/nav2_race_cpp/environment/path.sh
[4.878s] -- Up-to-date: /home/yinyihao/ros2/install/nav2_race_cpp/share/nav2_race_cpp/environment/path.dsv
[4.878s] -- Up-to-date: /home/yinyihao/ros2/install/nav2_race_cpp/share/nav2_race_cpp/local_setup.bash
[4.878s] -- Up-to-date: /home/yinyihao/ros2/install/nav2_race_cpp/share/nav2_race_cpp/local_setup.sh
[4.878s] -- Up-to-date: /home/yinyihao/ros2/install/nav2_race_cpp/share/nav2_race_cpp/local_setup.zsh
[4.878s] -- Up-to-date: /home/yinyihao/ros2/install/nav2_race_cpp/share/nav2_race_cpp/local_setup.dsv
[4.878s] -- Installing: /home/yinyihao/ros2/install/nav2_race_cpp/share/nav2_race_cpp/package.dsv
[4.878s] -- Up-to-date: /home/yinyihao/ros2/install/nav2_race_cpp/share/ament_index/resource_index/packages/nav2_race_cpp
[4.878s] -- Up-to-date: /home/yinyihao/ros2/install/nav2_race_cpp/share/nav2_race_cpp/cmake/nav2_race_cppConfig.cmake
[4.878s] -- Up-to-date: /home/yinyihao/ros2/install/nav2_race_cpp/share/nav2_race_cpp/cmake/nav2_race_cppConfig-version.cmake
[4.879s] -- Up-to-date: /home/yinyihao/ros2/install/nav2_race_cpp/share/nav2_race_cpp/package.xml
[4.880s] Invoked command in '/home/yinyihao/ros2/build/nav2_race_cpp' returned '0': CMAKE_PREFIX_PATH=/opt/ros/humble /usr/bin/cmake --install /home/yinyihao/ros2/build/nav2_race_cpp
